"../../../Engine/Content/EditorBlueprintResources/StandardMacros.uasset" 0
"../../../TutoPaper2d/Content/Data/AnimationState.uasset" 1
"../../../Engine/Plugins/2D/Paper2D/Content/DefaultSpriteMaterial.uasset" 2
"../../../Engine/Plugins/2D/Paper2D/Content/TranslucentUnlitSpriteMaterial.uasset" 3
"../../../TutoPaper2d/Content/textures/2DCharacter_IdleAnimAtlas.uasset" 4
"../../../TutoPaper2d/Content/Sprites/Idle/Idle_0.uasset" 5
"../../../TutoPaper2d/Content/Sprites/Idle/Idle_1.uasset" 6
"../../../TutoPaper2d/Content/Sprites/Idle/Idle_2.uasset" 7
"../../../TutoPaper2d/Content/Sprites/Idle/Idle_3.uasset" 8
"../../../TutoPaper2d/Content/Sprites/Idle/Idle_4.uasset" 9
"../../../TutoPaper2d/Content/Sprites/Idle/Idle_5.uasset" 10
"../../../TutoPaper2d/Content/Sprites/Idle/Idle_6.uasset" 11
"../../../TutoPaper2d/Content/Sprites/Idle/Idle_7.uasset" 12
"../../../TutoPaper2d/Content/Flipbooks/IdleFlipbook.uasset" 13
"../../../TutoPaper2d/Content/textures/CharacterJumping.uasset" 14
"../../../TutoPaper2d/Content/Sprites/Jump/CharacterJumping_Sprite.uasset" 15
"../../../TutoPaper2d/Content/Flipbooks/JumpFlipbook.uasset" 16
"../../../TutoPaper2d/Content/textures/2DCharacter_RunAnimAtlas.uasset" 17
"../../../TutoPaper2d/Content/Sprites/run/Run_0.uasset" 18
"../../../TutoPaper2d/Content/Sprites/run/Run_1.uasset" 19
"../../../TutoPaper2d/Content/Sprites/run/Run_10.uasset" 20
"../../../TutoPaper2d/Content/Sprites/run/Run_11.uasset" 21
"../../../TutoPaper2d/Content/Sprites/run/Run_12.uasset" 22
"../../../TutoPaper2d/Content/Sprites/run/Run_13.uasset" 23
"../../../TutoPaper2d/Content/Sprites/run/Run_14.uasset" 24
"../../../TutoPaper2d/Content/Sprites/run/Run_15.uasset" 25
"../../../TutoPaper2d/Content/Sprites/run/Run_2.uasset" 26
"../../../TutoPaper2d/Content/Sprites/run/Run_3.uasset" 27
"../../../TutoPaper2d/Content/Sprites/run/Run_4.uasset" 28
"../../../TutoPaper2d/Content/Sprites/run/Run_5.uasset" 29
"../../../TutoPaper2d/Content/Sprites/run/Run_6.uasset" 30
"../../../TutoPaper2d/Content/Sprites/run/Run_7.uasset" 31
"../../../TutoPaper2d/Content/Sprites/run/Run_8.uasset" 32
"../../../TutoPaper2d/Content/Sprites/run/Run_9.uasset" 33
"../../../TutoPaper2d/Content/Flipbooks/RunFlipbook.uasset" 34
"../../../TutoPaper2d/Content/Blueprint/MyCharacter.uasset" 35
"../../../TutoPaper2d/Content/Blueprint/PaperGameMode.uasset" 36
"../../../TutoPaper2d/Content/textures/2DBackgroundTile.uasset" 37
"../../../Engine/Content/Functions/Engine_MaterialFunctions01/Opacity/CameraDepthFade.uasset" 38
"../../../Engine/Content/EngineMaterials/T_Default_Material_Grid_M.uasset" 39
"../../../Engine/Content/EngineMaterials/T_Default_Material_Grid_N.uasset" 40
"../../../Engine/Content/EngineMaterials/DefaultMaterial.uasset" 41
"../../../Engine/Content/BasicShapes/Cone.uasset" 42
"../../../Engine/Content/EngineMaterials/WorldGridMaterial.uasset" 43
"../../../Engine/Content/BasicShapes/Cube.uasset" 44
"../../../Engine/Content/BasicShapes/Cylinder.uasset" 45
"../../../Engine/Content/BasicShapes/Plane.uasset" 46
"../../../Engine/Content/BasicShapes/Sphere.uasset" 47
"../../../Engine/Content/EditorLandscapeResources/DataLayer.uasset" 48
"../../../Engine/Content/EditorMaterials/GizmoMaterial.uasset" 49
"../../../Engine/Content/EditorMaterials/MAT_Groups_Toggle.uasset" 50
"../../../Engine/Content/EditorMaterials/MAT_Groups_Visibility.uasset" 51
"../../../Engine/Content/EditorMaterials/PreviewShadowIndicator.uasset" 52
"../../../Engine/Content/EditorMaterials/PreviewShadowIndicatorMaterial.uasset" 53
"../../../Engine/Content/EditorMaterials/MatineeGroups/MAT_ColorTrack.uasset" 54
"../../../Engine/Content/EditorMaterials/MatineeGroups/MAT_Groups_Anim.uasset" 55
"../../../Engine/Content/EditorMaterials/MatineeGroups/MAT_Groups_AudioMaster.uasset" 56
"../../../Engine/Content/EditorMaterials/MatineeGroups/MAT_Groups_Director.uasset" 57
"../../../Engine/Content/EditorMaterials/MatineeGroups/MAT_Groups_Event.uasset" 58
"../../../Engine/Content/EditorMaterials/MatineeGroups/MAT_Groups_Fade.uasset" 59
"../../../Engine/Content/EditorMaterials/MatineeGroups/MAT_Groups_Float.uasset" 60
"../../../Engine/Content/EditorMaterials/MatineeGroups/MAT_Groups_Move.uasset" 61
"../../../Engine/Content/EditorMaterials/MatineeGroups/MAT_Groups_Slomo.uasset" 62
"../../../Engine/Content/EditorMaterials/MatineeGroups/MAT_Groups_Sound.uasset" 63
"../../../Engine/Content/EditorMaterials/MatineeGroups/MAT_Groups_Vector.uasset" 64
"../../../Engine/Content/EditorMaterials/ParticleSystems/PSysThumbnail_NoImage.uasset" 65
"../../../Engine/Content/EditorMaterials/ParticleSystems/PSysThumbnail_OOD.uasset" 66
"../../../Engine/Content/EditorMaterials/Camera/CineMat.uasset" 67
"../../../Engine/Content/EditorMaterials/Camera/MI_CineMat_Rig.uasset" 68
"../../../Engine/Content/EditorMeshes/Camera/SM_CraneRig_Arm.uasset" 69
"../../../Engine/Content/EditorMeshes/Camera/SM_CraneRig_Base.uasset" 70
"../../../Engine/Content/EditorMeshes/Camera/SM_CraneRig_Body.uasset" 71
"../../../Engine/Content/EditorMeshes/Camera/SM_CraneRig_Mount.uasset" 72
"../../../Engine/Content/EditorMeshes/Camera/SM_RailRig_Mount.uasset" 73
"../../../Engine/Content/EditorMeshes/Camera/SM_RailRig_Track.uasset" 74
"../../../Engine/Content/EditorMeshes/ColorCalibrator/M_ChromeBall.uasset" 75
"../../../Engine/Content/EditorMeshes/ColorCalibrator/M_ClearCoat.uasset" 76
"../../../Engine/Content/EditorMeshes/ColorCalibrator/M_ClearCoatBlack.uasset" 77
"../../../Engine/Content/EditorMeshes/ColorCalibrator/Color_checker.uasset" 78
"../../../Engine/Content/EditorMeshes/ColorCalibrator/M_ColorGrid.uasset" 79
"../../../Engine/Content/EditorMeshes/ColorCalibrator/M_GreyBall.uasset" 80
"../../../Engine/Content/EditorMeshes/ColorCalibrator/SM_ColorCalibrator.uasset" 81
"../../../Engine/Content/EditorResources/BSPVertex.uasset" 82
"../../../Engine/Content/EditorResources/S_Actor.uasset" 83
"../../../Engine/Content/EditorResources/S_Trigger.uasset" 84
"../../../Engine/Content/EditorResources/SequenceRecorder/Countdown.uasset" 85
"../../../Engine/Content/EditorResources/SequenceRecorder/RecordingIndicator.uasset" 86
"../../../Engine/Content/EditorSounds/Notifications/CompileFailed.uasset" 87
"../../../Engine/Content/EditorSounds/Notifications/CompileFailed_Cue.uasset" 88
"../../../Engine/Content/EditorSounds/Notifications/CompileSuccess.uasset" 89
"../../../Engine/Content/EditorSounds/Notifications/CompileStart_Cue.uasset" 90
"../../../Engine/Content/EditorSounds/Notifications/CompileSuccess_Cue.uasset" 91
"../../../Engine/Content/EngineDamageTypes/DmgTypeBP_Environmental.uasset" 92
"../../../Engine/Content/EngineDebugMaterials/HeatmapGradient.uasset" 93
"../../../Engine/Content/EngineDebugMaterials/BoneWeightMaterial.uasset" 94
"../../../Engine/Content/EngineDebugMaterials/ClothMaterial.uasset" 95
"../../../Engine/Content/EngineDebugMaterials/ClothMaterial_WF.uasset" 96
"../../../Engine/Content/EngineDebugMaterials/DebugEditorMaterial.uasset" 97
"../../../Engine/Content/EngineDebugMaterials/DebugMeshMaterial.uasset" 98
"../../../Engine/Content/EngineDebugMaterials/GeomMaterial.uasset" 99
"../../../Engine/Content/EngineFonts/Faces/RobotoBold.uasset" 100
"../../../Engine/Content/EngineFonts/Faces/RobotoBoldItalic.uasset" 101
"../../../Engine/Content/EngineFonts/Faces/RobotoItalic.uasset" 102
"../../../Engine/Content/EngineFonts/Faces/RobotoLight.uasset" 103
"../../../Engine/Content/EngineFonts/Faces/RobotoRegular.uasset" 104
"../../../Engine/Content/EngineFonts/Roboto.uasset" 105
"../../../Engine/Content/EngineFonts/Faces/RobotoTiny.uasset" 106
"../../../Engine/Content/EngineFonts/RobotoTiny.uasset" 107
"../../../Engine/Content/EngineMaterials/DefaultBloomKernel.uasset" 108
"../../../Engine/Content/EngineMaterials/DefaultBokeh.uasset" 109
"../../../Engine/Content/EngineMaterials/DefaultDiffuse.uasset" 110
"../../../Engine/Content/EngineMaterials/DefaultDeferredDecalMaterial.uasset" 111
"../../../Engine/Content/EngineMaterials/DefaultLightFunctionMaterial.uasset" 112
"../../../Engine/Content/EngineMaterials/DefaultPhysicalMaterial.uasset" 113
"../../../Engine/Content/Functions/Engine_MaterialFunctions02/Utility/BreakOutFloat2Components.uasset" 114
"../../../Engine/Content/EngineMaterials/DefaultPostProcessMaterial.uasset" 115
"../../../Engine/Content/EngineFonts/RobotoDistanceField.uasset" 116
"../../../Engine/Content/EngineMaterials/DefaultTextMaterialOpaque.uasset" 117
"../../../Engine/Content/EngineMaterials/DefaultWhiteGrid.uasset" 118
"../../../Engine/Content/EngineMaterials/EditorBrushMaterial.uasset" 119
"../../../Engine/Content/EngineMaterials/Good64x64TilingNoiseHighFreq.uasset" 120
"../../../Engine/Content/EngineMaterials/MiniFont.uasset" 121
"../../../Engine/Content/EngineMaterials/InvalidLightmapSettings.uasset" 122
"../../../Engine/Content/EngineMaterials/M_InvalidLightmapSettings.uasset" 123
"../../../Engine/Content/Functions/Engine_MaterialFunctions02/WorldPositionOffset/CameraOffset.uasset" 124
"../../../Engine/Content/EngineMaterials/PhAT_JointLimitMaterial.uasset" 125
"../../../Engine/Content/EngineMaterials/PreintegratedSkinBRDF.uasset" 126
"../../../Engine/Content/EngineMaterials/RemoveSurfaceMaterial.uasset" 127
"../../../Engine/Content/EngineMaterials/WeightMapPlaceholderTexture.uasset" 128
"../../../Engine/Content/EngineResources/WhiteSquareTexture.uasset" 129
"../../../Engine/Content/EngineMaterials/Widget3DPassThrough.uasset" 130
"../../../Engine/Content/EngineMaterials/Widget3DPassThrough_Masked.uasset" 131
"../../../Engine/Content/EngineMaterials/Widget3DPassThrough_Opaque.uasset" 132
"../../../Engine/Content/EngineMaterials/Widget3DPassThrough_Masked_OneSided.uasset" 133
"../../../Engine/Content/EngineMaterials/Widget3DPassThrough_Opaque_OneSided.uasset" 134
"../../../Engine/Content/EngineMaterials/Widget3DPassThrough_Translucent.uasset" 135
"../../../Engine/Content/EngineMaterials/Widget3DPassThrough_Translucent_OneSided.uasset" 136
"../../../Engine/Content/EngineMeshes/Cube.uasset" 137
"../../../Engine/Content/EngineMeshes/Cylinder.uasset" 138
"../../../Engine/Content/EngineMeshes/Sphere.uasset" 139
"../../../Engine/Content/EngineResources/Black.uasset" 140
"../../../Engine/Content/EngineResources/DefaultTexture.uasset" 141
"../../../Engine/Content/EngineResources/DefaultTextureCube.uasset" 142
"../../../Engine/Content/EngineResources/GradientTexture0.uasset" 143
"../../../Engine/Content/EngineSounds/Master.uasset" 144
"../../../Engine/Content/Functions/Engine_MaterialFunctions01/Shading/ConvertFromDiffSpec.uasset" 145
"../../../Engine/Content/Functions/Engine_MaterialFunctions01/Shading/PowerToRoughness.uasset" 146
"../../../Engine/Content/Maps/Templates/Thumbnails/Default.uasset" 147
"../../../Engine/Content/Maps/Templates/Thumbnails/VR-Basic.uasset" 148
"../../../Engine/Content/MobileResources/T_MobileControls_texture.uasset" 149
"../../../Engine/Content/MobileResources/T_MobileMenu2.uasset" 150
"../../../Engine/Content/MobileResources/HUD/AnalogHat.uasset" 151
"../../../Engine/Content/MobileResources/HUD/VirtualJoystick_Background.uasset" 152
"../../../Engine/Content/MobileResources/HUD/VirtualJoystick_Thumb.uasset" 153
"../../../Engine/Content/MobileResources/HUD/DefaultVirtualJoysticks.uasset" 154
"../../../Engine/Content/MobileResources/HUD/LeftVirtualJoystickOnly.uasset" 155
"../../../Engine/Content/MobileResources/HUD/MobileHUDButton1_off.uasset" 156
"../../../Engine/Content/MobileResources/HUD/MobileHUDButton1_on.uasset" 157
"../../../Engine/Content/MobileResources/HUD/MobileHUDButton2_off.uasset" 158
"../../../Engine/Content/MobileResources/HUD/MobileHUDButton2_on.uasset" 159
"../../../Engine/Content/MobileResources/HUD/MobileHUDButton3.uasset" 160
"../../../Engine/Content/MobileResources/HUD/MobileHUDButtonFire.uasset" 161
"../../../Engine/Content/MobileResources/HUD/MobileHUDDirectionPad.uasset" 162
"../../../Engine/Content/MobileResources/HUD/MobileHUDDirectionPad2.uasset" 163
"../../../Engine/Content/MobileResources/HUD/MobileHUDDirectionPad3.uasset" 164
"../../../Engine/Content/MobileResources/HUD/MobileHUDDirectionStick.uasset" 165
"../../../Engine/Content/MobileResources/HUD/T_Castle_ThumbstickInner.uasset" 166
"../../../Engine/Content/MobileResources/HUD/T_Castle_ThumbstickOutter.uasset" 167
"../../../Engine/Content/Tutorial/ContentIntroCurve.uasset" 168
"../../../Engine/Content/Tutorial/Basics/TutorialAssets/icon_tab_Levels_40x.uasset" 169
"../../../Engine/Content/Tutorial/BlueprintTutorials/TutorialAssets/BlueprintInterface_64x.uasset" 170
"../../../Engine/Content/Tutorial/BlueprintTutorials/TutorialAssets/BlueprintMacroLibrary_64x.uasset" 171
"../../../Engine/Content/Tutorial/BlueprintTutorials/TutorialAssets/Blueprint_64x.uasset" 172
"../../../Engine/Content/Tutorial/BlueprintTutorials/TutorialAssets/Tutorial_BP_Interface.uasset" 173
"../../../Engine/Content/Tutorial/Foliage/TutorialAssets/Foliage.uasset" 174
"../../../Engine/Content/Tutorial/Landscape/TutorialAssets/Landscape.uasset" 175
"../../../Engine/Content/Tutorial/Paper2D/TutorialAssets/Paper2DFlipbook_TutorialIcon.uasset" 176
"../../../Engine/Content/Tutorial/Paper2D/TutorialAssets/Paper2DSprite_TutorialIcon.uasset" 177
"../../../Engine/Content/Tutorial/SubEditors/TutorialAssets/icon_Editor_Preferences_General_40x.uasset" 178
"../../../Engine/Content/Tutorial/SubEditors/TutorialAssets/icon_ShowSkeletalMeshes_40x.uasset" 179
"../../../Engine/Content/Tutorial/SubEditors/TutorialAssets/TutorialMaterial.uasset" 180
"../../../Engine/Content/Tutorial/SubEditors/TutorialAssets/T_SmokeSubUV_8X8.uasset" 181
"../../../Engine/Content/Tutorial/SubEditors/TutorialAssets/T_soft_smoke.uasset" 182
"../../../Engine/Content/Tutorial/SubEditors/TutorialAssets/M_smoke_subUV_blackbody.uasset" 183
"../../../Engine/Content/Tutorial/SubEditors/TutorialAssets/TutorialParticleSystem.uasset" 184
"../../../Engine/Content/VREditor/Devices/Generic/GenericHMDMaterial.uasset" 185
"../../../Engine/Content/VREditor/Devices/Generic/GenericHMD.uasset" 186
"../../../Engine/Content/VREditor/FloatingText/LineMaterial.uasset" 187
"../../../Engine/Content/VREditor/FloatingText/JointSphere.uasset" 188
"../../../Engine/Content/VREditor/FloatingText/LineSegmentCylinder.uasset" 189
"../../../Engine/Content/VREditor/Fonts/VRText_RobotoLarge.uasset" 190
"../../../Engine/Content/VREditor/Fonts/VRTextMaterial.uasset" 191
"../../../Engine/Content/VREditor/Fonts/TranslucentVRTextMaterial.uasset" 192
"../../../Engine/Content/VREditor/LaserPointer/CursorPointer.uasset" 193
"../../../Engine/Content/VREditor/LaserPointer/VR_LaserPower_01.uasset" 194
"../../../Engine/Content/VREditor/TransformGizmo/TransformGizmoMaterial.uasset" 195
"../../../Engine/Content/VREditor/LaserPointer/HoverMaterial.uasset" 196
"../../../Engine/Content/VREditor/TransformGizmo/TranslucentTransformGizmoMaterial.uasset" 197
"../../../Engine/Content/VREditor/LaserPointer/TranslucentHoverMaterial.uasset" 198
"../../../Engine/Content/VREditor/LaserPointer/HoverMesh.uasset" 199
"../../../Engine/Content/VREditor/LaserPointer/LaserPointerMaterial.uasset" 200
"../../../Engine/Content/VREditor/LaserPointer/LaserPointerMaterialInst.uasset" 201
"../../../Engine/Content/VREditor/LaserPointer/TranslucentLaserPointerMaterialInst.uasset" 202
"../../../Engine/Content/VREditor/LaserPointer/LaserPointerMesh.uasset" 203
"../../../Engine/Content/VREditor/LaserPointer/LaserPointerMesh_End.uasset" 204
"../../../Engine/Content/VREditor/LaserPointer/LaserPointerMesh_Start.uasset" 205
"../../../Engine/Content/Functions/Engine_MaterialFunctions02/Utility/BreakOutFloat3Components.uasset" 206
"../../../Engine/Content/Functions/Engine_MaterialFunctions02/Math/Transform3x3Matrix.uasset" 207
"../../../Engine/Content/Functions/Engine_MaterialFunctions02/SplitComponents.uasset" 208
"../../../Engine/Content/Functions/Engine_MaterialFunctions02/Utility/MakeFloat3.uasset" 209
"../../../Engine/Content/VREditor/SnapGrid/SnapGridMaterial.uasset" 210
"../../../Engine/Content/VREditor/SnapGrid/SnapGridPlaneMesh.uasset" 211
"../../../Engine/Content/VREditor/Sounds/VR_teleport.uasset" 212
"../../../Engine/Content/VREditor/Sounds/UI/Click_on_Button_Cue.uasset" 213
"../../../Engine/Content/VREditor/Sounds/UI/Dockable_Window_Close.uasset" 214
"../../../Engine/Content/VREditor/Sounds/UI/Dockable_Window_Drop.uasset" 215
"../../../Engine/Content/VREditor/Sounds/UI/Dockable_Window_Open.uasset" 216
"../../../Engine/Content/VREditor/Sounds/UI/Dockable_Window_Pick_Up.uasset" 217
"../../../Engine/Content/VREditor/Sounds/UI/Drop_Item_From_ContentBrowser.uasset" 218
"../../../Engine/Content/VREditor/Sounds/UI/Floating_UI_Open-001.uasset" 219
"../../../Engine/Content/VREditor/Sounds/UI/Gizmo_Handle_Clicked.uasset" 220
"../../../Engine/Content/VREditor/Sounds/UI/Object_PickUp.uasset" 221
"../../../Engine/Content/VREditor/Sounds/UI/Object_Snaps_To_Another_Actor.uasset" 222
"../../../Engine/Content/VREditor/Sounds/UI/Object_Snaps_To_Grid.uasset" 223
"../../../Engine/Content/VREditor/Sounds/UI/Radial_Menu_FadeOut.uasset" 224
"../../../Engine/Content/VREditor/Sounds/UI/Scaling_Down.uasset" 225
"../../../Engine/Content/VREditor/Sounds/UI/Scaling_Up.uasset" 226
"../../../Engine/Content/VREditor/Sounds/UI/Selection_Changes.uasset" 227
"../../../Engine/Content/VREditor/Sounds/UI/Teleport_Mode_Entered.uasset" 228
"../../../Engine/Content/VREditor/Teleport/TeleportDirectionMaterial.uasset" 229
"../../../Engine/Content/VREditor/Teleport/TeleportDirectionMaterial_Inst.uasset" 230
"../../../Engine/Content/VREditor/Teleport/TeleportDirectionMesh.uasset" 231
"../../../Engine/Content/VREditor/TransformGizmo/BoundingBoxCorner.uasset" 232
"../../../Engine/Content/VREditor/TransformGizmo/BoundingBoxEdge.uasset" 233
"../../../Engine/Content/VREditor/TransformGizmo/PlaneTranslationHandle.uasset" 234
"../../../Engine/Content/VREditor/TransformGizmo/RotationHandleFull.uasset" 235
"../../../Engine/Content/VREditor/TransformGizmo/RotationHandleIndicator.uasset" 236
"../../../Engine/Content/VREditor/TransformGizmo/RotationHandleQuarter.uasset" 237
"../../../Engine/Content/VREditor/TransformGizmo/Main.uasset" 238
"../../../Engine/Content/VREditor/TransformGizmo/Xray.uasset" 239
"../../../Engine/Content/VREditor/TransformGizmo/SM_Dialog_Close.uasset" 240
"../../../Engine/Content/VREditor/TransformGizmo/SM_Dialog_Move.uasset" 241
"../../../Engine/Content/VREditor/TransformGizmo/SM_Sequencer_Key.uasset" 242
"../../../Engine/Content/VREditor/TransformGizmo/SM_Sequencer_Node.uasset" 243
"../../../Engine/Content/VREditor/TransformGizmo/StartRotationHandleIndicator.uasset" 244
"../../../Engine/Content/VREditor/TransformGizmo/TranslucentTransformGizmoMaterial_Inst.uasset" 245
"../../../Engine/Content/VREditor/TransformGizmo/TransformGizmoFreeRotation.uasset" 246
"../../../Engine/Content/VREditor/TransformGizmo/TransformGizmoMaterial_Inst.uasset" 247
"../../../Engine/Content/VREditor/TransformGizmo/TranslateArrowHandle.uasset" 248
"../../../Engine/Content/VREditor/TransformGizmo/UniformScaleHandle.uasset" 249
"../../../Engine/Content/VREditor/UI/KeyDiskMaterial.uasset" 250
"../../../Engine/Content/VREditor/UI/DiscMaterial.uasset" 251
"../../../Engine/Content/VREditor/UI/SM_Radial_Disk.uasset" 252
"../../../Engine/Content/Functions/Engine_MaterialFunctions01/Gradient/RadialGradient.uasset" 253
"../../../Engine/Content/VREditor/WorldMovementGrid/SimpleGrid.uasset" 254
"../../../Engine/Content/VREditor/WorldMovementGrid/GridMaterial.uasset" 255
"../../../Engine/Content/Functions/Engine_MaterialFunctions01/Density/ExponentialDensity.uasset" 256
"../../../Engine/Content/VREditor/WorldMovementGrid/GridPostProcess.uasset" 257
"../../../Engine/Content/EditorLandscapeResources/FlattenHeightMat.uasset" 258
"../../../Engine/Content/VREditor/WorldMovementGrid/PlaneMesh.uasset" 259
"../../../Engine/Plugins/2D/Paper2D/Content/PlaceholderTextures/DummySpriteTexture.uasset" 260
"../../../Engine/Plugins/2D/Paper2D/Content/DummySprite.uasset" 261
"../../../Engine/Plugins/2D/Paper2D/Content/DefaultPaperTerrainMaterial.uasset" 262
"../../../Engine/Plugins/2D/Paper2D/Content/MaskedUnlitSpriteMaterial.uasset" 263
"../../../Engine/Plugins/2D/Paper2D/Content/OpaqueUnlitSpriteMaterial.uasset" 264
"../../../Engine/Plugins/Media/MediaCompositing/Content/DefaultMediaPlaneMaterial.uasset" 265
"../../../Engine/Content/Functions/Engine_MaterialFunctions02/Utility/MakeFloat4.uasset" 266
"../../../Engine/Plugins/Runtime/AppleARKit/Content/ARKitCameraMaterial.uasset" 267
"../../../Engine/Plugins/Runtime/Oculus/OculusVR/Content/Textures/GearVRController_AO.uasset" 268
"../../../Engine/Plugins/Runtime/Oculus/OculusVR/Content/Textures/GearVRController_Color.uasset" 269
"../../../Engine/Plugins/Runtime/Oculus/OculusVR/Content/Textures/GearVRController_Normal.uasset" 270
"../../../Engine/Plugins/Runtime/Oculus/OculusVR/Content/Materials/GearVRControllerMaterial.uasset" 271
"../../../Engine/Plugins/Runtime/Oculus/OculusVR/Content/Meshes/GearVrController.uasset" 272
"../../../TutoPaper2d/Content/textures/2DBackground.uasset" 273
"../../../TutoPaper2d/Content/Sprites/2DBackground_Sprite.uasset" 274
"../../../TutoPaper2d/Content/textures/2DBackgroundBlockAtlas.uasset" 275
"../../../TutoPaper2d/Content/Sprites/PlatformSprite.uasset" 276
"../../../TutoPaper2d/Content/textures/PrototypeTexture.uasset" 277
"../../../TutoPaper2d/Content/materials/Levelprototype.uasset" 278
"../../../TutoPaper2d/Content/Sprites/PrototypeTexture_Sprite.uasset" 279
"../../../TutoPaper2d/Content/2dlevel.umap" 280
"../../../Engine/Content/Maps/Entry.umap" 281
