Log file open, 02/04/18 08:45:11
LogWindows: Failed to load 'aqProf.dll' (GetLastError=126)
LogWindows: File 'aqProf.dll' does not exist
LogWindows: Failed to load 'VtuneApi.dll' (GetLastError=126)
LogWindows: File 'VtuneApi.dll' does not exist
LogWindows: Failed to load 'VtuneApi32e.dll' (GetLastError=126)
LogWindows: File 'VtuneApi32e.dll' does not exist
LogInit: Display: Running engine for game: TutoPaper2d
LogPlatformFile: Not using cached read wrapper
LogInit: Display: RandInit(-1794135687) SRandInit(-1794135687).
LogInit: Read version file with build ID '3709383'
LogInit: Overriding engine version to CL 3832480, compatible CL 3709383
LogInit: Registered custom module enumerator with build ID '3709383'
LogTaskGraph: Started task graph with 5 named threads and 14 total threads with 3 sets of task threads.
LogStats: Stats thread started at 0.662348
LogD3D11RHI: Aftermath initialized
LogModuleManager: Display: Found up-to-date module file ../../../Engine/Plugins/2D/Paper2D/Binaries/Win64/UE4Editor-Paper2D.dll (API version 3709383).
LogModuleManager: Display: Found up-to-date module file ../../../Engine/Plugins/2D/Paper2D/Binaries/Win64/UE4Editor-Paper2DEditor.dll (API version 3709383).
LogModuleManager: Display: Found up-to-date module file ../../../Engine/Plugins/2D/Paper2D/Binaries/Win64/UE4Editor-PaperSpriteSheetImporter.dll (API version 3709383).
LogModuleManager: Display: Found up-to-date module file ../../../Engine/Plugins/2D/Paper2D/Binaries/Win64/UE4Editor-PaperTiledImporter.dll (API version 3709383).
LogModuleManager: Display: Found up-to-date module file ../../../Engine/Plugins/2D/Paper2D/Binaries/Win64/UE4Editor-SmartSnapping.dll (API version 3709383).
LogModuleManager: Display: Found up-to-date module file ../../../Engine/Plugins/Blendables/LightPropagationVolume/Binaries/Win64/UE4Editor-LightPropagationVolumeRuntime.dll (API version 3709383).
LogModuleManager: Display: Found up-to-date module file ../../../Engine/Plugins/Blendables/LightPropagationVolume/Binaries/Win64/UE4Editor-LightPropagationVolumeEditor.dll (API version 3709383).
LogModuleManager: Display: Found up-to-date module file ../../../Engine/Plugins/Developer/GitSourceControl/Binaries/Win64/UE4Editor-GitSourceControl.dll (API version 3709383).
LogModuleManager: Display: Found up-to-date module file ../../../Engine/Plugins/Developer/PerforceSourceControl/Binaries/Win64/UE4Editor-PerforceSourceControl.dll (API version 3709383).
LogModuleManager: Display: Found up-to-date module file ../../../Engine/Plugins/Developer/SubversionSourceControl/Binaries/Win64/UE4Editor-SubversionSourceControl.dll (API version 3709383).
LogModuleManager: Display: Found up-to-date module file ../../../Engine/Plugins/Developer/UObjectPlugin/Binaries/Win64/UE4Editor-UObjectPlugin.dll (API version 3709383).
LogModuleManager: Display: Found up-to-date module file ../../../Engine/Plugins/Developer/VisualStudioCodeSourceCodeAccess/Binaries/Win64/UE4Editor-VisualStudioCodeSourceCodeAccess.dll (API version 3709383).
LogModuleManager: Display: Found up-to-date module file ../../../Engine/Plugins/Developer/VisualStudioSourceCodeAccess/Binaries/Win64/UE4Editor-VisualStudioSourceCodeAccess.dll (API version 3709383).
LogModuleManager: Display: Found up-to-date module file ../../../Engine/Plugins/Editor/AssetManagerEditor/Binaries/Win64/UE4Editor-AssetManagerEditor.dll (API version 3709383).
LogModuleManager: Display: Found up-to-date module file ../../../Engine/Plugins/Editor/AudioCapture/Binaries/Win64/UE4Editor-AudioCapture.dll (API version 3709383).
LogModuleManager: Display: Found up-to-date module file ../../../Engine/Plugins/Editor/FacialAnimation/Binaries/Win64/UE4Editor-FacialAnimation.dll (API version 3709383).
LogModuleManager: Display: Found up-to-date module file ../../../Engine/Plugins/Editor/FacialAnimation/Binaries/Win64/UE4Editor-FacialAnimationEditor.dll (API version 3709383).
LogModuleManager: Display: Found up-to-date module file ../../../Engine/Plugins/Editor/GameplayTagsEditor/Binaries/Win64/UE4Editor-GameplayTagsEditor.dll (API version 3709383).
LogModuleManager: Display: Found up-to-date module file ../../../Engine/Plugins/Editor/MobileLauncherProfileWizard/Binaries/Win64/UE4Editor-MobileLauncherProfileWizard.dll (API version 3709383).
LogModuleManager: Display: Found up-to-date module file ../../../Engine/Plugins/Editor/PluginBrowser/Binaries/Win64/UE4Editor-PluginBrowser.dll (API version 3709383).
LogModuleManager: Display: Found up-to-date module file ../../../Engine/Plugins/Editor/SpeedTreeImporter/Binaries/Win64/UE4Editor-SpeedTreeImporter.dll (API version 3709383).
LogModuleManager: Display: Found up-to-date module file ../../../Engine/Plugins/Experimental/AlembicImporter/Binaries/Win64/UE4Editor-AlembicImporter.dll (API version 3709383).
LogModuleManager: Display: Found up-to-date module file ../../../Engine/Plugins/Experimental/AlembicImporter/Binaries/Win64/UE4Editor-AlembicLibrary.dll (API version 3709383).
LogModuleManager: Display: Found up-to-date module file ../../../Engine/Plugins/Experimental/CharacterAI/Binaries/Win64/UE4Editor-CharacterAI.dll (API version 3709383).
LogModuleManager: Display: Found up-to-date module file ../../../Engine/Plugins/Experimental/HTML5Networking/Binaries/Win64/UE4Editor-HTML5Networking.dll (API version 3709383).
LogModuleManager: Display: Found up-to-date module file ../../../Engine/Plugins/Media/AndroidMedia/Binaries/Win64/UE4Editor-AndroidMediaEditor.dll (API version 3709383).
LogModuleManager: Display: Found up-to-date module file ../../../Engine/Plugins/Media/AndroidMedia/Binaries/Win64/UE4Editor-AndroidMediaFactory.dll (API version 3709383).
LogModuleManager: Display: Found up-to-date module file ../../../Engine/Plugins/Media/AvfMedia/Binaries/Win64/UE4Editor-AvfMediaEditor.dll (API version 3709383).
LogModuleManager: Display: Found up-to-date module file ../../../Engine/Plugins/Media/AvfMedia/Binaries/Win64/UE4Editor-AvfMediaFactory.dll (API version 3709383).
LogModuleManager: Display: Found up-to-date module file ../../../Engine/Plugins/Media/AvfMedia/Binaries/Win64/UE4Editor-AvfMediaFactory.dll (API version 3709383).
LogModuleManager: Display: Found up-to-date module file ../../../Engine/Plugins/Media/ImgMedia/Binaries/Win64/UE4Editor-ImgMedia.dll (API version 3709383).
LogModuleManager: Display: Found up-to-date module file ../../../Engine/Plugins/Media/ImgMedia/Binaries/Win64/UE4Editor-ImgMediaEditor.dll (API version 3709383).
LogModuleManager: Display: Found up-to-date module file ../../../Engine/Plugins/Media/ImgMedia/Binaries/Win64/UE4Editor-ImgMediaFactory.dll (API version 3709383).
LogModuleManager: Display: Found up-to-date module file ../../../Engine/Plugins/Media/ImgMedia/Binaries/Win64/UE4Editor-ImgMediaFactory.dll (API version 3709383).
LogModuleManager: Display: Found up-to-date module file ../../../Engine/Plugins/Media/ImgMedia/Binaries/Win64/UE4Editor-OpenExrWrapper.dll (API version 3709383).
LogModuleManager: Display: Found up-to-date module file ../../../Engine/Plugins/Media/MediaCompositing/Binaries/Win64/UE4Editor-MediaCompositing.dll (API version 3709383).
LogModuleManager: Display: Found up-to-date module file ../../../Engine/Plugins/Media/MediaCompositing/Binaries/Win64/UE4Editor-MediaCompositingEditor.dll (API version 3709383).
LogModuleManager: Display: Found up-to-date module file ../../../Engine/Plugins/Media/MediaPlayerEditor/Binaries/Win64/UE4Editor-MediaPlayerEditor.dll (API version 3709383).
LogModuleManager: Display: Found up-to-date module file ../../../Engine/Plugins/Media/WmfMedia/Binaries/Win64/UE4Editor-WmfMedia.dll (API version 3709383).
LogModuleManager: Display: Found up-to-date module file ../../../Engine/Plugins/Media/WmfMedia/Binaries/Win64/UE4Editor-WmfMediaEditor.dll (API version 3709383).
LogModuleManager: Display: Found up-to-date module file ../../../Engine/Plugins/Media/WmfMedia/Binaries/Win64/UE4Editor-WmfMediaFactory.dll (API version 3709383).
LogModuleManager: Display: Found up-to-date module file ../../../Engine/Plugins/Media/WmfMedia/Binaries/Win64/UE4Editor-WmfMediaFactory.dll (API version 3709383).
LogModuleManager: Display: Found up-to-date module file ../../../Engine/Plugins/Messaging/TcpMessaging/Binaries/Win64/UE4Editor-TcpMessaging.dll (API version 3709383).
LogModuleManager: Display: Found up-to-date module file ../../../Engine/Plugins/Messaging/UdpMessaging/Binaries/Win64/UE4Editor-UdpMessaging.dll (API version 3709383).
LogModuleManager: Display: Found up-to-date module file ../../../Engine/Plugins/MovieScene/ActorSequence/Binaries/Win64/UE4Editor-ActorSequence.dll (API version 3709383).
LogModuleManager: Display: Found up-to-date module file ../../../Engine/Plugins/MovieScene/LevelSequenceEditor/Binaries/Win64/UE4Editor-LevelSequenceEditor.dll (API version 3709383).
LogModuleManager: Display: Found up-to-date module file ../../../Engine/Plugins/MovieScene/MatineeToLevelSequence/Binaries/Win64/UE4Editor-MatineeToLevelSequence.dll (API version 3709383).
LogModuleManager: Display: Found up-to-date module file ../../../Engine/Plugins/Online/OnlineSubsystem/Binaries/Win64/UE4Editor-OnlineSubsystem.dll (API version 3709383).
LogModuleManager: Display: Found up-to-date module file ../../../Engine/Plugins/Runtime/AndroidPermission/Binaries/Win64/UE4Editor-AndroidPermission.dll (API version 3709383).
LogModuleManager: Display: Found up-to-date module file ../../../Engine/Plugins/Online/OnlineSubsystemNull/Binaries/Win64/UE4Editor-OnlineSubsystemNull.dll (API version 3709383).
LogModuleManager: Display: Found up-to-date module file ../../../Engine/Plugins/Online/OnlineSubsystemUtils/Binaries/Win64/UE4Editor-OnlineSubsystemUtils.dll (API version 3709383).
LogModuleManager: Display: Found up-to-date module file ../../../Engine/Plugins/Online/OnlineSubsystemUtils/Binaries/Win64/UE4Editor-OnlineBlueprintSupport.dll (API version 3709383).
LogModuleManager: Display: Found up-to-date module file ../../../Engine/Plugins/Runtime/AndroidDeviceProfileSelector/Binaries/Win64/UE4Editor-AndroidDeviceProfileSelector.dll (API version 3709383).
LogModuleManager: Display: Found up-to-date module file ../../../Engine/Plugins/Runtime/AppleARKit/Binaries/Win64/UE4Editor-AppleARKit.dll (API version 3709383).
LogModuleManager: Display: Found up-to-date module file ../../../Engine/Plugins/Runtime/ArchVisCharacter/Binaries/Win64/UE4Editor-ArchVisCharacter.dll (API version 3709383).
LogModuleManager: Display: Found up-to-date module file ../../../Engine/Plugins/Runtime/CableComponent/Binaries/Win64/UE4Editor-CableComponent.dll (API version 3709383).
LogModuleManager: Display: Found up-to-date module file ../../../Engine/Plugins/Runtime/CustomMeshComponent/Binaries/Win64/UE4Editor-CustomMeshComponent.dll (API version 3709383).
LogModuleManager: Display: Found up-to-date module file ../../../Engine/Plugins/Runtime/ExampleDeviceProfileSelector/Binaries/Win64/UE4Editor-ExampleDeviceProfileSelector.dll (API version 3709383).
LogModuleManager: Display: Found up-to-date module file ../../../Engine/Plugins/Runtime/ImmediatePhysics/Binaries/Win64/UE4Editor-ImmediatePhysics.dll (API version 3709383).
LogModuleManager: Display: Found up-to-date module file ../../../Engine/Plugins/Runtime/ImmediatePhysics/Binaries/Win64/UE4Editor-ImmediatePhysicsEditor.dll (API version 3709383).
LogModuleManager: Display: Found up-to-date module file ../../../Engine/Plugins/Runtime/LocationServicesBPLibrary/Binaries/Win64/UE4Editor-LocationServicesBPLibrary.dll (API version 3709383).
LogModuleManager: Display: Found up-to-date module file ../../../Engine/Plugins/Runtime/MobilePatchingUtils/Binaries/Win64/UE4Editor-MobilePatchingUtils.dll (API version 3709383).
LogModuleManager: Display: Found up-to-date module file ../../../Engine/Plugins/Runtime/Oculus/OculusVR/Binaries/Win64/UE4Editor-OculusHMD.dll (API version 3709383).
LogModuleManager: Display: Found up-to-date module file ../../../Engine/Plugins/Runtime/Oculus/OculusVR/Binaries/Win64/UE4Editor-OculusInput.dll (API version 3709383).
LogModuleManager: Display: Found up-to-date module file ../../../Engine/Plugins/Runtime/Oculus/OculusVR/Binaries/Win64/UE4Editor-OculusEditor.dll (API version 3709383).
LogModuleManager: Display: Found up-to-date module file ../../../Engine/Plugins/Runtime/PhysXVehicles/Binaries/Win64/UE4Editor-PhysXVehicles.dll (API version 3709383).
LogModuleManager: Display: Found up-to-date module file ../../../Engine/Plugins/Runtime/PhysXVehicles/Binaries/Win64/UE4Editor-PhysXVehiclesEditor.dll (API version 3709383).
LogModuleManager: Display: Found up-to-date module file ../../../Engine/Plugins/Runtime/ProceduralMeshComponent/Binaries/Win64/UE4Editor-ProceduralMeshComponent.dll (API version 3709383).
LogModuleManager: Display: Found up-to-date module file ../../../Engine/Plugins/Runtime/ProceduralMeshComponent/Binaries/Win64/UE4Editor-ProceduralMeshComponentEditor.dll (API version 3709383).
LogModuleManager: Display: Found up-to-date module file ../../../Engine/Plugins/Runtime/RuntimePhysXCooking/Binaries/Win64/UE4Editor-RuntimePhysXCooking.dll (API version 3709383).
LogModuleManager: Display: Found up-to-date module file ../../../Engine/Plugins/Runtime/Steam/SteamVR/Binaries/Win64/UE4Editor-SteamVR.dll (API version 3709383).
LogModuleManager: Display: Found up-to-date module file ../../../Engine/Plugins/Runtime/Steam/SteamVR/Binaries/Win64/UE4Editor-SteamVRController.dll (API version 3709383).
LogModuleManager: Display: Found up-to-date module file ../../../Engine/Plugins/Runtime/WindowsMoviePlayer/Binaries/Win64/UE4Editor-WindowsMoviePlayer.dll (API version 3709383).
LogPluginManager: Mounting plugin Paper2D
LogPluginManager: Mounting plugin LightPropagationVolume
LogPluginManager: Mounting plugin CodeLiteSourceCodeAccess
LogPluginManager: Mounting plugin GitSourceControl
LogPluginManager: Mounting plugin KDevelopSourceCodeAccess
LogPluginManager: Mounting plugin NullSourceCodeAccess
LogPluginManager: Mounting plugin PerforceSourceControl
LogPluginManager: Mounting plugin SubversionSourceControl
LogPluginManager: Mounting plugin UObjectPlugin
LogPluginManager: Mounting plugin VisualStudioCodeSourceCodeAccess
LogPluginManager: Mounting plugin VisualStudioSourceCodeAccess
LogPluginManager: Mounting plugin XCodeSourceCodeAccess
LogPluginManager: Mounting plugin AssetManagerEditor
LogPluginManager: Mounting plugin AudioCapture
LogPluginManager: Mounting plugin FacialAnimation
LogPluginManager: Mounting plugin GameplayTagsEditor
LogPluginManager: Mounting plugin MobileLauncherProfileWizard
LogPluginManager: Mounting plugin PluginBrowser
LogPluginManager: Mounting plugin SpeedTreeImporter
LogPluginManager: Mounting plugin AlembicImporter
LogPluginManager: Mounting plugin CharacterAI
LogPluginManager: Mounting plugin HTML5Networking
LogPluginManager: Mounting plugin AndroidMedia
LogPluginManager: Mounting plugin AvfMedia
LogPluginManager: Mounting plugin ImgMedia
LogPluginManager: Mounting plugin MediaCompositing
LogPluginManager: Mounting plugin MediaPlayerEditor
LogPluginManager: Mounting plugin WmfMedia
LogPluginManager: Mounting plugin TcpMessaging
LogPluginManager: Mounting plugin UdpMessaging
LogPluginManager: Mounting plugin ActorSequence
LogPluginManager: Mounting plugin LevelSequenceEditor
LogPluginManager: Mounting plugin MatineeToLevelSequence
LogPluginManager: Mounting plugin OnlineSubsystemGooglePlay
LogPluginManager: Mounting plugin OnlineSubsystemIOS
LogPluginManager: Mounting plugin OnlineSubsystem
LogPluginManager: Mounting plugin OnlineSubsystemNull
LogPluginManager: Mounting plugin OnlineSubsystemUtils
LogPluginManager: Mounting plugin AndroidDeviceProfileSelector
LogPluginManager: Mounting plugin AndroidMoviePlayer
LogPluginManager: Mounting plugin AndroidPermission
LogPluginManager: Mounting plugin AppleARKit
LogPluginManager: Mounting plugin AppleMoviePlayer
LogPluginManager: Mounting plugin ArchVisCharacter
LogPluginManager: Mounting plugin CableComponent
LogPluginManager: Mounting plugin CustomMeshComponent
LogPluginManager: Mounting plugin ExampleDeviceProfileSelector
LogPluginManager: Mounting plugin GoogleCloudMessaging
LogPluginManager: Mounting plugin ImmediatePhysics
LogPluginManager: Mounting plugin IOSDeviceProfileSelector
LogPluginManager: Mounting plugin LinuxDeviceProfileSelector
LogPluginManager: Mounting plugin LocationServicesBPLibrary
LogPluginManager: Mounting plugin MobilePatchingUtils
LogPluginManager: Mounting plugin OculusVR
LogPluginManager: Plugin shader directory ../../../Engine/Plugins/Runtime/Oculus/OculusVR/Shaders found
LogPluginManager: Mapping shader source directory ../../../Engine/Plugins/Runtime/Oculus/OculusVR/Shaders to virtual directory /Plugin/OculusVR
LogPluginManager: Mounting plugin PhysXVehicles
LogPluginManager: Mounting plugin ProceduralMeshComponent
LogPluginManager: Mounting plugin RuntimePhysXCooking
LogPluginManager: Mounting plugin SteamVR
LogPluginManager: Mounting plugin WindowsMoviePlayer
LogInit: Using libcurl 7.47.1
LogInit:  - built for x86_64-pc-win32
LogInit:  - supports SSL with OpenSSL/1.0.2g
LogInit:  - supports HTTP deflate (compression) using libz 1.2.8
LogInit:  - other features:
LogInit:      CURL_VERSION_SSL
LogInit:      CURL_VERSION_LIBZ
LogInit:      CURL_VERSION_IPV6
LogInit:      CURL_VERSION_ASYNCHDNS
LogInit:      CURL_VERSION_LARGEFILE
LogInit:      CURL_VERSION_IDN
LogInit:  CurlRequestOptions (configurable via config and command line):
LogInit:  - bVerifyPeer = false  - Libcurl will NOT verify peer certificate
LogInit:  - bUseHttpProxy = false  - Libcurl will NOT use HTTP proxy
LogInit:  - bDontReuseConnections = false  - Libcurl will reuse connections
LogInit:  - CertBundlePath = nullptr  - Libcurl will use whatever was configured at build time.
LogInit: Build: ++UE4+Release-4.18-CL-3832480
LogInit: Engine Version: 4.18.3-3832480+++UE4+Release-4.18
LogInit: Compatible Engine Version: 4.18.0-3709383+++UE4+Release-4.18
LogInit: Net CL: 3709383
LogDevObjectVersion: Number of dev versions registered: 16
LogDevObjectVersion:   Dev-Blueprints (B0D832E4-1F89-4F0D-ACCF-7EB736FD4AA2): 10
LogDevObjectVersion:   Dev-Build (E1C64328-A22C-4D53-A36C-8E866417BD8C): 0
LogDevObjectVersion:   Dev-Core (375EC13C-06E4-48FB-B500-84F0262A717E): 2
LogDevObjectVersion:   Dev-Editor (E4B068ED-F494-42E9-A231-DA0B2E46BB41): 20
LogDevObjectVersion:   Dev-Framework (CFFC743F-43B0-4480-9391-14DF171D2073): 30
LogDevObjectVersion:   Dev-Mobile (B02B49B5-BB20-44E9-A304-32B752E40360): 0
LogDevObjectVersion:   Dev-Networking (A4E4105C-59A1-49B5-A7C5-40C4547EDFEE): 0
LogDevObjectVersion:   Dev-Online (39C831C9-5AE6-47DC-9A44-9C173E1C8E7C): 0
LogDevObjectVersion:   Dev-Physics (78F01B33-EBEA-4F98-B9B4-84EACCB95AA2): 0
LogDevObjectVersion:   Dev-Platform (6631380F-2D4D-43E0-8009-CF276956A95A): 0
LogDevObjectVersion:   Dev-Rendering (12F88B9F-8875-4AFC-A67C-D90C383ABD29): 20
LogDevObjectVersion:   Dev-Sequencer (7B5AE74C-D270-4C10-A958-57980B212A5A): 4
LogDevObjectVersion:   Dev-VR (D7296918-1DD6-4BDD-9DE2-64A83CC13884): 0
LogDevObjectVersion:   Dev-LoadTimes (C2A15278-BFE7-4AFE-6C17-90FF531DF755): 1
LogDevObjectVersion:   Private-Geometry (6EACA3D4-40EC-4CC1-B786-8BED09428FC5): 1
LogDevObjectVersion:   Dev-AnimPhys (29E575DD-E0A3-4627-9D10-D276232CDCEA): 12
LogInit: Compiled (64-bit): Jan 12 2018 02:04:55
LogInit: Compiled with Visual C++: 19.00.24215.01
LogInit: Build Configuration: Development
LogInit: Branch Name: ++UE4+Release-4.18
LogInit: Command line:  
LogInit: Base directory: C:/Program Files/Epic Games/UE_4.18/Engine/Binaries/Win64/
LogInit: Installed Engine Build: 1
LogInit: Presizing for max 8388607 objects, including 0 objects not considered by GC, pre-allocating 0 bytes for permanent pool.
LogInit: Object subsystem initialized
[2018.02.04-07.45.15:517][  0]LogInit: Selected Device Profile: [Windows]
[2018.02.04-07.45.15:517][  0]LogInit: Applying CVar settings loaded from the selected device profile: [Windows]
[2018.02.04-07.45.15:703][  0]LogInit: Computer: CORENTIN-PC
[2018.02.04-07.45.15:703][  0]LogInit: User: Corentin
[2018.02.04-07.45.15:703][  0]LogInit: CPU Page size=4096, Cores=4
[2018.02.04-07.45.15:703][  0]LogInit: High frequency timer resolution =3.415992 MHz
[2018.02.04-07.45.15:704][  0]LogMemory: Memory total: Physical=7.9GB (8GB approx)
[2018.02.04-07.45.15:704][  0]LogMemory: Platform Memory Stats for Windows
[2018.02.04-07.45.15:704][  0]LogMemory: Process Physical Memory: 274.21 MB used, 274.21 MB peak
[2018.02.04-07.45.15:704][  0]LogMemory: Process Virtual Memory: 276.73 MB used, 276.73 MB peak
[2018.02.04-07.45.15:704][  0]LogMemory: Physical Memory: 7045.01 MB used,  1089.42 MB free, 8134.43 MB total
[2018.02.04-07.45.15:704][  0]LogMemory: Virtual Memory: 669.83 MB used,  1089.42 MB free, 134217728.00 MB total
[2018.02.04-07.45.16:505][  0]LogInit: Using OS detected language (fr-FR).
[2018.02.04-07.45.16:505][  0]LogInit: Using OS detected locale (fr-FR).
[2018.02.04-07.45.16:622][  0]LogTextLocalizationManager: No localization for 'fr-FR' exists, so 'en' will be used for the language.
[2018.02.04-07.45.16:622][  0]LogTextLocalizationManager: No localization for 'fr-FR' exists, so 'en' will be used for the locale.
[2018.02.04-07.45.17:383][  0]LogInit: Setting process to per monitor DPI aware
[2018.02.04-07.45.27:564][  0]LogD3D11RHI: D3D11 adapters:
[2018.02.04-07.45.27:736][  0]LogD3D11RHI:    0. 'NVIDIA GeForce GTX 960' (Feature Level 11_0)
[2018.02.04-07.45.27:736][  0]LogD3D11RHI:       2016/0/4067 MB DedicatedVideo/DedicatedSystem/SharedSystem, Outputs:2, VendorId:0x10de
[2018.02.04-07.45.27:739][  0]LogD3D11RHI:    1. 'Microsoft Basic Render Driver' (Feature Level 11_0)
[2018.02.04-07.45.27:739][  0]LogD3D11RHI:       0/0/4067 MB DedicatedVideo/DedicatedSystem/SharedSystem, Outputs:0, VendorId:0x1414
[2018.02.04-07.45.27:739][  0]LogD3D11RHI: Chosen D3D11 Adapter: 0
[2018.02.04-07.45.27:768][  0]LogD3D11RHI: Creating new Direct3DDevice
[2018.02.04-07.45.27:768][  0]LogD3D11RHI:     GPU DeviceId: 0x1401 (for the marketing name, search the web for "GPU Device Id")
[2018.02.04-07.45.27:768][  0]LogWindows: EnumDisplayDevices:
[2018.02.04-07.45.27:768][  0]LogWindows:    0. 'NVIDIA GeForce GTX 960' (P:0 D:1)
[2018.02.04-07.45.27:769][  0]LogWindows:    1. 'NVIDIA GeForce GTX 960' (P:1 D:1)
[2018.02.04-07.45.27:769][  0]LogWindows:    2. 'NVIDIA GeForce GTX 960' (P:0 D:0)
[2018.02.04-07.45.27:769][  0]LogWindows:    3. 'NVIDIA GeForce GTX 960' (P:0 D:0)
[2018.02.04-07.45.27:769][  0]LogWindows: DebugString: GetVideoDriverDetailsInvalid PrimaryIsNotTheChoosenAdapter GetVideoDriverDetailsInvalid PrimaryIsNotTheChoosenAdapter GetVideoDriverDetailsInvalid PrimaryIsNotTheChoosenAdapter GetVideoDriverDetailsInvalid PrimaryIsNotTheChoosenAdapter FoundDriverCount:0 
[2018.02.04-07.45.27:769][  0]LogD3D11RHI:     Adapter Name: NVIDIA GeForce GTX 960
[2018.02.04-07.45.27:769][  0]LogD3D11RHI:   Driver Version: Unknown (internal:Unknown, unified:Unknown)
[2018.02.04-07.45.27:769][  0]LogD3D11RHI:      Driver Date: Unknown
[2018.02.04-07.45.27:769][  0]LogRHI: Texture pool is 1411 MB (70% of 2016 MB)
[2018.02.04-07.45.27:956][  0]LogD3D11RHI: Async texture creation enabled
[2018.02.04-07.45.28:326][  0]LogD3D11RHI: GPU Timing Frequency: 1000.000000 (Debug: 2 4)
[2018.02.04-07.45.28:494][  0]LogShaderCompilers: Guid format shader working directory is -39 characters bigger than the processId version (../../../../../../Users/Corentin/Desktop/Sandstorm Project/UnrealTutoPaper2D/TutoPaper2d/Intermediate/Shaders/WorkingDirectory/5104/).
[2018.02.04-07.45.28:494][  0]LogShaderCompilers: Cleaned the shader compiler working directory 'C:/Users/Corentin/AppData/Local/Temp/UnrealShaderWorkingDir/4561E3894A399F3C5E09F88EFC3ADA21/'.
[2018.02.04-07.45.28:504][  0]LogShaderCompilers: Display: Using Local Shader Compiler.
[2018.02.04-07.45.33:119][  0]LogTemp: Display: Loaded TP AllDesktopTargetPlatform
[2018.02.04-07.45.33:189][  0]LogTemp: Display: Loaded TP MacClientTargetPlatform
[2018.02.04-07.45.33:258][  0]LogTemp: Display: Loaded TP MacNoEditorTargetPlatform
[2018.02.04-07.45.33:333][  0]LogTemp: Display: Loaded TP MacServerTargetPlatform
[2018.02.04-07.45.33:492][  0]LogTemp: Display: Loaded TP MacTargetPlatform
[2018.02.04-07.45.33:587][  0]LogTemp: Display: Loaded TP WindowsClientTargetPlatform
[2018.02.04-07.45.33:769][  0]LogTemp: Display: Loaded TP WindowsNoEditorTargetPlatform
[2018.02.04-07.45.33:847][  0]LogTemp: Display: Loaded TP WindowsServerTargetPlatform
[2018.02.04-07.45.33:933][  0]LogTemp: Display: Loaded TP WindowsTargetPlatform
[2018.02.04-07.45.34:101][  0]LogTemp: Display: Loaded TP Android_ASTCTargetPlatform
[2018.02.04-07.45.34:240][  0]LogTemp: Display: Loaded TP Android_ATCTargetPlatform
[2018.02.04-07.45.34:380][  0]LogTemp: Display: Loaded TP Android_DXTTargetPlatform
[2018.02.04-07.45.34:540][  0]LogTemp: Display: Loaded TP Android_ETC1TargetPlatform
[2018.02.04-07.45.34:700][  0]LogTemp: Display: Loaded TP Android_ETC2TargetPlatform
[2018.02.04-07.45.35:094][  0]LogTemp: Display: Loaded TP Android_MultiTargetPlatform
[2018.02.04-07.45.35:095][  0]LogTemp: Display: Loaded TP Android_PVRTCTargetPlatform
[2018.02.04-07.45.35:279][  0]LogTemp: Display: Loaded TP AndroidTargetPlatform
[2018.02.04-07.45.35:622][  0]LogTemp: Display: Loaded TP HTML5TargetPlatform
[2018.02.04-07.45.35:887][  0]LogTemp: Display: Loaded TP IOSTargetPlatform
[2018.02.04-07.45.35:934][  0]LogTemp: Display: Loaded TP TVOSTargetPlatform
[2018.02.04-07.45.36:049][  0]LogTemp: Display: Loaded TP LinuxClientTargetPlatform
[2018.02.04-07.45.36:115][  0]LogTemp: Display: Loaded TP LinuxNoEditorTargetPlatform
[2018.02.04-07.45.36:230][  0]LogTemp: Display: Loaded TP LinuxServerTargetPlatform
[2018.02.04-07.45.36:321][  0]LogTemp: Display: Loaded TP LinuxTargetPlatform
[2018.02.04-07.45.36:321][  0]LogTargetPlatformManager: Display: Building Assets For Windows
[2018.02.04-07.45.37:662][  0]LogDerivedDataCache: Display: Max Cache Size: 512 MB
[2018.02.04-07.45.38:509][  0]LogDerivedDataCache: Loaded boot cache 0.84s 78MB C:/Users/Corentin/AppData/Local/UnrealEngine/4.18/DerivedDataCache/Boot.ddc.
[2018.02.04-07.45.38:509][  0]LogDerivedDataCache: Display: Loaded Boot cache: C:/Users/Corentin/AppData/Local/UnrealEngine/4.18/DerivedDataCache/Boot.ddc
[2018.02.04-07.45.38:509][  0]LogDerivedDataCache: FDerivedDataBackendGraph:  Pak pak cache file ../../../../../../Users/Corentin/Desktop/Sandstorm Project/UnrealTutoPaper2D/TutoPaper2d/DerivedDataCache/DDC.ddp not found, will not use a pak cache.
[2018.02.04-07.45.38:509][  0]LogDerivedDataCache: Unable to find inner node Pak for hierarchical cache Hierarchy.
[2018.02.04-07.45.38:510][  0]LogDerivedDataCache: FDerivedDataBackendGraph:  CompressedPak pak cache file ../../../../../../Users/Corentin/Desktop/Sandstorm Project/UnrealTutoPaper2D/TutoPaper2d/DerivedDataCache/Compressed.ddp not found, will not use a pak cache.
[2018.02.04-07.45.38:510][  0]LogDerivedDataCache: Unable to find inner node CompressedPak for hierarchical cache Hierarchy.
[2018.02.04-07.45.38:559][  0]LogDerivedDataCache: Display: Pak cache opened for reading ../../../Engine/DerivedDataCache/Compressed.ddp.
[2018.02.04-07.45.38:572][  0]LogDerivedDataCache: Using Local data cache path C:/Users/Corentin/AppData/Local/UnrealEngine/Common/DerivedDataCache: Writable
[2018.02.04-07.45.38:672][  0]LogMaterial: Verifying Global Shaders for PCD3D_SM5
[2018.02.04-07.45.38:689][  0]LogSlate: Using Freetype 2.6.0
[2018.02.04-07.45.38:780][  0]LogSlate: SlateFontCache - WITH_FREETYPE: 1, WITH_HARFBUZZ: 1
[2018.02.04-07.45.38:780][  0]LogSlate: SlateFontCache - WITH_FREETYPE: 1, WITH_HARFBUZZ: 1
[2018.02.04-07.45.43:261][  0]LogInit: Selected Device Profile: [Windows]
[2018.02.04-07.45.44:689][  0]LogSimplygon: Simplygon DLL not present - disabling.
[2018.02.04-07.45.44:756][  0]LogMeshReduction: Using SimplygonSwarm for distributed automatic mesh merging
[2018.02.04-07.45.44:757][  0]LogMeshReduction: Using QuadricMeshReduction for automatic static mesh reduction
[2018.02.04-07.45.44:757][  0]LogMeshReduction: No automatic skeletal mesh reduction module available
[2018.02.04-07.45.44:757][  0]LogMeshReduction: No automatic mesh merging module available
[2018.02.04-07.45.44:757][  0]LogMeshMerging: No automatic mesh merging module available
[2018.02.04-07.45.45:482][  0]LogNetVersion: TutoPaper2d , NetCL: 3709383, EngineNetVer: 2, GameNetVer: 0 (Checksum: 3459915010)
[2018.02.04-07.45.46:691][  0]LogAssetRegistry: FAssetRegistry took 0.0271 seconds to start up
[2018.02.04-07.45.53:309][  0]LogPackageLocalizationCache: Processed 7 localized package path(s) for 1 prioritized culture(s) in 0.091445 seconds
[2018.02.04-07.45.53:329][  0]LogUObjectArray: 35870 objects as part of root set at end of initial load.
[2018.02.04-07.45.53:329][  0]LogUObjectAllocator: 7363704 out of 0 bytes used by permanent object pool.
[2018.02.04-07.45.53:329][  0]LogUObjectArray: CloseDisregardForGC: 0/0 objects in disregard for GC pool
[2018.02.04-07.45.53:411][  0]LogInit: WinSock: version 1.1 (2.2), MaxSocks=32767, MaxUdp=65467
[2018.02.04-07.46.32:144][  0]LogTcpMessaging: Initializing TcpMessaging bridge
[2018.02.04-07.46.32:590][  0]LogUdpMessaging: Initializing bridge on interface 0.0.0.0:0 to multicast group 230.0.0.1:6666.
[2018.02.04-07.46.35:327][  0]LogMaterial: Uniform references updated for custom material expression Custom.
[2018.02.04-07.46.36:910][  0]SourceControl: Source control is disabled
[2018.02.04-07.46.36:910][  0]SourceControl: Source control is disabled
[2018.02.04-07.46.37:123][  0]SourceControl: Source control is disabled
[2018.02.04-07.46.37:321][  0]SourceControl: Source control is disabled
[2018.02.04-07.46.41:886][  0]LogAndroidPermission: UAndroidPermissionCallbackProxy::GetInstance
[2018.02.04-07.46.42:498][  0]LogOcInput: OculusInput pre-init called
[2018.02.04-07.46.43:643][  0]LogEngine: Initializing Engine...
[2018.02.04-07.46.43:744][  0]LogHMD: Failed to initialize OpenVR with code 110
[2018.02.04-07.46.44:696][  0]LogStats: UGameplayTagsManager::ConstructGameplayTagTree: Construct from data asset -  0.000 s
[2018.02.04-07.46.44:697][  0]LogStats: UGameplayTagsManager::ConstructGameplayTagTree: GameplayTagTreeChangedEvent.Broadcast -  0.000 s
[2018.02.04-07.46.45:738][  0]LogAIModule: Creating AISystem for world Untitled
[2018.02.04-07.46.45:947][  0]LogInit: XAudio2 using 'Haut-parleurs (Realtek High Definition Audio)' : 2 channels at 48 kHz using 32 bits per sample (channel mask 0x3)
[2018.02.04-07.46.46:078][  0]LogInit: FAudioDevice initialized.
[2018.02.04-07.46.46:286][  0]LogDerivedDataCache: Saved boot cache 0.17s 78MB C:/Users/Corentin/AppData/Local/UnrealEngine/4.18/DerivedDataCache/Boot.ddc.
[2018.02.04-07.46.46:308][  0]LogInit: Texture streaming: Enabled
[2018.02.04-07.46.46:974][  0]LogEngineSessionManager: EngineSessionManager initialized
[2018.02.04-07.46.48:828][  0]LogInit: Transaction tracking system initialized
[2018.02.04-07.46.50:213][  0]BlueprintLog: New page: Editor Load
[2018.02.04-07.46.53:247][  0]LocalizationService: Localization service is disabled
[2018.02.04-07.46.56:574][  0]LogConsoleResponse: Display: 
[2018.02.04-07.47.00:361][  0]LogFileCache: Scanning file cache for directory 'C:/Users/Corentin/Desktop/Sandstorm Project/UnrealTutoPaper2D/TutoPaper2d/Content/' took 0.02s
[2018.02.04-07.47.00:361][  0]LogCook: Display: Max memory allowance for cook 16384mb min free memory 0mb
[2018.02.04-07.47.00:361][  0]LogCook: Display: Mobile HDR setting 1
[2018.02.04-07.47.00:378][  0]LogGameplayTags: Display: UGameplayTagsManager::DoneAddingNativeTags. DelegateIsBound: 0
[2018.02.04-07.47.04:025][  0]SourceControl: Source control is disabled
[2018.02.04-07.47.04:065][  0]Cmd: MAP LOAD FILE="../../../../../../Users/Corentin/Desktop/Sandstorm Project/UnrealTutoPaper2D/TutoPaper2d/Content/2dlevel.umap" TEMPLATE=0 SHOWPROGRESS=1 FEATURELEVEL=3
[2018.02.04-07.47.04:077][  0]LightingResults: New page: Lighting Build
[2018.02.04-07.47.04:334][  0]MapCheck: New page: Map Check
[2018.02.04-07.47.04:334][  0]LightingResults: New page: Lighting Build
[2018.02.04-07.47.04:810][  0]LogLinker: Warning: Can't find file '/Game/Blueprint/Ennemy'
[2018.02.04-07.47.04:810][  0]LogLinker: Warning: Can't find file for asset '/Game/Blueprint/Ennemy' while loading ../../../../../../Users/Corentin/Desktop/Sandstorm Project/UnrealTutoPaper2D/TutoPaper2d/Content/2dlevel.umap.
[2018.02.04-07.47.04:822][  0]LoadErrors: Error: /Game/2dlevel : Can't find file for asset. /Game/Blueprint/Ennemy
[2018.02.04-07.47.04:822][  0]LogLinker: Warning: Can't find file '/Game/Blueprint/Ennemy'
[2018.02.04-07.47.04:823][  0]LogLinker: Warning: Can't find file for asset '/Game/Blueprint/Ennemy' while loading ../../../../../../Users/Corentin/Desktop/Sandstorm Project/UnrealTutoPaper2D/TutoPaper2d/Content/2dlevel.umap.
[2018.02.04-07.47.04:823][  0]LoadErrors: Error: /Game/2dlevel : Can't find file for asset. /Game/Blueprint/Ennemy
[2018.02.04-07.47.04:823][  0]LogLinker: Warning: Can't find file '/Game/Blueprint/Ennemy'
[2018.02.04-07.47.04:823][  0]LogLinker: Warning: Can't find file for asset '/Game/Blueprint/Ennemy' while loading ../../../../../../Users/Corentin/Desktop/Sandstorm Project/UnrealTutoPaper2D/TutoPaper2d/Content/2dlevel.umap.
[2018.02.04-07.47.04:823][  0]LoadErrors: Error: /Game/2dlevel : Can't find file for asset. /Game/Blueprint/Ennemy
[2018.02.04-07.47.04:823][  0]LogLinker: Warning: Can't find file '/Game/Blueprint/Ennemy'
[2018.02.04-07.47.04:823][  0]LogLinker: Warning: Can't find file for asset '/Game/Blueprint/Ennemy' while loading ../../../../../../Users/Corentin/Desktop/Sandstorm Project/UnrealTutoPaper2D/TutoPaper2d/Content/2dlevel.umap.
[2018.02.04-07.47.04:823][  0]LoadErrors: Error: /Game/2dlevel : Can't find file for asset. /Game/Blueprint/Ennemy
[2018.02.04-07.47.06:560][  0]LogLinker: Warning: Can't find file '/Game/Blueprint/Ennemy'
[2018.02.04-07.47.06:560][  0]LogLinker: Warning: Can't find file for asset '/Game/Blueprint/Ennemy' while loading ../../../../../../Users/Corentin/Desktop/Sandstorm Project/UnrealTutoPaper2D/TutoPaper2d/Content/2dlevel.umap.
[2018.02.04-07.47.06:560][  0]LoadErrors: Error: /Game/2dlevel : Can't find file for asset. /Game/Blueprint/Ennemy
[2018.02.04-07.47.06:724][  0]LogLinker: Warning: Can't find file '/Game/Blueprint/Ennemy'
[2018.02.04-07.47.06:724][  0]LogLinker: Warning: Can't find file for asset '/Game/Blueprint/Ennemy' while loading ../../../../../../Users/Corentin/Desktop/Sandstorm Project/UnrealTutoPaper2D/TutoPaper2d/Content/2dlevel.umap.
[2018.02.04-07.47.06:724][  0]LoadErrors: Error: /Game/2dlevel : Can't find file for asset. /Game/Blueprint/Ennemy
[2018.02.04-07.47.06:724][  0]LogLinker: Warning: Can't find file '/Game/Blueprint/Ennemy'
[2018.02.04-07.47.06:724][  0]LogLinker: Warning: Can't find file for asset '/Game/Blueprint/Ennemy' while loading ../../../../../../Users/Corentin/Desktop/Sandstorm Project/UnrealTutoPaper2D/TutoPaper2d/Content/2dlevel.umap.
[2018.02.04-07.47.06:724][  0]LoadErrors: Error: /Game/2dlevel : Can't find file for asset. /Game/Blueprint/Ennemy
[2018.02.04-07.47.06:725][  0]LogLinker: Warning: Can't find file '/Game/Blueprint/Ennemy'
[2018.02.04-07.47.06:725][  0]LogLinker: Warning: Can't find file for asset '/Game/Blueprint/Ennemy' while loading ../../../../../../Users/Corentin/Desktop/Sandstorm Project/UnrealTutoPaper2D/TutoPaper2d/Content/2dlevel.umap.
[2018.02.04-07.47.06:725][  0]LoadErrors: Error: /Game/2dlevel : Can't find file for asset. /Game/Blueprint/Ennemy
[2018.02.04-07.47.06:727][  0]LogLinker: Warning: Can't find file '/Game/Blueprint/Ennemy'
[2018.02.04-07.47.06:727][  0]LogLinker: Warning: Can't find file for asset '/Game/Blueprint/Ennemy' while loading ../../../../../../Users/Corentin/Desktop/Sandstorm Project/UnrealTutoPaper2D/TutoPaper2d/Content/2dlevel.umap.
[2018.02.04-07.47.06:727][  0]LoadErrors: Error: /Game/2dlevel : Can't find file for asset. /Game/Blueprint/Ennemy
[2018.02.04-07.47.06:835][  0]LogLinker: Warning: Can't find file '/Game/Blueprint/Ennemy'
[2018.02.04-07.47.06:835][  0]LogLinker: Warning: Can't find file for asset '/Game/Blueprint/Ennemy' while loading ../../../../../../Users/Corentin/Desktop/Sandstorm Project/UnrealTutoPaper2D/TutoPaper2d/Content/2dlevel.umap.
[2018.02.04-07.47.06:835][  0]LoadErrors: Error: /Game/2dlevel : Can't find file for asset. /Game/Blueprint/Ennemy
[2018.02.04-07.47.06:836][  0]LogLinker: Warning: Can't find file '/Game/Blueprint/Ennemy'
[2018.02.04-07.47.06:836][  0]LogLinker: Warning: Can't find file for asset '/Game/Blueprint/Ennemy' while loading NULL.
[2018.02.04-07.47.06:837][  0]LogLinker: Warning: Can't find file '/Game/Blueprint/Ennemy'
[2018.02.04-07.47.06:837][  0]LogLinker: Warning: Can't find file for asset '/Game/Blueprint/Ennemy' while loading NULL.
[2018.02.04-07.47.06:837][  0]LogLinker: Warning: Can't find file '/Game/Blueprint/Ennemy'
[2018.02.04-07.47.06:837][  0]LogLinker: Warning: Can't find file for asset '/Game/Blueprint/Ennemy' while loading NULL.
[2018.02.04-07.47.06:837][  0]LogLinker: Warning: Can't find file '/Game/Blueprint/Ennemy'
[2018.02.04-07.47.06:837][  0]LogLinker: Warning: Can't find file for asset '/Game/Blueprint/Ennemy' while loading NULL.
[2018.02.04-07.47.06:837][  0]LogLinker: Warning: Can't find file '/Game/Blueprint/Ennemy'
[2018.02.04-07.47.06:838][  0]LogLinker: Warning: Can't find file for asset '/Game/Blueprint/Ennemy' while loading NULL.
[2018.02.04-07.47.06:838][  0]LogLinker: Warning: Can't find file '/Game/Blueprint/Ennemy'
[2018.02.04-07.47.06:838][  0]LogLinker: Warning: Can't find file for asset '/Game/Blueprint/Ennemy' while loading NULL.
[2018.02.04-07.47.06:859][  0]LogLinker: Warning: Can't find file '/Game/Blueprint/Ennemy'
[2018.02.04-07.47.06:859][  0]LogLinker: Warning: Can't find file for asset '/Game/Blueprint/Ennemy' while loading NULL.
[2018.02.04-07.47.06:859][  0]LogLinker: Warning: Can't find file '/Game/Blueprint/Ennemy'
[2018.02.04-07.47.06:859][  0]LogLinker: Warning: Can't find file for asset '/Game/Blueprint/Ennemy' while loading NULL.
[2018.02.04-07.47.06:859][  0]LogLinker: Warning: Can't find file '/Game/Blueprint/Ennemy'
[2018.02.04-07.47.06:860][  0]LogLinker: Warning: Can't find file for asset '/Game/Blueprint/Ennemy' while loading NULL.
[2018.02.04-07.47.06:860][  0]LogLinker: Warning: Can't find file '/Game/Blueprint/Ennemy'
[2018.02.04-07.47.06:860][  0]LogLinker: Warning: Can't find file for asset '/Game/Blueprint/Ennemy' while loading NULL.
[2018.02.04-07.47.06:860][  0]LogLinker: Warning: Can't find file '/Game/Blueprint/Ennemy'
[2018.02.04-07.47.06:860][  0]LogLinker: Warning: Can't find file for asset '/Game/Blueprint/Ennemy' while loading NULL.
[2018.02.04-07.47.06:860][  0]LogLinker: Warning: Can't find file '/Game/Blueprint/Ennemy'
[2018.02.04-07.47.06:860][  0]LogLinker: Warning: Can't find file for asset '/Game/Blueprint/Ennemy' while loading NULL.
[2018.02.04-07.47.06:860][  0]LogLinker: Warning: Can't find file '/Game/Blueprint/Ennemy'
[2018.02.04-07.47.06:861][  0]LogLinker: Warning: Can't find file for asset '/Game/Blueprint/Ennemy' while loading NULL.
[2018.02.04-07.47.06:861][  0]LogLinker: Warning: Can't find file '/Game/Blueprint/Ennemy'
[2018.02.04-07.47.06:861][  0]LogLinker: Warning: Can't find file for asset '/Game/Blueprint/Ennemy' while loading NULL.
[2018.02.04-07.47.06:871][  0]LogLinker: Warning: Can't find file '/Game/Blueprint/Ennemy'
[2018.02.04-07.47.06:871][  0]LogLinker: Warning: Can't find file for asset '/Game/Blueprint/Ennemy' while loading NULL.
[2018.02.04-07.47.06:871][  0]LogLinker: Warning: Can't find file '/Game/Blueprint/Ennemy'
[2018.02.04-07.47.06:871][  0]LoadErrors: Failed to load /Game/Blueprint/Ennemy.Ennemy_C Referenced by PersistentLevel
[2018.02.04-07.47.06:871][  0]LogLinker: Warning: Can't find file for asset '/Game/Blueprint/Ennemy' while loading NULL.
[2018.02.04-07.47.06:871][  0]LoadErrors: Failed to load /Game/Blueprint/Ennemy.Ennemy_C Referenced by PersistentLevel
[2018.02.04-07.47.07:514][  0]LogAIModule: Creating AISystem for world 2dlevel
[2018.02.04-07.47.07:884][  0]LogEditorServer: Finished looking for orphan Actors (0.000 secs)
[2018.02.04-07.47.08:032][  0]Cmd: MAP CHECKDEP NOCLEARLOG
[2018.02.04-07.47.08:185][  0]MapCheck: Map check complete: 0 Error(s), 0 Warning(s), took 151.901ms to complete.
[2018.02.04-07.47.08:185][  0]LogFileHelpers: Loading map '2dlevel' took 4.143
[2018.02.04-07.47.09:268][  0]LogWindowsTextInputMethodSystem: Display: IME system now deactivated.
[2018.02.04-07.47.09:268][  0]LogWindowsTextInputMethodSystem: Display: IME system now deactivated.
[2018.02.04-07.47.10:236][  0]LogCollectionManager: Loaded 0 collections in 0.002659 seconds
[2018.02.04-07.47.10:501][  0]LogFileCache: Scanning file cache for directory 'C:/Users/Corentin/Desktop/Sandstorm Project/UnrealTutoPaper2D/TutoPaper2d/Saved/Collections/' took 0.01s
[2018.02.04-07.47.10:501][  0]LogFileCache: Scanning file cache for directory 'C:/Users/Corentin/Desktop/Sandstorm Project/UnrealTutoPaper2D/TutoPaper2d/Content/Developers/Corentin/Collections/' took 0.01s
[2018.02.04-07.47.10:501][  0]LogFileCache: Scanning file cache for directory 'C:/Users/Corentin/Desktop/Sandstorm Project/UnrealTutoPaper2D/TutoPaper2d/Content/Collections/' took 0.01s
[2018.02.04-07.47.10:501][  0]LogCollectionManager: Rebuilt the GUID cache for 0 collections in 0.000001 seconds
[2018.02.04-07.47.10:513][  0]LogContentBrowser: Native class hierarchy populated in 0.0098 seconds. Added 2363 classes and 519 folders.
[2018.02.04-07.47.10:872][  0]LogContentBrowser: Native class hierarchy updated for 'WidgetCarousel' in 0.0003 seconds. Added 0 classes and 0 folders.
[2018.02.04-07.47.11:852][  0]LogContentBrowser: Native class hierarchy updated for 'AddContentDialog' in 0.0003 seconds. Added 0 classes and 0 folders.
[2018.02.04-07.47.12:031][  0]LogContentBrowser: Native class hierarchy updated for 'SceneOutliner' in 0.0003 seconds. Added 1 classes and 2 folders.
[2018.02.04-07.47.13:254][  0]LogSlate: Took 0.021823 seconds to synchronously load lazily loaded font '../../../Engine/Content/Slate/Fonts/Roboto-Regular.ttf' (155K)
[2018.02.04-07.47.13:371][  0]LogSlate: Took 0.077567 seconds to synchronously load lazily loaded font '../../../Engine/Content/Slate/Fonts/Roboto-Bold.ttf' (160K)
[2018.02.04-07.47.13:519][  0]LogSlate: Took 0.015470 seconds to synchronously load lazily loaded font '../../../Engine/Content/Editor/Slate/Fonts/FontAwesome.ttf' (139K)
[2018.02.04-07.47.14:281][  0]LogRenderer: Reallocating scene render targets to support 1208x576 Format 10 NumSamples 1 (Frame:1).
[2018.02.04-07.47.15:215][  0]LogSlate: Took 0.012487 seconds to synchronously load lazily loaded font '../../../Engine/Content/Slate/Fonts/Roboto-Light.ttf' (159K)
[2018.02.04-07.47.15:915][  0]LogContentBrowser: Native class hierarchy updated for 'HierarchicalLODOutliner' in 0.0003 seconds. Added 1 classes and 2 folders.
[2018.02.04-07.47.15:915][  0]LogLoad: (Engine Initialization) Total time: 132.42 seconds
[2018.02.04-07.47.15:915][  0]LogLoad: (Engine Initialization) Total Blueprint compile time: 0.00 seconds
[2018.02.04-07.47.15:922][  0]LogExternalProfiler: Found external profiler: VSPerf
[2018.02.04-07.47.15:922][  0]LogExternalProfiler: Using external profiler: VSPerf
[2018.02.04-07.47.16:109][  0]LoadErrors: Warning: CreateExport: Failed to load Outer for resource 'AIPerception': Ennemy_C /Game/2dlevel.2dlevel:PersistentLevel.Ennemy_210
[2018.02.04-07.47.16:109][  0]LoadErrors: Warning: CreateExport: Failed to load Outer for resource 'AISenseConfig_Sight_0': AIPerceptionComponent /Game/2dlevel.2dlevel:PersistentLevel.Ennemy_210.AIPerception
[2018.02.04-07.47.16:109][  0]LoadErrors: Warning: CreateExport: Failed to load Outer for resource 'Arrow': Ennemy_C /Game/2dlevel.2dlevel:PersistentLevel.Ennemy_210
[2018.02.04-07.47.16:109][  0]LoadErrors: Warning: CreateExport: Failed to load Outer for resource 'projectileSpawner': Ennemy_C /Game/2dlevel.2dlevel:PersistentLevel.Ennemy_210
[2018.02.04-07.47.16:109][  0]LoadErrors: Warning: CreateExport: Failed to load Outer for resource 'CollisionCylinder': Ennemy_C /Game/2dlevel.2dlevel:PersistentLevel.Ennemy_210
[2018.02.04-07.47.16:109][  0]LoadErrors: Warning: CreateExport: Failed to load Outer for resource 'CharMoveComp': Ennemy_C /Game/2dlevel.2dlevel:PersistentLevel.Ennemy_210
[2018.02.04-07.47.16:109][  0]LoadErrors: Warning: CreateExport: Failed to load Outer for resource 'Sprite0': Ennemy_C /Game/2dlevel.2dlevel:PersistentLevel.Ennemy_210
[2018.02.04-07.47.16:502][  0]LogContentStreaming: Texture pool size now 1000 MB
[2018.02.04-07.47.17:341][  3]LogAssetRegistry: Asset discovery search completed in 90.6721 seconds
[2018.02.04-07.47.17:358][  3]LogCollectionManager: Rebuilt the object cache for 0 collections in 0.000000 seconds (found 0 objects)
[2018.02.04-07.47.17:359][  3]LogCollectionManager: Fixed up redirectors for 0 collections in 0.002543 seconds (updated 0 objects)
[2018.02.04-07.47.23:733][635]LogSlate: Took 0.000196 seconds to synchronously load lazily loaded font '../../../Engine/Content/Slate/Fonts/Roboto-Light.ttf' (159K)
[2018.02.04-07.47.23:931][635]LogContentBrowser: Native class hierarchy updated for 'TextureEditor' in 0.0004 seconds. Added 1 classes and 2 folders.
[2018.02.04-07.47.39:131][116]LogEditorFactories: Performing atomic reimport of [C:/Users/Corentin/Desktop/Sandstorm Project/UnrealTutoPaper2D/Asset/01_photoshop/01_character/01_output/ZeroSpriteSheetv2.tga]
[2018.02.04-07.47.39:794][116]LogFactory: FactoryCreateFile: Texture2D with ReimportTextureFactory (0 0 C:/Users/Corentin/Desktop/Sandstorm Project/UnrealTutoPaper2D/Asset/01_photoshop/01_character/01_output/ZeroSpriteSheetv2.tga)
[2018.02.04-07.47.40:075][116]LogTexture: Display: Building textures: ZeroSpriteSheet (BGRA8, 920X637)
[2018.02.04-07.47.40:260][116]LogEditorFactories: -- imported successfully
[2018.02.04-07.47.40:329][116]LogSlate: Took 0.000267 seconds to synchronously load lazily loaded font '../../../Engine/Content/Slate/Fonts/Roboto-Light.ttf' (159K)
[2018.02.04-07.49.56:466][ 73]LogEditorFactories: Performing atomic reimport of [C:/Users/Corentin/Desktop/Sandstorm Project/UnrealTutoPaper2D/Asset/01_photoshop/01_character/01_output/ZeroSpriteSheetv2.tga]
[2018.02.04-07.49.56:472][ 73]LogFactory: FactoryCreateFile: Texture2D with ReimportTextureFactory (0 0 C:/Users/Corentin/Desktop/Sandstorm Project/UnrealTutoPaper2D/Asset/01_photoshop/01_character/01_output/ZeroSpriteSheetv2.tga)
[2018.02.04-07.49.56:491][ 73]LogTexture: Display: Building textures: ZeroSpriteSheet (BGRA8, 920X637)
[2018.02.04-07.49.56:542][ 73]LogEditorFactories: -- imported successfully
[2018.02.04-07.50.07:163][312]LogEditorFactories: Performing atomic reimport of [C:/Users/Corentin/Desktop/Sandstorm Project/UnrealTutoPaper2D/Asset/01_photoshop/01_character/01_output/ZeroSpriteSheetv2.tga]
[2018.02.04-07.50.07:169][312]LogFactory: FactoryCreateFile: Texture2D with ReimportTextureFactory (0 0 C:/Users/Corentin/Desktop/Sandstorm Project/UnrealTutoPaper2D/Asset/01_photoshop/01_character/01_output/ZeroSpriteSheetv2.tga)
[2018.02.04-07.50.07:187][312]LogTexture: Display: Building textures: ZeroSpriteSheet (BGRA8, 920X637)
[2018.02.04-07.50.07:235][312]LogEditorFactories: -- imported successfully
[2018.02.04-07.51.08:141][693]LogEditorFactories: Performing atomic reimport of [C:/Users/Corentin/Desktop/Sandstorm Project/UnrealTutoPaper2D/Asset/01_photoshop/01_character/01_output/ZeroSpriteSheetv2.tga]
[2018.02.04-07.51.08:150][693]LogFactory: FactoryCreateFile: Texture2D with ReimportTextureFactory (0 0 C:/Users/Corentin/Desktop/Sandstorm Project/UnrealTutoPaper2D/Asset/01_photoshop/01_character/01_output/ZeroSpriteSheetv2.tga)
[2018.02.04-07.51.08:170][693]LogTexture: Display: Building textures: ZeroSpriteSheet (BGRA8, 920X637)
[2018.02.04-07.51.08:218][693]LogEditorFactories: -- imported successfully
[2018.02.04-07.51.17:427][734]LogEditorFactories: Performing atomic reimport of [C:/Users/Corentin/Desktop/Sandstorm Project/UnrealTutoPaper2D/Asset/01_photoshop/01_character/01_output/ZeroSpriteSheetv2.tga]
[2018.02.04-07.51.17:433][734]LogFactory: FactoryCreateFile: Texture2D with ReimportTextureFactory (0 0 C:/Users/Corentin/Desktop/Sandstorm Project/UnrealTutoPaper2D/Asset/01_photoshop/01_character/01_output/ZeroSpriteSheetv2.tga)
[2018.02.04-07.51.17:451][734]LogTexture: Display: Building textures: ZeroSpriteSheet (BGRA8, 920X637)
[2018.02.04-07.51.17:499][734]LogEditorFactories: -- imported successfully
[2018.02.04-07.51.21:481][151]LogEditorFactories: Performing atomic reimport of [C:/Users/Corentin/Desktop/Sandstorm Project/UnrealTutoPaper2D/Asset/01_photoshop/01_character/01_output/ZeroSpriteSheetv2.tga]
[2018.02.04-07.51.21:487][151]LogFactory: FactoryCreateFile: Texture2D with ReimportTextureFactory (0 0 C:/Users/Corentin/Desktop/Sandstorm Project/UnrealTutoPaper2D/Asset/01_photoshop/01_character/01_output/ZeroSpriteSheetv2.tga)
[2018.02.04-07.51.21:504][151]LogTexture: Display: Building textures: ZeroSpriteSheet (BGRA8, 920X637)
[2018.02.04-07.51.21:552][151]LogEditorFactories: -- imported successfully
[2018.02.04-07.51.39:013][880]LogSavePackage: Save=150.66ms
[2018.02.04-07.51.39:013][880]LogSavePackage: Moving '../../../../../../Users/Corentin/Desktop/Sandstorm Project/UnrealTutoPaper2D/TutoPaper2d/Saved/ZeroSpriteSheet22B9DD574A44A411290CFBBDAE01D26F.tmp' to '../../../../../../Users/Corentin/Desktop/Sandstorm Project/UnrealTutoPaper2D/TutoPaper2d/Content/Sprites/SpriteSheets/ZeroSpriteSheet.uasset'
[2018.02.04-07.51.39:048][880]LogSavePackage: Display: Finished SavePackage ../../../../../../Users/Corentin/Desktop/Sandstorm Project/UnrealTutoPaper2D/TutoPaper2d/Content/Sprites/SpriteSheets/ZeroSpriteSheet.uasset
[2018.02.04-07.51.46:629][527]LogAIModule: Creating AISystem for world industrialStage
[2018.02.04-07.51.46:856][527]Cmd: MAP LOAD FILE="../../../../../../Users/Corentin/Desktop/Sandstorm Project/UnrealTutoPaper2D/TutoPaper2d/Content/industrialStage.umap" TEMPLATE=0 SHOWPROGRESS=1 FEATURELEVEL=3
[2018.02.04-07.51.46:856][527]LightingResults: New page: Lighting Build
[2018.02.04-07.51.46:856][527]LoadErrors: New page: Loading map: industrialStage.umap
[2018.02.04-07.51.46:868][527]MapCheck: New page: Map Check
[2018.02.04-07.51.46:868][527]LightingResults: New page: Lighting Build
[2018.02.04-07.51.47:184][527]LogEditorServer: Finished looking for orphan Actors (0.000 secs)
[2018.02.04-07.51.47:256][527]Cmd: MAP CHECKDEP NOCLEARLOG
[2018.02.04-07.51.47:437][527]MapCheck: Map check complete: 0 Error(s), 0 Warning(s), took 181.187ms to complete.
[2018.02.04-07.51.47:454][527]LogFileHelpers: Loading map 'industrialStage' took 0.655
[2018.02.04-07.51.47:471][527]LogSlate: Took 0.016009 seconds to synchronously load lazily loaded font '../../../Engine/Content/Slate/Fonts/Roboto-Regular.ttf' (155K)
[2018.02.04-07.51.52:795][ 85]LogTemp: Repeating last play command: Standalone Game
[2018.02.04-07.54.25:231][940]LogEditorFactories: Performing atomic reimport of [C:/Users/Corentin/Desktop/Sandstorm Project/UnrealTutoPaper2D/Asset/01_photoshop/01_character/01_output/ZeroSpriteSheetv2.tga]
[2018.02.04-07.54.25:237][940]LogFactory: FactoryCreateFile: Texture2D with ReimportTextureFactory (0 0 C:/Users/Corentin/Desktop/Sandstorm Project/UnrealTutoPaper2D/Asset/01_photoshop/01_character/01_output/ZeroSpriteSheetv2.tga)
[2018.02.04-07.54.25:257][940]LogTexture: Display: Building textures: ZeroSpriteSheet (BGRA8, 920X637)
[2018.02.04-07.54.25:310][940]LogEditorFactories: -- imported successfully
[2018.02.04-07.56.59:331][669]LogEditorFactories: Performing atomic reimport of [C:/Users/Corentin/Desktop/Sandstorm Project/UnrealTutoPaper2D/Asset/01_photoshop/01_character/01_output/ZeroSpriteSheetv2.tga]
[2018.02.04-07.56.59:339][669]LogFactory: FactoryCreateFile: Texture2D with ReimportTextureFactory (0 0 C:/Users/Corentin/Desktop/Sandstorm Project/UnrealTutoPaper2D/Asset/01_photoshop/01_character/01_output/ZeroSpriteSheetv2.tga)
[2018.02.04-07.56.59:357][669]LogTexture: Display: Building textures: ZeroSpriteSheet (BGRA8, 920X637)
[2018.02.04-07.56.59:408][669]LogEditorFactories: -- imported successfully
[2018.02.04-07.57.18:324][552]LogEditorFactories: Performing atomic reimport of [C:/Users/Corentin/Desktop/Sandstorm Project/UnrealTutoPaper2D/Asset/01_photoshop/01_character/01_output/ZeroSpriteSheet.png]
[2018.02.04-07.57.18:330][552]LogFactory: FactoryCreateFile: Texture2D with ReimportTextureFactory (0 0 C:/Users/Corentin/Desktop/Sandstorm Project/UnrealTutoPaper2D/Asset/01_photoshop/01_character/01_output/ZeroSpriteSheet.png)
[2018.02.04-07.57.18:360][552]LogTexture: Display: Building textures: ZeroSpriteSheet (BGRA8, 920X637)
[2018.02.04-07.57.18:410][552]LogEditorFactories: -- imported successfully
[2018.02.04-07.57.27:092][529]LogTemp: Repeating last play command: Standalone Game
[2018.02.04-07.57.30:780][529]LogSavePackage: Save=36.19ms
[2018.02.04-07.57.30:780][529]LogSavePackage: Moving '../../../../../../Users/Corentin/Desktop/Sandstorm Project/UnrealTutoPaper2D/TutoPaper2d/Saved/ZeroSpriteSheet0D577CD9401C40A1522CBB99A4726865.tmp' to '../../../../../../Users/Corentin/Desktop/Sandstorm Project/UnrealTutoPaper2D/TutoPaper2d/Content/Sprites/SpriteSheets/ZeroSpriteSheet.uasset'
[2018.02.04-07.57.30:787][529]LogSavePackage: Display: Finished SavePackage ../../../../../../Users/Corentin/Desktop/Sandstorm Project/UnrealTutoPaper2D/TutoPaper2d/Content/Sprites/SpriteSheets/ZeroSpriteSheet.uasset
[2018.02.04-09.33.51:179][909]LogHttp: Warning: 0000019693316200: request failed, libcurl error: 56 (Failure when receiving data from the peer)
[2018.02.04-09.33.51:179][909]LogHttp: Warning: 0000019693316200: libcurl info message cache 0 (Found bundle for host datarouter.ol.epicgames.com: 0x196ed29ffb8 [can pipeline])
[2018.02.04-09.33.51:179][909]LogHttp: Warning: 0000019693316200: libcurl info message cache 1 (Re-using existing connection! (#15) with host datarouter.ol.epicgames.com)
[2018.02.04-09.33.51:179][909]LogHttp: Warning: 0000019693316200: libcurl info message cache 2 (Connected to datarouter.ol.epicgames.com (35.168.250.229) port 443 (#15))
[2018.02.04-09.33.51:180][909]LogHttp: Warning: 0000019693316200: libcurl info message cache 3 (upload completely sent off: 734 out of 734 bytes)
[2018.02.04-09.33.51:180][909]LogHttp: Warning: 0000019693316200: libcurl info message cache 4 (TLSv1.2 (IN), TLS alert, Client hello (1):)
[2018.02.04-09.33.51:180][909]LogHttp: Warning: 0000019693316200: libcurl info message cache 5 (Connection died, retrying a fresh connect)
[2018.02.04-09.33.51:180][909]LogHttp: Warning: 0000019693316200: libcurl info message cache 6 (Closing connection 15)
[2018.02.04-09.33.51:180][909]LogHttp: Warning: 0000019693316200: libcurl info message cache 7 (TLSv1.2 (OUT), TLS alert, Client hello (1):)
[2018.02.04-09.33.51:180][909]LogHttp: Warning: 0000019693316200: libcurl info message cache 8 (Issue another request to this URL: 'https://datarouter.ol.epicgames.com/datarouter/api/v1/public/data?SessionID=%7B45ECEBF0-41F1-7FF3-DD84-6CBAF8322ED5%7D&AppID=UEEditor.Rocket.Release&AppVersion=4.18.3-3832480%2B%2B%2BUE4%2BRelease-4.18&UserID=6a3d3f84464b00032dd2e59fd0a8f81a%7C70ba3f2c0a6341598a8deb204ee00fb4%7C560897fb-4446-4411-863b-7d2dbb47b793&AppEnvironment=datacollector-binary&UploadType=eteventstream')
[2018.02.04-09.33.51:180][909]LogHttp: Warning: 0000019693316200: libcurl info message cache 9 (  Trying 34.238.32.146...)
[2018.02.04-09.33.51:180][909]LogHttp: Warning: 0000019693316200: libcurl info message cache 10 (Connected to datarouter.ol.epicgames.com (34.238.32.146) port 443 (#16))
[2018.02.04-09.33.51:180][909]LogHttp: Warning: 0000019693316200: libcurl info message cache 11 (ALPN, offering http/1.1)
[2018.02.04-09.33.51:180][909]LogHttp: Warning: 0000019693316200: libcurl info message cache 12 (Cipher selection: ALL:!EXPORT:!EXPORT40:!EXPORT56:!aNULL:!LOW:!RC4:@STRENGTH)
[2018.02.04-09.33.51:180][909]LogHttp: Warning: 0000019693316200: libcurl info message cache 13 (SSL re-using session ID)
[2018.02.04-09.33.51:180][909]LogHttp: Warning: 0000019693316200: libcurl info message cache 14 (TLSv1.2 (OUT), TLS handshake, Client hello (1):)
[2018.02.04-09.33.51:180][909]LogHttp: Warning: 0000019693316200: libcurl info message cache 15 (TLSv1.2 (IN), TLS handshake, Server hello (2):)
[2018.02.04-09.33.51:180][909]LogHttp: Warning: 0000019693316200: libcurl info message cache 16 (TLSv1.2 (IN), TLS handshake, Certificate (11):)
[2018.02.04-09.33.51:180][909]LogHttp: Warning: 0000019693316200: libcurl info message cache 17 (TLSv1.2 (IN), TLS handshake, Server key exchange (12):)
[2018.02.04-09.33.51:180][909]LogHttp: Warning: 0000019693316200: libcurl info message cache 18 (TLSv1.2 (IN), TLS handshake, Server finished (14):)
[2018.02.04-09.33.51:180][909]LogHttp: Warning: 0000019693316200: libcurl info message cache 19 (TLSv1.2 (OUT), TLS handshake, Client key exchange (16):)
[2018.02.04-09.33.51:180][909]LogHttp: Warning: 0000019693316200: libcurl info message cache 20 (TLSv1.2 (OUT), TLS change cipher, Client hello (1):)
[2018.02.04-09.33.51:180][909]LogHttp: Warning: 0000019693316200: libcurl info message cache 21 (TLSv1.2 (OUT), TLS handshake, Finished (20):)
[2018.02.04-09.33.51:180][909]LogHttp: Warning: 0000019693316200: libcurl info message cache 22 (TLSv1.2 (IN), TLS change cipher, Client hello (1):)
[2018.02.04-09.33.51:180][909]LogHttp: Warning: 0000019693316200: libcurl info message cache 23 (TLSv1.2 (IN), TLS handshake, Finished (20):)
[2018.02.04-09.33.51:180][909]LogHttp: Warning: 0000019693316200: libcurl info message cache 24 (SSL connection using TLSv1.2 / ECDHE-RSA-AES128-GCM-SHA256)
[2018.02.04-09.33.51:180][909]LogHttp: Warning: 0000019693316200: libcurl info message cache 25 (ALPN, server did not agree to a protocol)
[2018.02.04-09.33.51:180][909]LogHttp: Warning: 0000019693316200: libcurl info message cache 26 (old SSL session ID is stale, removing)
[2018.02.04-09.33.51:180][909]LogHttp: Warning: 0000019693316200: libcurl info message cache 27 (Server certificate:)
[2018.02.04-09.33.51:180][909]LogHttp: Warning: 0000019693316200: libcurl info message cache 28 (	 subject: CN=*.ol.epicgames.com)
[2018.02.04-09.33.51:180][909]LogHttp: Warning: 0000019693316200: libcurl info message cache 29 (	 start date: Mar 23 00:00:00 2017 GMT)
[2018.02.04-09.33.51:180][909]LogHttp: Warning: 0000019693316200: libcurl info message cache 30 (	 expire date: Apr 23 12:00:00 2018 GMT)
[2018.02.04-09.33.51:180][909]LogHttp: Warning: 0000019693316200: libcurl info message cache 31 (	 subjectAltName: datarouter.ol.epicgames.com matched)
[2018.02.04-09.33.51:180][909]LogHttp: Warning: 0000019693316200: libcurl info message cache 32 (	 issuer: C=US; O=Amazon; OU=Server CA 1B; CN=Amazon)
[2018.02.04-09.33.51:180][909]LogHttp: Warning: 0000019693316200: libcurl info message cache 33 (	 SSL certificate verify ok.)
[2018.02.04-09.33.51:180][909]LogHttp: Warning: 0000019693316200: libcurl info message cache 34 (upload completely sent off: 734 out of 734 bytes)
[2018.02.04-09.33.51:180][909]LogHttp: Warning: 0000019693316200: libcurl info message cache 35 (SSL read: error:00000000:lib(0):func(0):reason(0), errno 10054)
[2018.02.04-09.33.51:180][909]LogHttp: Warning: 0000019693316200: libcurl info message cache 36 (Closing connection 16)
[2018.02.04-11.48.44:261][856]LogRenderer: Reallocating scene render targets to support 1528x788 Format 10 NumSamples 1 (Frame:1).
[2018.02.04-13.17.52:408][869]LogSlate: Took 0.081386 seconds to synchronously load lazily loaded font '../../../Engine/Content/Editor/Slate/Fonts/Roboto-BoldCondensed.ttf' (158K)
[2018.02.04-13.17.53:266][870]LogRenderer: Reallocating scene render targets to support 1528x920 Format 10 NumSamples 1 (Frame:1).
[2018.02.04-22.08.08:141][315]LogWindowsTextInputMethodSystem: Display: IME system now deactivated.
[2018.02.04-22.08.08:197][315]LogWindowsTextInputMethodSystem: Display: IME system now deactivated.
[2018.02.04-22.08.18:724][316]Cmd: QUIT_EDITOR
[2018.02.04-22.08.27:711][316]LogExit: Preparing to exit.
[2018.02.04-22.09.46:368][316]LogDirectoryWatcher: A directory notification for 'C:/Users/Corentin/Desktop/Sandstorm Project/UnrealTutoPaper2D/TutoPaper2d/Content/' was aborted.
[2018.02.04-22.10.01:924][316]LogExit: Editor shut down
[2018.02.04-22.10.03:207][316]LogExit: Transaction tracking system shut down
[2018.02.04-22.10.13:322][316]LogDirectoryWatcher: A directory notification for '../../../Engine/Content/' was aborted.
[2018.02.04-22.10.13:322][316]LogDirectoryWatcher: A directory notification for '../../../../../../Users/Corentin/Desktop/Sandstorm Project/UnrealTutoPaper2D/TutoPaper2d/Content/' was aborted.
[2018.02.04-22.10.13:322][316]LogDirectoryWatcher: A directory notification for '../../../Engine/Plugins/2D/Paper2D/Content/' was aborted.
[2018.02.04-22.10.13:322][316]LogDirectoryWatcher: A directory notification for '../../../Engine/Plugins/Media/MediaCompositing/Content/' was aborted.
[2018.02.04-22.10.13:322][316]LogDirectoryWatcher: A directory notification for '../../../Engine/Plugins/Runtime/AppleARKit/Content/' was aborted.
[2018.02.04-22.10.13:322][316]LogDirectoryWatcher: A directory notification for '../../../Engine/Plugins/Runtime/Oculus/OculusVR/Content/' was aborted.
[2018.02.04-22.10.13:322][316]LogDirectoryWatcher: A directory notification for '../../../Engine/Plugins/Runtime/Steam/SteamVR/Content/' was aborted.
[2018.02.04-22.10.41:087][316]LogExit: Object subsystem successfully closed.
[2018.02.04-22.10.48:604][316]LogD3D11RHI: Shutdown
[2018.02.04-22.10.48:604][316]LogD3D11RHI: CleanupD3DDevice
[2018.02.04-22.10.51:505][316]LogD3D11RHI: ~FD3D11DynamicRHI
[2018.02.04-22.11.17:611][316]LogModuleManager: Shutting down and abandoning module TextureEditor (550)
[2018.02.04-22.11.17:770][316]LogModuleManager: Shutting down and abandoning module HierarchicalLODOutliner (548)
[2018.02.04-22.11.17:770][316]LogModuleManager: Shutting down and abandoning module SceneOutliner (546)
[2018.02.04-22.11.17:859][316]LogModuleManager: Shutting down and abandoning module AddContentDialog (544)
[2018.02.04-22.11.18:258][316]LogDirectoryWatcher: A directory notification for 'C:/Program Files/Epic Games/UE_4.18/FeaturePacks/' was aborted.
[2018.02.04-22.11.20:840][316]LogModuleManager: Shutting down and abandoning module WidgetCarousel (543)
[2018.02.04-22.11.20:840][316]LogModuleManager: Shutting down and abandoning module EditorWidgets (540)
[2018.02.04-22.11.20:840][316]LogModuleManager: Shutting down and abandoning module CollectionManager (538)
[2018.02.04-22.11.21:078][316]LogDirectoryWatcher: A directory notification for 'C:/Users/Corentin/Desktop/Sandstorm Project/UnrealTutoPaper2D/TutoPaper2d/Content/Collections/' was aborted.
[2018.02.04-22.11.21:078][316]LogDirectoryWatcher: A directory notification for 'C:/Users/Corentin/Desktop/Sandstorm Project/UnrealTutoPaper2D/TutoPaper2d/Content/Developers/Corentin/Collections/' was aborted.
[2018.02.04-22.11.21:078][316]LogDirectoryWatcher: A directory notification for 'C:/Users/Corentin/Desktop/Sandstorm Project/UnrealTutoPaper2D/TutoPaper2d/Saved/Collections/' was aborted.
[2018.02.04-22.11.21:078][316]LogModuleManager: Shutting down and abandoning module StatsViewer (536)
[2018.02.04-22.11.21:188][316]LogModuleManager: Shutting down and abandoning module FoliageEdit (534)
[2018.02.04-22.11.21:188][316]LogModuleManager: Shutting down and abandoning module LandscapeEditor (532)
[2018.02.04-22.11.22:051][316]LogModuleManager: Shutting down and abandoning module MeshPaintMode (530)
[2018.02.04-22.11.22:174][316]LogModuleManager: Shutting down and abandoning module SceneDepthPickerMode (528)
[2018.02.04-22.11.22:174][316]LogModuleManager: Shutting down and abandoning module ActorPickerMode (526)
[2018.02.04-22.11.22:174][316]LogModuleManager: Shutting down and abandoning module GeometryMode (524)
[2018.02.04-22.11.22:230][316]LogModuleManager: Shutting down and abandoning module TextureAlignMode (522)
[2018.02.04-22.11.22:230][316]LogModuleManager: Shutting down and abandoning module BspMode (520)
[2018.02.04-22.11.22:294][316]LogModuleManager: Shutting down and abandoning module PIEPreviewDeviceProfileSelector (518)
[2018.02.04-22.11.22:385][316]LogModuleManager: Shutting down and abandoning module HardwareSurvey (516)
[2018.02.04-22.11.22:489][316]LogModuleManager: Shutting down and abandoning module SequenceRecorderSections (514)
[2018.02.04-22.11.22:531][316]LogModuleManager: Shutting down and abandoning module AutomationWorker (512)
[2018.02.04-22.11.22:605][316]LogModuleManager: Shutting down and abandoning module MatineeToLevelSequence (510)
[2018.02.04-22.11.22:750][316]LogModuleManager: Shutting down and abandoning module LevelSequenceEditor (508)
[2018.02.04-22.11.23:358][316]LogModuleManager: Shutting down and abandoning module PlacementMode (507)
[2018.02.04-22.11.23:358][316]LogModuleManager: Shutting down and abandoning module WmfMediaFactory (504)
[2018.02.04-22.11.23:358][316]LogModuleManager: Shutting down and abandoning module WmfMediaEditor (502)
[2018.02.04-22.11.23:358][316]LogModuleManager: Shutting down and abandoning module OpenExrWrapper (500)
[2018.02.04-22.11.23:358][316]LogModuleManager: Shutting down and abandoning module ImgMediaFactory (498)
[2018.02.04-22.11.23:358][316]LogModuleManager: Shutting down and abandoning module ImgMediaEditor (496)
[2018.02.04-22.11.23:429][316]LogModuleManager: Shutting down and abandoning module AvfMediaFactory (494)
[2018.02.04-22.11.23:429][316]LogModuleManager: Shutting down and abandoning module AvfMediaEditor (492)
[2018.02.04-22.11.23:429][316]LogModuleManager: Shutting down and abandoning module AndroidMediaFactory (490)
[2018.02.04-22.11.23:429][316]LogModuleManager: Shutting down and abandoning module AndroidMediaEditor (488)
[2018.02.04-22.11.23:429][316]LogModuleManager: Shutting down and abandoning module CharacterAI (486)
[2018.02.04-22.11.23:429][316]LogModuleManager: Shutting down and abandoning module AudioCapture (484)
[2018.02.04-22.11.23:537][316]LogModuleManager: Shutting down and abandoning module SequenceRecorder (483)
[2018.02.04-22.11.23:652][316]LogModuleManager: Shutting down and abandoning module SmartSnapping (480)
[2018.02.04-22.11.23:680][316]LogModuleManager: Shutting down and abandoning module SessionServices (478)
[2018.02.04-22.11.23:680][316]LogModuleManager: Shutting down and abandoning module ViewportSnapping (476)
[2018.02.04-22.11.23:680][316]LogModuleManager: Shutting down and abandoning module ViewportInteraction (474)
[2018.02.04-22.11.23:680][316]LogModuleManager: Shutting down and abandoning module ClothPainter (472)
[2018.02.04-22.11.23:998][316]LogModuleManager: Shutting down and abandoning module SkeletalMeshEditor (471)
[2018.02.04-22.11.24:256][316]LogModuleManager: Shutting down and abandoning module LogVisualizer (468)
[2018.02.04-22.11.24:625][316]LogModuleManager: Shutting down and abandoning module IntroTutorials (466)
[2018.02.04-22.11.24:960][316]LogModuleManager: Shutting down and abandoning module GameProjectGeneration (465)
[2018.02.04-22.11.25:287][316]LogModuleManager: Shutting down and abandoning module IOSPlatformEditor (462)
[2018.02.04-22.11.25:375][316]LogModuleManager: Shutting down and abandoning module HTML5PlatformEditor (460)
[2018.02.04-22.11.25:375][316]LogModuleManager: Shutting down and abandoning module AndroidPlatformEditor (458)
[2018.02.04-22.11.25:375][316]LogModuleManager: Shutting down and abandoning module AndroidDeviceDetection (457)
[2018.02.04-22.11.26:458][316]LogModuleManager: Shutting down and abandoning module WindowsPlatformEditor (454)
[2018.02.04-22.11.26:458][316]LogModuleManager: Shutting down and abandoning module IOSRuntimeSettings (452)
[2018.02.04-22.11.26:458][316]LogModuleManager: Shutting down and abandoning module AndroidRuntimeSettings (450)
[2018.02.04-22.11.26:458][316]LogModuleManager: Shutting down and abandoning module InputBindingEditor (448)
[2018.02.04-22.11.26:516][316]LogModuleManager: Shutting down and abandoning module MergeActors (446)
[2018.02.04-22.11.26:554][316]LogModuleManager: Shutting down and abandoning module SizeMap (444)
[2018.02.04-22.11.26:590][316]LogModuleManager: Shutting down and abandoning module TreeMap (442)
[2018.02.04-22.11.26:681][316]LogModuleManager: Shutting down and abandoning module ReferenceViewer (440)
[2018.02.04-22.11.26:758][316]LogModuleManager: Shutting down and abandoning module LocalizationDashboard (438)
[2018.02.04-22.11.26:874][316]LogModuleManager: Shutting down and abandoning module LocalizationService (437)
[2018.02.04-22.11.26:984][316]LogModuleManager: Shutting down and abandoning module HardwareTargeting (434)
[2018.02.04-22.11.26:984][316]LogModuleManager: Shutting down and abandoning module DeviceProfileEditor (432)
[2018.02.04-22.11.27:012][316]LogModuleManager: Shutting down and abandoning module UndoHistory (430)
[2018.02.04-22.11.27:049][316]LogModuleManager: Shutting down and abandoning module XmlParser (428)
[2018.02.04-22.11.27:106][316]LogModuleManager: Shutting down and abandoning module Blutility (426)
[2018.02.04-22.11.27:190][316]LogModuleManager: Shutting down and abandoning module ProjectSettingsViewer (424)
[2018.02.04-22.11.27:299][316]LogModuleManager: Shutting down and abandoning module ProjectTargetPlatformEditor (423)
[2018.02.04-22.11.27:554][316]LogModuleManager: Shutting down and abandoning module EditorSettingsViewer (420)
[2018.02.04-22.11.27:672][316]LogModuleManager: Shutting down and abandoning module SettingsEditor (418)
[2018.02.04-22.11.27:955][316]LogModuleManager: Shutting down and abandoning module ProjectLauncher (416)
[2018.02.04-22.11.28:070][316]LogModuleManager: Shutting down and abandoning module SessionFrontend (414)
[2018.02.04-22.11.28:123][316]LogModuleManager: Shutting down and abandoning module ProfilerClient (412)
[2018.02.04-22.11.28:161][316]LogModuleManager: Shutting down and abandoning module DeviceManager (410)
[2018.02.04-22.11.28:180][316]LogModuleManager: Shutting down and abandoning module TargetDeviceServices (409)
[2018.02.04-22.11.28:849][316]LogModuleManager: Shutting down and abandoning module AutomationController (406)
[2018.02.04-22.11.29:041][316]LogModuleManager: Shutting down and abandoning module AutomationWindow (404)
[2018.02.04-22.11.29:113][316]LogModuleManager: Shutting down and abandoning module Layers (402)
[2018.02.04-22.11.29:330][316]LogModuleManager: Shutting down and abandoning module ComponentVisualizers (400)
[2018.02.04-22.11.29:364][316]LogModuleManager: Shutting down and abandoning module DetailCustomizations (398)
[2018.02.04-22.11.29:648][316]LogModuleManager: Shutting down and abandoning module PackagesDialog (396)
[2018.02.04-22.11.29:963][316]LogModuleManager: Shutting down and abandoning module Persona (394)
[2018.02.04-22.11.30:218][316]LogModuleManager: Shutting down and abandoning module AdvancedPreviewScene (393)
[2018.02.04-22.11.30:218][316]LogModuleManager: Shutting down and abandoning module AnimGraph (391)
[2018.02.04-22.11.30:359][316]LogModuleManager: Shutting down and abandoning module Kismet (388)
[2018.02.04-22.11.31:198][316]LogModuleManager: Shutting down and abandoning module ClassViewer (386)
[2018.02.04-22.11.31:462][316]LogModuleManager: Shutting down and abandoning module Toolbox (384)
[2018.02.04-22.11.31:462][316]LogModuleManager: Shutting down and abandoning module ModuleUI (382)
[2018.02.04-22.11.31:514][316]LogModuleManager: Shutting down and abandoning module MovieSceneTools (380)
[2018.02.04-22.11.32:242][316]LogModuleManager: Shutting down and abandoning module OutputLog (378)
[2018.02.04-22.11.32:320][316]LogModuleManager: Shutting down and abandoning module GammaUI (376)
[2018.02.04-22.11.32:419][316]LogModuleManager: Shutting down and abandoning module Documentation (374)
[2018.02.04-22.11.32:512][316]LogModuleManager: Shutting down and abandoning module MovieSceneTracks (372)
[2018.02.04-22.11.32:567][316]LogModuleManager: Shutting down and abandoning module MovieScene (370)
[2018.02.04-22.11.32:567][316]LogModuleManager: Shutting down and abandoning module StreamingPauseRendering (368)
[2018.02.04-22.11.32:593][316]LogModuleManager: Shutting down and abandoning module LauncherPlatform (366)
[2018.02.04-22.11.32:593][316]LogModuleManager: Shutting down and abandoning module AnalyticsET (364)
[2018.02.04-22.11.32:593][316]LogModuleManager: Shutting down and abandoning module PortalServices (362)
[2018.02.04-22.11.32:593][316]LogModuleManager: Shutting down and abandoning module PortalRpc (360)
[2018.02.04-22.11.32:593][316]LogModuleManager: Shutting down and abandoning module MessagingRpc (358)
[2018.02.04-22.11.32:593][316]LogModuleManager: Shutting down and abandoning module AIModule (356)
[2018.02.04-22.11.33:096][316]LogModuleManager: Shutting down and abandoning module GameplayDebugger (355)
[2018.02.04-22.11.33:338][316]LogModuleManager: Shutting down and abandoning module AITestSuite (353)
[2018.02.04-22.11.33:407][316]LogModuleManager: Shutting down and abandoning module DesktopPlatform (350)
[2018.02.04-22.11.33:514][316]LogModuleManager: Shutting down and abandoning module ProfilerService (348)
[2018.02.04-22.11.33:763][316]LogModuleManager: Shutting down and abandoning module TaskGraph (346)
[2018.02.04-22.11.33:988][316]LogModuleManager: Shutting down and abandoning module SteamVRController (344)
[2018.02.04-22.11.34:059][316]LogModuleManager: Shutting down and abandoning module ProceduralMeshComponentEditor (342)
[2018.02.04-22.11.34:059][316]LogModuleManager: Shutting down and abandoning module ProceduralMeshComponent (340)
[2018.02.04-22.11.34:098][316]LogModuleManager: Shutting down and abandoning module OculusInput (338)
[2018.02.04-22.11.34:098][316]LogModuleManager: Shutting down and abandoning module MobilePatchingUtils (336)
[2018.02.04-22.11.34:098][316]LogModuleManager: Shutting down and abandoning module CustomMeshComponent (334)
[2018.02.04-22.11.34:098][316]LogModuleManager: Shutting down and abandoning module CableComponent (332)
[2018.02.04-22.11.34:098][316]LogModuleManager: Shutting down and abandoning module ArchVisCharacter (330)
[2018.02.04-22.11.34:098][316]LogModuleManager: Shutting down and abandoning module AndroidPermission (328)
[2018.02.04-22.11.34:098][316]LogModuleManager: Shutting down and abandoning module ActorSequence (324)
[2018.02.04-22.11.34:098][316]LogModuleManager: Shutting down and abandoning module MediaPlayerEditor (322)
[2018.02.04-22.11.34:417][316]LogModuleManager: Shutting down and abandoning module MediaCompositingEditor (320)
[2018.02.04-22.11.34:570][316]LogModuleManager: Shutting down and abandoning module MediaCompositing (318)
[2018.02.04-22.11.34:570][316]LogModuleManager: Shutting down and abandoning module HTML5Networking (316)
[2018.02.04-22.11.34:570][316]LogModuleManager: Shutting down and abandoning module AlembicImporter (314)
[2018.02.04-22.11.34:588][316]LogModuleManager: Shutting down and abandoning module AlembicLibrary (313)
[2018.02.04-22.11.34:654][316]LogModuleManager: Shutting down and abandoning module GeometryCache (312)
[2018.02.04-22.11.34:654][316]LogModuleManager: Shutting down and abandoning module GeometryCacheEd (311)
[2018.02.04-22.11.34:654][316]LogModuleManager: Shutting down and abandoning module SpeedTreeImporter (306)
[2018.02.04-22.11.34:667][316]LogModuleManager: Shutting down and abandoning module PluginBrowser (304)
[2018.02.04-22.11.35:186][316]LogModuleManager: Shutting down and abandoning module MobileLauncherProfileWizard (302)
[2018.02.04-22.11.35:528][316]LogModuleManager: Shutting down and abandoning module VisualStudioSourceCodeAccess (300)
[2018.02.04-22.11.35:778][316]LogModuleManager: Shutting down and abandoning module VisualStudioCodeSourceCodeAccess (298)
[2018.02.04-22.11.35:778][316]LogModuleManager: Shutting down and abandoning module UObjectPlugin (296)
[2018.02.04-22.11.35:778][316]LogModuleManager: Shutting down and abandoning module SubversionSourceControl (294)
[2018.02.04-22.11.36:288][316]LogModuleManager: Shutting down and abandoning module PerforceSourceControl (292)
[2018.02.04-22.11.37:037][316]LogModuleManager: Shutting down and abandoning module GitSourceControl (290)
[2018.02.04-22.11.37:357][316]LogModuleManager: Shutting down and abandoning module SourceControl (289)
[2018.02.04-22.11.37:422][316]LogModuleManager: Shutting down and abandoning module LightPropagationVolumeEditor (286)
[2018.02.04-22.11.37:422][316]LogModuleManager: Shutting down and abandoning module PaperTiledImporter (284)
[2018.02.04-22.11.37:422][316]LogModuleManager: Shutting down and abandoning module PaperSpriteSheetImporter (282)
[2018.02.04-22.11.37:422][316]LogModuleManager: Shutting down and abandoning module Paper2DEditor (280)
[2018.02.04-22.11.37:422][316]LogModuleManager: Shutting down and abandoning module MeshPaint (279)
[2018.02.04-22.11.37:476][316]LogModuleManager: Shutting down and abandoning module LevelEditor (277)
[2018.02.04-22.11.38:090][316]LogModuleManager: Shutting down and abandoning module PixelInspectorModule (276)
[2018.02.04-22.11.38:111][316]LogModuleManager: Shutting down and abandoning module MainFrame (274)
[2018.02.04-22.11.38:127][316]LogModuleManager: Shutting down and abandoning module HotReload (273)
[2018.02.04-22.11.38:230][316]LogModuleManager: Shutting down and abandoning module RuntimePhysXCooking (268)
[2018.02.04-22.11.38:301][316]LogModuleManager: Shutting down and abandoning module PhysXVehiclesEditor (266)
[2018.02.04-22.11.38:437][316]LogModuleManager: Shutting down and abandoning module PhysXVehicles (264)
[2018.02.04-22.11.38:487][316]LogModuleManager: Shutting down and abandoning module OculusEditor (262)
[2018.02.04-22.11.38:488][316]LogModuleManager: Shutting down and abandoning module LocationServicesBPLibrary (260)
[2018.02.04-22.11.38:488][316]LogModuleManager: Shutting down and abandoning module ImmediatePhysicsEditor (258)
[2018.02.04-22.11.38:488][316]LogModuleManager: Shutting down and abandoning module ImmediatePhysics (256)
[2018.02.04-22.11.38:516][316]LogModuleManager: Shutting down and abandoning module UdpMessaging (254)
[2018.02.04-22.11.38:633][316]LogModuleManager: Shutting down and abandoning module TcpMessaging (252)
[2018.02.04-22.11.38:805][316]LogModuleManager: Shutting down and abandoning module GameplayTagsEditor (250)
[2018.02.04-22.11.38:899][316]LogModuleManager: Shutting down and abandoning module FacialAnimationEditor (248)
[2018.02.04-22.11.38:905][316]LogModuleManager: Shutting down and abandoning module FacialAnimation (246)
[2018.02.04-22.11.38:905][316]LogModuleManager: Shutting down and abandoning module AssetManagerEditor (244)
[2018.02.04-22.11.38:916][316]LogModuleManager: Shutting down and abandoning module GraphEditor (243)
[2018.02.04-22.11.38:951][316]LogModuleManager: Shutting down and abandoning module ContentBrowser (241)
[2018.02.04-22.11.39:142][316]LogModuleManager: Shutting down and abandoning module LightPropagationVolumeRuntime (238)
[2018.02.04-22.11.39:142][316]LogModuleManager: Shutting down and abandoning module Paper2D (236)
[2018.02.04-22.11.39:184][316]LogModuleManager: Shutting down and abandoning module WindowsMoviePlayer (234)
[2018.02.04-22.11.39:200][316]LogModuleManager: Shutting down and abandoning module WmfMedia (232)
[2018.02.04-22.11.39:216][316]LogModuleManager: Shutting down and abandoning module ImgMedia (230)
[2018.02.04-22.11.39:217][316]LogModuleManager: Shutting down and abandoning module PacketHandler (228)
[2018.02.04-22.11.39:217][316]LogModuleManager: Shutting down and abandoning module ClothingSystemEditor (226)
[2018.02.04-22.11.39:217][316]LogModuleManager: Shutting down and abandoning module ClothingSystemRuntime (224)
[2018.02.04-22.11.39:289][316]LogModuleManager: Shutting down and abandoning module MediaAssets (222)
[2018.02.04-22.11.39:289][316]LogModuleManager: Shutting down and abandoning module Media (221)
[2018.02.04-22.11.39:295][316]LogModuleManager: Shutting down and abandoning module Overlay (218)
[2018.02.04-22.11.39:295][316]LogModuleManager: Shutting down and abandoning module OverlayEditor (217)
[2018.02.04-22.11.39:295][316]LogModuleManager: Shutting down and abandoning module VREditor (214)
[2018.02.04-22.11.39:340][316]LogModuleManager: Shutting down and abandoning module StringTableEditor (212)
[2018.02.04-22.11.39:346][316]LogModuleManager: Shutting down and abandoning module GameplayTasksEditor (210)
[2018.02.04-22.11.39:346][316]LogModuleManager: Shutting down and abandoning module BehaviorTreeEditor (208)
[2018.02.04-22.11.39:446][316]LogModuleManager: Shutting down and abandoning module FunctionalTesting (206)
[2018.02.04-22.11.39:488][316]LogModuleManager: Shutting down and abandoning module CollisionAnalyzer (204)
[2018.02.04-22.11.39:501][316]LogModuleManager: Shutting down and abandoning module WorkspaceMenuStructure (203)
[2018.02.04-22.11.39:706][316]LogModuleManager: Shutting down and abandoning module UMG (200)
[2018.02.04-22.11.39:726][316]LogModuleManager: Shutting down and abandoning module UMGEditor (199)
[2018.02.04-22.11.39:873][316]LogModuleManager: Shutting down and abandoning module Sequencer (198)
[2018.02.04-22.11.40:027][316]LogModuleManager: Shutting down and abandoning module MessageLog (195)
[2018.02.04-22.11.40:042][316]LogModuleManager: Shutting down and abandoning module SlateReflector (190)
[2018.02.04-22.11.40:060][316]LogModuleManager: Shutting down and abandoning module Slate (188)
[2018.02.04-22.11.40:061][316]LogModuleManager: Shutting down and abandoning module EditorStyle (186)
[2018.02.04-22.11.40:777][316]LogModuleManager: Shutting down and abandoning module MRMesh (184)
[2018.02.04-22.11.40:777][316]LogModuleManager: Shutting down and abandoning module SourceCodeAccess (182)
[2018.02.04-22.11.40:802][316]LogModuleManager: Shutting down and abandoning module HeadMountedDisplay (180)
[2018.02.04-22.11.40:802][316]LogModuleManager: Shutting down and abandoning module XAudio2 (178)
[2018.02.04-22.11.40:802][316]LogModuleManager: Shutting down and abandoning module Networking (176)
[2018.02.04-22.11.40:802][316]LogModuleManager: Shutting down and abandoning module Core (172)
[2018.02.04-22.11.40:802][316]LogModuleManager: Shutting down and abandoning module LevelSequence (168)
[2018.02.04-22.11.40:802][316]LogModuleManager: Shutting down and abandoning module DirectoryWatcher (166)
[2018.02.04-22.11.41:088][316]LogModuleManager: Shutting down and abandoning module KismetCompiler (164)
[2018.02.04-22.11.41:120][316]LogModuleManager: Shutting down and abandoning module MeshUtilities (162)
[2018.02.04-22.11.41:275][316]LogModuleManager: Shutting down and abandoning module MeshMergeUtilities (161)
[2018.02.04-22.11.41:281][316]LogModuleManager: Shutting down and abandoning module MeshReductionInterface (160)
[2018.02.04-22.11.41:281][316]LogModuleManager: Shutting down and abandoning module SimplygonSwarm (159)
[2018.02.04-22.11.41:324][316]LogModuleManager: Shutting down and abandoning module SimplygonMeshReduction (157)
[2018.02.04-22.11.41:356][316]LogModuleManager: Shutting down and abandoning module QuadricMeshReduction (155)
[2018.02.04-22.11.41:371][316]LogModuleManager: Shutting down and abandoning module MaterialBaking (151)
[2018.02.04-22.11.41:463][316]LogModuleManager: Shutting down and abandoning module DerivedDataCache (148)
[2018.02.04-22.11.41:736][316]LogDerivedDataCache: Shutdown
[2018.02.04-22.11.41:736][316]LogModuleManager: Shutting down and abandoning module TargetPlatform (146)
[2018.02.04-22.11.41:837][316]LogModuleManager: Shutting down and abandoning module VulkanShaderFormat (145)
[2018.02.04-22.11.41:894][316]LogModuleManager: Shutting down and abandoning module ShaderFormatVectorVM (143)
[2018.02.04-22.11.41:945][316]LogModuleManager: Shutting down and abandoning module ShaderFormatOpenGL (141)
[2018.02.04-22.11.42:029][316]LogModuleManager: Shutting down and abandoning module ShaderFormatD3D (139)
[2018.02.04-22.11.42:067][316]LogModuleManager: Shutting down and abandoning module MetalShaderFormat (137)
[2018.02.04-22.11.42:149][316]LogModuleManager: Shutting down and abandoning module TextureFormatUncompressed (135)
[2018.02.04-22.11.42:184][316]LogModuleManager: Shutting down and abandoning module TextureFormatPVR (133)
[2018.02.04-22.11.42:184][316]LogModuleManager: Shutting down and abandoning module TextureFormatDXT (131)
[2018.02.04-22.11.42:184][316]LogModuleManager: Shutting down and abandoning module TextureFormatIntelISPCTexComp (129)
[2018.02.04-22.11.42:325][316]LogModuleManager: Shutting down and abandoning module TextureFormatASTC (127)
[2018.02.04-22.11.42:325][316]LogModuleManager: Shutting down and abandoning module ImageWrapper (126)
[2018.02.04-22.11.42:325][316]LogModuleManager: Shutting down and abandoning module TextureFormatAndroid (123)
[2018.02.04-22.11.42:348][316]LogModuleManager: Shutting down and abandoning module AudioFormatOpus (121)
[2018.02.04-22.11.42:348][316]LogModuleManager: Shutting down and abandoning module AudioFormatOgg (119)
[2018.02.04-22.11.42:405][316]LogModuleManager: Shutting down and abandoning module AudioFormatADPCM (117)
[2018.02.04-22.11.42:449][316]LogModuleManager: Shutting down and abandoning module LinuxTargetPlatform (115)
[2018.02.04-22.11.42:884][316]LogModuleManager: Shutting down and abandoning module LinuxServerTargetPlatform (113)
[2018.02.04-22.11.42:912][316]LogModuleManager: Shutting down and abandoning module LinuxNoEditorTargetPlatform (111)
[2018.02.04-22.11.42:912][316]LogModuleManager: Shutting down and abandoning module LinuxClientTargetPlatform (109)
[2018.02.04-22.11.42:912][316]LogModuleManager: Shutting down and abandoning module TVOSTargetPlatform (107)
[2018.02.04-22.11.42:948][316]LogModuleManager: Shutting down and abandoning module Messaging (105)
[2018.02.04-22.11.43:003][316]LogModuleManager: Shutting down and abandoning module IOSTargetPlatform (103)
[2018.02.04-22.11.43:003][316]LogModuleManager: Shutting down and abandoning module HTML5TargetPlatform (101)
[2018.02.04-22.11.43:003][316]LogModuleManager: Shutting down and abandoning module AndroidTargetPlatform (99)
[2018.02.04-22.11.43:003][316]LogModuleManager: Shutting down and abandoning module Android_PVRTCTargetPlatform (97)
[2018.02.04-22.11.43:003][316]LogModuleManager: Shutting down and abandoning module Android_MultiTargetPlatform (95)
[2018.02.04-22.11.43:003][316]LogModuleManager: Shutting down and abandoning module Android_ETC2TargetPlatform (93)
[2018.02.04-22.11.43:003][316]LogModuleManager: Shutting down and abandoning module Android_ETC1TargetPlatform (91)
[2018.02.04-22.11.43:003][316]LogModuleManager: Shutting down and abandoning module Android_DXTTargetPlatform (89)
[2018.02.04-22.11.43:003][316]LogModuleManager: Shutting down and abandoning module Android_ATCTargetPlatform (87)
[2018.02.04-22.11.43:003][316]LogModuleManager: Shutting down and abandoning module Android_ASTCTargetPlatform (85)
[2018.02.04-22.11.43:003][316]LogModuleManager: Shutting down and abandoning module WindowsTargetPlatform (83)
[2018.02.04-22.11.43:003][316]LogModuleManager: Shutting down and abandoning module WindowsServerTargetPlatform (81)
[2018.02.04-22.11.43:214][316]LogModuleManager: Shutting down and abandoning module WindowsNoEditorTargetPlatform (79)
[2018.02.04-22.11.43:267][316]LogModuleManager: Shutting down and abandoning module WindowsClientTargetPlatform (77)
[2018.02.04-22.11.43:277][316]LogModuleManager: Shutting down and abandoning module MacTargetPlatform (75)
[2018.02.04-22.11.43:352][316]LogModuleManager: Shutting down and abandoning module MacServerTargetPlatform (73)
[2018.02.04-22.11.43:519][316]LogModuleManager: Shutting down and abandoning module MacNoEditorTargetPlatform (71)
[2018.02.04-22.11.43:558][316]LogModuleManager: Shutting down and abandoning module MacClientTargetPlatform (69)
[2018.02.04-22.11.43:594][316]LogModuleManager: Shutting down and abandoning module AllDesktopTargetPlatform (67)
[2018.02.04-22.11.43:594][316]LogModuleManager: Shutting down and abandoning module InputCore (64)
[2018.02.04-22.11.43:594][316]LogModuleManager: Shutting down and abandoning module Settings (62)
[2018.02.04-22.11.43:875][316]LogModuleManager: Shutting down and abandoning module PhysXCooking (60)
[2018.02.04-22.11.43:875][316]LogModuleManager: Shutting down and abandoning module SteamVR (58)
[2018.02.04-22.11.43:965][316]LogModuleManager: Shutting down and abandoning module OculusHMD (56)
[2018.02.04-22.11.44:082][316]LogModuleManager: Shutting down and abandoning module ExampleDeviceProfileSelector (54)
[2018.02.04-22.11.44:087][316]LogModuleManager: Shutting down and abandoning module AppleARKit (52)
[2018.02.04-22.11.44:087][316]LogModuleManager: Shutting down and abandoning module AugmentedReality (51)
[2018.02.04-22.11.44:087][316]LogModuleManager: Shutting down and abandoning module OnlineBlueprintSupport (48)
[2018.02.04-22.11.44:087][316]LogModuleManager: Shutting down and abandoning module OnlineSubsystem (44)
[2018.02.04-22.11.44:734][316]LogModuleManager: Shutting down and abandoning module XMPP (43)
[2018.02.04-22.11.44:820][316]LogModuleManager: Shutting down and abandoning module HTTP (41)
[2018.02.04-22.11.44:820][316]LogHttp: Display: Http module shutting down, but needs to wait on 1 outstanding Http requests:
[2018.02.04-22.11.44:837][316]LogHttp: Display: 	verb=[POST] url=[https://datarouter.ol.epicgames.com/datarouter/api/v1/public/data?SessionID=%7B45ECEBF0-41F1-7FF3-DD84-6CBAF8322ED5%7D&AppID=UEEditor.Rocket.Release&AppVersion=4.18.3-3832480%2B%2B%2BUE4%2BRelease-4.18&UserID=6a3d3f84464b00032dd2e59fd0a8f81a%7C70ba3f2c0a6341598a8deb204ee00fb4%7C560897fb-4446-4411-863b-7d2dbb47b793&AppEnvironment=datacollector-binary&UploadType=eteventstream] status=Processing
[2018.02.04-22.11.45:240][316]LogModuleManager: Shutting down and abandoning module SSL (40)
[2018.02.04-22.11.45:621][316]LogModuleManager: Shutting down and abandoning module AnimationModifiers (36)
[2018.02.04-22.11.45:730][316]LogModuleManager: Shutting down and abandoning module PropertyEditor (35)
[2018.02.04-22.11.46:134][316]LogModuleManager: Shutting down and abandoning module AudioEditor (32)
[2018.02.04-22.11.46:980][316]LogModuleManager: Shutting down and abandoning module TextureCompressor (30)
[2018.02.04-22.11.47:263][316]LogModuleManager: Shutting down and abandoning module ShaderCore (28)
[2018.02.04-22.11.47:264][316]LogModuleManager: Shutting down and abandoning module Landscape (26)
[2018.02.04-22.11.47:281][316]LogModuleManager: Shutting down and abandoning module SlateRHIRenderer (24)
[2018.02.04-22.11.50:080][316]LogModuleManager: Shutting down and abandoning module OpenGLDrv (22)
[2018.02.04-22.11.50:157][316]LogModuleManager: Shutting down and abandoning module D3D11RHI (20)
[2018.02.04-22.11.50:157][316]LogModuleManager: Shutting down and abandoning module AnimGraphRuntime (18)
[2018.02.04-22.11.50:234][316]LogModuleManager: Shutting down and abandoning module Renderer (16)
[2018.02.04-22.11.50:273][316]LogModuleManager: Shutting down and abandoning module Engine (14)
[2018.02.04-22.11.50:303][316]LogModuleManager: Shutting down and abandoning module CoreUObject (12)
[2018.02.04-22.11.50:303][316]LogModuleManager: Shutting down and abandoning module NetworkFile (10)
[2018.02.04-22.11.50:338][316]LogModuleManager: Shutting down and abandoning module CookedIterativeFile (8)
[2018.02.04-22.11.50:396][316]LogModuleManager: Shutting down and abandoning module StreamingFile (6)
[2018.02.04-22.11.50:408][316]LogModuleManager: Shutting down and abandoning module SandboxFile (4)
[2018.02.04-22.11.50:408][316]LogModuleManager: Shutting down and abandoning module PakFile (2)
[2018.02.04-22.11.51:042][316]LogExit: Exiting.
[2018.02.04-22.11.52:623][316]Log file closed, 02/04/18 23:11:52
