Log file open, 02/26/18 11:39:25
LogWindows: Failed to load 'aqProf.dll' (GetLastError=126)
LogWindows: File 'aqProf.dll' does not exist
LogWindows: Failed to load 'VSPerf140.dll' (GetLastError=126)
LogWindows: File 'VSPerf140.dll' does not exist
LogWindows: Failed to load 'VtuneApi.dll' (GetLastError=126)
LogWindows: File 'VtuneApi.dll' does not exist
LogWindows: Failed to load 'VtuneApi32e.dll' (GetLastError=126)
LogWindows: File 'VtuneApi32e.dll' does not exist
LogInit: Display: Running engine for game: TutoPaper2d
LogPlatformFile: Not using cached read wrapper
LogInit: Display: RandInit(984201251) SRandInit(984201251).
LogInit: Read version file with build ID '3709383'
LogInit: Overriding engine version to CL 3832480, compatible CL 3709383
LogInit: Registered custom module enumerator with build ID '3709383'
LogTaskGraph: Started task graph with 5 named threads and 14 total threads with 3 sets of task threads.
LogStats: Stats thread started at 0.171722
LogD3D11RHI: Aftermath initialized
LogModuleManager: Display: Found up-to-date module file ../../../Engine/Plugins/2D/Paper2D/Binaries/Win64/UE4Editor-Paper2D.dll (API version 3709383).
LogModuleManager: Display: Found up-to-date module file ../../../Engine/Plugins/2D/Paper2D/Binaries/Win64/UE4Editor-Paper2DEditor.dll (API version 3709383).
LogModuleManager: Display: Found up-to-date module file ../../../Engine/Plugins/2D/Paper2D/Binaries/Win64/UE4Editor-PaperSpriteSheetImporter.dll (API version 3709383).
LogModuleManager: Display: Found up-to-date module file ../../../Engine/Plugins/2D/Paper2D/Binaries/Win64/UE4Editor-PaperTiledImporter.dll (API version 3709383).
LogModuleManager: Display: Found up-to-date module file ../../../Engine/Plugins/2D/Paper2D/Binaries/Win64/UE4Editor-SmartSnapping.dll (API version 3709383).
LogModuleManager: Display: Found up-to-date module file ../../../Engine/Plugins/Blendables/LightPropagationVolume/Binaries/Win64/UE4Editor-LightPropagationVolumeRuntime.dll (API version 3709383).
LogModuleManager: Display: Found up-to-date module file ../../../Engine/Plugins/Blendables/LightPropagationVolume/Binaries/Win64/UE4Editor-LightPropagationVolumeEditor.dll (API version 3709383).
LogModuleManager: Display: Found up-to-date module file ../../../Engine/Plugins/Developer/GitSourceControl/Binaries/Win64/UE4Editor-GitSourceControl.dll (API version 3709383).
LogModuleManager: Display: Found up-to-date module file ../../../Engine/Plugins/Developer/PerforceSourceControl/Binaries/Win64/UE4Editor-PerforceSourceControl.dll (API version 3709383).
LogModuleManager: Display: Found up-to-date module file ../../../Engine/Plugins/Developer/SubversionSourceControl/Binaries/Win64/UE4Editor-SubversionSourceControl.dll (API version 3709383).
LogModuleManager: Display: Found up-to-date module file ../../../Engine/Plugins/Developer/UObjectPlugin/Binaries/Win64/UE4Editor-UObjectPlugin.dll (API version 3709383).
LogModuleManager: Display: Found up-to-date module file ../../../Engine/Plugins/Developer/VisualStudioCodeSourceCodeAccess/Binaries/Win64/UE4Editor-VisualStudioCodeSourceCodeAccess.dll (API version 3709383).
LogModuleManager: Display: Found up-to-date module file ../../../Engine/Plugins/Developer/VisualStudioSourceCodeAccess/Binaries/Win64/UE4Editor-VisualStudioSourceCodeAccess.dll (API version 3709383).
LogModuleManager: Display: Found up-to-date module file ../../../Engine/Plugins/Editor/AssetManagerEditor/Binaries/Win64/UE4Editor-AssetManagerEditor.dll (API version 3709383).
LogModuleManager: Display: Found up-to-date module file ../../../Engine/Plugins/Editor/AudioCapture/Binaries/Win64/UE4Editor-AudioCapture.dll (API version 3709383).
LogModuleManager: Display: Found up-to-date module file ../../../Engine/Plugins/Editor/FacialAnimation/Binaries/Win64/UE4Editor-FacialAnimation.dll (API version 3709383).
LogModuleManager: Display: Found up-to-date module file ../../../Engine/Plugins/Editor/FacialAnimation/Binaries/Win64/UE4Editor-FacialAnimationEditor.dll (API version 3709383).
LogModuleManager: Display: Found up-to-date module file ../../../Engine/Plugins/Editor/GameplayTagsEditor/Binaries/Win64/UE4Editor-GameplayTagsEditor.dll (API version 3709383).
LogModuleManager: Display: Found up-to-date module file ../../../Engine/Plugins/Editor/MobileLauncherProfileWizard/Binaries/Win64/UE4Editor-MobileLauncherProfileWizard.dll (API version 3709383).
LogModuleManager: Display: Found up-to-date module file ../../../Engine/Plugins/Editor/PluginBrowser/Binaries/Win64/UE4Editor-PluginBrowser.dll (API version 3709383).
LogModuleManager: Display: Found up-to-date module file ../../../Engine/Plugins/Editor/SpeedTreeImporter/Binaries/Win64/UE4Editor-SpeedTreeImporter.dll (API version 3709383).
LogModuleManager: Display: Found up-to-date module file ../../../Engine/Plugins/Experimental/AlembicImporter/Binaries/Win64/UE4Editor-AlembicImporter.dll (API version 3709383).
LogModuleManager: Display: Found up-to-date module file ../../../Engine/Plugins/Experimental/AlembicImporter/Binaries/Win64/UE4Editor-AlembicLibrary.dll (API version 3709383).
LogModuleManager: Display: Found up-to-date module file ../../../Engine/Plugins/Experimental/CharacterAI/Binaries/Win64/UE4Editor-CharacterAI.dll (API version 3709383).
LogModuleManager: Display: Found up-to-date module file ../../../Engine/Plugins/Experimental/HTML5Networking/Binaries/Win64/UE4Editor-HTML5Networking.dll (API version 3709383).
LogModuleManager: Display: Found up-to-date module file ../../../Engine/Plugins/Media/AndroidMedia/Binaries/Win64/UE4Editor-AndroidMediaEditor.dll (API version 3709383).
LogModuleManager: Display: Found up-to-date module file ../../../Engine/Plugins/Media/AndroidMedia/Binaries/Win64/UE4Editor-AndroidMediaFactory.dll (API version 3709383).
LogModuleManager: Display: Found up-to-date module file ../../../Engine/Plugins/Media/AvfMedia/Binaries/Win64/UE4Editor-AvfMediaEditor.dll (API version 3709383).
LogModuleManager: Display: Found up-to-date module file ../../../Engine/Plugins/Media/AvfMedia/Binaries/Win64/UE4Editor-AvfMediaFactory.dll (API version 3709383).
LogModuleManager: Display: Found up-to-date module file ../../../Engine/Plugins/Media/AvfMedia/Binaries/Win64/UE4Editor-AvfMediaFactory.dll (API version 3709383).
LogModuleManager: Display: Found up-to-date module file ../../../Engine/Plugins/Media/ImgMedia/Binaries/Win64/UE4Editor-ImgMedia.dll (API version 3709383).
LogModuleManager: Display: Found up-to-date module file ../../../Engine/Plugins/Media/ImgMedia/Binaries/Win64/UE4Editor-ImgMediaEditor.dll (API version 3709383).
LogModuleManager: Display: Found up-to-date module file ../../../Engine/Plugins/Media/ImgMedia/Binaries/Win64/UE4Editor-ImgMediaFactory.dll (API version 3709383).
LogModuleManager: Display: Found up-to-date module file ../../../Engine/Plugins/Media/ImgMedia/Binaries/Win64/UE4Editor-ImgMediaFactory.dll (API version 3709383).
LogModuleManager: Display: Found up-to-date module file ../../../Engine/Plugins/Media/ImgMedia/Binaries/Win64/UE4Editor-OpenExrWrapper.dll (API version 3709383).
LogModuleManager: Display: Found up-to-date module file ../../../Engine/Plugins/Media/MediaCompositing/Binaries/Win64/UE4Editor-MediaCompositing.dll (API version 3709383).
LogModuleManager: Display: Found up-to-date module file ../../../Engine/Plugins/Media/MediaCompositing/Binaries/Win64/UE4Editor-MediaCompositingEditor.dll (API version 3709383).
LogModuleManager: Display: Found up-to-date module file ../../../Engine/Plugins/Media/MediaPlayerEditor/Binaries/Win64/UE4Editor-MediaPlayerEditor.dll (API version 3709383).
LogModuleManager: Display: Found up-to-date module file ../../../Engine/Plugins/Media/WmfMedia/Binaries/Win64/UE4Editor-WmfMedia.dll (API version 3709383).
LogModuleManager: Display: Found up-to-date module file ../../../Engine/Plugins/Media/WmfMedia/Binaries/Win64/UE4Editor-WmfMediaEditor.dll (API version 3709383).
LogModuleManager: Display: Found up-to-date module file ../../../Engine/Plugins/Media/WmfMedia/Binaries/Win64/UE4Editor-WmfMediaFactory.dll (API version 3709383).
LogModuleManager: Display: Found up-to-date module file ../../../Engine/Plugins/Media/WmfMedia/Binaries/Win64/UE4Editor-WmfMediaFactory.dll (API version 3709383).
LogModuleManager: Display: Found up-to-date module file ../../../Engine/Plugins/Messaging/TcpMessaging/Binaries/Win64/UE4Editor-TcpMessaging.dll (API version 3709383).
LogModuleManager: Display: Found up-to-date module file ../../../Engine/Plugins/Messaging/UdpMessaging/Binaries/Win64/UE4Editor-UdpMessaging.dll (API version 3709383).
LogModuleManager: Display: Found up-to-date module file ../../../Engine/Plugins/MovieScene/ActorSequence/Binaries/Win64/UE4Editor-ActorSequence.dll (API version 3709383).
LogModuleManager: Display: Found up-to-date module file ../../../Engine/Plugins/MovieScene/LevelSequenceEditor/Binaries/Win64/UE4Editor-LevelSequenceEditor.dll (API version 3709383).
LogModuleManager: Display: Found up-to-date module file ../../../Engine/Plugins/MovieScene/MatineeToLevelSequence/Binaries/Win64/UE4Editor-MatineeToLevelSequence.dll (API version 3709383).
LogModuleManager: Display: Found up-to-date module file ../../../Engine/Plugins/Online/OnlineSubsystem/Binaries/Win64/UE4Editor-OnlineSubsystem.dll (API version 3709383).
LogModuleManager: Display: Found up-to-date module file ../../../Engine/Plugins/Runtime/AndroidPermission/Binaries/Win64/UE4Editor-AndroidPermission.dll (API version 3709383).
LogModuleManager: Display: Found up-to-date module file ../../../Engine/Plugins/Online/OnlineSubsystemNull/Binaries/Win64/UE4Editor-OnlineSubsystemNull.dll (API version 3709383).
LogModuleManager: Display: Found up-to-date module file ../../../Engine/Plugins/Online/OnlineSubsystemUtils/Binaries/Win64/UE4Editor-OnlineSubsystemUtils.dll (API version 3709383).
LogModuleManager: Display: Found up-to-date module file ../../../Engine/Plugins/Online/OnlineSubsystemUtils/Binaries/Win64/UE4Editor-OnlineBlueprintSupport.dll (API version 3709383).
LogModuleManager: Display: Found up-to-date module file ../../../Engine/Plugins/Runtime/AndroidDeviceProfileSelector/Binaries/Win64/UE4Editor-AndroidDeviceProfileSelector.dll (API version 3709383).
LogModuleManager: Display: Found up-to-date module file ../../../Engine/Plugins/Runtime/AppleARKit/Binaries/Win64/UE4Editor-AppleARKit.dll (API version 3709383).
LogModuleManager: Display: Found up-to-date module file ../../../Engine/Plugins/Runtime/ArchVisCharacter/Binaries/Win64/UE4Editor-ArchVisCharacter.dll (API version 3709383).
LogModuleManager: Display: Found up-to-date module file ../../../Engine/Plugins/Runtime/CableComponent/Binaries/Win64/UE4Editor-CableComponent.dll (API version 3709383).
LogModuleManager: Display: Found up-to-date module file ../../../Engine/Plugins/Runtime/CustomMeshComponent/Binaries/Win64/UE4Editor-CustomMeshComponent.dll (API version 3709383).
LogModuleManager: Display: Found up-to-date module file ../../../Engine/Plugins/Runtime/ExampleDeviceProfileSelector/Binaries/Win64/UE4Editor-ExampleDeviceProfileSelector.dll (API version 3709383).
LogModuleManager: Display: Found up-to-date module file ../../../Engine/Plugins/Runtime/ImmediatePhysics/Binaries/Win64/UE4Editor-ImmediatePhysics.dll (API version 3709383).
LogModuleManager: Display: Found up-to-date module file ../../../Engine/Plugins/Runtime/ImmediatePhysics/Binaries/Win64/UE4Editor-ImmediatePhysicsEditor.dll (API version 3709383).
LogModuleManager: Display: Found up-to-date module file ../../../Engine/Plugins/Runtime/LocationServicesBPLibrary/Binaries/Win64/UE4Editor-LocationServicesBPLibrary.dll (API version 3709383).
LogModuleManager: Display: Found up-to-date module file ../../../Engine/Plugins/Runtime/MobilePatchingUtils/Binaries/Win64/UE4Editor-MobilePatchingUtils.dll (API version 3709383).
LogModuleManager: Display: Found up-to-date module file ../../../Engine/Plugins/Runtime/Oculus/OculusVR/Binaries/Win64/UE4Editor-OculusHMD.dll (API version 3709383).
LogModuleManager: Display: Found up-to-date module file ../../../Engine/Plugins/Runtime/Oculus/OculusVR/Binaries/Win64/UE4Editor-OculusInput.dll (API version 3709383).
LogModuleManager: Display: Found up-to-date module file ../../../Engine/Plugins/Runtime/Oculus/OculusVR/Binaries/Win64/UE4Editor-OculusEditor.dll (API version 3709383).
LogModuleManager: Display: Found up-to-date module file ../../../Engine/Plugins/Runtime/PhysXVehicles/Binaries/Win64/UE4Editor-PhysXVehicles.dll (API version 3709383).
LogModuleManager: Display: Found up-to-date module file ../../../Engine/Plugins/Runtime/PhysXVehicles/Binaries/Win64/UE4Editor-PhysXVehiclesEditor.dll (API version 3709383).
LogModuleManager: Display: Found up-to-date module file ../../../Engine/Plugins/Runtime/ProceduralMeshComponent/Binaries/Win64/UE4Editor-ProceduralMeshComponent.dll (API version 3709383).
LogModuleManager: Display: Found up-to-date module file ../../../Engine/Plugins/Runtime/ProceduralMeshComponent/Binaries/Win64/UE4Editor-ProceduralMeshComponentEditor.dll (API version 3709383).
LogModuleManager: Display: Found up-to-date module file ../../../Engine/Plugins/Runtime/RuntimePhysXCooking/Binaries/Win64/UE4Editor-RuntimePhysXCooking.dll (API version 3709383).
LogModuleManager: Display: Found up-to-date module file ../../../Engine/Plugins/Runtime/Steam/SteamVR/Binaries/Win64/UE4Editor-SteamVR.dll (API version 3709383).
LogModuleManager: Display: Found up-to-date module file ../../../Engine/Plugins/Runtime/Steam/SteamVR/Binaries/Win64/UE4Editor-SteamVRController.dll (API version 3709383).
LogModuleManager: Display: Found up-to-date module file ../../../Engine/Plugins/Runtime/WindowsMoviePlayer/Binaries/Win64/UE4Editor-WindowsMoviePlayer.dll (API version 3709383).
LogPluginManager: Mounting plugin Paper2D
LogPluginManager: Mounting plugin LightPropagationVolume
LogPluginManager: Mounting plugin CodeLiteSourceCodeAccess
LogPluginManager: Mounting plugin GitSourceControl
LogPluginManager: Mounting plugin KDevelopSourceCodeAccess
LogPluginManager: Mounting plugin NullSourceCodeAccess
LogPluginManager: Mounting plugin PerforceSourceControl
LogPluginManager: Mounting plugin SubversionSourceControl
LogPluginManager: Mounting plugin UObjectPlugin
LogPluginManager: Mounting plugin VisualStudioCodeSourceCodeAccess
LogPluginManager: Mounting plugin VisualStudioSourceCodeAccess
LogPluginManager: Mounting plugin XCodeSourceCodeAccess
LogPluginManager: Mounting plugin AssetManagerEditor
LogPluginManager: Mounting plugin AudioCapture
LogPluginManager: Mounting plugin FacialAnimation
LogPluginManager: Mounting plugin GameplayTagsEditor
LogPluginManager: Mounting plugin MobileLauncherProfileWizard
LogPluginManager: Mounting plugin PluginBrowser
LogPluginManager: Mounting plugin SpeedTreeImporter
LogPluginManager: Mounting plugin AlembicImporter
LogPluginManager: Mounting plugin CharacterAI
LogPluginManager: Mounting plugin HTML5Networking
LogPluginManager: Mounting plugin AndroidMedia
LogPluginManager: Mounting plugin AvfMedia
LogPluginManager: Mounting plugin ImgMedia
LogPluginManager: Mounting plugin MediaCompositing
LogPluginManager: Mounting plugin MediaPlayerEditor
LogPluginManager: Mounting plugin WmfMedia
LogPluginManager: Mounting plugin TcpMessaging
LogPluginManager: Mounting plugin UdpMessaging
LogPluginManager: Mounting plugin ActorSequence
LogPluginManager: Mounting plugin LevelSequenceEditor
LogPluginManager: Mounting plugin MatineeToLevelSequence
LogPluginManager: Mounting plugin OnlineSubsystemGooglePlay
LogPluginManager: Mounting plugin OnlineSubsystemIOS
LogPluginManager: Mounting plugin OnlineSubsystem
LogPluginManager: Mounting plugin OnlineSubsystemNull
LogPluginManager: Mounting plugin OnlineSubsystemUtils
LogPluginManager: Mounting plugin AndroidDeviceProfileSelector
LogPluginManager: Mounting plugin AndroidMoviePlayer
LogPluginManager: Mounting plugin AndroidPermission
LogPluginManager: Mounting plugin AppleARKit
LogPluginManager: Mounting plugin AppleMoviePlayer
LogPluginManager: Mounting plugin ArchVisCharacter
LogPluginManager: Mounting plugin CableComponent
LogPluginManager: Mounting plugin CustomMeshComponent
LogPluginManager: Mounting plugin ExampleDeviceProfileSelector
LogPluginManager: Mounting plugin GoogleCloudMessaging
LogPluginManager: Mounting plugin ImmediatePhysics
LogPluginManager: Mounting plugin IOSDeviceProfileSelector
LogPluginManager: Mounting plugin LinuxDeviceProfileSelector
LogPluginManager: Mounting plugin LocationServicesBPLibrary
LogPluginManager: Mounting plugin MobilePatchingUtils
LogPluginManager: Mounting plugin OculusVR
LogPluginManager: Plugin shader directory ../../../Engine/Plugins/Runtime/Oculus/OculusVR/Shaders found
LogPluginManager: Mapping shader source directory ../../../Engine/Plugins/Runtime/Oculus/OculusVR/Shaders to virtual directory /Plugin/OculusVR
LogPluginManager: Mounting plugin PhysXVehicles
LogPluginManager: Mounting plugin ProceduralMeshComponent
LogPluginManager: Mounting plugin RuntimePhysXCooking
LogPluginManager: Mounting plugin SteamVR
LogPluginManager: Mounting plugin WindowsMoviePlayer
LogInit: Using libcurl 7.47.1
LogInit:  - built for x86_64-pc-win32
LogInit:  - supports SSL with OpenSSL/1.0.2g
LogInit:  - supports HTTP deflate (compression) using libz 1.2.8
LogInit:  - other features:
LogInit:      CURL_VERSION_SSL
LogInit:      CURL_VERSION_LIBZ
LogInit:      CURL_VERSION_IPV6
LogInit:      CURL_VERSION_ASYNCHDNS
LogInit:      CURL_VERSION_LARGEFILE
LogInit:      CURL_VERSION_IDN
LogInit:  CurlRequestOptions (configurable via config and command line):
LogInit:  - bVerifyPeer = false  - Libcurl will NOT verify peer certificate
LogInit:  - bUseHttpProxy = false  - Libcurl will NOT use HTTP proxy
LogInit:  - bDontReuseConnections = false  - Libcurl will reuse connections
LogInit:  - CertBundlePath = nullptr  - Libcurl will use whatever was configured at build time.
LogInit: Build: ++UE4+Release-4.18-CL-3832480
LogInit: Engine Version: 4.18.3-3832480+++UE4+Release-4.18
LogInit: Compatible Engine Version: 4.18.0-3709383+++UE4+Release-4.18
LogInit: Net CL: 3709383
LogDevObjectVersion: Number of dev versions registered: 16
LogDevObjectVersion:   Dev-Blueprints (B0D832E4-1F89-4F0D-ACCF-7EB736FD4AA2): 10
LogDevObjectVersion:   Dev-Build (E1C64328-A22C-4D53-A36C-8E866417BD8C): 0
LogDevObjectVersion:   Dev-Core (375EC13C-06E4-48FB-B500-84F0262A717E): 2
LogDevObjectVersion:   Dev-Editor (E4B068ED-F494-42E9-A231-DA0B2E46BB41): 20
LogDevObjectVersion:   Dev-Framework (CFFC743F-43B0-4480-9391-14DF171D2073): 30
LogDevObjectVersion:   Dev-Mobile (B02B49B5-BB20-44E9-A304-32B752E40360): 0
LogDevObjectVersion:   Dev-Networking (A4E4105C-59A1-49B5-A7C5-40C4547EDFEE): 0
LogDevObjectVersion:   Dev-Online (39C831C9-5AE6-47DC-9A44-9C173E1C8E7C): 0
LogDevObjectVersion:   Dev-Physics (78F01B33-EBEA-4F98-B9B4-84EACCB95AA2): 0
LogDevObjectVersion:   Dev-Platform (6631380F-2D4D-43E0-8009-CF276956A95A): 0
LogDevObjectVersion:   Dev-Rendering (12F88B9F-8875-4AFC-A67C-D90C383ABD29): 20
LogDevObjectVersion:   Dev-Sequencer (7B5AE74C-D270-4C10-A958-57980B212A5A): 4
LogDevObjectVersion:   Dev-VR (D7296918-1DD6-4BDD-9DE2-64A83CC13884): 0
LogDevObjectVersion:   Dev-LoadTimes (C2A15278-BFE7-4AFE-6C17-90FF531DF755): 1
LogDevObjectVersion:   Private-Geometry (6EACA3D4-40EC-4CC1-B786-8BED09428FC5): 1
LogDevObjectVersion:   Dev-AnimPhys (29E575DD-E0A3-4627-9D10-D276232CDCEA): 12
LogInit: Compiled (64-bit): Jan 12 2018 02:04:55
LogInit: Compiled with Visual C++: 19.00.24215.01
LogInit: Build Configuration: Development
LogInit: Branch Name: ++UE4+Release-4.18
LogInit: Command line: -EpicPortal 
LogInit: Base directory: C:/Program Files/Epic Games/UE_4.18/Engine/Binaries/Win64/
LogInit: Installed Engine Build: 1
LogInit: Presizing for max 8388607 objects, including 0 objects not considered by GC, pre-allocating 0 bytes for permanent pool.
LogInit: Object subsystem initialized
[2018.02.26-10.39.27:005][  0]LogInit: Selected Device Profile: [Windows]
[2018.02.26-10.39.27:005][  0]LogInit: Applying CVar settings loaded from the selected device profile: [Windows]
[2018.02.26-10.39.27:016][  0]LogInit: Computer: PC-B-9-253
[2018.02.26-10.39.27:016][  0]LogInit: User: stagiaire
[2018.02.26-10.39.27:016][  0]LogInit: CPU Page size=4096, Cores=4
[2018.02.26-10.39.27:016][  0]LogInit: High frequency timer resolution =3.507501 MHz
[2018.02.26-10.39.27:016][  0]LogMemory: Memory total: Physical=15.9GB (16GB approx)
[2018.02.26-10.39.27:016][  0]LogMemory: Platform Memory Stats for Windows
[2018.02.26-10.39.27:016][  0]LogMemory: Process Physical Memory: 277.04 MB used, 277.04 MB peak
[2018.02.26-10.39.27:016][  0]LogMemory: Process Virtual Memory: 281.79 MB used, 281.79 MB peak
[2018.02.26-10.39.27:016][  0]LogMemory: Physical Memory: 3121.81 MB used,  13200.23 MB free, 16322.04 MB total
[2018.02.26-10.39.27:016][  0]LogMemory: Virtual Memory: 690.18 MB used,  13200.23 MB free, 134217728.00 MB total
[2018.02.26-10.39.27:159][  0]LogInit: Using OS detected language (fr-FR).
[2018.02.26-10.39.27:159][  0]LogInit: Using OS detected locale (fr-FR).
[2018.02.26-10.39.27:161][  0]LogTextLocalizationManager: No localization for 'fr-FR' exists, so 'en' will be used for the language.
[2018.02.26-10.39.27:162][  0]LogTextLocalizationManager: No localization for 'fr-FR' exists, so 'en' will be used for the locale.
[2018.02.26-10.39.27:534][  0]LogInit: Setting process to per monitor DPI aware
[2018.02.26-10.39.27:755][  0]LogD3D11RHI: D3D11 adapters:
[2018.02.26-10.39.27:791][  0]LogD3D11RHI:    0. 'NVIDIA Quadro K600' (Feature Level 11_0)
[2018.02.26-10.39.27:791][  0]LogD3D11RHI:       996/0/8161 MB DedicatedVideo/DedicatedSystem/SharedSystem, Outputs:1, VendorId:0x10de
[2018.02.26-10.39.27:793][  0]LogD3D11RHI:    1. 'Microsoft Basic Render Driver' (Feature Level 11_0)
[2018.02.26-10.39.27:793][  0]LogD3D11RHI:       0/0/8161 MB DedicatedVideo/DedicatedSystem/SharedSystem, Outputs:0, VendorId:0x1414
[2018.02.26-10.39.27:793][  0]LogD3D11RHI: Chosen D3D11 Adapter: 0
[2018.02.26-10.39.27:798][  0]LogD3D11RHI: Creating new Direct3DDevice
[2018.02.26-10.39.27:798][  0]LogD3D11RHI:     GPU DeviceId: 0xffa (for the marketing name, search the web for "GPU Device Id")
[2018.02.26-10.39.27:798][  0]LogWindows: EnumDisplayDevices:
[2018.02.26-10.39.27:798][  0]LogWindows:    0. 'NVIDIA Quadro K600' (P:1 D:1)
[2018.02.26-10.39.27:798][  0]LogWindows:    1. 'NVIDIA Quadro K600' (P:0 D:0)
[2018.02.26-10.39.27:798][  0]LogWindows: DebugString: GetVideoDriverDetailsInvalid PrimaryIsNotTheChoosenAdapter GetVideoDriverDetailsInvalid PrimaryIsNotTheChoosenAdapter FoundDriverCount:0 
[2018.02.26-10.39.27:798][  0]LogD3D11RHI:     Adapter Name: NVIDIA Quadro K600
[2018.02.26-10.39.27:798][  0]LogD3D11RHI:   Driver Version: Unknown (internal:Unknown, unified:Unknown)
[2018.02.26-10.39.27:798][  0]LogD3D11RHI:      Driver Date: Unknown
[2018.02.26-10.39.27:798][  0]LogRHI: Texture pool is 697 MB (70% of 996 MB)
[2018.02.26-10.39.27:825][  0]LogD3D11RHI: Async texture creation enabled
[2018.02.26-10.39.27:838][  0]LogD3D11RHI: GPU Timing Frequency: 1000.000000 (Debug: 2 1)
[2018.02.26-10.39.27:839][  0]LogShaderCompilers: Guid format shader working directory is -37 characters bigger than the processId version (../../../../../../Users/stagiaire/Documents/UnrealProject/UnrealTutoPaper2D/TutoPaper2d/Intermediate/Shaders/WorkingDirectory/3528/).
[2018.02.26-10.39.27:839][  0]LogShaderCompilers: Cleaned the shader compiler working directory 'C:/Users/stagiaire/AppData/Local/Temp/UnrealShaderWorkingDir/31E139614266B3AF3950B3B2A0AE7447/'.
[2018.02.26-10.39.27:839][  0]LogShaderCompilers: Display: Using Local Shader Compiler.
[2018.02.26-10.39.28:660][  0]LogTemp: Display: Loaded TP AllDesktopTargetPlatform
[2018.02.26-10.39.28:707][  0]LogTemp: Display: Loaded TP MacClientTargetPlatform
[2018.02.26-10.39.28:754][  0]LogTemp: Display: Loaded TP MacNoEditorTargetPlatform
[2018.02.26-10.39.28:802][  0]LogTemp: Display: Loaded TP MacServerTargetPlatform
[2018.02.26-10.39.28:853][  0]LogTemp: Display: Loaded TP MacTargetPlatform
[2018.02.26-10.39.28:901][  0]LogTemp: Display: Loaded TP WindowsClientTargetPlatform
[2018.02.26-10.39.28:949][  0]LogTemp: Display: Loaded TP WindowsNoEditorTargetPlatform
[2018.02.26-10.39.28:996][  0]LogTemp: Display: Loaded TP WindowsServerTargetPlatform
[2018.02.26-10.39.29:038][  0]LogTemp: Display: Loaded TP WindowsTargetPlatform
[2018.02.26-10.39.29:084][  0]LogTemp: Display: Loaded TP Android_ASTCTargetPlatform
[2018.02.26-10.39.29:130][  0]LogTemp: Display: Loaded TP Android_ATCTargetPlatform
[2018.02.26-10.39.29:176][  0]LogTemp: Display: Loaded TP Android_DXTTargetPlatform
[2018.02.26-10.39.29:222][  0]LogTemp: Display: Loaded TP Android_ETC1TargetPlatform
[2018.02.26-10.39.29:268][  0]LogTemp: Display: Loaded TP Android_ETC2TargetPlatform
[2018.02.26-10.39.29:361][  0]LogTemp: Display: Loaded TP Android_MultiTargetPlatform
[2018.02.26-10.39.29:361][  0]LogTemp: Display: Loaded TP Android_PVRTCTargetPlatform
[2018.02.26-10.39.29:407][  0]LogTemp: Display: Loaded TP AndroidTargetPlatform
[2018.02.26-10.39.29:444][  0]LogTemp: Display: Loaded TP HTML5TargetPlatform
[2018.02.26-10.39.29:529][  0]LogTemp: Display: Loaded TP IOSTargetPlatform
[2018.02.26-10.39.29:554][  0]LogTemp: Display: Loaded TP TVOSTargetPlatform
[2018.02.26-10.39.29:601][  0]LogTemp: Display: Loaded TP LinuxClientTargetPlatform
[2018.02.26-10.39.29:647][  0]LogTemp: Display: Loaded TP LinuxNoEditorTargetPlatform
[2018.02.26-10.39.29:693][  0]LogTemp: Display: Loaded TP LinuxServerTargetPlatform
[2018.02.26-10.39.29:740][  0]LogTemp: Display: Loaded TP LinuxTargetPlatform
[2018.02.26-10.39.29:740][  0]LogTargetPlatformManager: Display: Building Assets For Windows
[2018.02.26-10.39.30:166][  0]LogDerivedDataCache: Display: Max Cache Size: 512 MB
[2018.02.26-10.39.30:226][  0]LogDerivedDataCache: Loaded boot cache 0.06s 78MB C:/Users/stagiaire/AppData/Local/UnrealEngine/4.18/DerivedDataCache/Boot.ddc.
[2018.02.26-10.39.30:226][  0]LogDerivedDataCache: Display: Loaded Boot cache: C:/Users/stagiaire/AppData/Local/UnrealEngine/4.18/DerivedDataCache/Boot.ddc
[2018.02.26-10.39.30:226][  0]LogDerivedDataCache: FDerivedDataBackendGraph:  Pak pak cache file ../../../../../../Users/stagiaire/Documents/UnrealProject/UnrealTutoPaper2D/TutoPaper2d/DerivedDataCache/DDC.ddp not found, will not use a pak cache.
[2018.02.26-10.39.30:226][  0]LogDerivedDataCache: Unable to find inner node Pak for hierarchical cache Hierarchy.
[2018.02.26-10.39.30:226][  0]LogDerivedDataCache: FDerivedDataBackendGraph:  CompressedPak pak cache file ../../../../../../Users/stagiaire/Documents/UnrealProject/UnrealTutoPaper2D/TutoPaper2d/DerivedDataCache/Compressed.ddp not found, will not use a pak cache.
[2018.02.26-10.39.30:226][  0]LogDerivedDataCache: Unable to find inner node CompressedPak for hierarchical cache Hierarchy.
[2018.02.26-10.39.30:240][  0]LogDerivedDataCache: Display: Pak cache opened for reading ../../../Engine/DerivedDataCache/Compressed.ddp.
[2018.02.26-10.39.30:252][  0]LogDerivedDataCache: Using Local data cache path C:/Users/stagiaire/AppData/Local/UnrealEngine/Common/DerivedDataCache: Writable
[2018.02.26-10.39.30:261][  0]LogMaterial: Verifying Global Shaders for PCD3D_SM5
[2018.02.26-10.39.30:261][  0]LogSlate: Using Freetype 2.6.0
[2018.02.26-10.39.30:262][  0]LogSlate: SlateFontCache - WITH_FREETYPE: 1, WITH_HARFBUZZ: 1
[2018.02.26-10.39.30:262][  0]LogSlate: SlateFontCache - WITH_FREETYPE: 1, WITH_HARFBUZZ: 1
[2018.02.26-10.39.30:590][  0]LogInit: Selected Device Profile: [Windows]
[2018.02.26-10.39.30:893][  0]LogSimplygon: Simplygon DLL not present - disabling.
[2018.02.26-10.39.30:929][  0]LogMeshReduction: Using SimplygonSwarm for distributed automatic mesh merging
[2018.02.26-10.39.30:929][  0]LogMeshReduction: Using QuadricMeshReduction for automatic static mesh reduction
[2018.02.26-10.39.30:929][  0]LogMeshReduction: No automatic skeletal mesh reduction module available
[2018.02.26-10.39.30:929][  0]LogMeshReduction: No automatic mesh merging module available
[2018.02.26-10.39.30:929][  0]LogMeshMerging: No automatic mesh merging module available
[2018.02.26-10.39.30:956][  0]LogNetVersion: TutoPaper2d , NetCL: 3709383, EngineNetVer: 2, GameNetVer: 0 (Checksum: 3459915010)
[2018.02.26-10.39.31:118][  0]LogAssetRegistry: FAssetRegistry took 0.0261 seconds to start up
[2018.02.26-10.39.31:586][  0]LogPackageLocalizationCache: Processed 7 localized package path(s) for 1 prioritized culture(s) in 0.035689 seconds
[2018.02.26-10.39.31:593][  0]LogUObjectArray: 35870 objects as part of root set at end of initial load.
[2018.02.26-10.39.31:593][  0]LogUObjectAllocator: 7363696 out of 0 bytes used by permanent object pool.
[2018.02.26-10.39.31:593][  0]LogUObjectArray: CloseDisregardForGC: 0/0 objects in disregard for GC pool
[2018.02.26-10.39.31:643][  0]LogInit: WinSock: version 1.1 (2.2), MaxSocks=32767, MaxUdp=65467
[2018.02.26-10.39.34:173][  0]LogTcpMessaging: Initializing TcpMessaging bridge
[2018.02.26-10.39.34:220][  0]LogUdpMessaging: Initializing bridge on interface 0.0.0.0:0 to multicast group 230.0.0.1:6666.
[2018.02.26-10.39.34:897][  0]LogMaterial: Uniform references updated for custom material expression Custom.
[2018.02.26-10.39.35:317][  0]SourceControl: Source control is disabled
[2018.02.26-10.39.35:317][  0]SourceControl: Source control is disabled
[2018.02.26-10.39.35:372][  0]SourceControl: Source control is disabled
[2018.02.26-10.39.35:426][  0]SourceControl: Source control is disabled
[2018.02.26-10.39.36:251][  0]LogAndroidPermission: UAndroidPermissionCallbackProxy::GetInstance
[2018.02.26-10.39.36:530][  0]LogOcInput: OculusInput pre-init called
[2018.02.26-10.39.36:819][  0]LogEngine: Initializing Engine...
[2018.02.26-10.39.36:821][  0]LogHMD: Failed to initialize OpenVR with code 110
[2018.02.26-10.39.37:038][  0]LogStats: UGameplayTagsManager::ConstructGameplayTagTree: Construct from data asset -  0.000 s
[2018.02.26-10.39.37:038][  0]LogStats: UGameplayTagsManager::ConstructGameplayTagTree: GameplayTagTreeChangedEvent.Broadcast -  0.000 s
[2018.02.26-10.39.37:158][  0]LogAIModule: Creating AISystem for world Untitled
[2018.02.26-10.39.37:165][  0]LogInit: XAudio2 using 'Haut-parleurs / écouteurs (Realtek High Definition Audio)' : 2 channels at 48 kHz using 32 bits per sample (channel mask 0x3)
[2018.02.26-10.39.37:303][  0]LogInit: FAudioDevice initialized.
[2018.02.26-10.39.37:406][  0]LogDerivedDataCache: Saved boot cache 0.10s 78MB C:/Users/stagiaire/AppData/Local/UnrealEngine/4.18/DerivedDataCache/Boot.ddc.
[2018.02.26-10.39.37:417][  0]LogInit: Texture streaming: Enabled
[2018.02.26-10.39.37:514][  0]LogEngineSessionManager: EngineSessionManager initialized
[2018.02.26-10.39.37:640][  0]LogInit: Transaction tracking system initialized
[2018.02.26-10.39.37:949][  0]BlueprintLog: New page: Editor Load
[2018.02.26-10.39.38:800][  0]LocalizationService: Localization service is disabled
[2018.02.26-10.39.39:482][  0]LogConsoleResponse: Display: 
[2018.02.26-10.39.39:658][  0]LogCook: Display: Max memory allowance for cook 16384mb min free memory 0mb
[2018.02.26-10.39.39:658][  0]LogCook: Display: Mobile HDR setting 1
[2018.02.26-10.39.39:658][  0]LogGameplayTags: Display: UGameplayTagsManager::DoneAddingNativeTags. DelegateIsBound: 0
[2018.02.26-10.39.40:361][  0]LogFileCache: Scanning file cache for directory 'C:/Users/stagiaire/Documents/UnrealProject/UnrealTutoPaper2D/TutoPaper2d/Content/' took 0.02s
[2018.02.26-10.39.40:797][  0]SourceControl: Source control is disabled
[2018.02.26-10.39.40:797][  0]Cmd: MAP LOAD FILE="../../../../../../Users/stagiaire/Documents/UnrealProject/UnrealTutoPaper2D/TutoPaper2d/Content/2dlevel.umap" TEMPLATE=0 SHOWPROGRESS=1 FEATURELEVEL=3
[2018.02.26-10.39.40:798][  0]LightingResults: New page: Lighting Build
[2018.02.26-10.39.40:837][  0]MapCheck: New page: Map Check
[2018.02.26-10.39.40:837][  0]LightingResults: New page: Lighting Build
[2018.02.26-10.39.41:444][  0]LogAIModule: Creating AISystem for world 2dlevel
[2018.02.26-10.39.41:453][  0]LogEditorServer: Finished looking for orphan Actors (0.000 secs)
[2018.02.26-10.39.41:466][  0]Cmd: MAP CHECKDEP NOCLEARLOG
[2018.02.26-10.39.41:523][  0]MapCheck: Map check complete: 0 Error(s), 0 Warning(s), took 55.912ms to complete.
[2018.02.26-10.39.41:523][  0]LogFileHelpers: Loading map '2dlevel' took 0.725
[2018.02.26-10.39.41:696][  0]LogCollectionManager: Loaded 0 collections in 0.002115 seconds
[2018.02.26-10.39.41:792][  0]LogFileCache: Scanning file cache for directory 'C:/Users/stagiaire/Documents/UnrealProject/UnrealTutoPaper2D/TutoPaper2d/Saved/Collections/' took 0.01s
[2018.02.26-10.39.41:792][  0]LogFileCache: Scanning file cache for directory 'C:/Users/stagiaire/Documents/UnrealProject/UnrealTutoPaper2D/TutoPaper2d/Content/Developers/stagiaire/Collections/' took 0.01s
[2018.02.26-10.39.41:792][  0]LogFileCache: Scanning file cache for directory 'C:/Users/stagiaire/Documents/UnrealProject/UnrealTutoPaper2D/TutoPaper2d/Content/Collections/' took 0.01s
[2018.02.26-10.39.41:792][  0]LogCollectionManager: Rebuilt the GUID cache for 0 collections in 0.000001 seconds
[2018.02.26-10.39.41:802][  0]LogContentBrowser: Native class hierarchy populated in 0.0080 seconds. Added 2363 classes and 519 folders.
[2018.02.26-10.39.41:864][  0]LogContentBrowser: Native class hierarchy updated for 'WidgetCarousel' in 0.0002 seconds. Added 0 classes and 0 folders.
[2018.02.26-10.39.42:248][  0]LogContentBrowser: Native class hierarchy updated for 'AddContentDialog' in 0.0002 seconds. Added 0 classes and 0 folders.
[2018.02.26-10.39.42:301][  0]LogContentBrowser: Native class hierarchy updated for 'SceneOutliner' in 0.0003 seconds. Added 1 classes and 2 folders.
[2018.02.26-10.39.42:363][  0]LogSlate: Took 0.000218 seconds to synchronously load lazily loaded font '../../../Engine/Content/Slate/Fonts/Roboto-Regular.ttf' (155K)
[2018.02.26-10.39.42:366][  0]LogSlate: Took 0.000214 seconds to synchronously load lazily loaded font '../../../Engine/Content/Slate/Fonts/Roboto-Bold.ttf' (160K)
[2018.02.26-10.39.42:378][  0]LogSlate: Took 0.004741 seconds to synchronously load lazily loaded font '../../../Engine/Content/Editor/Slate/Fonts/FontAwesome.ttf' (139K)
[2018.02.26-10.39.42:484][  0]LogRenderer: Reallocating scene render targets to support 804x540 Format 10 NumSamples 1 (Frame:1).
[2018.02.26-10.39.42:529][  0]LogSlate: Took 0.004351 seconds to synchronously load lazily loaded font '../../../Engine/Content/Slate/Fonts/Roboto-Light.ttf' (159K)
[2018.02.26-10.39.42:650][  0]LogContentBrowser: Native class hierarchy updated for 'HierarchicalLODOutliner' in 0.0003 seconds. Added 1 classes and 2 folders.
[2018.02.26-10.39.42:650][  0]LogLoad: (Engine Initialization) Total time: 18.04 seconds
[2018.02.26-10.39.42:650][  0]LogLoad: (Engine Initialization) Total Blueprint compile time: 0.00 seconds
[2018.02.26-10.39.42:650][  0]LogExternalProfiler: No external profilers were discovered.  External profiling features will not be available.
[2018.02.26-10.39.42:660][  0]LogWindowsTextInputMethodSystem: Display: IME system now deactivated.
[2018.02.26-10.39.42:680][  0]LogContentStreaming: Texture pool size now 1000 MB
[2018.02.26-10.39.42:739][  1]LogAssetRegistry: Asset discovery search completed in 11.6434 seconds
[2018.02.26-10.39.42:741][  1]LogCollectionManager: Rebuilt the object cache for 0 collections in 0.000000 seconds (found 0 objects)
[2018.02.26-10.39.42:741][  1]LogCollectionManager: Fixed up redirectors for 0 collections in 0.000047 seconds (updated 0 objects)
[2018.02.26-10.40.00:219][919]LogSlate: Took 0.000126 seconds to synchronously load lazily loaded font '../../../Engine/Content/Slate/Fonts/Roboto-Light.ttf' (159K)
[2018.02.26-10.40.17:786][600]LogAIModule: Creating AISystem for world PickUpsLevelTest
[2018.02.26-10.40.17:821][600]LogSlate: Took 0.000206 seconds to synchronously load lazily loaded font '../../../Engine/Content/Slate/Fonts/Roboto-Regular.ttf' (155K)
[2018.02.26-10.40.17:840][600]Cmd: MAP LOAD FILE="../../../../../../Users/stagiaire/Documents/UnrealProject/UnrealTutoPaper2D/TutoPaper2d/Content/testLevels/PickUpsLevelTest.umap" TEMPLATE=0 SHOWPROGRESS=1 FEATURELEVEL=3
[2018.02.26-10.40.17:840][600]LightingResults: New page: Lighting Build
[2018.02.26-10.40.17:841][600]LoadErrors: New page: Loading map: PickUpsLevelTest.umap
[2018.02.26-10.40.17:841][600]MapCheck: New page: Map Check
[2018.02.26-10.40.17:841][600]LightingResults: New page: Lighting Build
[2018.02.26-10.40.17:858][600]LogEditorServer: Finished looking for orphan Actors (0.000 secs)
[2018.02.26-10.40.17:925][600]Cmd: MAP CHECKDEP NOCLEARLOG
[2018.02.26-10.40.17:989][600]MapCheck: Map check complete: 0 Error(s), 0 Warning(s), took 64.234ms to complete.
[2018.02.26-10.40.17:989][600]LogFileHelpers: Loading map 'PickUpsLevelTest' took 0.150
[2018.02.26-10.40.20:593][746]LogEditorViewport: Clicking on Actor (LMB): PaperSpriteActor (IndustrialBackgroundSky2)
[2018.02.26-10.40.21:211][771]LogEditorViewport: Clicking on Actor (LMB): 1upPickUp_C (1upPickUp)
[2018.02.26-10.40.22:427][837]Cmd: DELETE
[2018.02.26-10.40.22:427][837]Cmd: ACTOR DELETE
[2018.02.26-10.40.22:434][837]LogEditorActor: Deleted Actor: 1upPickUp_C
[2018.02.26-10.40.22:445][837]LogEditorActor: Deleted 1 Actors (0.016 secs)
[2018.02.26-10.40.23:216][882]LogEditorViewport: Clicking on Actor (LMB): KeyPickUp_C (KeyPickUp)
[2018.02.26-10.40.23:297][883]Cmd: DELETE
[2018.02.26-10.40.23:297][883]Cmd: ACTOR DELETE
[2018.02.26-10.40.23:299][883]LogEditorActor: Deleted Actor: KeyPickUp_C
[2018.02.26-10.40.23:307][883]LogEditorActor: Deleted 1 Actors (0.010 secs)
[2018.02.26-10.40.24:781][970]LogEditorViewport: Clicking on Actor (LMB): MaxManaPickUp_C (MaxManaPickUp)
[2018.02.26-10.40.25:168][990]Cmd: DELETE
[2018.02.26-10.40.25:168][990]Cmd: ACTOR DELETE
[2018.02.26-10.40.25:170][990]LogEditorActor: Deleted Actor: MaxManaPickUp_C
[2018.02.26-10.40.25:186][990]LogEditorActor: Deleted 1 Actors (0.017 secs)
[2018.02.26-10.40.26:894][ 89]LogEditorViewport: Clicking on Actor (LMB): MaxHealthPickUp_C (MaxHealthPickUp)
[2018.02.26-10.40.27:296][110]Cmd: DELETE
[2018.02.26-10.40.27:296][110]Cmd: ACTOR DELETE
[2018.02.26-10.40.27:297][110]LogEditorActor: Deleted Actor: MaxHealthPickUp_C
[2018.02.26-10.40.27:315][110]LogEditorActor: Deleted 1 Actors (0.018 secs)
[2018.02.26-10.40.43:592][ 70]LogSavePackage: Save=36.39ms
[2018.02.26-10.40.43:592][ 70]LogSavePackage: Moving '../../../../../../Users/stagiaire/Documents/UnrealProject/UnrealTutoPaper2D/TutoPaper2d/Saved/PickUpsLevelTest1A38D44C4C0ABB7A2113E88FE27C778D.tmp' to '../../../../../../Users/stagiaire/Documents/UnrealProject/UnrealTutoPaper2D/TutoPaper2d/Content/testLevels/PickUpsLevelTest.umap'
[2018.02.26-10.40.43:596][ 70]LogSavePackage: Display: Finished SavePackage ../../../../../../Users/stagiaire/Documents/UnrealProject/UnrealTutoPaper2D/TutoPaper2d/Content/testLevels/PickUpsLevelTest.umap
[2018.02.26-10.40.43:793][ 70]LogSavePackage: Save=27.36ms
[2018.02.26-10.40.43:793][ 70]LogSavePackage: Moving '../../../../../../Users/stagiaire/Documents/UnrealProject/UnrealTutoPaper2D/TutoPaper2d/Saved/PickUpsLevelTest_BuiltData5ECD3C7B46846C21B45EB899A17D79BE.tmp' to '../../../../../../Users/stagiaire/Documents/UnrealProject/UnrealTutoPaper2D/TutoPaper2d/Content/testLevels/PickUpsLevelTest_BuiltData.uasset'
[2018.02.26-10.40.43:795][ 70]LogSavePackage: Display: Finished SavePackage ../../../../../../Users/stagiaire/Documents/UnrealProject/UnrealTutoPaper2D/TutoPaper2d/Content/testLevels/PickUpsLevelTest_BuiltData.uasset
[2018.02.26-10.41.28:581][372]LogSlate: Took 0.005552 seconds to synchronously load lazily loaded font '../../../Engine/Content/Editor/Slate/Fonts/Roboto-BoldCondensed.ttf' (158K)
[2018.02.26-10.42.09:888][ 64]LogSavePackage: Save=31.94ms
[2018.02.26-10.42.09:888][ 64]LogSavePackage: Moving '../../../../../../Users/stagiaire/Documents/UnrealProject/UnrealTutoPaper2D/TutoPaper2d/Saved/PickUpsLevelTest56FDA19442F4024E3E21EF968F4A6AEF.tmp' to '../../../../../../Users/stagiaire/Documents/UnrealProject/UnrealTutoPaper2D/TutoPaper2d/Content/testLevels/PickUpsLevelTest.umap'
[2018.02.26-10.42.09:890][ 64]LogSavePackage: Display: Finished SavePackage ../../../../../../Users/stagiaire/Documents/UnrealProject/UnrealTutoPaper2D/TutoPaper2d/Content/testLevels/PickUpsLevelTest.umap
[2018.02.26-10.42.10:057][ 64]LogSavePackage: Save=7.46ms
[2018.02.26-10.42.10:057][ 64]LogSavePackage: Moving '../../../../../../Users/stagiaire/Documents/UnrealProject/UnrealTutoPaper2D/TutoPaper2d/Saved/PickUpsLevelTest_BuiltDataF836CC964474D20D72D9F78CE7A8D890.tmp' to '../../../../../../Users/stagiaire/Documents/UnrealProject/UnrealTutoPaper2D/TutoPaper2d/Content/testLevels/PickUpsLevelTest_BuiltData.uasset'
[2018.02.26-10.42.10:058][ 64]LogSavePackage: Display: Finished SavePackage ../../../../../../Users/stagiaire/Documents/UnrealProject/UnrealTutoPaper2D/TutoPaper2d/Content/testLevels/PickUpsLevelTest_BuiltData.uasset
[2018.02.26-10.42.12:567][279]LogSavePackage: Save=4.42ms
[2018.02.26-10.42.12:568][279]LogSavePackage: Moving '../../../../../../Users/stagiaire/Documents/UnrealProject/UnrealTutoPaper2D/TutoPaper2d/Saved/PickUpGenericF93975C74B26D9D5D2B75EBC9D82F924.tmp' to '../../../../../../Users/stagiaire/Documents/UnrealProject/UnrealTutoPaper2D/TutoPaper2d/Content/Blueprint/PickUps/PickUpGeneric.uasset'
[2018.02.26-10.42.12:571][279]LogSavePackage: Display: Finished SavePackage ../../../../../../Users/stagiaire/Documents/UnrealProject/UnrealTutoPaper2D/TutoPaper2d/Content/Blueprint/PickUps/PickUpGeneric.uasset
[2018.02.26-10.42.27:887][361]LogContentBrowser: Native class hierarchy updated for 'BlueprintGraph' in 0.0006 seconds. Added 116 classes and 0 folders.
[2018.02.26-10.42.30:363][452]LogSlate: Took 0.007321 seconds to synchronously load lazily loaded font '../../../Engine/Content/Editor/Slate/Fonts/Roboto-Italic.ttf' (157K)
[2018.02.26-10.43.45:626][388]BlueprintLog: New page: Compile HeroCharacter
[2018.02.26-10.43.45:676][388]LogBlueprint: Warning: [UserHUD] 'LocalPlayerData' variable not found. Base class was probably changed. /Game/Blueprint/UserInterface/UserHUD.UserHUD
[2018.02.26-10.43.47:109][432]LogSavePackage: Save=120.49ms
[2018.02.26-10.43.47:110][432]LogSavePackage: Moving '../../../../../../Users/stagiaire/Documents/UnrealProject/UnrealTutoPaper2D/TutoPaper2d/Saved/HeroCharacter2890284C41A49ECF86601193C416AA9D.tmp' to '../../../../../../Users/stagiaire/Documents/UnrealProject/UnrealTutoPaper2D/TutoPaper2d/Content/Blueprint/Character/HeroCharacter.uasset'
[2018.02.26-10.43.47:113][432]LogSavePackage: Display: Finished SavePackage ../../../../../../Users/stagiaire/Documents/UnrealProject/UnrealTutoPaper2D/TutoPaper2d/Content/Blueprint/Character/HeroCharacter.uasset
[2018.02.26-10.44.34:566][360]BlueprintLog: New page: Compile PlayerDataSave
[2018.02.26-10.44.34:567][360]LogBlueprint: Warning: [DataManagement] 'PlayerDataMaps' variable not found. Base class was probably changed. /Game/Data/DataManagement.DataManagement
[2018.02.26-10.44.34:567][360]LogBlueprint: Warning: [DataManagement] 'PlayerDataMapsInitial' variable not found. Base class was probably changed. /Game/Data/DataManagement.DataManagement
[2018.02.26-10.44.34:568][360]LogBlueprint: Warning: [DataManagement] 'PlayerDataMaps' variable not found. Base class was probably changed. /Game/Data/DataManagement.DataManagement
[2018.02.26-10.44.34:568][360]LogBlueprint: Warning: [DataManagement] 'PlayerDataMaps' variable not found. Base class was probably changed. /Game/Data/DataManagement.DataManagement
[2018.02.26-10.44.35:227][385]LogSavePackage: Save=5.62ms
[2018.02.26-10.44.35:227][385]LogSavePackage: Moving '../../../../../../Users/stagiaire/Documents/UnrealProject/UnrealTutoPaper2D/TutoPaper2d/Saved/PlayerDataSave75618A62465CB93BDAA14C97C574704C.tmp' to '../../../../../../Users/stagiaire/Documents/UnrealProject/UnrealTutoPaper2D/TutoPaper2d/Content/Data/SaveGameData/PlayerDataSave.uasset'
[2018.02.26-10.44.35:230][385]LogSavePackage: Display: Finished SavePackage ../../../../../../Users/stagiaire/Documents/UnrealProject/UnrealTutoPaper2D/TutoPaper2d/Content/Data/SaveGameData/PlayerDataSave.uasset
[2018.02.26-10.45.36:902][147]LogSlate: Took 0.000168 seconds to synchronously load lazily loaded font '../../../Engine/Content/Slate/Fonts/Roboto-Light.ttf' (159K)
[2018.02.26-10.46.14:763][251]BlueprintLog: New page: Compile UserHUD
[2018.02.26-10.46.14:800][251]LogBlueprint: Warning: [Compiler UserHUD] Could not find a variable named "LocalPlayerData" in 'HeroCharacter_C'.
Make sure 'HeroCharacter_C' has been compiled for  Get LocalPlayerData
[2018.02.26-10.46.14:807][251]LogBlueprint: Error: [Compiler UserHUD] The property associated with  Local Player Data  could not be found
[2018.02.26-10.46.14:839][251]LogBlueprint: Warning: [Compiler UserHUD] [0410.23] Compile of UserHUD failed. 1 Fatal Issue(s) 1 Warning(s) [in 75 ms] (/Game/Blueprint/UserInterface/UserHUD.UserHUD)
[2018.02.26-10.46.15:581][272]LogSavePackage: Save=174.54ms
[2018.02.26-10.46.15:581][272]LogSavePackage: Moving '../../../../../../Users/stagiaire/Documents/UnrealProject/UnrealTutoPaper2D/TutoPaper2d/Saved/UserHUD227FF77D42A43E7D6627FF99AD0FE646.tmp' to '../../../../../../Users/stagiaire/Documents/UnrealProject/UnrealTutoPaper2D/TutoPaper2d/Content/Blueprint/UserInterface/UserHUD.uasset'
[2018.02.26-10.46.15:586][272]LogSavePackage: Display: Finished SavePackage ../../../../../../Users/stagiaire/Documents/UnrealProject/UnrealTutoPaper2D/TutoPaper2d/Content/Blueprint/UserInterface/UserHUD.uasset
[2018.02.26-10.46.28:717][957]BlueprintLog: New page: Compile UserHUD
[2018.02.26-10.46.30:254][ 10]LogSavePackage: Save=175.66ms
[2018.02.26-10.46.30:254][ 10]LogSavePackage: Moving '../../../../../../Users/stagiaire/Documents/UnrealProject/UnrealTutoPaper2D/TutoPaper2d/Saved/UserHUD0E4FCD1E41A8FAED32F9A085FBB737E7.tmp' to '../../../../../../Users/stagiaire/Documents/UnrealProject/UnrealTutoPaper2D/TutoPaper2d/Content/Blueprint/UserInterface/UserHUD.uasset'
[2018.02.26-10.46.30:258][ 10]LogSavePackage: Display: Finished SavePackage ../../../../../../Users/stagiaire/Documents/UnrealProject/UnrealTutoPaper2D/TutoPaper2d/Content/Blueprint/UserInterface/UserHUD.uasset
[2018.02.26-10.46.44:604][741]BlueprintLog: New page: Compile UserHUD
[2018.02.26-10.46.45:372][760]LogSavePackage: Save=173.91ms
[2018.02.26-10.46.45:372][760]LogSavePackage: Moving '../../../../../../Users/stagiaire/Documents/UnrealProject/UnrealTutoPaper2D/TutoPaper2d/Saved/UserHUD1FE21991499DE803986752B42A84D9D1.tmp' to '../../../../../../Users/stagiaire/Documents/UnrealProject/UnrealTutoPaper2D/TutoPaper2d/Content/Blueprint/UserInterface/UserHUD.uasset'
[2018.02.26-10.46.45:380][760]LogSavePackage: Display: Finished SavePackage ../../../../../../Users/stagiaire/Documents/UnrealProject/UnrealTutoPaper2D/TutoPaper2d/Content/Blueprint/UserInterface/UserHUD.uasset
[2018.02.26-10.46.52:759][130]LogEditorTransaction: Undo Delete current selection
[2018.02.26-10.46.56:717][306]BlueprintLog: New page: Compile UserHUD
[2018.02.26-10.48.20:803][964]BlueprintLog: New page: Compile UserHUD
[2018.02.26-10.48.21:669][989]LogSavePackage: Save=170.10ms
[2018.02.26-10.48.21:669][989]LogSavePackage: Moving '../../../../../../Users/stagiaire/Documents/UnrealProject/UnrealTutoPaper2D/TutoPaper2d/Saved/UserHUD632FEFEC4B64C03EB39479932E1EEE0D.tmp' to '../../../../../../Users/stagiaire/Documents/UnrealProject/UnrealTutoPaper2D/TutoPaper2d/Content/Blueprint/UserInterface/UserHUD.uasset'
[2018.02.26-10.48.21:672][989]LogSavePackage: Display: Finished SavePackage ../../../../../../Users/stagiaire/Documents/UnrealProject/UnrealTutoPaper2D/TutoPaper2d/Content/Blueprint/UserInterface/UserHUD.uasset
[2018.02.26-10.48.40:740][908]BlueprintLog: New page: Compile UserHUD
[2018.02.26-10.48.41:636][934]LogSavePackage: Save=167.36ms
[2018.02.26-10.48.41:637][934]LogSavePackage: Moving '../../../../../../Users/stagiaire/Documents/UnrealProject/UnrealTutoPaper2D/TutoPaper2d/Saved/UserHUD2655960D4FDC3E3A5267CFB6E7DA513B.tmp' to '../../../../../../Users/stagiaire/Documents/UnrealProject/UnrealTutoPaper2D/TutoPaper2d/Content/Blueprint/UserInterface/UserHUD.uasset'
[2018.02.26-10.48.41:641][934]LogSavePackage: Display: Finished SavePackage ../../../../../../Users/stagiaire/Documents/UnrealProject/UnrealTutoPaper2D/TutoPaper2d/Content/Blueprint/UserInterface/UserHUD.uasset
[2018.02.26-10.48.51:761][449]BlueprintLog: New page: Compile UserHUD
[2018.02.26-10.48.52:563][470]LogSavePackage: Save=165.01ms
[2018.02.26-10.48.52:563][470]LogSavePackage: Moving '../../../../../../Users/stagiaire/Documents/UnrealProject/UnrealTutoPaper2D/TutoPaper2d/Saved/UserHUD5AA8F80B4F38F85DFA40529CEF6A5A3E.tmp' to '../../../../../../Users/stagiaire/Documents/UnrealProject/UnrealTutoPaper2D/TutoPaper2d/Content/Blueprint/UserInterface/UserHUD.uasset'
[2018.02.26-10.48.52:567][470]LogSavePackage: Display: Finished SavePackage ../../../../../../Users/stagiaire/Documents/UnrealProject/UnrealTutoPaper2D/TutoPaper2d/Content/Blueprint/UserInterface/UserHUD.uasset
[2018.02.26-10.49.04:416][ 36]BlueprintLog: New page: Compile UserHUD
[2018.02.26-10.49.05:124][ 55]LogSavePackage: Save=158.73ms
[2018.02.26-10.49.05:124][ 55]LogSavePackage: Moving '../../../../../../Users/stagiaire/Documents/UnrealProject/UnrealTutoPaper2D/TutoPaper2d/Saved/UserHUDBED4D0F447F61399B51A129782CEF8B3.tmp' to '../../../../../../Users/stagiaire/Documents/UnrealProject/UnrealTutoPaper2D/TutoPaper2d/Content/Blueprint/UserInterface/UserHUD.uasset'
[2018.02.26-10.49.05:128][ 55]LogSavePackage: Display: Finished SavePackage ../../../../../../Users/stagiaire/Documents/UnrealProject/UnrealTutoPaper2D/TutoPaper2d/Content/Blueprint/UserInterface/UserHUD.uasset
[2018.02.26-10.49.14:638][520]BlueprintLog: New page: Compile UserHUD
[2018.02.26-10.49.15:319][537]LogSavePackage: Save=152.79ms
[2018.02.26-10.49.15:319][537]LogSavePackage: Moving '../../../../../../Users/stagiaire/Documents/UnrealProject/UnrealTutoPaper2D/TutoPaper2d/Saved/UserHUD6E197D8B4594997D014A5CB2443490A2.tmp' to '../../../../../../Users/stagiaire/Documents/UnrealProject/UnrealTutoPaper2D/TutoPaper2d/Content/Blueprint/UserInterface/UserHUD.uasset'
[2018.02.26-10.49.15:322][537]LogSavePackage: Display: Finished SavePackage ../../../../../../Users/stagiaire/Documents/UnrealProject/UnrealTutoPaper2D/TutoPaper2d/Content/Blueprint/UserInterface/UserHUD.uasset
[2018.02.26-10.49.26:723][106]BlueprintLog: New page: Compile UserHUD
[2018.02.26-10.49.28:256][166]LogSavePackage: Save=150.69ms
[2018.02.26-10.49.28:256][166]LogSavePackage: Moving '../../../../../../Users/stagiaire/Documents/UnrealProject/UnrealTutoPaper2D/TutoPaper2d/Saved/UserHUDF1E7B7BD459920697ECB91975EA633F9.tmp' to '../../../../../../Users/stagiaire/Documents/UnrealProject/UnrealTutoPaper2D/TutoPaper2d/Content/Blueprint/UserInterface/UserHUD.uasset'
[2018.02.26-10.49.28:259][166]LogSavePackage: Display: Finished SavePackage ../../../../../../Users/stagiaire/Documents/UnrealProject/UnrealTutoPaper2D/TutoPaper2d/Content/Blueprint/UserInterface/UserHUD.uasset
[2018.02.26-10.49.39:413][725]BlueprintLog: New page: Compile UserHUD
[2018.02.26-10.49.40:147][746]LogSavePackage: Save=144.49ms
[2018.02.26-10.49.40:147][746]LogSavePackage: Moving '../../../../../../Users/stagiaire/Documents/UnrealProject/UnrealTutoPaper2D/TutoPaper2d/Saved/UserHUDB0DB66E64872B3FDCE33219786A2614B.tmp' to '../../../../../../Users/stagiaire/Documents/UnrealProject/UnrealTutoPaper2D/TutoPaper2d/Content/Blueprint/UserInterface/UserHUD.uasset'
[2018.02.26-10.49.40:151][746]LogSavePackage: Display: Finished SavePackage ../../../../../../Users/stagiaire/Documents/UnrealProject/UnrealTutoPaper2D/TutoPaper2d/Content/Blueprint/UserInterface/UserHUD.uasset
[2018.02.26-10.50.03:522][847]BlueprintLog: New page: Compile UserHUD
[2018.02.26-10.50.04:230][866]LogSavePackage: Save=140.22ms
[2018.02.26-10.50.04:230][866]LogSavePackage: Moving '../../../../../../Users/stagiaire/Documents/UnrealProject/UnrealTutoPaper2D/TutoPaper2d/Saved/UserHUD45A0DB8A45A04C3A83637BBE0644AAB1.tmp' to '../../../../../../Users/stagiaire/Documents/UnrealProject/UnrealTutoPaper2D/TutoPaper2d/Content/Blueprint/UserInterface/UserHUD.uasset'
[2018.02.26-10.50.04:234][866]LogSavePackage: Display: Finished SavePackage ../../../../../../Users/stagiaire/Documents/UnrealProject/UnrealTutoPaper2D/TutoPaper2d/Content/Blueprint/UserInterface/UserHUD.uasset
[2018.02.26-10.50.21:298][773]BlueprintLog: New page: Compile UserHUD
[2018.02.26-10.50.21:954][791]LogSavePackage: Save=135.77ms
[2018.02.26-10.50.21:954][791]LogSavePackage: Moving '../../../../../../Users/stagiaire/Documents/UnrealProject/UnrealTutoPaper2D/TutoPaper2d/Saved/UserHUD2B4F43C34550E9AE90E261A11C0BDD8C.tmp' to '../../../../../../Users/stagiaire/Documents/UnrealProject/UnrealTutoPaper2D/TutoPaper2d/Content/Blueprint/UserInterface/UserHUD.uasset'
[2018.02.26-10.50.21:957][791]LogSavePackage: Display: Finished SavePackage ../../../../../../Users/stagiaire/Documents/UnrealProject/UnrealTutoPaper2D/TutoPaper2d/Content/Blueprint/UserInterface/UserHUD.uasset
[2018.02.26-10.50.34:481][445]BlueprintLog: New page: Compile UserHUD
[2018.02.26-10.50.35:182][464]LogSavePackage: Save=133.41ms
[2018.02.26-10.50.35:182][464]LogSavePackage: Moving '../../../../../../Users/stagiaire/Documents/UnrealProject/UnrealTutoPaper2D/TutoPaper2d/Saved/UserHUDA93C1B8F42DC90455F9A1A8ED8C2D7DB.tmp' to '../../../../../../Users/stagiaire/Documents/UnrealProject/UnrealTutoPaper2D/TutoPaper2d/Content/Blueprint/UserInterface/UserHUD.uasset'
[2018.02.26-10.50.35:186][464]LogSavePackage: Display: Finished SavePackage ../../../../../../Users/stagiaire/Documents/UnrealProject/UnrealTutoPaper2D/TutoPaper2d/Content/Blueprint/UserInterface/UserHUD.uasset
[2018.02.26-10.50.45:433][ 28]BlueprintLog: New page: Compile UserHUD
[2018.02.26-10.50.46:195][ 51]LogSavePackage: Save=127.51ms
[2018.02.26-10.50.46:195][ 51]LogSavePackage: Moving '../../../../../../Users/stagiaire/Documents/UnrealProject/UnrealTutoPaper2D/TutoPaper2d/Saved/UserHUD2468C5FD44FAC2AF725975A328B2336A.tmp' to '../../../../../../Users/stagiaire/Documents/UnrealProject/UnrealTutoPaper2D/TutoPaper2d/Content/Blueprint/UserInterface/UserHUD.uasset'
[2018.02.26-10.50.46:199][ 51]LogSavePackage: Display: Finished SavePackage ../../../../../../Users/stagiaire/Documents/UnrealProject/UnrealTutoPaper2D/TutoPaper2d/Content/Blueprint/UserInterface/UserHUD.uasset
[2018.02.26-10.50.55:627][518]BlueprintLog: New page: Compile UserHUD
[2018.02.26-10.50.56:318][537]LogSavePackage: Save=122.74ms
[2018.02.26-10.50.56:318][537]LogSavePackage: Moving '../../../../../../Users/stagiaire/Documents/UnrealProject/UnrealTutoPaper2D/TutoPaper2d/Saved/UserHUDF2CCE1D7416C7E79BC138AADE053667D.tmp' to '../../../../../../Users/stagiaire/Documents/UnrealProject/UnrealTutoPaper2D/TutoPaper2d/Content/Blueprint/UserInterface/UserHUD.uasset'
[2018.02.26-10.50.56:322][537]LogSavePackage: Display: Finished SavePackage ../../../../../../Users/stagiaire/Documents/UnrealProject/UnrealTutoPaper2D/TutoPaper2d/Content/Blueprint/UserInterface/UserHUD.uasset
[2018.02.26-10.51.08:069][117]BlueprintLog: New page: Compile UserHUD
[2018.02.26-10.51.08:740][135]LogSavePackage: Save=118.47ms
[2018.02.26-10.51.08:740][135]LogSavePackage: Moving '../../../../../../Users/stagiaire/Documents/UnrealProject/UnrealTutoPaper2D/TutoPaper2d/Saved/UserHUDADFABA1346258487CD77629DC72DA8E5.tmp' to '../../../../../../Users/stagiaire/Documents/UnrealProject/UnrealTutoPaper2D/TutoPaper2d/Content/Blueprint/UserInterface/UserHUD.uasset'
[2018.02.26-10.51.08:744][135]LogSavePackage: Display: Finished SavePackage ../../../../../../Users/stagiaire/Documents/UnrealProject/UnrealTutoPaper2D/TutoPaper2d/Content/Blueprint/UserInterface/UserHUD.uasset
[2018.02.26-10.51.16:692][529]BlueprintLog: New page: Compile UserHUD
[2018.02.26-10.51.17:310][545]LogSavePackage: Save=115.26ms
[2018.02.26-10.51.17:310][545]LogSavePackage: Moving '../../../../../../Users/stagiaire/Documents/UnrealProject/UnrealTutoPaper2D/TutoPaper2d/Saved/UserHUD4D53E0BC4E2F1C9F90E4F7A8E84BEE10.tmp' to '../../../../../../Users/stagiaire/Documents/UnrealProject/UnrealTutoPaper2D/TutoPaper2d/Content/Blueprint/UserInterface/UserHUD.uasset'
[2018.02.26-10.51.17:313][545]LogSavePackage: Display: Finished SavePackage ../../../../../../Users/stagiaire/Documents/UnrealProject/UnrealTutoPaper2D/TutoPaper2d/Content/Blueprint/UserInterface/UserHUD.uasset
[2018.02.26-10.51.25:716][944]BlueprintLog: New page: Compile UserHUD
[2018.02.26-10.51.26:392][963]LogSavePackage: Save=113.34ms
[2018.02.26-10.51.26:392][963]LogSavePackage: Moving '../../../../../../Users/stagiaire/Documents/UnrealProject/UnrealTutoPaper2D/TutoPaper2d/Saved/UserHUDFCD83CA94D46B94E5EA84BABA0823955.tmp' to '../../../../../../Users/stagiaire/Documents/UnrealProject/UnrealTutoPaper2D/TutoPaper2d/Content/Blueprint/UserInterface/UserHUD.uasset'
[2018.02.26-10.51.26:396][963]LogSavePackage: Display: Finished SavePackage ../../../../../../Users/stagiaire/Documents/UnrealProject/UnrealTutoPaper2D/TutoPaper2d/Content/Blueprint/UserInterface/UserHUD.uasset
[2018.02.26-10.51.32:524][256]LogSavePackage: Save=103.72ms
[2018.02.26-10.51.32:524][256]LogSavePackage: Moving '../../../../../../Users/stagiaire/Documents/UnrealProject/UnrealTutoPaper2D/TutoPaper2d/Saved/UserHUDB0E44D7E4F4DB704776BB1B0B7AF54F3.tmp' to '../../../../../../Users/stagiaire/Documents/UnrealProject/UnrealTutoPaper2D/TutoPaper2d/Content/Blueprint/UserInterface/UserHUD.uasset'
[2018.02.26-10.51.32:528][256]LogSavePackage: Display: Finished SavePackage ../../../../../../Users/stagiaire/Documents/UnrealProject/UnrealTutoPaper2D/TutoPaper2d/Content/Blueprint/UserInterface/UserHUD.uasset
[2018.02.26-10.52.25:672][781]LogSavePackage: Save=32.36ms
[2018.02.26-10.52.25:672][781]LogSavePackage: Moving '../../../../../../Users/stagiaire/Documents/UnrealProject/UnrealTutoPaper2D/TutoPaper2d/Saved/PickUpsLevelTestBB1EFB9F41A7F0336AEF089AB13D41B8.tmp' to '../../../../../../Users/stagiaire/Documents/UnrealProject/UnrealTutoPaper2D/TutoPaper2d/Content/testLevels/PickUpsLevelTest.umap'
[2018.02.26-10.52.25:674][781]LogSavePackage: Display: Finished SavePackage ../../../../../../Users/stagiaire/Documents/UnrealProject/UnrealTutoPaper2D/TutoPaper2d/Content/testLevels/PickUpsLevelTest.umap
[2018.02.26-10.52.25:847][781]LogSavePackage: Save=7.19ms
[2018.02.26-10.52.25:847][781]LogSavePackage: Moving '../../../../../../Users/stagiaire/Documents/UnrealProject/UnrealTutoPaper2D/TutoPaper2d/Saved/PickUpsLevelTest_BuiltData615802E54F134DF6FFA5B5B07A0A7999.tmp' to '../../../../../../Users/stagiaire/Documents/UnrealProject/UnrealTutoPaper2D/TutoPaper2d/Content/testLevels/PickUpsLevelTest_BuiltData.uasset'
[2018.02.26-10.52.25:849][781]LogSavePackage: Display: Finished SavePackage ../../../../../../Users/stagiaire/Documents/UnrealProject/UnrealTutoPaper2D/TutoPaper2d/Content/testLevels/PickUpsLevelTest_BuiltData.uasset
[2018.02.26-10.53.39:182][471]LogClass: UUserDefinedStruct.Serialize 'STRUCT_REINST_PlayerData_1' validation: Struct 'UserDefinedStruct /Engine/Transient.STRUCT_REINST_PlayerData_1' is empty
[2018.02.26-10.53.43:786][737]LogClass: UUserDefinedStruct.Serialize 'STRUCT_REINST_PlayerData_5' validation: Struct 'UserDefinedStruct /Engine/Transient.STRUCT_REINST_PlayerData_5' is empty
[2018.02.26-10.53.45:309][815]LogSlate: Took 0.005307 seconds to synchronously load lazily loaded font '../../../Engine/Content/Editor/Slate/Fonts/Roboto-BoldCondensedItalic.ttf' (160K)
[2018.02.26-10.53.46:039][902]LogClass: UUserDefinedStruct.Serialize 'STRUCT_REINST_PlayerData_9' validation: Struct 'UserDefinedStruct /Engine/Transient.STRUCT_REINST_PlayerData_9' is empty
[2018.02.26-10.53.46:998][954]LogClass: UUserDefinedStruct.Serialize 'STRUCT_REINST_PlayerData_13' validation: Struct 'UserDefinedStruct /Engine/Transient.STRUCT_REINST_PlayerData_13' is empty
[2018.02.26-10.53.48:281][ 24]LogClass: UUserDefinedStruct.Serialize 'STRUCT_REINST_PlayerData_17' validation: Struct 'UserDefinedStruct /Engine/Transient.STRUCT_REINST_PlayerData_17' is empty
[2018.02.26-10.53.48:711][ 48]LogClass: UUserDefinedStruct.Serialize 'STRUCT_REINST_PlayerData_21' validation: Struct 'UserDefinedStruct /Engine/Transient.STRUCT_REINST_PlayerData_21' is empty
[2018.02.26-10.53.50:860][155]LogSavePackage: Save=5.73ms
[2018.02.26-10.53.50:861][155]LogSavePackage: Moving '../../../../../../Users/stagiaire/Documents/UnrealProject/UnrealTutoPaper2D/TutoPaper2d/Saved/CharacterStats8321DEBA4A6641591A54D48EC9F298F7.tmp' to '../../../../../../Users/stagiaire/Documents/UnrealProject/UnrealTutoPaper2D/TutoPaper2d/Content/Data/SaveGameData/CharacterStats.uasset'
[2018.02.26-10.53.50:864][155]LogSavePackage: Display: Finished SavePackage ../../../../../../Users/stagiaire/Documents/UnrealProject/UnrealTutoPaper2D/TutoPaper2d/Content/Data/SaveGameData/CharacterStats.uasset
[2018.02.26-10.54.01:123][707]LogClass: UUserDefinedStruct.Serialize 'STRUCT_REINST_PlayerData_27' validation: Struct 'UserDefinedStruct /Engine/Transient.STRUCT_REINST_PlayerData_27' is empty
[2018.02.26-10.54.02:666][783]LogSavePackage: Save=5.37ms
[2018.02.26-10.54.02:666][783]LogSavePackage: Moving '../../../../../../Users/stagiaire/Documents/UnrealProject/UnrealTutoPaper2D/TutoPaper2d/Saved/CharacterStatsBF75BC774DB57486D68108979893848F.tmp' to '../../../../../../Users/stagiaire/Documents/UnrealProject/UnrealTutoPaper2D/TutoPaper2d/Content/Data/SaveGameData/CharacterStats.uasset'
[2018.02.26-10.54.02:670][783]LogSavePackage: Display: Finished SavePackage ../../../../../../Users/stagiaire/Documents/UnrealProject/UnrealTutoPaper2D/TutoPaper2d/Content/Data/SaveGameData/CharacterStats.uasset
[2018.02.26-10.54.56:658][708]LogClass: UUserDefinedStruct.Serialize 'STRUCT_REINST_PlayerData_29' validation: Struct 'UserDefinedStruct /Engine/Transient.STRUCT_REINST_PlayerData_29' is empty
[2018.02.26-10.55.02:407][ 23]LogClass: UUserDefinedStruct.Serialize 'STRUCT_REINST_PlayerData_33' validation: Struct 'UserDefinedStruct /Engine/Transient.STRUCT_REINST_PlayerData_33' is empty
[2018.02.26-10.55.05:354][181]LogClass: UUserDefinedStruct.Serialize 'STRUCT_REINST_PlayerData_37' validation: Struct 'UserDefinedStruct /Engine/Transient.STRUCT_REINST_PlayerData_37' is empty
[2018.02.26-10.55.07:495][295]LogClass: UUserDefinedStruct.Serialize 'STRUCT_REINST_PlayerData_41' validation: Struct 'UserDefinedStruct /Engine/Transient.STRUCT_REINST_PlayerData_41' is empty
[2018.02.26-10.55.08:216][335]LogClass: UUserDefinedStruct.Serialize 'STRUCT_REINST_PlayerData_45' validation: Struct 'UserDefinedStruct /Engine/Transient.STRUCT_REINST_PlayerData_45' is empty
[2018.02.26-10.55.08:757][364]LogClass: UUserDefinedStruct.Serialize 'STRUCT_REINST_PlayerData_49' validation: Struct 'UserDefinedStruct /Engine/Transient.STRUCT_REINST_PlayerData_49' is empty
[2018.02.26-10.55.09:261][392]LogClass: UUserDefinedStruct.Serialize 'STRUCT_REINST_PlayerData_53' validation: Struct 'UserDefinedStruct /Engine/Transient.STRUCT_REINST_PlayerData_53' is empty
[2018.02.26-10.55.09:754][419]LogClass: UUserDefinedStruct.Serialize 'STRUCT_REINST_PlayerData_57' validation: Struct 'UserDefinedStruct /Engine/Transient.STRUCT_REINST_PlayerData_57' is empty
[2018.02.26-10.55.11:486][511]LogClass: UUserDefinedStruct.Serialize 'STRUCT_REINST_PlayerData_61' validation: Struct 'UserDefinedStruct /Engine/Transient.STRUCT_REINST_PlayerData_61' is empty
[2018.02.26-10.55.12:108][545]LogClass: UUserDefinedStruct.Serialize 'STRUCT_REINST_PlayerData_65' validation: Struct 'UserDefinedStruct /Engine/Transient.STRUCT_REINST_PlayerData_65' is empty
[2018.02.26-10.55.16:709][992]LogClass: UUserDefinedStruct.Serialize 'STRUCT_REINST_PlayerData_69' validation: Struct 'UserDefinedStruct /Engine/Transient.STRUCT_REINST_PlayerData_69' is empty
[2018.02.26-10.55.17:909][ 49]LogSavePackage: Save=6.25ms
[2018.02.26-10.55.17:909][ 49]LogSavePackage: Moving '../../../../../../Users/stagiaire/Documents/UnrealProject/UnrealTutoPaper2D/TutoPaper2d/Saved/PlayerInventoryE1B228424CC6717238CA8395D37CE9A1.tmp' to '../../../../../../Users/stagiaire/Documents/UnrealProject/UnrealTutoPaper2D/TutoPaper2d/Content/Data/SaveGameData/PlayerInventory.uasset'
[2018.02.26-10.55.17:912][ 49]LogSavePackage: Display: Finished SavePackage ../../../../../../Users/stagiaire/Documents/UnrealProject/UnrealTutoPaper2D/TutoPaper2d/Content/Data/SaveGameData/PlayerInventory.uasset
[2018.02.26-10.55.36:197][ 19]LogClass: UUserDefinedStruct.Serialize 'STRUCT_REINST_PlayerData_75' validation: Struct 'UserDefinedStruct /Engine/Transient.STRUCT_REINST_PlayerData_75' is empty
[2018.02.26-10.55.42:039][338]LogClass: UUserDefinedStruct.Serialize 'STRUCT_REINST_PlayerData_79' validation: Struct 'UserDefinedStruct /Engine/Transient.STRUCT_REINST_PlayerData_79' is empty
[2018.02.26-10.55.46:225][561]LogClass: UUserDefinedStruct.Serialize 'STRUCT_REINST_PlayerData_83' validation: Struct 'UserDefinedStruct /Engine/Transient.STRUCT_REINST_PlayerData_83' is empty
[2018.02.26-10.56.06:119][638]LogSavePackage: Save=5.84ms
[2018.02.26-10.56.06:119][638]LogSavePackage: Moving '../../../../../../Users/stagiaire/Documents/UnrealProject/UnrealTutoPaper2D/TutoPaper2d/Saved/PlayerInventoryA0C17F774C31F0C34223069AB3684A0E.tmp' to '../../../../../../Users/stagiaire/Documents/UnrealProject/UnrealTutoPaper2D/TutoPaper2d/Content/Data/SaveGameData/PlayerInventory.uasset'
[2018.02.26-10.56.06:123][638]LogSavePackage: Display: Finished SavePackage ../../../../../../Users/stagiaire/Documents/UnrealProject/UnrealTutoPaper2D/TutoPaper2d/Content/Data/SaveGameData/PlayerInventory.uasset
[2018.02.26-10.56.13:226][ 20]LogClass: UUserDefinedStruct.Serialize 'STRUCT_REINST_PlayerData_113' validation: Struct 'UserDefinedStruct /Engine/Transient.STRUCT_REINST_PlayerData_113' is empty
[2018.02.26-10.56.16:290][197]LogClass: UUserDefinedStruct.Serialize 'STRUCT_REINST_PlayerData_117' validation: Struct 'UserDefinedStruct /Engine/Transient.STRUCT_REINST_PlayerData_117' is empty
[2018.02.26-10.56.17:957][286]LogClass: UUserDefinedStruct.Serialize 'STRUCT_REINST_PlayerData_121' validation: Struct 'UserDefinedStruct /Engine/Transient.STRUCT_REINST_PlayerData_121' is empty
[2018.02.26-10.56.18:654][324]LogClass: UUserDefinedStruct.Serialize 'STRUCT_REINST_PlayerData_125' validation: Struct 'UserDefinedStruct /Engine/Transient.STRUCT_REINST_PlayerData_125' is empty
[2018.02.26-10.56.19:176][354]LogClass: UUserDefinedStruct.Serialize 'STRUCT_REINST_PlayerData_129' validation: Struct 'UserDefinedStruct /Engine/Transient.STRUCT_REINST_PlayerData_129' is empty
[2018.02.26-10.56.19:651][382]LogClass: UUserDefinedStruct.Serialize 'STRUCT_REINST_PlayerData_133' validation: Struct 'UserDefinedStruct /Engine/Transient.STRUCT_REINST_PlayerData_133' is empty
[2018.02.26-10.56.23:597][592]LogClass: UUserDefinedStruct.Serialize 'STRUCT_REINST_PlayerData_137' validation: Struct 'UserDefinedStruct /Engine/Transient.STRUCT_REINST_PlayerData_137' is empty
[2018.02.26-10.56.29:644][983]LogSavePackage: Save=5.51ms
[2018.02.26-10.56.29:644][983]LogSavePackage: Moving '../../../../../../Users/stagiaire/Documents/UnrealProject/UnrealTutoPaper2D/TutoPaper2d/Saved/CharacterStats160C3ADD4C6338D6CA75BBA2671170B8.tmp' to '../../../../../../Users/stagiaire/Documents/UnrealProject/UnrealTutoPaper2D/TutoPaper2d/Content/Data/SaveGameData/CharacterStats.uasset'
[2018.02.26-10.56.29:648][983]LogSavePackage: Display: Finished SavePackage ../../../../../../Users/stagiaire/Documents/UnrealProject/UnrealTutoPaper2D/TutoPaper2d/Content/Data/SaveGameData/CharacterStats.uasset
[2018.02.26-10.56.32:372][123]LogSavePackage: Save=5.89ms
[2018.02.26-10.56.32:372][123]LogSavePackage: Moving '../../../../../../Users/stagiaire/Documents/UnrealProject/UnrealTutoPaper2D/TutoPaper2d/Saved/PlayerData3ECBA9634F0EB3E68E5FEF862D4C29AB.tmp' to '../../../../../../Users/stagiaire/Documents/UnrealProject/UnrealTutoPaper2D/TutoPaper2d/Content/Data/SaveGameData/PlayerData.uasset'
[2018.02.26-10.56.32:375][123]LogSavePackage: Display: Finished SavePackage ../../../../../../Users/stagiaire/Documents/UnrealProject/UnrealTutoPaper2D/TutoPaper2d/Content/Data/SaveGameData/PlayerData.uasset
[2018.02.26-10.57.59:945][467]LogSavePackage: Save=6.21ms
[2018.02.26-10.57.59:945][467]LogSavePackage: Moving '../../../../../../Users/stagiaire/Documents/UnrealProject/UnrealTutoPaper2D/TutoPaper2d/Saved/CharacterStats1E85479D4969FAD7D084EEACE675D6FC.tmp' to '../../../../../../Users/stagiaire/Documents/UnrealProject/UnrealTutoPaper2D/TutoPaper2d/Content/Data/SaveGameData/CharacterStats.uasset'
[2018.02.26-10.57.59:948][467]LogSavePackage: Display: Finished SavePackage ../../../../../../Users/stagiaire/Documents/UnrealProject/UnrealTutoPaper2D/TutoPaper2d/Content/Data/SaveGameData/CharacterStats.uasset
[2018.02.26-10.58.44:339][840]LogClass: UUserDefinedStruct.Serialize 'STRUCT_REINST_PlayerData_177' validation: Struct 'UserDefinedStruct /Engine/Transient.STRUCT_REINST_PlayerData_177' is empty
[2018.02.26-10.58.50:754][189]LogClass: UUserDefinedStruct.Serialize 'STRUCT_REINST_PlayerData_181' validation: Struct 'UserDefinedStruct /Engine/Transient.STRUCT_REINST_PlayerData_181' is empty
[2018.02.26-10.58.54:274][367]LogSavePackage: Save=6.63ms
[2018.02.26-10.58.54:274][367]LogSavePackage: Moving '../../../../../../Users/stagiaire/Documents/UnrealProject/UnrealTutoPaper2D/TutoPaper2d/Saved/CharacterStatsA221EF0B4DF3974E863C76B25E665206.tmp' to '../../../../../../Users/stagiaire/Documents/UnrealProject/UnrealTutoPaper2D/TutoPaper2d/Content/Data/SaveGameData/CharacterStats.uasset'
[2018.02.26-10.58.54:277][367]LogSavePackage: Display: Finished SavePackage ../../../../../../Users/stagiaire/Documents/UnrealProject/UnrealTutoPaper2D/TutoPaper2d/Content/Data/SaveGameData/CharacterStats.uasset
[2018.02.26-10.58.57:846][557]LogClass: UUserDefinedStruct.Serialize 'STRUCT_REINST_PlayerData_185' validation: Struct 'UserDefinedStruct /Engine/Transient.STRUCT_REINST_PlayerData_185' is empty
[2018.02.26-10.58.58:440][591]LogClass: UUserDefinedStruct.Serialize 'STRUCT_REINST_PlayerData_189' validation: Struct 'UserDefinedStruct /Engine/Transient.STRUCT_REINST_PlayerData_189' is empty
[2018.02.26-10.58.58:994][623]LogClass: UUserDefinedStruct.Serialize 'STRUCT_REINST_PlayerData_193' validation: Struct 'UserDefinedStruct /Engine/Transient.STRUCT_REINST_PlayerData_193' is empty
[2018.02.26-10.59.00:209][681]LogSavePackage: Save=6.44ms
[2018.02.26-10.59.00:209][681]LogSavePackage: Moving '../../../../../../Users/stagiaire/Documents/UnrealProject/UnrealTutoPaper2D/TutoPaper2d/Saved/CharacterStatsFA08607E44AF3688D8BC25956F0EAB3D.tmp' to '../../../../../../Users/stagiaire/Documents/UnrealProject/UnrealTutoPaper2D/TutoPaper2d/Content/Data/SaveGameData/CharacterStats.uasset'
[2018.02.26-10.59.00:213][681]LogSavePackage: Display: Finished SavePackage ../../../../../../Users/stagiaire/Documents/UnrealProject/UnrealTutoPaper2D/TutoPaper2d/Content/Data/SaveGameData/CharacterStats.uasset
[2018.02.26-10.59.01:547][752]LogSavePackage: Save=6.07ms
[2018.02.26-10.59.01:548][752]LogSavePackage: Moving '../../../../../../Users/stagiaire/Documents/UnrealProject/UnrealTutoPaper2D/TutoPaper2d/Saved/PlayerData1C5CB2A341159B1411C04F8C7EEDEFFB.tmp' to '../../../../../../Users/stagiaire/Documents/UnrealProject/UnrealTutoPaper2D/TutoPaper2d/Content/Data/SaveGameData/PlayerData.uasset'
[2018.02.26-10.59.01:551][752]LogSavePackage: Display: Finished SavePackage ../../../../../../Users/stagiaire/Documents/UnrealProject/UnrealTutoPaper2D/TutoPaper2d/Content/Data/SaveGameData/PlayerData.uasset
[2018.02.26-11.00.20:267][945]LogSavePackage: Save=5.64ms
[2018.02.26-11.00.20:268][945]LogSavePackage: Moving '../../../../../../Users/stagiaire/Documents/UnrealProject/UnrealTutoPaper2D/TutoPaper2d/Saved/PlayerDataE29666EC494DBFDC9D7703B28A1D48A0.tmp' to '../../../../../../Users/stagiaire/Documents/UnrealProject/UnrealTutoPaper2D/TutoPaper2d/Content/Data/SaveGameData/PlayerData.uasset'
[2018.02.26-11.00.20:271][945]LogSavePackage: Display: Finished SavePackage ../../../../../../Users/stagiaire/Documents/UnrealProject/UnrealTutoPaper2D/TutoPaper2d/Content/Data/SaveGameData/PlayerData.uasset
[2018.02.26-11.01.28:884][988]BlueprintLog: New page: Compile PlayerDataSave
[2018.02.26-11.01.28:886][988]LogBlueprint: Warning: [DataManagement] 'PlayerDataMaps' variable not found. Base class was probably changed. /Game/Data/DataManagement.DataManagement
[2018.02.26-11.01.28:886][988]LogBlueprint: Warning: [DataManagement] 'PlayerDataMapsInitial' variable not found. Base class was probably changed. /Game/Data/DataManagement.DataManagement
[2018.02.26-11.01.28:886][988]LogBlueprint: Warning: [DataManagement] 'PlayerDataMaps' variable not found. Base class was probably changed. /Game/Data/DataManagement.DataManagement
[2018.02.26-11.01.28:886][988]LogBlueprint: Warning: [DataManagement] 'PlayerDataMaps' variable not found. Base class was probably changed. /Game/Data/DataManagement.DataManagement
[2018.02.26-11.01.29:807][ 33]LogSavePackage: Save=6.34ms
[2018.02.26-11.01.29:807][ 33]LogSavePackage: Moving '../../../../../../Users/stagiaire/Documents/UnrealProject/UnrealTutoPaper2D/TutoPaper2d/Saved/PlayerDataSave16BD479548D29ADC31C6438E1FC9D761.tmp' to '../../../../../../Users/stagiaire/Documents/UnrealProject/UnrealTutoPaper2D/TutoPaper2d/Content/Data/SaveGameData/PlayerDataSave.uasset'
[2018.02.26-11.01.29:810][ 33]LogSavePackage: Display: Finished SavePackage ../../../../../../Users/stagiaire/Documents/UnrealProject/UnrealTutoPaper2D/TutoPaper2d/Content/Data/SaveGameData/PlayerDataSave.uasset
[2018.02.26-11.01.49:107][226]LogSavePackage: Save=4.92ms
[2018.02.26-11.01.49:107][226]LogSavePackage: Moving '../../../../../../Users/stagiaire/Documents/UnrealProject/UnrealTutoPaper2D/TutoPaper2d/Saved/PlayerData96CDB0F6434ED052954605977B690C03.tmp' to '../../../../../../Users/stagiaire/Documents/UnrealProject/UnrealTutoPaper2D/TutoPaper2d/Content/Data/SaveGameData/PlayerData.uasset'
[2018.02.26-11.01.49:109][226]LogSavePackage: Display: Finished SavePackage ../../../../../../Users/stagiaire/Documents/UnrealProject/UnrealTutoPaper2D/TutoPaper2d/Content/Data/SaveGameData/PlayerData.uasset
[2018.02.26-11.03.04:268][707]LogSavePackage: Save=33.39ms
[2018.02.26-11.03.04:268][707]LogSavePackage: Moving '../../../../../../Users/stagiaire/Documents/UnrealProject/UnrealTutoPaper2D/TutoPaper2d/Saved/PickUpsLevelTestA469F4834FF8FE75856D78BA980CFB70.tmp' to '../../../../../../Users/stagiaire/Documents/UnrealProject/UnrealTutoPaper2D/TutoPaper2d/Content/testLevels/PickUpsLevelTest.umap'
[2018.02.26-11.03.04:271][707]LogSavePackage: Display: Finished SavePackage ../../../../../../Users/stagiaire/Documents/UnrealProject/UnrealTutoPaper2D/TutoPaper2d/Content/testLevels/PickUpsLevelTest.umap
[2018.02.26-11.03.04:440][707]LogSavePackage: Save=7.58ms
[2018.02.26-11.03.04:440][707]LogSavePackage: Moving '../../../../../../Users/stagiaire/Documents/UnrealProject/UnrealTutoPaper2D/TutoPaper2d/Saved/PickUpsLevelTest_BuiltDataEC3E4F5642D752EB5335C4B3DA104D26.tmp' to '../../../../../../Users/stagiaire/Documents/UnrealProject/UnrealTutoPaper2D/TutoPaper2d/Content/testLevels/PickUpsLevelTest_BuiltData.uasset'
[2018.02.26-11.03.04:443][707]LogSavePackage: Display: Finished SavePackage ../../../../../../Users/stagiaire/Documents/UnrealProject/UnrealTutoPaper2D/TutoPaper2d/Content/testLevels/PickUpsLevelTest_BuiltData.uasset
[2018.02.26-11.03.05:762][778]LogRenderer: Reallocating scene render targets to support 808x540 Format 10 NumSamples 1 (Frame:57395).
[2018.02.26-11.03.05:802][779]LogRenderer: Reallocating scene render targets to support 816x540 Format 10 NumSamples 1 (Frame:57397).
[2018.02.26-11.03.05:838][780]LogRenderer: Reallocating scene render targets to support 824x540 Format 10 NumSamples 1 (Frame:57399).
[2018.02.26-11.03.05:918][782]LogRenderer: Reallocating scene render targets to support 828x540 Format 10 NumSamples 1 (Frame:57403).
[2018.02.26-11.03.05:958][783]LogRenderer: Reallocating scene render targets to support 832x540 Format 10 NumSamples 1 (Frame:57405).
[2018.02.26-11.03.05:999][784]LogRenderer: Reallocating scene render targets to support 840x540 Format 10 NumSamples 1 (Frame:57407).
[2018.02.26-11.03.06:041][785]LogRenderer: Reallocating scene render targets to support 852x540 Format 10 NumSamples 1 (Frame:57409).
[2018.02.26-11.03.06:084][786]LogRenderer: Reallocating scene render targets to support 876x540 Format 10 NumSamples 1 (Frame:57411).
[2018.02.26-11.03.06:125][787]LogRenderer: Reallocating scene render targets to support 892x540 Format 10 NumSamples 1 (Frame:57413).
[2018.02.26-11.03.06:168][788]LogRenderer: Reallocating scene render targets to support 900x540 Format 10 NumSamples 1 (Frame:57415).
[2018.02.26-11.06.21:023][972]BlueprintLog: New page: Compile DataManagement
[2018.02.26-11.06.21:050][972]LogBlueprint: Warning: [Compiler DataManagement] Could not find a variable named "PlayerDataMapsInitial" in 'PlayerDataSave_C'.
Make sure 'PlayerDataSave_C' has been compiled for  Get PlayerDataMapsInitial
[2018.02.26-11.06.21:050][972]LogBlueprint: Warning: [Compiler DataManagement] Could not find a variable named "PlayerDataMaps" in 'PlayerDataSave_C'.
Make sure 'PlayerDataSave_C' has been compiled for  Set PlayerDataMaps
[2018.02.26-11.06.21:051][972]LogBlueprint: Error: [Compiler DataManagement] In use pin  Data Loaded  no longer exists on node  Load Data . Please refresh node or break links to remove pin.
[2018.02.26-11.06.21:052][972]LogBlueprint: Error: [Compiler DataManagement] The property associated with  Player Data Maps Initial  could not be found
[2018.02.26-11.06.21:053][972]LogBlueprint: Error: [Compiler DataManagement] The property associated with  Player Data Maps  could not be found
[2018.02.26-11.06.21:073][972]LogBlueprint: Warning: [Compiler DataManagement] [1616.46] Compile of DataManagement failed. 3 Fatal Issue(s) 2 Warning(s) [in 50 ms] (/Game/Data/DataManagement.DataManagement)
[2018.02.26-11.07.32:066][730]BlueprintLog: New page: Compile DataManagement
[2018.02.26-11.07.32:094][730]LogBlueprint: Error: [Compiler DataManagement] In use pin  Player Data  no longer exists on node  Save Data . Please refresh node or break links to remove pin.
[2018.02.26-11.07.32:094][730]LogBlueprint: Error: [Compiler DataManagement] In use pin  Data Loaded  no longer exists on node  Load Data . Please refresh node or break links to remove pin.
[2018.02.26-11.07.32:117][730]LogBlueprint: Warning: [Compiler DataManagement] [1687.50] Compile of DataManagement failed. 2 Fatal Issue(s) 0 Warning(s) [in 50 ms] (/Game/Data/DataManagement.DataManagement)
[2018.02.26-11.07.56:486][245]BlueprintLog: New page: Compile DataManagement
[2018.02.26-11.07.56:514][245]LogBlueprint: Error: [Compiler DataManagement] In use pin  Player Data  no longer exists on node  Save Data . Please refresh node or break links to remove pin.
[2018.02.26-11.07.56:514][245]LogBlueprint: Error: [Compiler DataManagement] In use pin  Data Loaded  no longer exists on node  Load Data . Please refresh node or break links to remove pin.
[2018.02.26-11.07.56:536][245]LogBlueprint: Warning: [Compiler DataManagement] [1711.92] Compile of DataManagement failed. 2 Fatal Issue(s) 0 Warning(s) [in 49 ms] (/Game/Data/DataManagement.DataManagement)
[2018.02.26-11.10.11:950][541]BlueprintLog: New page: Compile DataManagement
[2018.02.26-11.10.12:691][574]Cmd: OBJ SAVEPACKAGE PACKAGE="/Game/Data/DataManagement" FILE="../../../../../../Users/stagiaire/Documents/UnrealProject/UnrealTutoPaper2D/TutoPaper2d/Content/Data/DataManagement.uasset" SILENT=true
[2018.02.26-11.10.12:701][574]LogSavePackage: Save=8.24ms
[2018.02.26-11.10.12:701][574]LogSavePackage: Moving '../../../../../../Users/stagiaire/Documents/UnrealProject/UnrealTutoPaper2D/TutoPaper2d/Saved/DataManagement9AED7F5D4A89B2569D6C3DAA9A4EB56C.tmp' to '../../../../../../Users/stagiaire/Documents/UnrealProject/UnrealTutoPaper2D/TutoPaper2d/Content/Data/DataManagement.uasset'
[2018.02.26-11.10.12:704][574]LogSavePackage: Display: Finished SavePackage ../../../../../../Users/stagiaire/Documents/UnrealProject/UnrealTutoPaper2D/TutoPaper2d/Content/Data/DataManagement.uasset
[2018.02.26-11.10.17:494][799]BlueprintLog: New page: Compile DataManagement
[2018.02.26-11.10.54:973][738]BlueprintLog: New page: Compile DataManagement
[2018.02.26-11.10.55:550][764]Cmd: OBJ SAVEPACKAGE PACKAGE="/Game/Data/DataManagement" FILE="../../../../../../Users/stagiaire/Documents/UnrealProject/UnrealTutoPaper2D/TutoPaper2d/Content/Data/DataManagement.uasset" SILENT=true
[2018.02.26-11.10.55:656][764]LogSavePackage: Save=6.83ms
[2018.02.26-11.10.55:656][764]LogSavePackage: Moving '../../../../../../Users/stagiaire/Documents/UnrealProject/UnrealTutoPaper2D/TutoPaper2d/Saved/DataManagementBA607A4C4909E2666444F9B5B6A840A4.tmp' to '../../../../../../Users/stagiaire/Documents/UnrealProject/UnrealTutoPaper2D/TutoPaper2d/Content/Data/DataManagement.uasset'
[2018.02.26-11.10.55:660][764]LogSavePackage: Display: Finished SavePackage ../../../../../../Users/stagiaire/Documents/UnrealProject/UnrealTutoPaper2D/TutoPaper2d/Content/Data/DataManagement.uasset
[2018.02.26-11.11.02:246][104]Cmd: OBJ SAVEPACKAGE PACKAGE="/Game/Data/DataManagement" FILE="../../../../../../Users/stagiaire/Documents/UnrealProject/UnrealTutoPaper2D/TutoPaper2d/Content/Data/DataManagement.uasset" SILENT=true
[2018.02.26-11.11.02:351][104]LogSavePackage: Save=6.84ms
[2018.02.26-11.11.02:351][104]LogSavePackage: Moving '../../../../../../Users/stagiaire/Documents/UnrealProject/UnrealTutoPaper2D/TutoPaper2d/Saved/DataManagement226BCDC748718CF1F46F569D5CB09E1A.tmp' to '../../../../../../Users/stagiaire/Documents/UnrealProject/UnrealTutoPaper2D/TutoPaper2d/Content/Data/DataManagement.uasset'
[2018.02.26-11.11.02:352][104]LogSavePackage: Display: Finished SavePackage ../../../../../../Users/stagiaire/Documents/UnrealProject/UnrealTutoPaper2D/TutoPaper2d/Content/Data/DataManagement.uasset
[2018.02.26-11.11.57:386][802]LogSavePackage: Save=32.97ms
[2018.02.26-11.11.57:386][802]LogSavePackage: Moving '../../../../../../Users/stagiaire/Documents/UnrealProject/UnrealTutoPaper2D/TutoPaper2d/Saved/PickUpsLevelTest62CBFA484FA88C9147F3338135248BB7.tmp' to '../../../../../../Users/stagiaire/Documents/UnrealProject/UnrealTutoPaper2D/TutoPaper2d/Content/testLevels/PickUpsLevelTest.umap'
[2018.02.26-11.11.57:388][802]LogSavePackage: Display: Finished SavePackage ../../../../../../Users/stagiaire/Documents/UnrealProject/UnrealTutoPaper2D/TutoPaper2d/Content/testLevels/PickUpsLevelTest.umap
[2018.02.26-11.11.57:560][802]LogSavePackage: Save=7.39ms
[2018.02.26-11.11.57:560][802]LogSavePackage: Moving '../../../../../../Users/stagiaire/Documents/UnrealProject/UnrealTutoPaper2D/TutoPaper2d/Saved/PickUpsLevelTest_BuiltData7C6F8F5B472958E9478B9B90207FBEC5.tmp' to '../../../../../../Users/stagiaire/Documents/UnrealProject/UnrealTutoPaper2D/TutoPaper2d/Content/testLevels/PickUpsLevelTest_BuiltData.uasset'
[2018.02.26-11.11.57:562][802]LogSavePackage: Display: Finished SavePackage ../../../../../../Users/stagiaire/Documents/UnrealProject/UnrealTutoPaper2D/TutoPaper2d/Content/testLevels/PickUpsLevelTest_BuiltData.uasset
[2018.02.26-11.12.26:921][126]LogSavePackage: Save=31.97ms
[2018.02.26-11.12.26:921][126]LogSavePackage: Moving '../../../../../../Users/stagiaire/Documents/UnrealProject/UnrealTutoPaper2D/TutoPaper2d/Saved/PickUpsLevelTest58EA56B94CDD8147F8E57F9D3766EAAF.tmp' to '../../../../../../Users/stagiaire/Documents/UnrealProject/UnrealTutoPaper2D/TutoPaper2d/Content/testLevels/PickUpsLevelTest.umap'
[2018.02.26-11.12.26:923][126]LogSavePackage: Display: Finished SavePackage ../../../../../../Users/stagiaire/Documents/UnrealProject/UnrealTutoPaper2D/TutoPaper2d/Content/testLevels/PickUpsLevelTest.umap
[2018.02.26-11.12.27:093][126]LogSavePackage: Save=7.49ms
[2018.02.26-11.12.27:093][126]LogSavePackage: Moving '../../../../../../Users/stagiaire/Documents/UnrealProject/UnrealTutoPaper2D/TutoPaper2d/Saved/PickUpsLevelTest_BuiltData358F754347FACEFB91A8E88507A50DE7.tmp' to '../../../../../../Users/stagiaire/Documents/UnrealProject/UnrealTutoPaper2D/TutoPaper2d/Content/testLevels/PickUpsLevelTest_BuiltData.uasset'
[2018.02.26-11.12.27:095][126]LogSavePackage: Display: Finished SavePackage ../../../../../../Users/stagiaire/Documents/UnrealProject/UnrealTutoPaper2D/TutoPaper2d/Content/testLevels/PickUpsLevelTest_BuiltData.uasset
[2018.02.26-11.12.41:936][ 55]SourceControl: On branch master
[2018.02.26-11.12.41:936][ 55]SourceControl: Your branch is up-to-date with 'origin/master'.
[2018.02.26-11.12.41:936][ 55]SourceControl: Changes not staged for commit:
[2018.02.26-11.12.41:936][ 55]SourceControl:   (use "git add/rm <file>..." to update what will be committed)
[2018.02.26-11.12.41:936][ 55]SourceControl:   (use "git checkout -- <file>..." to discard changes in working directory)
[2018.02.26-11.12.41:936][ 55]SourceControl: 	modified:   TutoPaper2d/Content/Blueprint/Character/HeroCharacter.uasset
[2018.02.26-11.12.41:936][ 55]SourceControl: 	deleted:    TutoPaper2d/Content/Blueprint/PickUps/1upPickUp.uasset
[2018.02.26-11.12.41:936][ 55]SourceControl: 	deleted:    TutoPaper2d/Content/Blueprint/PickUps/BaseClass/PickUpDeferred.uasset
[2018.02.26-11.12.41:936][ 55]SourceControl: 	deleted:    TutoPaper2d/Content/Blueprint/PickUps/BaseClass/PickUpGeneric.uasset
[2018.02.26-11.12.41:936][ 55]SourceControl: 	deleted:    TutoPaper2d/Content/Blueprint/PickUps/BaseClass/PickUpPermanent.uasset
[2018.02.26-11.12.41:936][ 55]SourceControl: 	deleted:    TutoPaper2d/Content/Blueprint/PickUps/FireEco/FireEcoPickup.uasset
[2018.02.26-11.12.41:937][ 55]SourceControl: 	deleted:    TutoPaper2d/Content/Blueprint/PickUps/FireEco/FireEcoPickupL.uasset
[2018.02.26-11.12.41:937][ 55]SourceControl: 	deleted:    TutoPaper2d/Content/Blueprint/PickUps/FireEco/FireEcoPickupM.uasset
[2018.02.26-11.12.41:937][ 55]SourceControl: 	deleted:    TutoPaper2d/Content/Blueprint/PickUps/FireEco/FireEcoPickupS.uasset
[2018.02.26-11.12.41:937][ 55]SourceControl: 	deleted:    TutoPaper2d/Content/Blueprint/PickUps/KeyPickUp.uasset
[2018.02.26-11.12.41:937][ 55]SourceControl: 	deleted:    TutoPaper2d/Content/Blueprint/PickUps/MaxHealthPickUp.uasset
[2018.02.26-11.12.41:937][ 55]SourceControl: 	deleted:    TutoPaper2d/Content/Blueprint/PickUps/MaxManaPickUp.uasset
[2018.02.26-11.12.41:937][ 55]SourceControl: 	modified:   TutoPaper2d/Content/Blueprint/PickUps/PickUpGeneric.uasset
[2018.02.26-11.12.41:937][ 55]SourceControl: 	modified:   TutoPaper2d/Content/Blueprint/UserInterface/UserHUD.uasset
[2018.02.26-11.12.41:937][ 55]SourceControl: 	modified:   TutoPaper2d/Content/Data/DataManagement.uasset
[2018.02.26-11.12.41:937][ 55]SourceControl: 	modified:   TutoPaper2d/Content/Data/SaveGameData/CharacterStats.uasset
[2018.02.26-11.12.41:937][ 55]SourceControl: 	modified:   TutoPaper2d/Content/Data/SaveGameData/PlayerData.uasset
[2018.02.26-11.12.41:937][ 55]SourceControl: 	deleted:    TutoPaper2d/Content/Data/SaveGameData/PlayerDataMaps.uasset
[2018.02.26-11.12.41:937][ 55]SourceControl: 	modified:   TutoPaper2d/Content/Data/SaveGameData/PlayerDataSave.uasset
[2018.02.26-11.12.41:937][ 55]SourceControl: 	modified:   TutoPaper2d/Content/Data/SaveGameData/PlayerInventory.uasset
[2018.02.26-11.12.41:937][ 55]SourceControl: 	deleted:    TutoPaper2d/Content/Data/SaveGameData/PlayerStatEnum.uasset
[2018.02.26-11.12.41:937][ 55]SourceControl: 	deleted:    TutoPaper2d/Content/Data/SaveGameData/ValueTypeSelector.uasset
[2018.02.26-11.12.41:937][ 55]SourceControl: 	modified:   TutoPaper2d/Content/testLevels/PickUpsLevelTest.umap
[2018.02.26-11.12.41:937][ 55]SourceControl: 	modified:   TutoPaper2d/Content/testLevels/PickUpsLevelTest_BuiltData.uasset
[2018.02.26-11.12.41:937][ 55]SourceControl: 	modified:   TutoPaper2d/Intermediate/CachedAssetRegistry.bin
[2018.02.26-11.12.41:937][ 55]SourceControl: 	modified:   TutoPaper2d/Saved/Autosaves/PackageRestoreData.json
[2018.02.26-11.12.41:937][ 55]SourceControl: 	modified:   TutoPaper2d/Saved/Config/Windows/Editor.ini
[2018.02.26-11.12.41:937][ 55]SourceControl: 	modified:   TutoPaper2d/Saved/Config/Windows/EditorPerProjectUserSettings.ini
[2018.02.26-11.12.41:937][ 55]SourceControl: 	modified:   TutoPaper2d/Saved/Config/Windows/Engine.ini
[2018.02.26-11.12.41:937][ 55]SourceControl: 	deleted:    TutoPaper2d/Saved/Logs/TutoPaper2d-backup-2018.02.11-13.52.52.log
[2018.02.26-11.12.41:937][ 55]SourceControl: 	deleted:    TutoPaper2d/Saved/Logs/TutoPaper2d-backup-2018.02.20-10.12.17.log
[2018.02.26-11.12.41:937][ 55]SourceControl: 	deleted:    TutoPaper2d/Saved/Logs/TutoPaper2d-backup-2018.02.21-13.30.07.log
[2018.02.26-11.12.41:937][ 55]SourceControl: 	deleted:    TutoPaper2d/Saved/Logs/TutoPaper2d-backup-2018.02.22-09.10.21.log
[2018.02.26-11.12.41:937][ 55]SourceControl: 	deleted:    TutoPaper2d/Saved/Logs/TutoPaper2d-backup-2018.02.23-09.34.22.log
[2018.02.26-11.12.41:937][ 55]SourceControl: 	modified:   TutoPaper2d/Saved/Logs/TutoPaper2d.log
[2018.02.26-11.12.41:937][ 55]SourceControl: Untracked files:
[2018.02.26-11.12.41:937][ 55]SourceControl:   (use "git add <file>..." to include in what will be committed)
[2018.02.26-11.12.41:937][ 55]SourceControl: 	TutoPaper2d/Saved/Backup/CharacterStats_2018-02-26-11-53-50.uasset
[2018.02.26-11.12.41:937][ 55]SourceControl: 	TutoPaper2d/Saved/Backup/CharacterStats_2018-02-26-11-58-54.uasset
[2018.02.26-11.12.41:937][ 55]SourceControl: 	TutoPaper2d/Saved/Backup/DataManagement_2018-02-26-12-10-55.uasset
[2018.02.26-11.12.41:937][ 55]SourceControl: 	TutoPaper2d/Saved/Backup/HeroCharacter_2018-02-26-11-43-46.uasset
[2018.02.26-11.12.41:937][ 55]SourceControl: 	TutoPaper2d/Saved/Backup/PickUpGeneric_2018-02-26-11-42-12.uasset
[2018.02.26-11.12.41:937][ 55]SourceControl: 	TutoPaper2d/Saved/Backup/PickUpsLevelTest_2018-02-26-11-17-32.umap
[2018.02.26-11.12.41:937][ 55]SourceControl: 	TutoPaper2d/Saved/Backup/PickUpsLevelTest_2018-02-26-11-40-43.umap
[2018.02.26-11.12.41:937][ 55]SourceControl: 	TutoPaper2d/Saved/Backup/PickUpsLevelTest_2018-02-26-11-52-25.umap
[2018.02.26-11.12.41:937][ 55]SourceControl: 	TutoPaper2d/Saved/Backup/PickUpsLevelTest_2018-02-26-12-03-04.umap
[2018.02.26-11.12.41:937][ 55]SourceControl: 	TutoPaper2d/Saved/Backup/PickUpsLevelTest_2018-02-26-12-11-57.umap
[2018.02.26-11.12.41:937][ 55]SourceControl: 	TutoPaper2d/Saved/Backup/PickUpsLevelTest_BuiltData_2018-02-26-11-40-43.uasset
[2018.02.26-11.12.41:937][ 55]SourceControl: 	TutoPaper2d/Saved/Backup/PickUpsLevelTest_BuiltData_2018-02-26-11-52-25.uasset
[2018.02.26-11.12.41:937][ 55]SourceControl: 	TutoPaper2d/Saved/Backup/PickUpsLevelTest_BuiltData_2018-02-26-12-03-04.uasset
[2018.02.26-11.12.41:937][ 55]SourceControl: 	TutoPaper2d/Saved/Backup/PickUpsLevelTest_BuiltData_2018-02-26-12-11-57.uasset
[2018.02.26-11.12.41:937][ 55]SourceControl: 	TutoPaper2d/Saved/Backup/PlayerDataSave_2018-02-26-11-30-11.uasset
[2018.02.26-11.12.41:937][ 55]SourceControl: 	TutoPaper2d/Saved/Backup/PlayerDataSave_2018-02-26-11-44-35.uasset
[2018.02.26-11.12.41:937][ 55]SourceControl: 	TutoPaper2d/Saved/Backup/PlayerDataSave_2018-02-26-12-01-29.uasset
[2018.02.26-11.12.41:937][ 55]SourceControl: 	TutoPaper2d/Saved/Backup/PlayerData_2018-02-26-11-56-32.uasset
[2018.02.26-11.12.41:937][ 55]SourceControl: 	TutoPaper2d/Saved/Backup/PlayerData_2018-02-26-12-01-49.uasset
[2018.02.26-11.12.41:937][ 55]SourceControl: 	TutoPaper2d/Saved/Backup/PlayerInventory_2018-02-26-11-55-17.uasset
[2018.02.26-11.12.41:937][ 55]SourceControl: 	TutoPaper2d/Saved/Backup/UserHUD_2018-02-26-11-46-15.uasset
[2018.02.26-11.12.41:937][ 55]SourceControl: 	TutoPaper2d/Saved/Backup/UserHUD_2018-02-26-11-51-17.uasset
[2018.02.26-11.12.41:937][ 55]SourceControl: 	TutoPaper2d/Saved/Config/CrashReportClient/UE4CC-Windows-3AC2D636458A2800EF4B0A870D7FA0C0/
[2018.02.26-11.12.41:937][ 55]SourceControl: 	TutoPaper2d/Saved/Config/CrashReportClient/UE4CC-Windows-53782ABE44F3DFDBB2DCBCA511354E34/
[2018.02.26-11.12.41:937][ 55]SourceControl: 	TutoPaper2d/Saved/Config/CrashReportClient/UE4CC-Windows-808C6BB74AE97ACBF3B03CA5592B702F/
[2018.02.26-11.12.41:937][ 55]SourceControl: 	TutoPaper2d/Saved/Config/CrashReportClient/UE4CC-Windows-A7FDED6540C0AE87BB8A48B328E84101/
[2018.02.26-11.12.41:937][ 55]SourceControl: 	TutoPaper2d/Saved/Config/CrashReportClient/UE4CC-Windows-B66F32044BCB24382369BA866F9A3014/
[2018.02.26-11.12.41:937][ 55]SourceControl: 	TutoPaper2d/Saved/Config/CrashReportClient/UE4CC-Windows-CE94C57E4DBE52E444305484F78E24E6/
[2018.02.26-11.12.41:937][ 55]SourceControl: 	TutoPaper2d/Saved/Crashes/UE4CC-Windows-3AC2D636458A2800EF4B0A870D7FA0C0_0000/
[2018.02.26-11.12.41:937][ 55]SourceControl: 	TutoPaper2d/Saved/Crashes/UE4CC-Windows-53782ABE44F3DFDBB2DCBCA511354E34_0000/
[2018.02.26-11.12.41:937][ 55]SourceControl: 	TutoPaper2d/Saved/Crashes/UE4CC-Windows-53782ABE44F3DFDBB2DCBCA511354E34_0001/
[2018.02.26-11.12.41:937][ 55]SourceControl: 	TutoPaper2d/Saved/Crashes/UE4CC-Windows-808C6BB74AE97ACBF3B03CA5592B702F_0000/
[2018.02.26-11.12.41:937][ 55]SourceControl: 	TutoPaper2d/Saved/Crashes/UE4CC-Windows-A7FDED6540C0AE87BB8A48B328E84101_0000/
[2018.02.26-11.12.41:937][ 55]SourceControl: 	TutoPaper2d/Saved/Crashes/UE4CC-Windows-CE94C57E4DBE52E444305484F78E24E6_0000/
[2018.02.26-11.12.41:937][ 55]SourceControl: 	TutoPaper2d/Saved/Logs/TutoPaper2d-backup-2018.02.26-11.08.48.log
[2018.02.26-11.12.41:937][ 55]SourceControl: 	TutoPaper2d/Saved/Logs/TutoPaper2d-backup-2018.02.26-11.32.12.log
[2018.02.26-11.12.41:937][ 55]SourceControl: 	TutoPaper2d/Saved/Logs/TutoPaper2d-backup-2018.02.26-11.32.34.log
[2018.02.26-11.12.41:937][ 55]SourceControl: 	TutoPaper2d/Saved/Logs/TutoPaper2d-backup-2018.02.26-11.36.22.log
[2018.02.26-11.12.41:937][ 55]SourceControl: 	TutoPaper2d/Saved/Logs/TutoPaper2d-backup-2018.02.26-11.39.25.log
[2018.02.26-11.12.41:937][ 55]SourceControl: 	TutoPaper2d/Saved/Logs/TutoPaper2d_2-backup-2018.02.26-11.32.41.log
[2018.02.26-11.12.41:937][ 55]SourceControl: no changes added to commit (use "git add" and/or "git commit -a")
[2018.02.26-11.12.50:825][970]LogSavePackage: Save=4.32ms
[2018.02.26-11.12.50:825][970]LogSavePackage: Moving '../../../../../../Users/stagiaire/Documents/UnrealProject/UnrealTutoPaper2D/TutoPaper2d/Saved/PlayerStatEnum9FA757E94D6B10891C6CE6BD9CC2A4F1.tmp' to '../../../../../../Users/stagiaire/Documents/UnrealProject/UnrealTutoPaper2D/TutoPaper2d/Content/Data/SaveGameData/PlayerStatEnum.uasset'
[2018.02.26-11.12.50:828][970]LogSavePackage: Display: Finished SavePackage ../../../../../../Users/stagiaire/Documents/UnrealProject/UnrealTutoPaper2D/TutoPaper2d/Content/Data/SaveGameData/PlayerStatEnum.uasset
[2018.02.26-11.12.51:061][970]LogSavePackage: Save=3.54ms
[2018.02.26-11.12.51:061][970]LogSavePackage: Moving '../../../../../../Users/stagiaire/Documents/UnrealProject/UnrealTutoPaper2D/TutoPaper2d/Saved/PlayerDataMaps10C1CBCA4242D58392F627A7A0517886.tmp' to '../../../../../../Users/stagiaire/Documents/UnrealProject/UnrealTutoPaper2D/TutoPaper2d/Content/Data/SaveGameData/PlayerDataMaps.uasset'
[2018.02.26-11.12.51:064][970]LogSavePackage: Display: Finished SavePackage ../../../../../../Users/stagiaire/Documents/UnrealProject/UnrealTutoPaper2D/TutoPaper2d/Content/Data/SaveGameData/PlayerDataMaps.uasset
[2018.02.26-11.12.51:293][970]LogSavePackage: Save=3.89ms
[2018.02.26-11.12.51:293][970]LogSavePackage: Moving '../../../../../../Users/stagiaire/Documents/UnrealProject/UnrealTutoPaper2D/TutoPaper2d/Saved/ValueTypeSelector49CA102C44FCE70F4D9D06A5AC10BD63.tmp' to '../../../../../../Users/stagiaire/Documents/UnrealProject/UnrealTutoPaper2D/TutoPaper2d/Content/Data/SaveGameData/ValueTypeSelector.uasset'
[2018.02.26-11.12.51:296][970]LogSavePackage: Display: Finished SavePackage ../../../../../../Users/stagiaire/Documents/UnrealProject/UnrealTutoPaper2D/TutoPaper2d/Content/Data/SaveGameData/ValueTypeSelector.uasset
[2018.02.26-11.12.59:510][763]SourceControl: fatal: C:/Program Files/Epic Games/UE_4.18/Engine/Content/: 'C:/Program Files/Epic Games/UE_4.18/Engine/Content/' is outside repository
[2018.02.26-11.13.43:485][763]LogSourceControl: FGitCheckInWorker: commit successful
[2018.02.26-11.13.43:673][763]SourceControl: [master 64bae91] Was deleted to profit for a new data management paradigm
[2018.02.26-11.13.43:673][763]SourceControl:  4 files changed, 0 insertions(+), 0 deletions(-)
[2018.02.26-11.13.43:673][763]SourceControl:  rewrite TutoPaper2d/Content/Data/DataManagement.uasset (100%)
[2018.02.26-11.13.43:673][763]SourceControl:  rewrite TutoPaper2d/Content/Data/SaveGameData/PlayerDataMaps.uasset (100%)
[2018.02.26-11.13.43:673][763]SourceControl:  rewrite TutoPaper2d/Content/Data/SaveGameData/PlayerStatEnum.uasset (83%)
[2018.02.26-11.13.43:673][763]SourceControl:  rewrite TutoPaper2d/Content/Data/SaveGameData/ValueTypeSelector.uasset (100%)
[2018.02.26-11.13.43:677][763]SourceControl: Commited [master 64bae91] Was deleted to profit for a new data management paradigm.
