Log file open, 02/05/18 13:35:33
LogWindows: Failed to load 'aqProf.dll' (GetLastError=126)
LogWindows: File 'aqProf.dll' does not exist
LogWindows: Failed to load 'VtuneApi.dll' (GetLastError=126)
LogWindows: File 'VtuneApi.dll' does not exist
LogWindows: Failed to load 'VtuneApi32e.dll' (GetLastError=126)
LogWindows: File 'VtuneApi32e.dll' does not exist
LogInit: Display: Running engine for game: TutoPaper2d
LogPlatformFile: Not using cached read wrapper
LogInit: Display: RandInit(375524779) SRandInit(375524779).
LogInit: Read version file with build ID '3709383'
LogInit: Overriding engine version to CL 3832480, compatible CL 3709383
LogInit: Registered custom module enumerator with build ID '3709383'
LogTaskGraph: Started task graph with 5 named threads and 14 total threads with 3 sets of task threads.
LogStats: Stats thread started at 3.439266
LogD3D11RHI: Aftermath initialized
LogModuleManager: Display: Found up-to-date module file ../../../Engine/Plugins/2D/Paper2D/Binaries/Win64/UE4Editor-Paper2D.dll (API version 3709383).
LogModuleManager: Display: Found up-to-date module file ../../../Engine/Plugins/2D/Paper2D/Binaries/Win64/UE4Editor-Paper2DEditor.dll (API version 3709383).
LogModuleManager: Display: Found up-to-date module file ../../../Engine/Plugins/2D/Paper2D/Binaries/Win64/UE4Editor-PaperSpriteSheetImporter.dll (API version 3709383).
LogModuleManager: Display: Found up-to-date module file ../../../Engine/Plugins/2D/Paper2D/Binaries/Win64/UE4Editor-PaperTiledImporter.dll (API version 3709383).
LogModuleManager: Display: Found up-to-date module file ../../../Engine/Plugins/2D/Paper2D/Binaries/Win64/UE4Editor-SmartSnapping.dll (API version 3709383).
LogModuleManager: Display: Found up-to-date module file ../../../Engine/Plugins/Blendables/LightPropagationVolume/Binaries/Win64/UE4Editor-LightPropagationVolumeRuntime.dll (API version 3709383).
LogModuleManager: Display: Found up-to-date module file ../../../Engine/Plugins/Blendables/LightPropagationVolume/Binaries/Win64/UE4Editor-LightPropagationVolumeEditor.dll (API version 3709383).
LogModuleManager: Display: Found up-to-date module file ../../../Engine/Plugins/Developer/GitSourceControl/Binaries/Win64/UE4Editor-GitSourceControl.dll (API version 3709383).
LogModuleManager: Display: Found up-to-date module file ../../../Engine/Plugins/Developer/PerforceSourceControl/Binaries/Win64/UE4Editor-PerforceSourceControl.dll (API version 3709383).
LogModuleManager: Display: Found up-to-date module file ../../../Engine/Plugins/Developer/SubversionSourceControl/Binaries/Win64/UE4Editor-SubversionSourceControl.dll (API version 3709383).
LogModuleManager: Display: Found up-to-date module file ../../../Engine/Plugins/Developer/UObjectPlugin/Binaries/Win64/UE4Editor-UObjectPlugin.dll (API version 3709383).
LogModuleManager: Display: Found up-to-date module file ../../../Engine/Plugins/Developer/VisualStudioCodeSourceCodeAccess/Binaries/Win64/UE4Editor-VisualStudioCodeSourceCodeAccess.dll (API version 3709383).
LogModuleManager: Display: Found up-to-date module file ../../../Engine/Plugins/Developer/VisualStudioSourceCodeAccess/Binaries/Win64/UE4Editor-VisualStudioSourceCodeAccess.dll (API version 3709383).
LogModuleManager: Display: Found up-to-date module file ../../../Engine/Plugins/Editor/AssetManagerEditor/Binaries/Win64/UE4Editor-AssetManagerEditor.dll (API version 3709383).
LogModuleManager: Display: Found up-to-date module file ../../../Engine/Plugins/Editor/AudioCapture/Binaries/Win64/UE4Editor-AudioCapture.dll (API version 3709383).
LogModuleManager: Display: Found up-to-date module file ../../../Engine/Plugins/Editor/FacialAnimation/Binaries/Win64/UE4Editor-FacialAnimation.dll (API version 3709383).
LogModuleManager: Display: Found up-to-date module file ../../../Engine/Plugins/Editor/FacialAnimation/Binaries/Win64/UE4Editor-FacialAnimationEditor.dll (API version 3709383).
LogModuleManager: Display: Found up-to-date module file ../../../Engine/Plugins/Editor/GameplayTagsEditor/Binaries/Win64/UE4Editor-GameplayTagsEditor.dll (API version 3709383).
LogModuleManager: Display: Found up-to-date module file ../../../Engine/Plugins/Editor/MobileLauncherProfileWizard/Binaries/Win64/UE4Editor-MobileLauncherProfileWizard.dll (API version 3709383).
LogModuleManager: Display: Found up-to-date module file ../../../Engine/Plugins/Editor/PluginBrowser/Binaries/Win64/UE4Editor-PluginBrowser.dll (API version 3709383).
LogModuleManager: Display: Found up-to-date module file ../../../Engine/Plugins/Editor/SpeedTreeImporter/Binaries/Win64/UE4Editor-SpeedTreeImporter.dll (API version 3709383).
LogModuleManager: Display: Found up-to-date module file ../../../Engine/Plugins/Experimental/AlembicImporter/Binaries/Win64/UE4Editor-AlembicImporter.dll (API version 3709383).
LogModuleManager: Display: Found up-to-date module file ../../../Engine/Plugins/Experimental/AlembicImporter/Binaries/Win64/UE4Editor-AlembicLibrary.dll (API version 3709383).
LogModuleManager: Display: Found up-to-date module file ../../../Engine/Plugins/Experimental/CharacterAI/Binaries/Win64/UE4Editor-CharacterAI.dll (API version 3709383).
LogModuleManager: Display: Found up-to-date module file ../../../Engine/Plugins/Experimental/HTML5Networking/Binaries/Win64/UE4Editor-HTML5Networking.dll (API version 3709383).
LogModuleManager: Display: Found up-to-date module file ../../../Engine/Plugins/Media/AndroidMedia/Binaries/Win64/UE4Editor-AndroidMediaEditor.dll (API version 3709383).
LogModuleManager: Display: Found up-to-date module file ../../../Engine/Plugins/Media/AndroidMedia/Binaries/Win64/UE4Editor-AndroidMediaFactory.dll (API version 3709383).
LogModuleManager: Display: Found up-to-date module file ../../../Engine/Plugins/Media/AvfMedia/Binaries/Win64/UE4Editor-AvfMediaEditor.dll (API version 3709383).
LogModuleManager: Display: Found up-to-date module file ../../../Engine/Plugins/Media/AvfMedia/Binaries/Win64/UE4Editor-AvfMediaFactory.dll (API version 3709383).
LogModuleManager: Display: Found up-to-date module file ../../../Engine/Plugins/Media/AvfMedia/Binaries/Win64/UE4Editor-AvfMediaFactory.dll (API version 3709383).
LogModuleManager: Display: Found up-to-date module file ../../../Engine/Plugins/Media/ImgMedia/Binaries/Win64/UE4Editor-ImgMedia.dll (API version 3709383).
LogModuleManager: Display: Found up-to-date module file ../../../Engine/Plugins/Media/ImgMedia/Binaries/Win64/UE4Editor-ImgMediaEditor.dll (API version 3709383).
LogModuleManager: Display: Found up-to-date module file ../../../Engine/Plugins/Media/ImgMedia/Binaries/Win64/UE4Editor-ImgMediaFactory.dll (API version 3709383).
LogModuleManager: Display: Found up-to-date module file ../../../Engine/Plugins/Media/ImgMedia/Binaries/Win64/UE4Editor-ImgMediaFactory.dll (API version 3709383).
LogModuleManager: Display: Found up-to-date module file ../../../Engine/Plugins/Media/ImgMedia/Binaries/Win64/UE4Editor-OpenExrWrapper.dll (API version 3709383).
LogModuleManager: Display: Found up-to-date module file ../../../Engine/Plugins/Media/MediaCompositing/Binaries/Win64/UE4Editor-MediaCompositing.dll (API version 3709383).
LogModuleManager: Display: Found up-to-date module file ../../../Engine/Plugins/Media/MediaCompositing/Binaries/Win64/UE4Editor-MediaCompositingEditor.dll (API version 3709383).
LogModuleManager: Display: Found up-to-date module file ../../../Engine/Plugins/Media/MediaPlayerEditor/Binaries/Win64/UE4Editor-MediaPlayerEditor.dll (API version 3709383).
LogModuleManager: Display: Found up-to-date module file ../../../Engine/Plugins/Media/WmfMedia/Binaries/Win64/UE4Editor-WmfMedia.dll (API version 3709383).
LogModuleManager: Display: Found up-to-date module file ../../../Engine/Plugins/Media/WmfMedia/Binaries/Win64/UE4Editor-WmfMediaEditor.dll (API version 3709383).
LogModuleManager: Display: Found up-to-date module file ../../../Engine/Plugins/Media/WmfMedia/Binaries/Win64/UE4Editor-WmfMediaFactory.dll (API version 3709383).
LogModuleManager: Display: Found up-to-date module file ../../../Engine/Plugins/Media/WmfMedia/Binaries/Win64/UE4Editor-WmfMediaFactory.dll (API version 3709383).
LogModuleManager: Display: Found up-to-date module file ../../../Engine/Plugins/Messaging/TcpMessaging/Binaries/Win64/UE4Editor-TcpMessaging.dll (API version 3709383).
LogModuleManager: Display: Found up-to-date module file ../../../Engine/Plugins/Messaging/UdpMessaging/Binaries/Win64/UE4Editor-UdpMessaging.dll (API version 3709383).
LogModuleManager: Display: Found up-to-date module file ../../../Engine/Plugins/MovieScene/ActorSequence/Binaries/Win64/UE4Editor-ActorSequence.dll (API version 3709383).
LogModuleManager: Display: Found up-to-date module file ../../../Engine/Plugins/MovieScene/LevelSequenceEditor/Binaries/Win64/UE4Editor-LevelSequenceEditor.dll (API version 3709383).
LogModuleManager: Display: Found up-to-date module file ../../../Engine/Plugins/MovieScene/MatineeToLevelSequence/Binaries/Win64/UE4Editor-MatineeToLevelSequence.dll (API version 3709383).
LogModuleManager: Display: Found up-to-date module file ../../../Engine/Plugins/Online/OnlineSubsystem/Binaries/Win64/UE4Editor-OnlineSubsystem.dll (API version 3709383).
LogModuleManager: Display: Found up-to-date module file ../../../Engine/Plugins/Runtime/AndroidPermission/Binaries/Win64/UE4Editor-AndroidPermission.dll (API version 3709383).
LogModuleManager: Display: Found up-to-date module file ../../../Engine/Plugins/Online/OnlineSubsystemNull/Binaries/Win64/UE4Editor-OnlineSubsystemNull.dll (API version 3709383).
LogModuleManager: Display: Found up-to-date module file ../../../Engine/Plugins/Online/OnlineSubsystemUtils/Binaries/Win64/UE4Editor-OnlineSubsystemUtils.dll (API version 3709383).
LogModuleManager: Display: Found up-to-date module file ../../../Engine/Plugins/Online/OnlineSubsystemUtils/Binaries/Win64/UE4Editor-OnlineBlueprintSupport.dll (API version 3709383).
LogModuleManager: Display: Found up-to-date module file ../../../Engine/Plugins/Runtime/AndroidDeviceProfileSelector/Binaries/Win64/UE4Editor-AndroidDeviceProfileSelector.dll (API version 3709383).
LogModuleManager: Display: Found up-to-date module file ../../../Engine/Plugins/Runtime/AppleARKit/Binaries/Win64/UE4Editor-AppleARKit.dll (API version 3709383).
LogModuleManager: Display: Found up-to-date module file ../../../Engine/Plugins/Runtime/ArchVisCharacter/Binaries/Win64/UE4Editor-ArchVisCharacter.dll (API version 3709383).
LogModuleManager: Display: Found up-to-date module file ../../../Engine/Plugins/Runtime/CableComponent/Binaries/Win64/UE4Editor-CableComponent.dll (API version 3709383).
LogModuleManager: Display: Found up-to-date module file ../../../Engine/Plugins/Runtime/CustomMeshComponent/Binaries/Win64/UE4Editor-CustomMeshComponent.dll (API version 3709383).
LogModuleManager: Display: Found up-to-date module file ../../../Engine/Plugins/Runtime/ExampleDeviceProfileSelector/Binaries/Win64/UE4Editor-ExampleDeviceProfileSelector.dll (API version 3709383).
LogModuleManager: Display: Found up-to-date module file ../../../Engine/Plugins/Runtime/ImmediatePhysics/Binaries/Win64/UE4Editor-ImmediatePhysics.dll (API version 3709383).
LogModuleManager: Display: Found up-to-date module file ../../../Engine/Plugins/Runtime/ImmediatePhysics/Binaries/Win64/UE4Editor-ImmediatePhysicsEditor.dll (API version 3709383).
LogModuleManager: Display: Found up-to-date module file ../../../Engine/Plugins/Runtime/LocationServicesBPLibrary/Binaries/Win64/UE4Editor-LocationServicesBPLibrary.dll (API version 3709383).
LogModuleManager: Display: Found up-to-date module file ../../../Engine/Plugins/Runtime/MobilePatchingUtils/Binaries/Win64/UE4Editor-MobilePatchingUtils.dll (API version 3709383).
LogModuleManager: Display: Found up-to-date module file ../../../Engine/Plugins/Runtime/Oculus/OculusVR/Binaries/Win64/UE4Editor-OculusHMD.dll (API version 3709383).
LogModuleManager: Display: Found up-to-date module file ../../../Engine/Plugins/Runtime/Oculus/OculusVR/Binaries/Win64/UE4Editor-OculusInput.dll (API version 3709383).
LogModuleManager: Display: Found up-to-date module file ../../../Engine/Plugins/Runtime/Oculus/OculusVR/Binaries/Win64/UE4Editor-OculusEditor.dll (API version 3709383).
LogModuleManager: Display: Found up-to-date module file ../../../Engine/Plugins/Runtime/PhysXVehicles/Binaries/Win64/UE4Editor-PhysXVehicles.dll (API version 3709383).
LogModuleManager: Display: Found up-to-date module file ../../../Engine/Plugins/Runtime/PhysXVehicles/Binaries/Win64/UE4Editor-PhysXVehiclesEditor.dll (API version 3709383).
LogModuleManager: Display: Found up-to-date module file ../../../Engine/Plugins/Runtime/ProceduralMeshComponent/Binaries/Win64/UE4Editor-ProceduralMeshComponent.dll (API version 3709383).
LogModuleManager: Display: Found up-to-date module file ../../../Engine/Plugins/Runtime/ProceduralMeshComponent/Binaries/Win64/UE4Editor-ProceduralMeshComponentEditor.dll (API version 3709383).
LogModuleManager: Display: Found up-to-date module file ../../../Engine/Plugins/Runtime/RuntimePhysXCooking/Binaries/Win64/UE4Editor-RuntimePhysXCooking.dll (API version 3709383).
LogModuleManager: Display: Found up-to-date module file ../../../Engine/Plugins/Runtime/Steam/SteamVR/Binaries/Win64/UE4Editor-SteamVR.dll (API version 3709383).
LogModuleManager: Display: Found up-to-date module file ../../../Engine/Plugins/Runtime/Steam/SteamVR/Binaries/Win64/UE4Editor-SteamVRController.dll (API version 3709383).
LogModuleManager: Display: Found up-to-date module file ../../../Engine/Plugins/Runtime/WindowsMoviePlayer/Binaries/Win64/UE4Editor-WindowsMoviePlayer.dll (API version 3709383).
LogPluginManager: Mounting plugin Paper2D
LogPluginManager: Mounting plugin LightPropagationVolume
LogPluginManager: Mounting plugin CodeLiteSourceCodeAccess
LogPluginManager: Mounting plugin GitSourceControl
LogPluginManager: Mounting plugin KDevelopSourceCodeAccess
LogPluginManager: Mounting plugin NullSourceCodeAccess
LogPluginManager: Mounting plugin PerforceSourceControl
LogPluginManager: Mounting plugin SubversionSourceControl
LogPluginManager: Mounting plugin UObjectPlugin
LogPluginManager: Mounting plugin VisualStudioCodeSourceCodeAccess
LogPluginManager: Mounting plugin VisualStudioSourceCodeAccess
LogPluginManager: Mounting plugin XCodeSourceCodeAccess
LogPluginManager: Mounting plugin AssetManagerEditor
LogPluginManager: Mounting plugin AudioCapture
LogPluginManager: Mounting plugin FacialAnimation
LogPluginManager: Mounting plugin GameplayTagsEditor
LogPluginManager: Mounting plugin MobileLauncherProfileWizard
LogPluginManager: Mounting plugin PluginBrowser
LogPluginManager: Mounting plugin SpeedTreeImporter
LogPluginManager: Mounting plugin AlembicImporter
LogPluginManager: Mounting plugin CharacterAI
LogPluginManager: Mounting plugin HTML5Networking
LogPluginManager: Mounting plugin AndroidMedia
LogPluginManager: Mounting plugin AvfMedia
LogPluginManager: Mounting plugin ImgMedia
LogPluginManager: Mounting plugin MediaCompositing
LogPluginManager: Mounting plugin MediaPlayerEditor
LogPluginManager: Mounting plugin WmfMedia
LogPluginManager: Mounting plugin TcpMessaging
LogPluginManager: Mounting plugin UdpMessaging
LogPluginManager: Mounting plugin ActorSequence
LogPluginManager: Mounting plugin LevelSequenceEditor
LogPluginManager: Mounting plugin MatineeToLevelSequence
LogPluginManager: Mounting plugin OnlineSubsystemGooglePlay
LogPluginManager: Mounting plugin OnlineSubsystemIOS
LogPluginManager: Mounting plugin OnlineSubsystem
LogPluginManager: Mounting plugin OnlineSubsystemNull
LogPluginManager: Mounting plugin OnlineSubsystemUtils
LogPluginManager: Mounting plugin AndroidDeviceProfileSelector
LogPluginManager: Mounting plugin AndroidMoviePlayer
LogPluginManager: Mounting plugin AndroidPermission
LogPluginManager: Mounting plugin AppleARKit
LogPluginManager: Mounting plugin AppleMoviePlayer
LogPluginManager: Mounting plugin ArchVisCharacter
LogPluginManager: Mounting plugin CableComponent
LogPluginManager: Mounting plugin CustomMeshComponent
LogPluginManager: Mounting plugin ExampleDeviceProfileSelector
LogPluginManager: Mounting plugin GoogleCloudMessaging
LogPluginManager: Mounting plugin ImmediatePhysics
LogPluginManager: Mounting plugin IOSDeviceProfileSelector
LogPluginManager: Mounting plugin LinuxDeviceProfileSelector
LogPluginManager: Mounting plugin LocationServicesBPLibrary
LogPluginManager: Mounting plugin MobilePatchingUtils
LogPluginManager: Mounting plugin OculusVR
LogPluginManager: Plugin shader directory ../../../Engine/Plugins/Runtime/Oculus/OculusVR/Shaders found
LogPluginManager: Mapping shader source directory ../../../Engine/Plugins/Runtime/Oculus/OculusVR/Shaders to virtual directory /Plugin/OculusVR
LogPluginManager: Mounting plugin PhysXVehicles
LogPluginManager: Mounting plugin ProceduralMeshComponent
LogPluginManager: Mounting plugin RuntimePhysXCooking
LogPluginManager: Mounting plugin SteamVR
LogPluginManager: Mounting plugin WindowsMoviePlayer
LogInit: Using libcurl 7.47.1
LogInit:  - built for x86_64-pc-win32
LogInit:  - supports SSL with OpenSSL/1.0.2g
LogInit:  - supports HTTP deflate (compression) using libz 1.2.8
LogInit:  - other features:
LogInit:      CURL_VERSION_SSL
LogInit:      CURL_VERSION_LIBZ
LogInit:      CURL_VERSION_IPV6
LogInit:      CURL_VERSION_ASYNCHDNS
LogInit:      CURL_VERSION_LARGEFILE
LogInit:      CURL_VERSION_IDN
LogInit:  CurlRequestOptions (configurable via config and command line):
LogInit:  - bVerifyPeer = false  - Libcurl will NOT verify peer certificate
LogInit:  - bUseHttpProxy = false  - Libcurl will NOT use HTTP proxy
LogInit:  - bDontReuseConnections = false  - Libcurl will reuse connections
LogInit:  - CertBundlePath = nullptr  - Libcurl will use whatever was configured at build time.
LogInit: Build: ++UE4+Release-4.18-CL-3832480
LogInit: Engine Version: 4.18.3-3832480+++UE4+Release-4.18
LogInit: Compatible Engine Version: 4.18.0-3709383+++UE4+Release-4.18
LogInit: Net CL: 3709383
LogDevObjectVersion: Number of dev versions registered: 16
LogDevObjectVersion:   Dev-Blueprints (B0D832E4-1F89-4F0D-ACCF-7EB736FD4AA2): 10
LogDevObjectVersion:   Dev-Build (E1C64328-A22C-4D53-A36C-8E866417BD8C): 0
LogDevObjectVersion:   Dev-Core (375EC13C-06E4-48FB-B500-84F0262A717E): 2
LogDevObjectVersion:   Dev-Editor (E4B068ED-F494-42E9-A231-DA0B2E46BB41): 20
LogDevObjectVersion:   Dev-Framework (CFFC743F-43B0-4480-9391-14DF171D2073): 30
LogDevObjectVersion:   Dev-Mobile (B02B49B5-BB20-44E9-A304-32B752E40360): 0
LogDevObjectVersion:   Dev-Networking (A4E4105C-59A1-49B5-A7C5-40C4547EDFEE): 0
LogDevObjectVersion:   Dev-Online (39C831C9-5AE6-47DC-9A44-9C173E1C8E7C): 0
LogDevObjectVersion:   Dev-Physics (78F01B33-EBEA-4F98-B9B4-84EACCB95AA2): 0
LogDevObjectVersion:   Dev-Platform (6631380F-2D4D-43E0-8009-CF276956A95A): 0
LogDevObjectVersion:   Dev-Rendering (12F88B9F-8875-4AFC-A67C-D90C383ABD29): 20
LogDevObjectVersion:   Dev-Sequencer (7B5AE74C-D270-4C10-A958-57980B212A5A): 4
LogDevObjectVersion:   Dev-VR (D7296918-1DD6-4BDD-9DE2-64A83CC13884): 0
LogDevObjectVersion:   Dev-LoadTimes (C2A15278-BFE7-4AFE-6C17-90FF531DF755): 1
LogDevObjectVersion:   Private-Geometry (6EACA3D4-40EC-4CC1-B786-8BED09428FC5): 1
LogDevObjectVersion:   Dev-AnimPhys (29E575DD-E0A3-4627-9D10-D276232CDCEA): 12
LogInit: Compiled (64-bit): Jan 12 2018 02:04:55
LogInit: Compiled with Visual C++: 19.00.24215.01
LogInit: Build Configuration: Development
LogInit: Branch Name: ++UE4+Release-4.18
LogInit: Command line:  
LogInit: Base directory: C:/Program Files/Epic Games/UE_4.18/Engine/Binaries/Win64/
LogInit: Installed Engine Build: 1
LogInit: Presizing for max 8388607 objects, including 0 objects not considered by GC, pre-allocating 0 bytes for permanent pool.
LogInit: Object subsystem initialized
[2018.02.05-12.35.41:703][  0]LogInit: Selected Device Profile: [Windows]
[2018.02.05-12.35.41:703][  0]LogInit: Applying CVar settings loaded from the selected device profile: [Windows]
[2018.02.05-12.35.41:820][  0]LogInit: Computer: CORENTIN-PC
[2018.02.05-12.35.41:820][  0]LogInit: User: Corentin
[2018.02.05-12.35.41:820][  0]LogInit: CPU Page size=4096, Cores=4
[2018.02.05-12.35.41:820][  0]LogInit: High frequency timer resolution =3.415990 MHz
[2018.02.05-12.35.41:861][  0]LogMemory: Memory total: Physical=7.9GB (8GB approx)
[2018.02.05-12.35.41:861][  0]LogMemory: Platform Memory Stats for Windows
[2018.02.05-12.35.41:861][  0]LogMemory: Process Physical Memory: 276.47 MB used, 276.47 MB peak
[2018.02.05-12.35.41:861][  0]LogMemory: Process Virtual Memory: 276.73 MB used, 276.73 MB peak
[2018.02.05-12.35.41:861][  0]LogMemory: Physical Memory: 6897.30 MB used,  1237.13 MB free, 8134.43 MB total
[2018.02.05-12.35.41:861][  0]LogMemory: Virtual Memory: 670.36 MB used,  1237.13 MB free, 134217728.00 MB total
[2018.02.05-12.35.43:758][  0]LogInit: Using OS detected language (fr-FR).
[2018.02.05-12.35.43:758][  0]LogInit: Using OS detected locale (fr-FR).
[2018.02.05-12.35.44:243][  0]LogTextLocalizationManager: No localization for 'fr-FR' exists, so 'en' will be used for the language.
[2018.02.05-12.35.44:244][  0]LogTextLocalizationManager: No localization for 'fr-FR' exists, so 'en' will be used for the locale.
[2018.02.05-12.35.45:408][  0]LogInit: Setting process to per monitor DPI aware
[2018.02.05-12.35.50:675][  0]LogD3D11RHI: D3D11 adapters:
[2018.02.05-12.35.50:781][  0]LogD3D11RHI:    0. 'NVIDIA GeForce GTX 960' (Feature Level 11_0)
[2018.02.05-12.35.50:781][  0]LogD3D11RHI:       2016/0/4067 MB DedicatedVideo/DedicatedSystem/SharedSystem, Outputs:2, VendorId:0x10de
[2018.02.05-12.35.50:804][  0]LogD3D11RHI:    1. 'Microsoft Basic Render Driver' (Feature Level 11_0)
[2018.02.05-12.35.50:804][  0]LogD3D11RHI:       0/0/4067 MB DedicatedVideo/DedicatedSystem/SharedSystem, Outputs:0, VendorId:0x1414
[2018.02.05-12.35.50:804][  0]LogD3D11RHI: Chosen D3D11 Adapter: 0
[2018.02.05-12.35.50:816][  0]LogD3D11RHI: Creating new Direct3DDevice
[2018.02.05-12.35.50:816][  0]LogD3D11RHI:     GPU DeviceId: 0x1401 (for the marketing name, search the web for "GPU Device Id")
[2018.02.05-12.35.50:816][  0]LogWindows: EnumDisplayDevices:
[2018.02.05-12.35.50:816][  0]LogWindows:    0. 'NVIDIA GeForce GTX 960' (P:0 D:1)
[2018.02.05-12.35.50:837][  0]LogWindows:    1. 'NVIDIA GeForce GTX 960' (P:1 D:1)
[2018.02.05-12.35.50:837][  0]LogWindows:    2. 'NVIDIA GeForce GTX 960' (P:0 D:0)
[2018.02.05-12.35.50:838][  0]LogWindows:    3. 'NVIDIA GeForce GTX 960' (P:0 D:0)
[2018.02.05-12.35.50:838][  0]LogWindows: DebugString: GetVideoDriverDetailsInvalid PrimaryIsNotTheChoosenAdapter GetVideoDriverDetailsInvalid PrimaryIsNotTheChoosenAdapter GetVideoDriverDetailsInvalid PrimaryIsNotTheChoosenAdapter GetVideoDriverDetailsInvalid PrimaryIsNotTheChoosenAdapter FoundDriverCount:0 
[2018.02.05-12.35.50:838][  0]LogD3D11RHI:     Adapter Name: NVIDIA GeForce GTX 960
[2018.02.05-12.35.50:838][  0]LogD3D11RHI:   Driver Version: Unknown (internal:Unknown, unified:Unknown)
[2018.02.05-12.35.50:838][  0]LogD3D11RHI:      Driver Date: Unknown
[2018.02.05-12.35.50:838][  0]LogRHI: Texture pool is 1411 MB (70% of 2016 MB)
[2018.02.05-12.35.50:938][  0]LogD3D11RHI: Async texture creation enabled
[2018.02.05-12.35.51:478][  0]LogD3D11RHI: GPU Timing Frequency: 1000.000000 (Debug: 2 1)
[2018.02.05-12.35.51:618][  0]LogShaderCompilers: Guid format shader working directory is -40 characters bigger than the processId version (../../../../../../Users/Corentin/Desktop/Sandstorm Project/UnrealTutoPaper2D/TutoPaper2d/Intermediate/Shaders/WorkingDirectory/14060/).
[2018.02.05-12.35.51:618][  0]LogShaderCompilers: Cleaned the shader compiler working directory 'C:/Users/Corentin/AppData/Local/Temp/UnrealShaderWorkingDir/4C2A71374CB3140CDF493B96D27827A0/'.
[2018.02.05-12.35.51:637][  0]LogShaderCompilers: Display: Using Local Shader Compiler.
[2018.02.05-12.35.57:052][  0]LogTemp: Display: Loaded TP AllDesktopTargetPlatform
[2018.02.05-12.35.57:140][  0]LogTemp: Display: Loaded TP MacClientTargetPlatform
[2018.02.05-12.35.57:242][  0]LogTemp: Display: Loaded TP MacNoEditorTargetPlatform
[2018.02.05-12.35.57:344][  0]LogTemp: Display: Loaded TP MacServerTargetPlatform
[2018.02.05-12.35.57:461][  0]LogTemp: Display: Loaded TP MacTargetPlatform
[2018.02.05-12.35.57:549][  0]LogTemp: Display: Loaded TP WindowsClientTargetPlatform
[2018.02.05-12.35.57:639][  0]LogTemp: Display: Loaded TP WindowsNoEditorTargetPlatform
[2018.02.05-12.35.57:731][  0]LogTemp: Display: Loaded TP WindowsServerTargetPlatform
[2018.02.05-12.35.57:864][  0]LogTemp: Display: Loaded TP WindowsTargetPlatform
[2018.02.05-12.35.57:955][  0]LogTemp: Display: Loaded TP Android_ASTCTargetPlatform
[2018.02.05-12.35.58:062][  0]LogTemp: Display: Loaded TP Android_ATCTargetPlatform
[2018.02.05-12.35.58:154][  0]LogTemp: Display: Loaded TP Android_DXTTargetPlatform
[2018.02.05-12.35.58:307][  0]LogTemp: Display: Loaded TP Android_ETC1TargetPlatform
[2018.02.05-12.35.58:418][  0]LogTemp: Display: Loaded TP Android_ETC2TargetPlatform
[2018.02.05-12.35.58:708][  0]LogTemp: Display: Loaded TP Android_MultiTargetPlatform
[2018.02.05-12.35.58:708][  0]LogTemp: Display: Loaded TP Android_PVRTCTargetPlatform
[2018.02.05-12.35.58:908][  0]LogTemp: Display: Loaded TP AndroidTargetPlatform
[2018.02.05-12.35.59:022][  0]LogTemp: Display: Loaded TP HTML5TargetPlatform
[2018.02.05-12.35.59:344][  0]LogTemp: Display: Loaded TP IOSTargetPlatform
[2018.02.05-12.35.59:424][  0]LogTemp: Display: Loaded TP TVOSTargetPlatform
[2018.02.05-12.35.59:547][  0]LogTemp: Display: Loaded TP LinuxClientTargetPlatform
[2018.02.05-12.35.59:663][  0]LogTemp: Display: Loaded TP LinuxNoEditorTargetPlatform
[2018.02.05-12.35.59:786][  0]LogTemp: Display: Loaded TP LinuxServerTargetPlatform
[2018.02.05-12.35.59:927][  0]LogTemp: Display: Loaded TP LinuxTargetPlatform
[2018.02.05-12.35.59:927][  0]LogTargetPlatformManager: Display: Building Assets For Windows
[2018.02.05-12.36.05:767][  0]LogDerivedDataCache: Display: Max Cache Size: 512 MB
[2018.02.05-12.36.06:417][  0]LogDerivedDataCache: Loaded boot cache 0.63s 78MB C:/Users/Corentin/AppData/Local/UnrealEngine/4.18/DerivedDataCache/Boot.ddc.
[2018.02.05-12.36.06:417][  0]LogDerivedDataCache: Display: Loaded Boot cache: C:/Users/Corentin/AppData/Local/UnrealEngine/4.18/DerivedDataCache/Boot.ddc
[2018.02.05-12.36.06:417][  0]LogDerivedDataCache: FDerivedDataBackendGraph:  Pak pak cache file ../../../../../../Users/Corentin/Desktop/Sandstorm Project/UnrealTutoPaper2D/TutoPaper2d/DerivedDataCache/DDC.ddp not found, will not use a pak cache.
[2018.02.05-12.36.06:417][  0]LogDerivedDataCache: Unable to find inner node Pak for hierarchical cache Hierarchy.
[2018.02.05-12.36.06:417][  0]LogDerivedDataCache: FDerivedDataBackendGraph:  CompressedPak pak cache file ../../../../../../Users/Corentin/Desktop/Sandstorm Project/UnrealTutoPaper2D/TutoPaper2d/DerivedDataCache/Compressed.ddp not found, will not use a pak cache.
[2018.02.05-12.36.06:417][  0]LogDerivedDataCache: Unable to find inner node CompressedPak for hierarchical cache Hierarchy.
[2018.02.05-12.36.06:479][  0]LogDerivedDataCache: Display: Pak cache opened for reading ../../../Engine/DerivedDataCache/Compressed.ddp.
[2018.02.05-12.36.06:558][  0]LogDerivedDataCache: Using Local data cache path C:/Users/Corentin/AppData/Local/UnrealEngine/Common/DerivedDataCache: Writable
[2018.02.05-12.36.06:668][  0]LogMaterial: Verifying Global Shaders for PCD3D_SM5
[2018.02.05-12.36.06:695][  0]LogSlate: Using Freetype 2.6.0
[2018.02.05-12.36.07:011][  0]LogSlate: SlateFontCache - WITH_FREETYPE: 1, WITH_HARFBUZZ: 1
[2018.02.05-12.36.07:028][  0]LogSlate: SlateFontCache - WITH_FREETYPE: 1, WITH_HARFBUZZ: 1
[2018.02.05-12.36.22:173][  0]LogInit: Selected Device Profile: [Windows]
[2018.02.05-12.36.25:450][  0]LogSimplygon: Simplygon DLL not present - disabling.
[2018.02.05-12.36.25:556][  0]LogMeshReduction: Using SimplygonSwarm for distributed automatic mesh merging
[2018.02.05-12.36.25:557][  0]LogMeshReduction: Using QuadricMeshReduction for automatic static mesh reduction
[2018.02.05-12.36.25:557][  0]LogMeshReduction: No automatic skeletal mesh reduction module available
[2018.02.05-12.36.25:557][  0]LogMeshReduction: No automatic mesh merging module available
[2018.02.05-12.36.25:557][  0]LogMeshMerging: No automatic mesh merging module available
[2018.02.05-12.36.26:892][  0]LogNetVersion: TutoPaper2d , NetCL: 3709383, EngineNetVer: 2, GameNetVer: 0 (Checksum: 3459915010)
[2018.02.05-12.36.29:183][  0]LogAssetRegistry: FAssetRegistry took 0.0582 seconds to start up
[2018.02.05-12.36.38:092][  0]LogPackageLocalizationCache: Processed 7 localized package path(s) for 1 prioritized culture(s) in 0.168905 seconds
[2018.02.05-12.36.38:136][  0]LogUObjectArray: 35870 objects as part of root set at end of initial load.
[2018.02.05-12.36.38:136][  0]LogUObjectAllocator: 7363704 out of 0 bytes used by permanent object pool.
[2018.02.05-12.36.38:136][  0]LogUObjectArray: CloseDisregardForGC: 0/0 objects in disregard for GC pool
[2018.02.05-12.36.38:277][  0]LogInit: WinSock: version 1.1 (2.2), MaxSocks=32767, MaxUdp=65467
[2018.02.05-12.37.08:259][  0]LogTcpMessaging: Initializing TcpMessaging bridge
[2018.02.05-12.37.08:364][  0]LogUdpMessaging: Initializing bridge on interface 0.0.0.0:0 to multicast group 230.0.0.1:6666.
[2018.02.05-12.37.10:596][  0]LogMaterial: Uniform references updated for custom material expression Custom.
[2018.02.05-12.37.12:021][  0]SourceControl: Source control is disabled
[2018.02.05-12.37.12:021][  0]SourceControl: Source control is disabled
[2018.02.05-12.37.12:202][  0]SourceControl: Source control is disabled
[2018.02.05-12.37.12:357][  0]SourceControl: Source control is disabled
[2018.02.05-12.37.14:550][  0]LogAndroidPermission: UAndroidPermissionCallbackProxy::GetInstance
[2018.02.05-12.37.15:177][  0]LogOcInput: OculusInput pre-init called
[2018.02.05-12.37.16:355][  0]LogEngine: Initializing Engine...
[2018.02.05-12.37.16:483][  0]LogHMD: Failed to initialize OpenVR with code 110
[2018.02.05-12.37.17:752][  0]LogStats: UGameplayTagsManager::ConstructGameplayTagTree: Construct from data asset -  0.000 s
[2018.02.05-12.37.17:753][  0]LogStats: UGameplayTagsManager::ConstructGameplayTagTree: GameplayTagTreeChangedEvent.Broadcast -  0.000 s
[2018.02.05-12.37.18:986][  0]LogAIModule: Creating AISystem for world Untitled
[2018.02.05-12.37.19:202][  0]LogInit: XAudio2 using 'Haut-parleurs (Realtek High Definition Audio)' : 2 channels at 48 kHz using 32 bits per sample (channel mask 0x3)
[2018.02.05-12.37.19:324][  0]LogInit: FAudioDevice initialized.
[2018.02.05-12.37.19:619][  0]LogDerivedDataCache: Saved boot cache 0.21s 78MB C:/Users/Corentin/AppData/Local/UnrealEngine/4.18/DerivedDataCache/Boot.ddc.
[2018.02.05-12.37.19:638][  0]LogInit: Texture streaming: Enabled
[2018.02.05-12.37.20:049][  0]LogEngineSessionManager: EngineSessionManager initialized
[2018.02.05-12.37.21:277][  0]LogInit: Transaction tracking system initialized
[2018.02.05-12.37.24:027][  0]BlueprintLog: New page: Editor Load
[2018.02.05-12.37.34:006][  0]LocalizationService: Localization service is disabled
[2018.02.05-12.37.39:777][  0]LogConsoleResponse: Display: 
[2018.02.05-12.37.47:733][  0]LogFileCache: Scanning file cache for directory 'C:/Users/Corentin/Desktop/Sandstorm Project/UnrealTutoPaper2D/TutoPaper2d/Content/' took 0.16s
[2018.02.05-12.37.47:733][  0]LogCook: Display: Max memory allowance for cook 16384mb min free memory 0mb
[2018.02.05-12.37.47:748][  0]LogCook: Display: Mobile HDR setting 1
[2018.02.05-12.37.47:849][  0]LogGameplayTags: Display: UGameplayTagsManager::DoneAddingNativeTags. DelegateIsBound: 0
[2018.02.05-12.38.00:391][  0]SourceControl: Source control is disabled
[2018.02.05-12.38.00:548][  0]Cmd: MAP LOAD FILE="../../../../../../Users/Corentin/Desktop/Sandstorm Project/UnrealTutoPaper2D/TutoPaper2d/Content/2dlevel.umap" TEMPLATE=0 SHOWPROGRESS=1 FEATURELEVEL=3
[2018.02.05-12.38.00:581][  0]LightingResults: New page: Lighting Build
[2018.02.05-12.38.01:281][  0]MapCheck: New page: Map Check
[2018.02.05-12.38.01:281][  0]LightingResults: New page: Lighting Build
[2018.02.05-12.38.03:263][  0]LogLinker: Warning: Can't find file '/Game/Blueprint/Ennemy'
[2018.02.05-12.38.03:264][  0]LogLinker: Warning: Can't find file for asset '/Game/Blueprint/Ennemy' while loading ../../../../../../Users/Corentin/Desktop/Sandstorm Project/UnrealTutoPaper2D/TutoPaper2d/Content/2dlevel.umap.
[2018.02.05-12.38.03:317][  0]LoadErrors: Error: /Game/2dlevel : Can't find file for asset. /Game/Blueprint/Ennemy
[2018.02.05-12.38.03:317][  0]LogLinker: Warning: Can't find file '/Game/Blueprint/Ennemy'
[2018.02.05-12.38.03:317][  0]LogLinker: Warning: Can't find file for asset '/Game/Blueprint/Ennemy' while loading ../../../../../../Users/Corentin/Desktop/Sandstorm Project/UnrealTutoPaper2D/TutoPaper2d/Content/2dlevel.umap.
[2018.02.05-12.38.03:317][  0]LoadErrors: Error: /Game/2dlevel : Can't find file for asset. /Game/Blueprint/Ennemy
[2018.02.05-12.38.03:318][  0]LogLinker: Warning: Can't find file '/Game/Blueprint/Ennemy'
[2018.02.05-12.38.03:318][  0]LogLinker: Warning: Can't find file for asset '/Game/Blueprint/Ennemy' while loading ../../../../../../Users/Corentin/Desktop/Sandstorm Project/UnrealTutoPaper2D/TutoPaper2d/Content/2dlevel.umap.
[2018.02.05-12.38.03:318][  0]LoadErrors: Error: /Game/2dlevel : Can't find file for asset. /Game/Blueprint/Ennemy
[2018.02.05-12.38.03:318][  0]LogLinker: Warning: Can't find file '/Game/Blueprint/Ennemy'
[2018.02.05-12.38.03:318][  0]LogLinker: Warning: Can't find file for asset '/Game/Blueprint/Ennemy' while loading ../../../../../../Users/Corentin/Desktop/Sandstorm Project/UnrealTutoPaper2D/TutoPaper2d/Content/2dlevel.umap.
[2018.02.05-12.38.03:318][  0]LoadErrors: Error: /Game/2dlevel : Can't find file for asset. /Game/Blueprint/Ennemy
[2018.02.05-12.38.12:513][  0]LogLinker: Warning: Can't find file '/Game/Blueprint/Ennemy'
[2018.02.05-12.38.12:513][  0]LogLinker: Warning: Can't find file for asset '/Game/Blueprint/Ennemy' while loading ../../../../../../Users/Corentin/Desktop/Sandstorm Project/UnrealTutoPaper2D/TutoPaper2d/Content/2dlevel.umap.
[2018.02.05-12.38.12:513][  0]LoadErrors: Error: /Game/2dlevel : Can't find file for asset. /Game/Blueprint/Ennemy
[2018.02.05-12.38.12:896][  0]LogLinker: Warning: Can't find file '/Game/Blueprint/Ennemy'
[2018.02.05-12.38.12:896][  0]LogLinker: Warning: Can't find file for asset '/Game/Blueprint/Ennemy' while loading ../../../../../../Users/Corentin/Desktop/Sandstorm Project/UnrealTutoPaper2D/TutoPaper2d/Content/2dlevel.umap.
[2018.02.05-12.38.12:896][  0]LoadErrors: Error: /Game/2dlevel : Can't find file for asset. /Game/Blueprint/Ennemy
[2018.02.05-12.38.12:897][  0]LogLinker: Warning: Can't find file '/Game/Blueprint/Ennemy'
[2018.02.05-12.38.12:897][  0]LogLinker: Warning: Can't find file for asset '/Game/Blueprint/Ennemy' while loading ../../../../../../Users/Corentin/Desktop/Sandstorm Project/UnrealTutoPaper2D/TutoPaper2d/Content/2dlevel.umap.
[2018.02.05-12.38.12:897][  0]LoadErrors: Error: /Game/2dlevel : Can't find file for asset. /Game/Blueprint/Ennemy
[2018.02.05-12.38.12:897][  0]LogLinker: Warning: Can't find file '/Game/Blueprint/Ennemy'
[2018.02.05-12.38.12:898][  0]LogLinker: Warning: Can't find file for asset '/Game/Blueprint/Ennemy' while loading ../../../../../../Users/Corentin/Desktop/Sandstorm Project/UnrealTutoPaper2D/TutoPaper2d/Content/2dlevel.umap.
[2018.02.05-12.38.12:898][  0]LoadErrors: Error: /Game/2dlevel : Can't find file for asset. /Game/Blueprint/Ennemy
[2018.02.05-12.38.12:899][  0]LogLinker: Warning: Can't find file '/Game/Blueprint/Ennemy'
[2018.02.05-12.38.12:900][  0]LogLinker: Warning: Can't find file for asset '/Game/Blueprint/Ennemy' while loading ../../../../../../Users/Corentin/Desktop/Sandstorm Project/UnrealTutoPaper2D/TutoPaper2d/Content/2dlevel.umap.
[2018.02.05-12.38.12:900][  0]LoadErrors: Error: /Game/2dlevel : Can't find file for asset. /Game/Blueprint/Ennemy
[2018.02.05-12.38.13:050][  0]LogLinker: Warning: Can't find file '/Game/Blueprint/Ennemy'
[2018.02.05-12.38.13:050][  0]LogLinker: Warning: Can't find file for asset '/Game/Blueprint/Ennemy' while loading ../../../../../../Users/Corentin/Desktop/Sandstorm Project/UnrealTutoPaper2D/TutoPaper2d/Content/2dlevel.umap.
[2018.02.05-12.38.13:050][  0]LoadErrors: Error: /Game/2dlevel : Can't find file for asset. /Game/Blueprint/Ennemy
[2018.02.05-12.38.13:051][  0]LogLinker: Warning: Can't find file '/Game/Blueprint/Ennemy'
[2018.02.05-12.38.13:051][  0]LogLinker: Warning: Can't find file for asset '/Game/Blueprint/Ennemy' while loading NULL.
[2018.02.05-12.38.13:051][  0]LogLinker: Warning: Can't find file '/Game/Blueprint/Ennemy'
[2018.02.05-12.38.13:052][  0]LogLinker: Warning: Can't find file for asset '/Game/Blueprint/Ennemy' while loading NULL.
[2018.02.05-12.38.13:074][  0]LogLinker: Warning: Can't find file '/Game/Blueprint/Ennemy'
[2018.02.05-12.38.13:074][  0]LogLinker: Warning: Can't find file for asset '/Game/Blueprint/Ennemy' while loading NULL.
[2018.02.05-12.38.13:074][  0]LogLinker: Warning: Can't find file '/Game/Blueprint/Ennemy'
[2018.02.05-12.38.13:074][  0]LogLinker: Warning: Can't find file for asset '/Game/Blueprint/Ennemy' while loading NULL.
[2018.02.05-12.38.13:074][  0]LogLinker: Warning: Can't find file '/Game/Blueprint/Ennemy'
[2018.02.05-12.38.13:074][  0]LogLinker: Warning: Can't find file for asset '/Game/Blueprint/Ennemy' while loading NULL.
[2018.02.05-12.38.13:074][  0]LogLinker: Warning: Can't find file '/Game/Blueprint/Ennemy'
[2018.02.05-12.38.13:074][  0]LogLinker: Warning: Can't find file for asset '/Game/Blueprint/Ennemy' while loading NULL.
[2018.02.05-12.38.13:104][  0]LogLinker: Warning: Can't find file '/Game/Blueprint/Ennemy'
[2018.02.05-12.38.13:104][  0]LogLinker: Warning: Can't find file for asset '/Game/Blueprint/Ennemy' while loading NULL.
[2018.02.05-12.38.13:104][  0]LogLinker: Warning: Can't find file '/Game/Blueprint/Ennemy'
[2018.02.05-12.38.13:104][  0]LogLinker: Warning: Can't find file for asset '/Game/Blueprint/Ennemy' while loading NULL.
[2018.02.05-12.38.13:105][  0]LogLinker: Warning: Can't find file '/Game/Blueprint/Ennemy'
[2018.02.05-12.38.13:105][  0]LogLinker: Warning: Can't find file for asset '/Game/Blueprint/Ennemy' while loading NULL.
[2018.02.05-12.38.13:105][  0]LogLinker: Warning: Can't find file '/Game/Blueprint/Ennemy'
[2018.02.05-12.38.13:105][  0]LogLinker: Warning: Can't find file for asset '/Game/Blueprint/Ennemy' while loading NULL.
[2018.02.05-12.38.13:105][  0]LogLinker: Warning: Can't find file '/Game/Blueprint/Ennemy'
[2018.02.05-12.38.13:105][  0]LogLinker: Warning: Can't find file for asset '/Game/Blueprint/Ennemy' while loading NULL.
[2018.02.05-12.38.13:105][  0]LogLinker: Warning: Can't find file '/Game/Blueprint/Ennemy'
[2018.02.05-12.38.13:105][  0]LogLinker: Warning: Can't find file for asset '/Game/Blueprint/Ennemy' while loading NULL.
[2018.02.05-12.38.13:106][  0]LogLinker: Warning: Can't find file '/Game/Blueprint/Ennemy'
[2018.02.05-12.38.13:106][  0]LogLinker: Warning: Can't find file for asset '/Game/Blueprint/Ennemy' while loading NULL.
[2018.02.05-12.38.13:106][  0]LogLinker: Warning: Can't find file '/Game/Blueprint/Ennemy'
[2018.02.05-12.38.13:106][  0]LogLinker: Warning: Can't find file for asset '/Game/Blueprint/Ennemy' while loading NULL.
[2018.02.05-12.38.13:124][  0]LogLinker: Warning: Can't find file '/Game/Blueprint/Ennemy'
[2018.02.05-12.38.13:124][  0]LogLinker: Warning: Can't find file for asset '/Game/Blueprint/Ennemy' while loading NULL.
[2018.02.05-12.38.13:124][  0]LogLinker: Warning: Can't find file '/Game/Blueprint/Ennemy'
[2018.02.05-12.38.13:124][  0]LoadErrors: Failed to load /Game/Blueprint/Ennemy.Ennemy_C Referenced by PersistentLevel
[2018.02.05-12.38.13:124][  0]LogLinker: Warning: Can't find file for asset '/Game/Blueprint/Ennemy' while loading NULL.
[2018.02.05-12.38.13:124][  0]LoadErrors: Failed to load /Game/Blueprint/Ennemy.Ennemy_C Referenced by PersistentLevel
[2018.02.05-12.38.15:078][  0]LogAIModule: Creating AISystem for world 2dlevel
[2018.02.05-12.38.17:748][  0]LogEditorServer: Finished looking for orphan Actors (0.000 secs)
[2018.02.05-12.38.19:203][  0]Cmd: MAP CHECKDEP NOCLEARLOG
[2018.02.05-12.38.19:504][  0]MapCheck: Map check complete: 0 Error(s), 0 Warning(s), took 261.528ms to complete.
[2018.02.05-12.38.19:504][  0]LogFileHelpers: Loading map '2dlevel' took 18.991
[2018.02.05-12.38.29:572][  0]LogCollectionManager: Loaded 0 collections in 0.008114 seconds
[2018.02.05-12.38.30:196][  0]LogFileCache: Scanning file cache for directory 'C:/Users/Corentin/Desktop/Sandstorm Project/UnrealTutoPaper2D/TutoPaper2d/Saved/Collections/' took 0.01s
[2018.02.05-12.38.30:197][  0]LogFileCache: Scanning file cache for directory 'C:/Users/Corentin/Desktop/Sandstorm Project/UnrealTutoPaper2D/TutoPaper2d/Content/Developers/Corentin/Collections/' took 0.01s
[2018.02.05-12.38.30:197][  0]LogFileCache: Scanning file cache for directory 'C:/Users/Corentin/Desktop/Sandstorm Project/UnrealTutoPaper2D/TutoPaper2d/Content/Collections/' took 0.01s
[2018.02.05-12.38.30:197][  0]LogCollectionManager: Rebuilt the GUID cache for 0 collections in 0.000000 seconds
[2018.02.05-12.38.30:286][  0]LogContentBrowser: Native class hierarchy populated in 0.0884 seconds. Added 2363 classes and 519 folders.
[2018.02.05-12.38.30:825][  0]LogContentBrowser: Native class hierarchy updated for 'WidgetCarousel' in 0.0004 seconds. Added 0 classes and 0 folders.
[2018.02.05-12.38.33:680][  0]LogContentBrowser: Native class hierarchy updated for 'AddContentDialog' in 0.0003 seconds. Added 0 classes and 0 folders.
[2018.02.05-12.38.33:875][  0]LogContentBrowser: Native class hierarchy updated for 'SceneOutliner' in 0.0003 seconds. Added 1 classes and 2 folders.
[2018.02.05-12.38.36:951][  0]LogSlate: Took 0.039401 seconds to synchronously load lazily loaded font '../../../Engine/Content/Slate/Fonts/Roboto-Regular.ttf' (155K)
[2018.02.05-12.38.37:145][  0]LogSlate: Took 0.048418 seconds to synchronously load lazily loaded font '../../../Engine/Content/Slate/Fonts/Roboto-Bold.ttf' (160K)
[2018.02.05-12.38.37:563][  0]LogSlate: Took 0.032296 seconds to synchronously load lazily loaded font '../../../Engine/Content/Editor/Slate/Fonts/FontAwesome.ttf' (139K)
[2018.02.05-12.38.39:558][  0]LogRenderer: Reallocating scene render targets to support 1208x576 Format 10 NumSamples 1 (Frame:1).
[2018.02.05-12.38.43:185][  0]LogSlate: Took 0.111969 seconds to synchronously load lazily loaded font '../../../Engine/Content/Slate/Fonts/Roboto-Light.ttf' (159K)
[2018.02.05-12.38.45:360][  0]LogContentBrowser: Native class hierarchy updated for 'HierarchicalLODOutliner' in 0.0004 seconds. Added 1 classes and 2 folders.
[2018.02.05-12.38.45:360][  0]LogLoad: (Engine Initialization) Total time: 205.67 seconds
[2018.02.05-12.38.45:360][  0]LogLoad: (Engine Initialization) Total Blueprint compile time: 0.00 seconds
[2018.02.05-12.38.45:375][  0]LogExternalProfiler: Found external profiler: VSPerf
[2018.02.05-12.38.45:375][  0]LogExternalProfiler: Using external profiler: VSPerf
[2018.02.05-12.38.46:157][  0]LoadErrors: Warning: CreateExport: Failed to load Outer for resource 'AIPerception': Ennemy_C /Game/2dlevel.2dlevel:PersistentLevel.Ennemy_210
[2018.02.05-12.38.46:157][  0]LoadErrors: Warning: CreateExport: Failed to load Outer for resource 'AISenseConfig_Sight_0': AIPerceptionComponent /Game/2dlevel.2dlevel:PersistentLevel.Ennemy_210.AIPerception
[2018.02.05-12.38.46:157][  0]LoadErrors: Warning: CreateExport: Failed to load Outer for resource 'Arrow': Ennemy_C /Game/2dlevel.2dlevel:PersistentLevel.Ennemy_210
[2018.02.05-12.38.46:157][  0]LoadErrors: Warning: CreateExport: Failed to load Outer for resource 'projectileSpawner': Ennemy_C /Game/2dlevel.2dlevel:PersistentLevel.Ennemy_210
[2018.02.05-12.38.46:157][  0]LoadErrors: Warning: CreateExport: Failed to load Outer for resource 'CollisionCylinder': Ennemy_C /Game/2dlevel.2dlevel:PersistentLevel.Ennemy_210
[2018.02.05-12.38.46:157][  0]LoadErrors: Warning: CreateExport: Failed to load Outer for resource 'CharMoveComp': Ennemy_C /Game/2dlevel.2dlevel:PersistentLevel.Ennemy_210
[2018.02.05-12.38.46:157][  0]LoadErrors: Warning: CreateExport: Failed to load Outer for resource 'Sprite0': Ennemy_C /Game/2dlevel.2dlevel:PersistentLevel.Ennemy_210
[2018.02.05-12.38.46:614][  0]LogContentStreaming: Texture pool size now 1000 MB
[2018.02.05-12.38.48:286][  3]LogAssetRegistry: Asset discovery search completed in 139.1246 seconds
[2018.02.05-12.38.48:314][  3]LogCollectionManager: Rebuilt the object cache for 0 collections in 0.000001 seconds (found 0 objects)
[2018.02.05-12.38.48:314][  3]LogCollectionManager: Fixed up redirectors for 0 collections in 0.015228 seconds (updated 0 objects)
[2018.02.05-12.39.33:683][742]LogSlate: Took 0.000344 seconds to synchronously load lazily loaded font '../../../Engine/Content/Slate/Fonts/Roboto-Light.ttf' (159K)
[2018.02.05-12.39.33:823][742]LogContentBrowser: Native class hierarchy updated for 'TextureEditor' in 0.0003 seconds. Added 1 classes and 2 folders.
[2018.02.05-12.39.36:031][908]LogEditorFactories: Performing atomic reimport of [C:/Users/Corentin/Desktop/Sandstorm Project/UnrealTutoPaper2D/Asset/01_photoshop/01_character/01_output/ZeroSpriteSheet.png]
[2018.02.05-12.39.36:101][908]LogFactory: FactoryCreateFile: Texture2D with ReimportTextureFactory (0 0 C:/Users/Corentin/Desktop/Sandstorm Project/UnrealTutoPaper2D/Asset/01_photoshop/01_character/01_output/ZeroSpriteSheet.png)
[2018.02.05-12.39.36:253][908]LogTexture: Display: Building textures: ZeroSpriteSheet (BGRA8, 920X637)
[2018.02.05-12.39.36:373][908]LogEditorFactories: -- imported successfully
[2018.02.05-12.39.36:481][908]LogSlate: Took 0.000306 seconds to synchronously load lazily loaded font '../../../Engine/Content/Slate/Fonts/Roboto-Light.ttf' (159K)
[2018.02.05-12.39.40:967][168]LogSavePackage: Save=190.63ms
[2018.02.05-12.39.40:967][168]LogSavePackage: Moving '../../../../../../Users/Corentin/Desktop/Sandstorm Project/UnrealTutoPaper2D/TutoPaper2d/Saved/ZeroSpriteSheetDC19CACA4A1144487AA362833F436571.tmp' to '../../../../../../Users/Corentin/Desktop/Sandstorm Project/UnrealTutoPaper2D/TutoPaper2d/Content/Sprites/SpriteSheets/ZeroSpriteSheet.uasset'
[2018.02.05-12.39.40:999][168]LogSavePackage: Display: Finished SavePackage ../../../../../../Users/Corentin/Desktop/Sandstorm Project/UnrealTutoPaper2D/TutoPaper2d/Content/Sprites/SpriteSheets/ZeroSpriteSheet.uasset
[2018.02.05-12.39.41:587][168]LogWindowsTextInputMethodSystem: Display: IME system now deactivated.
[2018.02.05-12.39.42:161][169]Cmd: QUIT_EDITOR
[2018.02.05-12.39.42:681][169]LogExit: Preparing to exit.
[2018.02.05-12.39.43:916][169]LogDirectoryWatcher: A directory notification for 'C:/Users/Corentin/Desktop/Sandstorm Project/UnrealTutoPaper2D/TutoPaper2d/Content/' was aborted.
[2018.02.05-12.39.44:028][169]LogExit: Editor shut down
[2018.02.05-12.39.44:032][169]LogExit: Transaction tracking system shut down
[2018.02.05-12.39.44:360][169]LogDirectoryWatcher: A directory notification for '../../../Engine/Content/' was aborted.
[2018.02.05-12.39.44:361][169]LogDirectoryWatcher: A directory notification for '../../../../../../Users/Corentin/Desktop/Sandstorm Project/UnrealTutoPaper2D/TutoPaper2d/Content/' was aborted.
[2018.02.05-12.39.44:361][169]LogDirectoryWatcher: A directory notification for '../../../Engine/Plugins/2D/Paper2D/Content/' was aborted.
[2018.02.05-12.39.44:361][169]LogDirectoryWatcher: A directory notification for '../../../Engine/Plugins/Media/MediaCompositing/Content/' was aborted.
[2018.02.05-12.39.44:361][169]LogDirectoryWatcher: A directory notification for '../../../Engine/Plugins/Runtime/AppleARKit/Content/' was aborted.
[2018.02.05-12.39.44:361][169]LogDirectoryWatcher: A directory notification for '../../../Engine/Plugins/Runtime/Oculus/OculusVR/Content/' was aborted.
[2018.02.05-12.39.44:361][169]LogDirectoryWatcher: A directory notification for '../../../Engine/Plugins/Runtime/Steam/SteamVR/Content/' was aborted.
[2018.02.05-12.39.45:908][169]LogExit: Object subsystem successfully closed.
[2018.02.05-12.39.46:409][169]LogD3D11RHI: Shutdown
[2018.02.05-12.39.46:432][169]LogD3D11RHI: CleanupD3DDevice
[2018.02.05-12.39.46:532][169]LogD3D11RHI: ~FD3D11DynamicRHI
[2018.02.05-12.39.47:607][169]LogModuleManager: Shutting down and abandoning module TextureEditor (550)
[2018.02.05-12.39.47:611][169]LogModuleManager: Shutting down and abandoning module HierarchicalLODOutliner (548)
[2018.02.05-12.39.47:611][169]LogModuleManager: Shutting down and abandoning module SceneOutliner (546)
[2018.02.05-12.39.47:624][169]LogModuleManager: Shutting down and abandoning module AddContentDialog (544)
[2018.02.05-12.39.47:674][169]LogDirectoryWatcher: A directory notification for 'C:/Program Files/Epic Games/UE_4.18/FeaturePacks/' was aborted.
[2018.02.05-12.39.47:675][169]LogModuleManager: Shutting down and abandoning module WidgetCarousel (543)
[2018.02.05-12.39.47:675][169]LogModuleManager: Shutting down and abandoning module EditorWidgets (540)
[2018.02.05-12.39.47:675][169]LogModuleManager: Shutting down and abandoning module CollectionManager (538)
[2018.02.05-12.39.47:696][169]LogDirectoryWatcher: A directory notification for 'C:/Users/Corentin/Desktop/Sandstorm Project/UnrealTutoPaper2D/TutoPaper2d/Content/Collections/' was aborted.
[2018.02.05-12.39.47:696][169]LogDirectoryWatcher: A directory notification for 'C:/Users/Corentin/Desktop/Sandstorm Project/UnrealTutoPaper2D/TutoPaper2d/Content/Developers/Corentin/Collections/' was aborted.
[2018.02.05-12.39.47:696][169]LogDirectoryWatcher: A directory notification for 'C:/Users/Corentin/Desktop/Sandstorm Project/UnrealTutoPaper2D/TutoPaper2d/Saved/Collections/' was aborted.
[2018.02.05-12.39.47:696][169]LogModuleManager: Shutting down and abandoning module StatsViewer (536)
[2018.02.05-12.39.47:727][169]LogModuleManager: Shutting down and abandoning module FoliageEdit (534)
[2018.02.05-12.39.47:727][169]LogModuleManager: Shutting down and abandoning module LandscapeEditor (532)
[2018.02.05-12.39.47:740][169]LogModuleManager: Shutting down and abandoning module MeshPaintMode (530)
[2018.02.05-12.39.47:741][169]LogModuleManager: Shutting down and abandoning module SceneDepthPickerMode (528)
[2018.02.05-12.39.47:741][169]LogModuleManager: Shutting down and abandoning module ActorPickerMode (526)
[2018.02.05-12.39.47:741][169]LogModuleManager: Shutting down and abandoning module GeometryMode (524)
[2018.02.05-12.39.47:741][169]LogModuleManager: Shutting down and abandoning module TextureAlignMode (522)
[2018.02.05-12.39.47:741][169]LogModuleManager: Shutting down and abandoning module BspMode (520)
[2018.02.05-12.39.47:741][169]LogModuleManager: Shutting down and abandoning module PIEPreviewDeviceProfileSelector (518)
[2018.02.05-12.39.47:741][169]LogModuleManager: Shutting down and abandoning module HardwareSurvey (516)
[2018.02.05-12.39.47:741][169]LogModuleManager: Shutting down and abandoning module SequenceRecorderSections (514)
[2018.02.05-12.39.47:746][169]LogModuleManager: Shutting down and abandoning module AutomationWorker (512)
[2018.02.05-12.39.47:763][169]LogModuleManager: Shutting down and abandoning module MatineeToLevelSequence (510)
[2018.02.05-12.39.47:771][169]LogModuleManager: Shutting down and abandoning module LevelSequenceEditor (508)
[2018.02.05-12.39.47:781][169]LogModuleManager: Shutting down and abandoning module PlacementMode (507)
[2018.02.05-12.39.47:781][169]LogModuleManager: Shutting down and abandoning module WmfMediaFactory (504)
[2018.02.05-12.39.47:781][169]LogModuleManager: Shutting down and abandoning module WmfMediaEditor (502)
[2018.02.05-12.39.47:781][169]LogModuleManager: Shutting down and abandoning module OpenExrWrapper (500)
[2018.02.05-12.39.47:781][169]LogModuleManager: Shutting down and abandoning module ImgMediaFactory (498)
[2018.02.05-12.39.47:781][169]LogModuleManager: Shutting down and abandoning module ImgMediaEditor (496)
[2018.02.05-12.39.47:781][169]LogModuleManager: Shutting down and abandoning module AvfMediaFactory (494)
[2018.02.05-12.39.47:781][169]LogModuleManager: Shutting down and abandoning module AvfMediaEditor (492)
[2018.02.05-12.39.47:781][169]LogModuleManager: Shutting down and abandoning module AndroidMediaFactory (490)
[2018.02.05-12.39.47:781][169]LogModuleManager: Shutting down and abandoning module AndroidMediaEditor (488)
[2018.02.05-12.39.47:781][169]LogModuleManager: Shutting down and abandoning module CharacterAI (486)
[2018.02.05-12.39.47:781][169]LogModuleManager: Shutting down and abandoning module AudioCapture (484)
[2018.02.05-12.39.47:796][169]LogModuleManager: Shutting down and abandoning module SequenceRecorder (483)
[2018.02.05-12.39.47:821][169]LogModuleManager: Shutting down and abandoning module SmartSnapping (480)
[2018.02.05-12.39.47:821][169]LogModuleManager: Shutting down and abandoning module SessionServices (478)
[2018.02.05-12.39.47:821][169]LogModuleManager: Shutting down and abandoning module ViewportSnapping (476)
[2018.02.05-12.39.47:821][169]LogModuleManager: Shutting down and abandoning module ViewportInteraction (474)
[2018.02.05-12.39.47:821][169]LogModuleManager: Shutting down and abandoning module ClothPainter (472)
[2018.02.05-12.39.47:863][169]LogModuleManager: Shutting down and abandoning module SkeletalMeshEditor (471)
[2018.02.05-12.39.47:892][169]LogModuleManager: Shutting down and abandoning module LogVisualizer (468)
[2018.02.05-12.39.47:912][169]LogModuleManager: Shutting down and abandoning module IntroTutorials (466)
[2018.02.05-12.39.47:926][169]LogModuleManager: Shutting down and abandoning module GameProjectGeneration (465)
[2018.02.05-12.39.47:934][169]LogModuleManager: Shutting down and abandoning module IOSPlatformEditor (462)
[2018.02.05-12.39.47:934][169]LogModuleManager: Shutting down and abandoning module HTML5PlatformEditor (460)
[2018.02.05-12.39.47:934][169]LogModuleManager: Shutting down and abandoning module AndroidPlatformEditor (458)
[2018.02.05-12.39.47:934][169]LogModuleManager: Shutting down and abandoning module AndroidDeviceDetection (457)
[2018.02.05-12.39.48:242][169]LogModuleManager: Shutting down and abandoning module WindowsPlatformEditor (454)
[2018.02.05-12.39.48:242][169]LogModuleManager: Shutting down and abandoning module IOSRuntimeSettings (452)
[2018.02.05-12.39.48:242][169]LogModuleManager: Shutting down and abandoning module AndroidRuntimeSettings (450)
[2018.02.05-12.39.48:242][169]LogModuleManager: Shutting down and abandoning module InputBindingEditor (448)
[2018.02.05-12.39.48:298][169]LogModuleManager: Shutting down and abandoning module MergeActors (446)
[2018.02.05-12.39.48:304][169]LogModuleManager: Shutting down and abandoning module SizeMap (444)
[2018.02.05-12.39.48:304][169]LogModuleManager: Shutting down and abandoning module TreeMap (442)
[2018.02.05-12.39.48:331][169]LogModuleManager: Shutting down and abandoning module ReferenceViewer (440)
[2018.02.05-12.39.48:331][169]LogModuleManager: Shutting down and abandoning module LocalizationDashboard (438)
[2018.02.05-12.39.48:343][169]LogModuleManager: Shutting down and abandoning module LocalizationService (437)
[2018.02.05-12.39.48:350][169]LogModuleManager: Shutting down and abandoning module HardwareTargeting (434)
[2018.02.05-12.39.48:350][169]LogModuleManager: Shutting down and abandoning module DeviceProfileEditor (432)
[2018.02.05-12.39.48:350][169]LogModuleManager: Shutting down and abandoning module UndoHistory (430)
[2018.02.05-12.39.48:350][169]LogModuleManager: Shutting down and abandoning module XmlParser (428)
[2018.02.05-12.39.48:351][169]LogModuleManager: Shutting down and abandoning module Blutility (426)
[2018.02.05-12.39.48:351][169]LogModuleManager: Shutting down and abandoning module ProjectSettingsViewer (424)
[2018.02.05-12.39.48:351][169]LogModuleManager: Shutting down and abandoning module ProjectTargetPlatformEditor (423)
[2018.02.05-12.39.48:351][169]LogModuleManager: Shutting down and abandoning module EditorSettingsViewer (420)
[2018.02.05-12.39.48:351][169]LogModuleManager: Shutting down and abandoning module SettingsEditor (418)
[2018.02.05-12.39.48:364][169]LogModuleManager: Shutting down and abandoning module ProjectLauncher (416)
[2018.02.05-12.39.48:368][169]LogModuleManager: Shutting down and abandoning module SessionFrontend (414)
[2018.02.05-12.39.48:380][169]LogModuleManager: Shutting down and abandoning module ProfilerClient (412)
[2018.02.05-12.39.48:385][169]LogModuleManager: Shutting down and abandoning module DeviceManager (410)
[2018.02.05-12.39.48:396][169]LogModuleManager: Shutting down and abandoning module TargetDeviceServices (409)
[2018.02.05-12.39.48:461][169]LogModuleManager: Shutting down and abandoning module AutomationController (406)
[2018.02.05-12.39.48:504][169]LogModuleManager: Shutting down and abandoning module AutomationWindow (404)
[2018.02.05-12.39.48:542][169]LogModuleManager: Shutting down and abandoning module Layers (402)
[2018.02.05-12.39.48:564][169]LogModuleManager: Shutting down and abandoning module ComponentVisualizers (400)
[2018.02.05-12.39.48:564][169]LogModuleManager: Shutting down and abandoning module DetailCustomizations (398)
[2018.02.05-12.39.48:580][169]LogModuleManager: Shutting down and abandoning module PackagesDialog (396)
[2018.02.05-12.39.48:580][169]LogModuleManager: Shutting down and abandoning module Persona (394)
[2018.02.05-12.39.48:654][169]LogModuleManager: Shutting down and abandoning module AdvancedPreviewScene (393)
[2018.02.05-12.39.48:654][169]LogModuleManager: Shutting down and abandoning module AnimGraph (391)
[2018.02.05-12.39.48:654][169]LogModuleManager: Shutting down and abandoning module Kismet (388)
[2018.02.05-12.39.48:683][169]LogModuleManager: Shutting down and abandoning module ClassViewer (386)
[2018.02.05-12.39.48:684][169]LogModuleManager: Shutting down and abandoning module Toolbox (384)
[2018.02.05-12.39.48:684][169]LogModuleManager: Shutting down and abandoning module ModuleUI (382)
[2018.02.05-12.39.48:688][169]LogModuleManager: Shutting down and abandoning module MovieSceneTools (380)
[2018.02.05-12.39.48:709][169]LogModuleManager: Shutting down and abandoning module OutputLog (378)
[2018.02.05-12.39.48:719][169]LogModuleManager: Shutting down and abandoning module GammaUI (376)
[2018.02.05-12.39.48:726][169]LogModuleManager: Shutting down and abandoning module Documentation (374)
[2018.02.05-12.39.48:726][169]LogModuleManager: Shutting down and abandoning module MovieSceneTracks (372)
[2018.02.05-12.39.48:726][169]LogModuleManager: Shutting down and abandoning module MovieScene (370)
[2018.02.05-12.39.48:726][169]LogModuleManager: Shutting down and abandoning module StreamingPauseRendering (368)
[2018.02.05-12.39.48:726][169]LogModuleManager: Shutting down and abandoning module LauncherPlatform (366)
[2018.02.05-12.39.48:726][169]LogModuleManager: Shutting down and abandoning module AnalyticsET (364)
[2018.02.05-12.39.48:726][169]LogModuleManager: Shutting down and abandoning module PortalServices (362)
[2018.02.05-12.39.48:726][169]LogModuleManager: Shutting down and abandoning module PortalRpc (360)
[2018.02.05-12.39.48:726][169]LogModuleManager: Shutting down and abandoning module MessagingRpc (358)
[2018.02.05-12.39.48:726][169]LogModuleManager: Shutting down and abandoning module AIModule (356)
[2018.02.05-12.39.48:726][169]LogModuleManager: Shutting down and abandoning module GameplayDebugger (355)
[2018.02.05-12.39.48:729][169]LogModuleManager: Shutting down and abandoning module AITestSuite (353)
[2018.02.05-12.39.48:736][169]LogModuleManager: Shutting down and abandoning module DesktopPlatform (350)
[2018.02.05-12.39.48:736][169]LogModuleManager: Shutting down and abandoning module ProfilerService (348)
[2018.02.05-12.39.48:802][169]LogModuleManager: Shutting down and abandoning module TaskGraph (346)
[2018.02.05-12.39.48:837][169]LogModuleManager: Shutting down and abandoning module SteamVRController (344)
[2018.02.05-12.39.48:837][169]LogModuleManager: Shutting down and abandoning module ProceduralMeshComponentEditor (342)
[2018.02.05-12.39.48:837][169]LogModuleManager: Shutting down and abandoning module ProceduralMeshComponent (340)
[2018.02.05-12.39.48:837][169]LogModuleManager: Shutting down and abandoning module OculusInput (338)
[2018.02.05-12.39.48:845][169]LogModuleManager: Shutting down and abandoning module MobilePatchingUtils (336)
[2018.02.05-12.39.48:845][169]LogModuleManager: Shutting down and abandoning module CustomMeshComponent (334)
[2018.02.05-12.39.48:845][169]LogModuleManager: Shutting down and abandoning module CableComponent (332)
[2018.02.05-12.39.48:860][169]LogModuleManager: Shutting down and abandoning module ArchVisCharacter (330)
[2018.02.05-12.39.48:860][169]LogModuleManager: Shutting down and abandoning module AndroidPermission (328)
[2018.02.05-12.39.48:860][169]LogModuleManager: Shutting down and abandoning module ActorSequence (324)
[2018.02.05-12.39.48:860][169]LogModuleManager: Shutting down and abandoning module MediaPlayerEditor (322)
[2018.02.05-12.39.48:876][169]LogModuleManager: Shutting down and abandoning module MediaCompositingEditor (320)
[2018.02.05-12.39.48:876][169]LogModuleManager: Shutting down and abandoning module MediaCompositing (318)
[2018.02.05-12.39.48:876][169]LogModuleManager: Shutting down and abandoning module HTML5Networking (316)
[2018.02.05-12.39.48:876][169]LogModuleManager: Shutting down and abandoning module AlembicImporter (314)
[2018.02.05-12.39.48:886][169]LogModuleManager: Shutting down and abandoning module AlembicLibrary (313)
[2018.02.05-12.39.48:886][169]LogModuleManager: Shutting down and abandoning module GeometryCache (312)
[2018.02.05-12.39.48:895][169]LogModuleManager: Shutting down and abandoning module GeometryCacheEd (311)
[2018.02.05-12.39.48:895][169]LogModuleManager: Shutting down and abandoning module SpeedTreeImporter (306)
[2018.02.05-12.39.48:895][169]LogModuleManager: Shutting down and abandoning module PluginBrowser (304)
[2018.02.05-12.39.48:926][169]LogModuleManager: Shutting down and abandoning module MobileLauncherProfileWizard (302)
[2018.02.05-12.39.48:935][169]LogModuleManager: Shutting down and abandoning module VisualStudioSourceCodeAccess (300)
[2018.02.05-12.39.48:935][169]LogModuleManager: Shutting down and abandoning module VisualStudioCodeSourceCodeAccess (298)
[2018.02.05-12.39.48:935][169]LogModuleManager: Shutting down and abandoning module UObjectPlugin (296)
[2018.02.05-12.39.48:936][169]LogModuleManager: Shutting down and abandoning module SubversionSourceControl (294)
[2018.02.05-12.39.48:953][169]LogModuleManager: Shutting down and abandoning module PerforceSourceControl (292)
[2018.02.05-12.39.48:961][169]LogModuleManager: Shutting down and abandoning module GitSourceControl (290)
[2018.02.05-12.39.48:965][169]LogModuleManager: Shutting down and abandoning module SourceControl (289)
[2018.02.05-12.39.48:993][169]LogModuleManager: Shutting down and abandoning module LightPropagationVolumeEditor (286)
[2018.02.05-12.39.48:993][169]LogModuleManager: Shutting down and abandoning module PaperTiledImporter (284)
[2018.02.05-12.39.48:993][169]LogModuleManager: Shutting down and abandoning module PaperSpriteSheetImporter (282)
[2018.02.05-12.39.48:993][169]LogModuleManager: Shutting down and abandoning module Paper2DEditor (280)
[2018.02.05-12.39.49:021][169]LogModuleManager: Shutting down and abandoning module MeshPaint (279)
[2018.02.05-12.39.49:034][169]LogModuleManager: Shutting down and abandoning module LevelEditor (277)
[2018.02.05-12.39.49:043][169]LogModuleManager: Shutting down and abandoning module PixelInspectorModule (276)
[2018.02.05-12.39.49:051][169]LogModuleManager: Shutting down and abandoning module MainFrame (274)
[2018.02.05-12.39.49:066][169]LogModuleManager: Shutting down and abandoning module HotReload (273)
[2018.02.05-12.39.49:078][169]LogModuleManager: Shutting down and abandoning module RuntimePhysXCooking (268)
[2018.02.05-12.39.49:078][169]LogModuleManager: Shutting down and abandoning module PhysXVehiclesEditor (266)
[2018.02.05-12.39.49:078][169]LogModuleManager: Shutting down and abandoning module PhysXVehicles (264)
[2018.02.05-12.39.49:078][169]LogModuleManager: Shutting down and abandoning module OculusEditor (262)
[2018.02.05-12.39.49:078][169]LogModuleManager: Shutting down and abandoning module LocationServicesBPLibrary (260)
[2018.02.05-12.39.49:078][169]LogModuleManager: Shutting down and abandoning module ImmediatePhysicsEditor (258)
[2018.02.05-12.39.49:078][169]LogModuleManager: Shutting down and abandoning module ImmediatePhysics (256)
[2018.02.05-12.39.49:107][169]LogModuleManager: Shutting down and abandoning module UdpMessaging (254)
[2018.02.05-12.39.49:217][169]LogModuleManager: Shutting down and abandoning module TcpMessaging (252)
[2018.02.05-12.39.49:337][169]LogModuleManager: Shutting down and abandoning module GameplayTagsEditor (250)
[2018.02.05-12.39.49:373][169]LogModuleManager: Shutting down and abandoning module FacialAnimationEditor (248)
[2018.02.05-12.39.49:373][169]LogModuleManager: Shutting down and abandoning module FacialAnimation (246)
[2018.02.05-12.39.49:373][169]LogModuleManager: Shutting down and abandoning module AssetManagerEditor (244)
[2018.02.05-12.39.49:381][169]LogModuleManager: Shutting down and abandoning module GraphEditor (243)
[2018.02.05-12.39.49:425][169]LogModuleManager: Shutting down and abandoning module ContentBrowser (241)
[2018.02.05-12.39.49:426][169]LogModuleManager: Shutting down and abandoning module LightPropagationVolumeRuntime (238)
[2018.02.05-12.39.49:426][169]LogModuleManager: Shutting down and abandoning module Paper2D (236)
[2018.02.05-12.39.49:426][169]LogModuleManager: Shutting down and abandoning module WindowsMoviePlayer (234)
[2018.02.05-12.39.49:441][169]LogModuleManager: Shutting down and abandoning module WmfMedia (232)
[2018.02.05-12.39.49:457][169]LogModuleManager: Shutting down and abandoning module ImgMedia (230)
[2018.02.05-12.39.49:457][169]LogModuleManager: Shutting down and abandoning module PacketHandler (228)
[2018.02.05-12.39.49:457][169]LogModuleManager: Shutting down and abandoning module ClothingSystemEditor (226)
[2018.02.05-12.39.49:457][169]LogModuleManager: Shutting down and abandoning module ClothingSystemRuntime (224)
[2018.02.05-12.39.49:457][169]LogModuleManager: Shutting down and abandoning module MediaAssets (222)
[2018.02.05-12.39.49:457][169]LogModuleManager: Shutting down and abandoning module Media (221)
[2018.02.05-12.39.49:463][169]LogModuleManager: Shutting down and abandoning module Overlay (218)
[2018.02.05-12.39.49:463][169]LogModuleManager: Shutting down and abandoning module OverlayEditor (217)
[2018.02.05-12.39.49:463][169]LogModuleManager: Shutting down and abandoning module VREditor (214)
[2018.02.05-12.39.49:498][169]LogModuleManager: Shutting down and abandoning module StringTableEditor (212)
[2018.02.05-12.39.49:503][169]LogModuleManager: Shutting down and abandoning module GameplayTasksEditor (210)
[2018.02.05-12.39.49:503][169]LogModuleManager: Shutting down and abandoning module BehaviorTreeEditor (208)
[2018.02.05-12.39.49:534][169]LogModuleManager: Shutting down and abandoning module FunctionalTesting (206)
[2018.02.05-12.39.49:552][169]LogModuleManager: Shutting down and abandoning module CollisionAnalyzer (204)
[2018.02.05-12.39.49:555][169]LogModuleManager: Shutting down and abandoning module WorkspaceMenuStructure (203)
[2018.02.05-12.39.49:555][169]LogModuleManager: Shutting down and abandoning module UMG (200)
[2018.02.05-12.39.49:566][169]LogModuleManager: Shutting down and abandoning module UMGEditor (199)
[2018.02.05-12.39.49:590][169]LogModuleManager: Shutting down and abandoning module Sequencer (198)
[2018.02.05-12.39.49:609][169]LogModuleManager: Shutting down and abandoning module MessageLog (195)
[2018.02.05-12.39.49:609][169]LogModuleManager: Shutting down and abandoning module SlateReflector (190)
[2018.02.05-12.39.49:632][169]LogModuleManager: Shutting down and abandoning module Slate (188)
[2018.02.05-12.39.49:632][169]LogModuleManager: Shutting down and abandoning module EditorStyle (186)
[2018.02.05-12.39.49:639][169]LogModuleManager: Shutting down and abandoning module MRMesh (184)
[2018.02.05-12.39.49:639][169]LogModuleManager: Shutting down and abandoning module SourceCodeAccess (182)
[2018.02.05-12.39.49:639][169]LogModuleManager: Shutting down and abandoning module HeadMountedDisplay (180)
[2018.02.05-12.39.49:639][169]LogModuleManager: Shutting down and abandoning module XAudio2 (178)
[2018.02.05-12.39.49:639][169]LogModuleManager: Shutting down and abandoning module Networking (176)
[2018.02.05-12.39.49:639][169]LogModuleManager: Shutting down and abandoning module Core (172)
[2018.02.05-12.39.49:639][169]LogModuleManager: Shutting down and abandoning module LevelSequence (168)
[2018.02.05-12.39.49:643][169]LogModuleManager: Shutting down and abandoning module DirectoryWatcher (166)
[2018.02.05-12.39.49:643][169]LogModuleManager: Shutting down and abandoning module KismetCompiler (164)
[2018.02.05-12.39.49:643][169]LogModuleManager: Shutting down and abandoning module MeshUtilities (162)
[2018.02.05-12.39.49:649][169]LogModuleManager: Shutting down and abandoning module MeshMergeUtilities (161)
[2018.02.05-12.39.49:654][169]LogModuleManager: Shutting down and abandoning module MeshReductionInterface (160)
[2018.02.05-12.39.49:654][169]LogModuleManager: Shutting down and abandoning module SimplygonSwarm (159)
[2018.02.05-12.39.49:665][169]LogModuleManager: Shutting down and abandoning module SimplygonMeshReduction (157)
[2018.02.05-12.39.49:665][169]LogModuleManager: Shutting down and abandoning module QuadricMeshReduction (155)
[2018.02.05-12.39.49:670][169]LogModuleManager: Shutting down and abandoning module MaterialBaking (151)
[2018.02.05-12.39.49:679][169]LogModuleManager: Shutting down and abandoning module DerivedDataCache (148)
[2018.02.05-12.39.49:696][169]LogDerivedDataCache: Shutdown
[2018.02.05-12.39.49:696][169]LogModuleManager: Shutting down and abandoning module TargetPlatform (146)
[2018.02.05-12.39.49:696][169]LogModuleManager: Shutting down and abandoning module VulkanShaderFormat (145)
[2018.02.05-12.39.49:718][169]LogModuleManager: Shutting down and abandoning module ShaderFormatVectorVM (143)
[2018.02.05-12.39.49:728][169]LogModuleManager: Shutting down and abandoning module ShaderFormatOpenGL (141)
[2018.02.05-12.39.49:737][169]LogModuleManager: Shutting down and abandoning module ShaderFormatD3D (139)
[2018.02.05-12.39.49:741][169]LogModuleManager: Shutting down and abandoning module MetalShaderFormat (137)
[2018.02.05-12.39.49:749][169]LogModuleManager: Shutting down and abandoning module TextureFormatUncompressed (135)
[2018.02.05-12.39.49:749][169]LogModuleManager: Shutting down and abandoning module TextureFormatPVR (133)
[2018.02.05-12.39.49:749][169]LogModuleManager: Shutting down and abandoning module TextureFormatDXT (131)
[2018.02.05-12.39.49:749][169]LogModuleManager: Shutting down and abandoning module TextureFormatIntelISPCTexComp (129)
[2018.02.05-12.39.49:749][169]LogModuleManager: Shutting down and abandoning module TextureFormatASTC (127)
[2018.02.05-12.39.49:749][169]LogModuleManager: Shutting down and abandoning module ImageWrapper (126)
[2018.02.05-12.39.49:749][169]LogModuleManager: Shutting down and abandoning module TextureFormatAndroid (123)
[2018.02.05-12.39.49:749][169]LogModuleManager: Shutting down and abandoning module AudioFormatOpus (121)
[2018.02.05-12.39.49:749][169]LogModuleManager: Shutting down and abandoning module AudioFormatOgg (119)
[2018.02.05-12.39.49:749][169]LogModuleManager: Shutting down and abandoning module AudioFormatADPCM (117)
[2018.02.05-12.39.49:749][169]LogModuleManager: Shutting down and abandoning module LinuxTargetPlatform (115)
[2018.02.05-12.39.49:749][169]LogModuleManager: Shutting down and abandoning module LinuxServerTargetPlatform (113)
[2018.02.05-12.39.49:749][169]LogModuleManager: Shutting down and abandoning module LinuxNoEditorTargetPlatform (111)
[2018.02.05-12.39.49:749][169]LogModuleManager: Shutting down and abandoning module LinuxClientTargetPlatform (109)
[2018.02.05-12.39.49:749][169]LogModuleManager: Shutting down and abandoning module TVOSTargetPlatform (107)
[2018.02.05-12.39.49:749][169]LogModuleManager: Shutting down and abandoning module Messaging (105)
[2018.02.05-12.39.49:749][169]LogModuleManager: Shutting down and abandoning module IOSTargetPlatform (103)
[2018.02.05-12.39.49:750][169]LogModuleManager: Shutting down and abandoning module HTML5TargetPlatform (101)
[2018.02.05-12.39.49:750][169]LogModuleManager: Shutting down and abandoning module AndroidTargetPlatform (99)
[2018.02.05-12.39.49:750][169]LogModuleManager: Shutting down and abandoning module Android_PVRTCTargetPlatform (97)
[2018.02.05-12.39.49:750][169]LogModuleManager: Shutting down and abandoning module Android_MultiTargetPlatform (95)
[2018.02.05-12.39.49:750][169]LogModuleManager: Shutting down and abandoning module Android_ETC2TargetPlatform (93)
[2018.02.05-12.39.49:750][169]LogModuleManager: Shutting down and abandoning module Android_ETC1TargetPlatform (91)
[2018.02.05-12.39.49:750][169]LogModuleManager: Shutting down and abandoning module Android_DXTTargetPlatform (89)
[2018.02.05-12.39.49:750][169]LogModuleManager: Shutting down and abandoning module Android_ATCTargetPlatform (87)
[2018.02.05-12.39.49:750][169]LogModuleManager: Shutting down and abandoning module Android_ASTCTargetPlatform (85)
[2018.02.05-12.39.49:750][169]LogModuleManager: Shutting down and abandoning module WindowsTargetPlatform (83)
[2018.02.05-12.39.49:750][169]LogModuleManager: Shutting down and abandoning module WindowsServerTargetPlatform (81)
[2018.02.05-12.39.49:750][169]LogModuleManager: Shutting down and abandoning module WindowsNoEditorTargetPlatform (79)
[2018.02.05-12.39.49:750][169]LogModuleManager: Shutting down and abandoning module WindowsClientTargetPlatform (77)
[2018.02.05-12.39.49:750][169]LogModuleManager: Shutting down and abandoning module MacTargetPlatform (75)
[2018.02.05-12.39.49:750][169]LogModuleManager: Shutting down and abandoning module MacServerTargetPlatform (73)
[2018.02.05-12.39.49:752][169]LogModuleManager: Shutting down and abandoning module MacNoEditorTargetPlatform (71)
[2018.02.05-12.39.49:753][169]LogModuleManager: Shutting down and abandoning module MacClientTargetPlatform (69)
[2018.02.05-12.39.49:754][169]LogModuleManager: Shutting down and abandoning module AllDesktopTargetPlatform (67)
[2018.02.05-12.39.49:754][169]LogModuleManager: Shutting down and abandoning module InputCore (64)
[2018.02.05-12.39.49:754][169]LogModuleManager: Shutting down and abandoning module Settings (62)
[2018.02.05-12.39.49:754][169]LogModuleManager: Shutting down and abandoning module PhysXCooking (60)
[2018.02.05-12.39.49:754][169]LogModuleManager: Shutting down and abandoning module SteamVR (58)
[2018.02.05-12.39.49:754][169]LogModuleManager: Shutting down and abandoning module OculusHMD (56)
[2018.02.05-12.39.49:771][169]LogModuleManager: Shutting down and abandoning module ExampleDeviceProfileSelector (54)
[2018.02.05-12.39.49:771][169]LogModuleManager: Shutting down and abandoning module AppleARKit (52)
[2018.02.05-12.39.49:771][169]LogModuleManager: Shutting down and abandoning module AugmentedReality (51)
[2018.02.05-12.39.49:771][169]LogModuleManager: Shutting down and abandoning module OnlineBlueprintSupport (48)
[2018.02.05-12.39.49:771][169]LogModuleManager: Shutting down and abandoning module OnlineSubsystem (44)
[2018.02.05-12.39.49:796][169]LogModuleManager: Shutting down and abandoning module XMPP (43)
[2018.02.05-12.39.49:836][169]LogModuleManager: Shutting down and abandoning module HTTP (41)
[2018.02.05-12.39.49:836][169]LogHttp: Display: Http module shutting down, but needs to wait on 1 outstanding Http requests:
[2018.02.05-12.39.49:836][169]LogHttp: Display: 	verb=[POST] url=[https://datarouter.ol.epicgames.com/datarouter/api/v1/public/data?SessionID=%7B6CEE0199-4D0B-AC7F-248B-DCBDAFA34249%7D&AppID=UEEditor.Rocket.Release&AppVersion=4.18.3-3832480%2B%2B%2BUE4%2BRelease-4.18&UserID=6a3d3f84464b00032dd2e59fd0a8f81a%7C70ba3f2c0a6341598a8deb204ee00fb4%7C560897fb-4446-4411-863b-7d2dbb47b793&AppEnvironment=datacollector-binary&UploadType=eteventstream] status=Processing
[2018.02.05-12.39.49:882][169]LogModuleManager: Shutting down and abandoning module SSL (40)
[2018.02.05-12.39.49:898][169]LogModuleManager: Shutting down and abandoning module AnimationModifiers (36)
[2018.02.05-12.39.49:912][169]LogModuleManager: Shutting down and abandoning module PropertyEditor (35)
[2018.02.05-12.39.49:912][169]LogModuleManager: Shutting down and abandoning module AudioEditor (32)
[2018.02.05-12.39.49:951][169]LogModuleManager: Shutting down and abandoning module TextureCompressor (30)
[2018.02.05-12.39.49:951][169]LogModuleManager: Shutting down and abandoning module ShaderCore (28)
[2018.02.05-12.39.49:951][169]LogModuleManager: Shutting down and abandoning module Landscape (26)
[2018.02.05-12.39.49:951][169]LogModuleManager: Shutting down and abandoning module SlateRHIRenderer (24)
[2018.02.05-12.39.49:979][169]LogModuleManager: Shutting down and abandoning module OpenGLDrv (22)
[2018.02.05-12.39.50:005][169]LogModuleManager: Shutting down and abandoning module D3D11RHI (20)
[2018.02.05-12.39.50:005][169]LogModuleManager: Shutting down and abandoning module AnimGraphRuntime (18)
[2018.02.05-12.39.50:019][169]LogModuleManager: Shutting down and abandoning module Renderer (16)
[2018.02.05-12.39.50:019][169]LogModuleManager: Shutting down and abandoning module Engine (14)
[2018.02.05-12.39.50:036][169]LogModuleManager: Shutting down and abandoning module CoreUObject (12)
[2018.02.05-12.39.50:036][169]LogModuleManager: Shutting down and abandoning module NetworkFile (10)
[2018.02.05-12.39.50:045][169]LogModuleManager: Shutting down and abandoning module CookedIterativeFile (8)
[2018.02.05-12.39.50:045][169]LogModuleManager: Shutting down and abandoning module StreamingFile (6)
[2018.02.05-12.39.50:049][169]LogModuleManager: Shutting down and abandoning module SandboxFile (4)
[2018.02.05-12.39.50:049][169]LogModuleManager: Shutting down and abandoning module PakFile (2)
[2018.02.05-12.39.50:064][169]LogExit: Exiting.
[2018.02.05-12.39.50:096][169]Log file closed, 02/05/18 13:39:50
