Log file open, 02/04/18 05:54:19
LogWindows: Failed to load 'aqProf.dll' (GetLastError=126)
LogWindows: File 'aqProf.dll' does not exist
LogWindows: Failed to load 'VtuneApi.dll' (GetLastError=126)
LogWindows: File 'VtuneApi.dll' does not exist
LogWindows: Failed to load 'VtuneApi32e.dll' (GetLastError=126)
LogWindows: File 'VtuneApi32e.dll' does not exist
LogInit: Display: Running engine for game: TutoPaper2d
LogPlatformFile: Not using cached read wrapper
LogInit: Display: RandInit(1857241571) SRandInit(1857241571).
LogInit: Read version file with build ID '3709383'
LogInit: Overriding engine version to CL 3832480, compatible CL 3709383
LogInit: Registered custom module enumerator with build ID '3709383'
LogTaskGraph: Started task graph with 5 named threads and 14 total threads with 3 sets of task threads.
LogStats: Stats thread started at 0.215498
LogD3D11RHI: Aftermath initialized
LogModuleManager: Display: Found up-to-date module file ../../../Engine/Plugins/2D/Paper2D/Binaries/Win64/UE4Editor-Paper2D.dll (API version 3709383).
LogModuleManager: Display: Found up-to-date module file ../../../Engine/Plugins/2D/Paper2D/Binaries/Win64/UE4Editor-Paper2DEditor.dll (API version 3709383).
LogModuleManager: Display: Found up-to-date module file ../../../Engine/Plugins/2D/Paper2D/Binaries/Win64/UE4Editor-PaperSpriteSheetImporter.dll (API version 3709383).
LogModuleManager: Display: Found up-to-date module file ../../../Engine/Plugins/2D/Paper2D/Binaries/Win64/UE4Editor-PaperTiledImporter.dll (API version 3709383).
LogModuleManager: Display: Found up-to-date module file ../../../Engine/Plugins/2D/Paper2D/Binaries/Win64/UE4Editor-SmartSnapping.dll (API version 3709383).
LogModuleManager: Display: Found up-to-date module file ../../../Engine/Plugins/Blendables/LightPropagationVolume/Binaries/Win64/UE4Editor-LightPropagationVolumeRuntime.dll (API version 3709383).
LogModuleManager: Display: Found up-to-date module file ../../../Engine/Plugins/Blendables/LightPropagationVolume/Binaries/Win64/UE4Editor-LightPropagationVolumeEditor.dll (API version 3709383).
LogModuleManager: Display: Found up-to-date module file ../../../Engine/Plugins/Developer/GitSourceControl/Binaries/Win64/UE4Editor-GitSourceControl.dll (API version 3709383).
LogModuleManager: Display: Found up-to-date module file ../../../Engine/Plugins/Developer/PerforceSourceControl/Binaries/Win64/UE4Editor-PerforceSourceControl.dll (API version 3709383).
LogModuleManager: Display: Found up-to-date module file ../../../Engine/Plugins/Developer/SubversionSourceControl/Binaries/Win64/UE4Editor-SubversionSourceControl.dll (API version 3709383).
LogModuleManager: Display: Found up-to-date module file ../../../Engine/Plugins/Developer/UObjectPlugin/Binaries/Win64/UE4Editor-UObjectPlugin.dll (API version 3709383).
LogModuleManager: Display: Found up-to-date module file ../../../Engine/Plugins/Developer/VisualStudioCodeSourceCodeAccess/Binaries/Win64/UE4Editor-VisualStudioCodeSourceCodeAccess.dll (API version 3709383).
LogModuleManager: Display: Found up-to-date module file ../../../Engine/Plugins/Developer/VisualStudioSourceCodeAccess/Binaries/Win64/UE4Editor-VisualStudioSourceCodeAccess.dll (API version 3709383).
LogModuleManager: Display: Found up-to-date module file ../../../Engine/Plugins/Editor/AssetManagerEditor/Binaries/Win64/UE4Editor-AssetManagerEditor.dll (API version 3709383).
LogModuleManager: Display: Found up-to-date module file ../../../Engine/Plugins/Editor/AudioCapture/Binaries/Win64/UE4Editor-AudioCapture.dll (API version 3709383).
LogModuleManager: Display: Found up-to-date module file ../../../Engine/Plugins/Editor/FacialAnimation/Binaries/Win64/UE4Editor-FacialAnimation.dll (API version 3709383).
LogModuleManager: Display: Found up-to-date module file ../../../Engine/Plugins/Editor/FacialAnimation/Binaries/Win64/UE4Editor-FacialAnimationEditor.dll (API version 3709383).
LogModuleManager: Display: Found up-to-date module file ../../../Engine/Plugins/Editor/GameplayTagsEditor/Binaries/Win64/UE4Editor-GameplayTagsEditor.dll (API version 3709383).
LogModuleManager: Display: Found up-to-date module file ../../../Engine/Plugins/Editor/MobileLauncherProfileWizard/Binaries/Win64/UE4Editor-MobileLauncherProfileWizard.dll (API version 3709383).
LogModuleManager: Display: Found up-to-date module file ../../../Engine/Plugins/Editor/PluginBrowser/Binaries/Win64/UE4Editor-PluginBrowser.dll (API version 3709383).
LogModuleManager: Display: Found up-to-date module file ../../../Engine/Plugins/Editor/SpeedTreeImporter/Binaries/Win64/UE4Editor-SpeedTreeImporter.dll (API version 3709383).
LogModuleManager: Display: Found up-to-date module file ../../../Engine/Plugins/Experimental/AlembicImporter/Binaries/Win64/UE4Editor-AlembicImporter.dll (API version 3709383).
LogModuleManager: Display: Found up-to-date module file ../../../Engine/Plugins/Experimental/AlembicImporter/Binaries/Win64/UE4Editor-AlembicLibrary.dll (API version 3709383).
LogModuleManager: Display: Found up-to-date module file ../../../Engine/Plugins/Experimental/CharacterAI/Binaries/Win64/UE4Editor-CharacterAI.dll (API version 3709383).
LogModuleManager: Display: Found up-to-date module file ../../../Engine/Plugins/Experimental/HTML5Networking/Binaries/Win64/UE4Editor-HTML5Networking.dll (API version 3709383).
LogModuleManager: Display: Found up-to-date module file ../../../Engine/Plugins/Media/AndroidMedia/Binaries/Win64/UE4Editor-AndroidMediaEditor.dll (API version 3709383).
LogModuleManager: Display: Found up-to-date module file ../../../Engine/Plugins/Media/AndroidMedia/Binaries/Win64/UE4Editor-AndroidMediaFactory.dll (API version 3709383).
LogModuleManager: Display: Found up-to-date module file ../../../Engine/Plugins/Media/AvfMedia/Binaries/Win64/UE4Editor-AvfMediaEditor.dll (API version 3709383).
LogModuleManager: Display: Found up-to-date module file ../../../Engine/Plugins/Media/AvfMedia/Binaries/Win64/UE4Editor-AvfMediaFactory.dll (API version 3709383).
LogModuleManager: Display: Found up-to-date module file ../../../Engine/Plugins/Media/AvfMedia/Binaries/Win64/UE4Editor-AvfMediaFactory.dll (API version 3709383).
LogModuleManager: Display: Found up-to-date module file ../../../Engine/Plugins/Media/ImgMedia/Binaries/Win64/UE4Editor-ImgMedia.dll (API version 3709383).
LogModuleManager: Display: Found up-to-date module file ../../../Engine/Plugins/Media/ImgMedia/Binaries/Win64/UE4Editor-ImgMediaEditor.dll (API version 3709383).
LogModuleManager: Display: Found up-to-date module file ../../../Engine/Plugins/Media/ImgMedia/Binaries/Win64/UE4Editor-ImgMediaFactory.dll (API version 3709383).
LogModuleManager: Display: Found up-to-date module file ../../../Engine/Plugins/Media/ImgMedia/Binaries/Win64/UE4Editor-ImgMediaFactory.dll (API version 3709383).
LogModuleManager: Display: Found up-to-date module file ../../../Engine/Plugins/Media/ImgMedia/Binaries/Win64/UE4Editor-OpenExrWrapper.dll (API version 3709383).
LogModuleManager: Display: Found up-to-date module file ../../../Engine/Plugins/Media/MediaCompositing/Binaries/Win64/UE4Editor-MediaCompositing.dll (API version 3709383).
LogModuleManager: Display: Found up-to-date module file ../../../Engine/Plugins/Media/MediaCompositing/Binaries/Win64/UE4Editor-MediaCompositingEditor.dll (API version 3709383).
LogModuleManager: Display: Found up-to-date module file ../../../Engine/Plugins/Media/MediaPlayerEditor/Binaries/Win64/UE4Editor-MediaPlayerEditor.dll (API version 3709383).
LogModuleManager: Display: Found up-to-date module file ../../../Engine/Plugins/Media/WmfMedia/Binaries/Win64/UE4Editor-WmfMedia.dll (API version 3709383).
LogModuleManager: Display: Found up-to-date module file ../../../Engine/Plugins/Media/WmfMedia/Binaries/Win64/UE4Editor-WmfMediaEditor.dll (API version 3709383).
LogModuleManager: Display: Found up-to-date module file ../../../Engine/Plugins/Media/WmfMedia/Binaries/Win64/UE4Editor-WmfMediaFactory.dll (API version 3709383).
LogModuleManager: Display: Found up-to-date module file ../../../Engine/Plugins/Media/WmfMedia/Binaries/Win64/UE4Editor-WmfMediaFactory.dll (API version 3709383).
LogModuleManager: Display: Found up-to-date module file ../../../Engine/Plugins/Messaging/TcpMessaging/Binaries/Win64/UE4Editor-TcpMessaging.dll (API version 3709383).
LogModuleManager: Display: Found up-to-date module file ../../../Engine/Plugins/Messaging/UdpMessaging/Binaries/Win64/UE4Editor-UdpMessaging.dll (API version 3709383).
LogModuleManager: Display: Found up-to-date module file ../../../Engine/Plugins/MovieScene/ActorSequence/Binaries/Win64/UE4Editor-ActorSequence.dll (API version 3709383).
LogModuleManager: Display: Found up-to-date module file ../../../Engine/Plugins/MovieScene/LevelSequenceEditor/Binaries/Win64/UE4Editor-LevelSequenceEditor.dll (API version 3709383).
LogModuleManager: Display: Found up-to-date module file ../../../Engine/Plugins/MovieScene/MatineeToLevelSequence/Binaries/Win64/UE4Editor-MatineeToLevelSequence.dll (API version 3709383).
LogModuleManager: Display: Found up-to-date module file ../../../Engine/Plugins/Online/OnlineSubsystem/Binaries/Win64/UE4Editor-OnlineSubsystem.dll (API version 3709383).
LogModuleManager: Display: Found up-to-date module file ../../../Engine/Plugins/Runtime/AndroidPermission/Binaries/Win64/UE4Editor-AndroidPermission.dll (API version 3709383).
LogModuleManager: Display: Found up-to-date module file ../../../Engine/Plugins/Online/OnlineSubsystemNull/Binaries/Win64/UE4Editor-OnlineSubsystemNull.dll (API version 3709383).
LogModuleManager: Display: Found up-to-date module file ../../../Engine/Plugins/Online/OnlineSubsystemUtils/Binaries/Win64/UE4Editor-OnlineSubsystemUtils.dll (API version 3709383).
LogModuleManager: Display: Found up-to-date module file ../../../Engine/Plugins/Online/OnlineSubsystemUtils/Binaries/Win64/UE4Editor-OnlineBlueprintSupport.dll (API version 3709383).
LogModuleManager: Display: Found up-to-date module file ../../../Engine/Plugins/Runtime/AndroidDeviceProfileSelector/Binaries/Win64/UE4Editor-AndroidDeviceProfileSelector.dll (API version 3709383).
LogModuleManager: Display: Found up-to-date module file ../../../Engine/Plugins/Runtime/AppleARKit/Binaries/Win64/UE4Editor-AppleARKit.dll (API version 3709383).
LogModuleManager: Display: Found up-to-date module file ../../../Engine/Plugins/Runtime/ArchVisCharacter/Binaries/Win64/UE4Editor-ArchVisCharacter.dll (API version 3709383).
LogModuleManager: Display: Found up-to-date module file ../../../Engine/Plugins/Runtime/CableComponent/Binaries/Win64/UE4Editor-CableComponent.dll (API version 3709383).
LogModuleManager: Display: Found up-to-date module file ../../../Engine/Plugins/Runtime/CustomMeshComponent/Binaries/Win64/UE4Editor-CustomMeshComponent.dll (API version 3709383).
LogModuleManager: Display: Found up-to-date module file ../../../Engine/Plugins/Runtime/ExampleDeviceProfileSelector/Binaries/Win64/UE4Editor-ExampleDeviceProfileSelector.dll (API version 3709383).
LogModuleManager: Display: Found up-to-date module file ../../../Engine/Plugins/Runtime/ImmediatePhysics/Binaries/Win64/UE4Editor-ImmediatePhysics.dll (API version 3709383).
LogModuleManager: Display: Found up-to-date module file ../../../Engine/Plugins/Runtime/ImmediatePhysics/Binaries/Win64/UE4Editor-ImmediatePhysicsEditor.dll (API version 3709383).
LogModuleManager: Display: Found up-to-date module file ../../../Engine/Plugins/Runtime/LocationServicesBPLibrary/Binaries/Win64/UE4Editor-LocationServicesBPLibrary.dll (API version 3709383).
LogModuleManager: Display: Found up-to-date module file ../../../Engine/Plugins/Runtime/MobilePatchingUtils/Binaries/Win64/UE4Editor-MobilePatchingUtils.dll (API version 3709383).
LogModuleManager: Display: Found up-to-date module file ../../../Engine/Plugins/Runtime/Oculus/OculusVR/Binaries/Win64/UE4Editor-OculusHMD.dll (API version 3709383).
LogModuleManager: Display: Found up-to-date module file ../../../Engine/Plugins/Runtime/Oculus/OculusVR/Binaries/Win64/UE4Editor-OculusInput.dll (API version 3709383).
LogModuleManager: Display: Found up-to-date module file ../../../Engine/Plugins/Runtime/Oculus/OculusVR/Binaries/Win64/UE4Editor-OculusEditor.dll (API version 3709383).
LogModuleManager: Display: Found up-to-date module file ../../../Engine/Plugins/Runtime/PhysXVehicles/Binaries/Win64/UE4Editor-PhysXVehicles.dll (API version 3709383).
LogModuleManager: Display: Found up-to-date module file ../../../Engine/Plugins/Runtime/PhysXVehicles/Binaries/Win64/UE4Editor-PhysXVehiclesEditor.dll (API version 3709383).
LogModuleManager: Display: Found up-to-date module file ../../../Engine/Plugins/Runtime/ProceduralMeshComponent/Binaries/Win64/UE4Editor-ProceduralMeshComponent.dll (API version 3709383).
LogModuleManager: Display: Found up-to-date module file ../../../Engine/Plugins/Runtime/ProceduralMeshComponent/Binaries/Win64/UE4Editor-ProceduralMeshComponentEditor.dll (API version 3709383).
LogModuleManager: Display: Found up-to-date module file ../../../Engine/Plugins/Runtime/RuntimePhysXCooking/Binaries/Win64/UE4Editor-RuntimePhysXCooking.dll (API version 3709383).
LogModuleManager: Display: Found up-to-date module file ../../../Engine/Plugins/Runtime/Steam/SteamVR/Binaries/Win64/UE4Editor-SteamVR.dll (API version 3709383).
LogModuleManager: Display: Found up-to-date module file ../../../Engine/Plugins/Runtime/Steam/SteamVR/Binaries/Win64/UE4Editor-SteamVRController.dll (API version 3709383).
LogModuleManager: Display: Found up-to-date module file ../../../Engine/Plugins/Runtime/WindowsMoviePlayer/Binaries/Win64/UE4Editor-WindowsMoviePlayer.dll (API version 3709383).
LogPluginManager: Mounting plugin Paper2D
LogPluginManager: Mounting plugin LightPropagationVolume
LogPluginManager: Mounting plugin CodeLiteSourceCodeAccess
LogPluginManager: Mounting plugin GitSourceControl
LogPluginManager: Mounting plugin KDevelopSourceCodeAccess
LogPluginManager: Mounting plugin NullSourceCodeAccess
LogPluginManager: Mounting plugin PerforceSourceControl
LogPluginManager: Mounting plugin SubversionSourceControl
LogPluginManager: Mounting plugin UObjectPlugin
LogPluginManager: Mounting plugin VisualStudioCodeSourceCodeAccess
LogPluginManager: Mounting plugin VisualStudioSourceCodeAccess
LogPluginManager: Mounting plugin XCodeSourceCodeAccess
LogPluginManager: Mounting plugin AssetManagerEditor
LogPluginManager: Mounting plugin AudioCapture
LogPluginManager: Mounting plugin FacialAnimation
LogPluginManager: Mounting plugin GameplayTagsEditor
LogPluginManager: Mounting plugin MobileLauncherProfileWizard
LogPluginManager: Mounting plugin PluginBrowser
LogPluginManager: Mounting plugin SpeedTreeImporter
LogPluginManager: Mounting plugin AlembicImporter
LogPluginManager: Mounting plugin CharacterAI
LogPluginManager: Mounting plugin HTML5Networking
LogPluginManager: Mounting plugin AndroidMedia
LogPluginManager: Mounting plugin AvfMedia
LogPluginManager: Mounting plugin ImgMedia
LogPluginManager: Mounting plugin MediaCompositing
LogPluginManager: Mounting plugin MediaPlayerEditor
LogPluginManager: Mounting plugin WmfMedia
LogPluginManager: Mounting plugin TcpMessaging
LogPluginManager: Mounting plugin UdpMessaging
LogPluginManager: Mounting plugin ActorSequence
LogPluginManager: Mounting plugin LevelSequenceEditor
LogPluginManager: Mounting plugin MatineeToLevelSequence
LogPluginManager: Mounting plugin OnlineSubsystemGooglePlay
LogPluginManager: Mounting plugin OnlineSubsystemIOS
LogPluginManager: Mounting plugin OnlineSubsystem
LogPluginManager: Mounting plugin OnlineSubsystemNull
LogPluginManager: Mounting plugin OnlineSubsystemUtils
LogPluginManager: Mounting plugin AndroidDeviceProfileSelector
LogPluginManager: Mounting plugin AndroidMoviePlayer
LogPluginManager: Mounting plugin AndroidPermission
LogPluginManager: Mounting plugin AppleARKit
LogPluginManager: Mounting plugin AppleMoviePlayer
LogPluginManager: Mounting plugin ArchVisCharacter
LogPluginManager: Mounting plugin CableComponent
LogPluginManager: Mounting plugin CustomMeshComponent
LogPluginManager: Mounting plugin ExampleDeviceProfileSelector
LogPluginManager: Mounting plugin GoogleCloudMessaging
LogPluginManager: Mounting plugin ImmediatePhysics
LogPluginManager: Mounting plugin IOSDeviceProfileSelector
LogPluginManager: Mounting plugin LinuxDeviceProfileSelector
LogPluginManager: Mounting plugin LocationServicesBPLibrary
LogPluginManager: Mounting plugin MobilePatchingUtils
LogPluginManager: Mounting plugin OculusVR
LogPluginManager: Plugin shader directory ../../../Engine/Plugins/Runtime/Oculus/OculusVR/Shaders found
LogPluginManager: Mapping shader source directory ../../../Engine/Plugins/Runtime/Oculus/OculusVR/Shaders to virtual directory /Plugin/OculusVR
LogPluginManager: Mounting plugin PhysXVehicles
LogPluginManager: Mounting plugin ProceduralMeshComponent
LogPluginManager: Mounting plugin RuntimePhysXCooking
LogPluginManager: Mounting plugin SteamVR
LogPluginManager: Mounting plugin WindowsMoviePlayer
LogInit: Using libcurl 7.47.1
LogInit:  - built for x86_64-pc-win32
LogInit:  - supports SSL with OpenSSL/1.0.2g
LogInit:  - supports HTTP deflate (compression) using libz 1.2.8
LogInit:  - other features:
LogInit:      CURL_VERSION_SSL
LogInit:      CURL_VERSION_LIBZ
LogInit:      CURL_VERSION_IPV6
LogInit:      CURL_VERSION_ASYNCHDNS
LogInit:      CURL_VERSION_LARGEFILE
LogInit:      CURL_VERSION_IDN
LogInit:  CurlRequestOptions (configurable via config and command line):
LogInit:  - bVerifyPeer = false  - Libcurl will NOT verify peer certificate
LogInit:  - bUseHttpProxy = false  - Libcurl will NOT use HTTP proxy
LogInit:  - bDontReuseConnections = false  - Libcurl will reuse connections
LogInit:  - CertBundlePath = nullptr  - Libcurl will use whatever was configured at build time.
LogInit: Build: ++UE4+Release-4.18-CL-3832480
LogInit: Engine Version: 4.18.3-3832480+++UE4+Release-4.18
LogInit: Compatible Engine Version: 4.18.0-3709383+++UE4+Release-4.18
LogInit: Net CL: 3709383
LogDevObjectVersion: Number of dev versions registered: 16
LogDevObjectVersion:   Dev-Blueprints (B0D832E4-1F89-4F0D-ACCF-7EB736FD4AA2): 10
LogDevObjectVersion:   Dev-Build (E1C64328-A22C-4D53-A36C-8E866417BD8C): 0
LogDevObjectVersion:   Dev-Core (375EC13C-06E4-48FB-B500-84F0262A717E): 2
LogDevObjectVersion:   Dev-Editor (E4B068ED-F494-42E9-A231-DA0B2E46BB41): 20
LogDevObjectVersion:   Dev-Framework (CFFC743F-43B0-4480-9391-14DF171D2073): 30
LogDevObjectVersion:   Dev-Mobile (B02B49B5-BB20-44E9-A304-32B752E40360): 0
LogDevObjectVersion:   Dev-Networking (A4E4105C-59A1-49B5-A7C5-40C4547EDFEE): 0
LogDevObjectVersion:   Dev-Online (39C831C9-5AE6-47DC-9A44-9C173E1C8E7C): 0
LogDevObjectVersion:   Dev-Physics (78F01B33-EBEA-4F98-B9B4-84EACCB95AA2): 0
LogDevObjectVersion:   Dev-Platform (6631380F-2D4D-43E0-8009-CF276956A95A): 0
LogDevObjectVersion:   Dev-Rendering (12F88B9F-8875-4AFC-A67C-D90C383ABD29): 20
LogDevObjectVersion:   Dev-Sequencer (7B5AE74C-D270-4C10-A958-57980B212A5A): 4
LogDevObjectVersion:   Dev-VR (D7296918-1DD6-4BDD-9DE2-64A83CC13884): 0
LogDevObjectVersion:   Dev-LoadTimes (C2A15278-BFE7-4AFE-6C17-90FF531DF755): 1
LogDevObjectVersion:   Private-Geometry (6EACA3D4-40EC-4CC1-B786-8BED09428FC5): 1
LogDevObjectVersion:   Dev-AnimPhys (29E575DD-E0A3-4627-9D10-D276232CDCEA): 12
LogInit: Compiled (64-bit): Jan 12 2018 02:04:55
LogInit: Compiled with Visual C++: 19.00.24215.01
LogInit: Build Configuration: Development
LogInit: Branch Name: ++UE4+Release-4.18
LogInit: Command line: -EpicPortal 
LogInit: Base directory: C:/Program Files/Epic Games/UE_4.18/Engine/Binaries/Win64/
LogInit: Installed Engine Build: 1
LogInit: Presizing for max 8388607 objects, including 0 objects not considered by GC, pre-allocating 0 bytes for permanent pool.
LogInit: Object subsystem initialized
[2018.02.04-04.54.22:227][  0]LogInit: Selected Device Profile: [Windows]
[2018.02.04-04.54.22:227][  0]LogInit: Applying CVar settings loaded from the selected device profile: [Windows]
[2018.02.04-04.54.22:262][  0]LogInit: Computer: CORENTIN-PC
[2018.02.04-04.54.22:262][  0]LogInit: User: Corentin
[2018.02.04-04.54.22:262][  0]LogInit: CPU Page size=4096, Cores=4
[2018.02.04-04.54.22:262][  0]LogInit: High frequency timer resolution =3.415992 MHz
[2018.02.04-04.54.22:262][  0]LogMemory: Memory total: Physical=7.9GB (8GB approx)
[2018.02.04-04.54.22:262][  0]LogMemory: Platform Memory Stats for Windows
[2018.02.04-04.54.22:262][  0]LogMemory: Process Physical Memory: 275.35 MB used, 275.35 MB peak
[2018.02.04-04.54.22:262][  0]LogMemory: Process Virtual Memory: 274.73 MB used, 274.73 MB peak
[2018.02.04-04.54.22:262][  0]LogMemory: Physical Memory: 5467.20 MB used,  2667.23 MB free, 8134.43 MB total
[2018.02.04-04.54.22:262][  0]LogMemory: Virtual Memory: 668.36 MB used,  2667.23 MB free, 134217728.00 MB total
[2018.02.04-04.54.22:462][  0]LogInit: Using OS detected language (fr-FR).
[2018.02.04-04.54.22:462][  0]LogInit: Using OS detected locale (fr-FR).
[2018.02.04-04.54.22:466][  0]LogTextLocalizationManager: No localization for 'fr-FR' exists, so 'en' will be used for the language.
[2018.02.04-04.54.22:467][  0]LogTextLocalizationManager: No localization for 'fr-FR' exists, so 'en' will be used for the locale.
[2018.02.04-04.54.22:969][  0]LogInit: Setting process to per monitor DPI aware
[2018.02.04-04.54.23:362][  0]LogD3D11RHI: D3D11 adapters:
[2018.02.04-04.54.23:406][  0]LogD3D11RHI:    0. 'NVIDIA GeForce GTX 960' (Feature Level 11_0)
[2018.02.04-04.54.23:406][  0]LogD3D11RHI:       2016/0/4067 MB DedicatedVideo/DedicatedSystem/SharedSystem, Outputs:2, VendorId:0x10de
[2018.02.04-04.54.23:410][  0]LogD3D11RHI:    1. 'Microsoft Basic Render Driver' (Feature Level 11_0)
[2018.02.04-04.54.23:410][  0]LogD3D11RHI:       0/0/4067 MB DedicatedVideo/DedicatedSystem/SharedSystem, Outputs:0, VendorId:0x1414
[2018.02.04-04.54.23:410][  0]LogD3D11RHI: Chosen D3D11 Adapter: 0
[2018.02.04-04.54.23:418][  0]LogD3D11RHI: Creating new Direct3DDevice
[2018.02.04-04.54.23:418][  0]LogD3D11RHI:     GPU DeviceId: 0x1401 (for the marketing name, search the web for "GPU Device Id")
[2018.02.04-04.54.23:418][  0]LogWindows: EnumDisplayDevices:
[2018.02.04-04.54.23:418][  0]LogWindows:    0. 'NVIDIA GeForce GTX 960' (P:0 D:1)
[2018.02.04-04.54.23:418][  0]LogWindows:    1. 'NVIDIA GeForce GTX 960' (P:1 D:1)
[2018.02.04-04.54.23:418][  0]LogWindows:    2. 'NVIDIA GeForce GTX 960' (P:0 D:0)
[2018.02.04-04.54.23:419][  0]LogWindows:    3. 'NVIDIA GeForce GTX 960' (P:0 D:0)
[2018.02.04-04.54.23:419][  0]LogWindows: DebugString: GetVideoDriverDetailsInvalid PrimaryIsNotTheChoosenAdapter GetVideoDriverDetailsInvalid PrimaryIsNotTheChoosenAdapter GetVideoDriverDetailsInvalid PrimaryIsNotTheChoosenAdapter GetVideoDriverDetailsInvalid PrimaryIsNotTheChoosenAdapter FoundDriverCount:0 
[2018.02.04-04.54.23:419][  0]LogD3D11RHI:     Adapter Name: NVIDIA GeForce GTX 960
[2018.02.04-04.54.23:419][  0]LogD3D11RHI:   Driver Version: Unknown (internal:Unknown, unified:Unknown)
[2018.02.04-04.54.23:419][  0]LogD3D11RHI:      Driver Date: Unknown
[2018.02.04-04.54.23:419][  0]LogRHI: Texture pool is 1411 MB (70% of 2016 MB)
[2018.02.04-04.54.23:443][  0]LogD3D11RHI: Async texture creation enabled
[2018.02.04-04.54.23:462][  0]LogD3D11RHI: GPU Timing Frequency: 1000.000000 (Debug: 2 1)
[2018.02.04-04.54.23:513][  0]LogShaderCompilers: Guid format shader working directory is -39 characters bigger than the processId version (../../../../../../Users/Corentin/Desktop/Sandstorm Project/UnrealTutoPaper2D/TutoPaper2d/Intermediate/Shaders/WorkingDirectory/1268/).
[2018.02.04-04.54.23:513][  0]LogShaderCompilers: Cleaned the shader compiler working directory 'C:/Users/Corentin/AppData/Local/Temp/UnrealShaderWorkingDir/8F5781D848D15572A38E31BD928C8948/'.
[2018.02.04-04.54.23:513][  0]LogShaderCompilers: Display: Using Local Shader Compiler.
[2018.02.04-04.54.24:623][  0]LogTemp: Display: Loaded TP AllDesktopTargetPlatform
[2018.02.04-04.54.24:694][  0]LogTemp: Display: Loaded TP MacClientTargetPlatform
[2018.02.04-04.54.24:762][  0]LogTemp: Display: Loaded TP MacNoEditorTargetPlatform
[2018.02.04-04.54.24:825][  0]LogTemp: Display: Loaded TP MacServerTargetPlatform
[2018.02.04-04.54.24:893][  0]LogTemp: Display: Loaded TP MacTargetPlatform
[2018.02.04-04.54.24:962][  0]LogTemp: Display: Loaded TP WindowsClientTargetPlatform
[2018.02.04-04.54.25:030][  0]LogTemp: Display: Loaded TP WindowsNoEditorTargetPlatform
[2018.02.04-04.54.25:101][  0]LogTemp: Display: Loaded TP WindowsServerTargetPlatform
[2018.02.04-04.54.25:165][  0]LogTemp: Display: Loaded TP WindowsTargetPlatform
[2018.02.04-04.54.25:229][  0]LogTemp: Display: Loaded TP Android_ASTCTargetPlatform
[2018.02.04-04.54.25:296][  0]LogTemp: Display: Loaded TP Android_ATCTargetPlatform
[2018.02.04-04.54.25:362][  0]LogTemp: Display: Loaded TP Android_DXTTargetPlatform
[2018.02.04-04.54.25:425][  0]LogTemp: Display: Loaded TP Android_ETC1TargetPlatform
[2018.02.04-04.54.25:491][  0]LogTemp: Display: Loaded TP Android_ETC2TargetPlatform
[2018.02.04-04.54.25:619][  0]LogTemp: Display: Loaded TP Android_MultiTargetPlatform
[2018.02.04-04.54.25:619][  0]LogTemp: Display: Loaded TP Android_PVRTCTargetPlatform
[2018.02.04-04.54.25:685][  0]LogTemp: Display: Loaded TP AndroidTargetPlatform
[2018.02.04-04.54.25:739][  0]LogTemp: Display: Loaded TP HTML5TargetPlatform
[2018.02.04-04.54.25:847][  0]LogTemp: Display: Loaded TP IOSTargetPlatform
[2018.02.04-04.54.25:877][  0]LogTemp: Display: Loaded TP TVOSTargetPlatform
[2018.02.04-04.54.25:939][  0]LogTemp: Display: Loaded TP LinuxClientTargetPlatform
[2018.02.04-04.54.26:004][  0]LogTemp: Display: Loaded TP LinuxNoEditorTargetPlatform
[2018.02.04-04.54.26:069][  0]LogTemp: Display: Loaded TP LinuxServerTargetPlatform
[2018.02.04-04.54.26:133][  0]LogTemp: Display: Loaded TP LinuxTargetPlatform
[2018.02.04-04.54.26:133][  0]LogTargetPlatformManager: Display: Building Assets For Windows
[2018.02.04-04.54.26:725][  0]LogDerivedDataCache: Display: Max Cache Size: 512 MB
[2018.02.04-04.54.26:806][  0]LogDerivedDataCache: Loaded boot cache 0.08s 78MB C:/Users/Corentin/AppData/Local/UnrealEngine/4.18/DerivedDataCache/Boot.ddc.
[2018.02.04-04.54.26:806][  0]LogDerivedDataCache: Display: Loaded Boot cache: C:/Users/Corentin/AppData/Local/UnrealEngine/4.18/DerivedDataCache/Boot.ddc
[2018.02.04-04.54.26:806][  0]LogDerivedDataCache: FDerivedDataBackendGraph:  Pak pak cache file ../../../../../../Users/Corentin/Desktop/Sandstorm Project/UnrealTutoPaper2D/TutoPaper2d/DerivedDataCache/DDC.ddp not found, will not use a pak cache.
[2018.02.04-04.54.26:806][  0]LogDerivedDataCache: Unable to find inner node Pak for hierarchical cache Hierarchy.
[2018.02.04-04.54.26:806][  0]LogDerivedDataCache: FDerivedDataBackendGraph:  CompressedPak pak cache file ../../../../../../Users/Corentin/Desktop/Sandstorm Project/UnrealTutoPaper2D/TutoPaper2d/DerivedDataCache/Compressed.ddp not found, will not use a pak cache.
[2018.02.04-04.54.26:806][  0]LogDerivedDataCache: Unable to find inner node CompressedPak for hierarchical cache Hierarchy.
[2018.02.04-04.54.26:824][  0]LogDerivedDataCache: Display: Pak cache opened for reading ../../../Engine/DerivedDataCache/Compressed.ddp.
[2018.02.04-04.54.26:837][  0]LogDerivedDataCache: Using Local data cache path C:/Users/Corentin/AppData/Local/UnrealEngine/Common/DerivedDataCache: Writable
[2018.02.04-04.54.26:848][  0]LogMaterial: Verifying Global Shaders for PCD3D_SM5
[2018.02.04-04.54.26:848][  0]LogSlate: Using Freetype 2.6.0
[2018.02.04-04.54.26:849][  0]LogSlate: SlateFontCache - WITH_FREETYPE: 1, WITH_HARFBUZZ: 1
[2018.02.04-04.54.26:849][  0]LogSlate: SlateFontCache - WITH_FREETYPE: 1, WITH_HARFBUZZ: 1
[2018.02.04-04.54.27:257][  0]LogInit: Selected Device Profile: [Windows]
[2018.02.04-04.54.27:666][  0]LogSimplygon: Simplygon DLL not present - disabling.
[2018.02.04-04.54.27:718][  0]LogMeshReduction: Using SimplygonSwarm for distributed automatic mesh merging
[2018.02.04-04.54.27:718][  0]LogMeshReduction: Using QuadricMeshReduction for automatic static mesh reduction
[2018.02.04-04.54.27:718][  0]LogMeshReduction: No automatic skeletal mesh reduction module available
[2018.02.04-04.54.27:718][  0]LogMeshReduction: No automatic mesh merging module available
[2018.02.04-04.54.27:718][  0]LogMeshMerging: No automatic mesh merging module available
[2018.02.04-04.54.27:757][  0]LogNetVersion: TutoPaper2d , NetCL: 3709383, EngineNetVer: 2, GameNetVer: 0 (Checksum: 3459915010)
[2018.02.04-04.54.27:954][  0]LogAssetRegistry: FAssetRegistry took 0.0267 seconds to start up
[2018.02.04-04.54.28:587][  0]LogPackageLocalizationCache: Processed 7 localized package path(s) for 1 prioritized culture(s) in 0.047209 seconds
[2018.02.04-04.54.28:593][  0]LogUObjectArray: 35870 objects as part of root set at end of initial load.
[2018.02.04-04.54.28:593][  0]LogUObjectAllocator: 7363696 out of 0 bytes used by permanent object pool.
[2018.02.04-04.54.28:593][  0]LogUObjectArray: CloseDisregardForGC: 0/0 objects in disregard for GC pool
[2018.02.04-04.54.28:656][  0]LogInit: WinSock: version 1.1 (2.2), MaxSocks=32767, MaxUdp=65467
[2018.02.04-04.54.31:995][  0]LogTcpMessaging: Initializing TcpMessaging bridge
[2018.02.04-04.54.32:049][  0]LogUdpMessaging: Initializing bridge on interface 0.0.0.0:0 to multicast group 230.0.0.1:6666.
[2018.02.04-04.54.32:955][  0]LogMaterial: Uniform references updated for custom material expression Custom.
[2018.02.04-04.54.33:534][  0]SourceControl: Source control is disabled
[2018.02.04-04.54.33:534][  0]SourceControl: Source control is disabled
[2018.02.04-04.54.33:607][  0]SourceControl: Source control is disabled
[2018.02.04-04.54.33:679][  0]SourceControl: Source control is disabled
[2018.02.04-04.54.34:835][  0]LogAndroidPermission: UAndroidPermissionCallbackProxy::GetInstance
[2018.02.04-04.54.35:206][  0]LogOcInput: OculusInput pre-init called
[2018.02.04-04.54.35:615][  0]LogEngine: Initializing Engine...
[2018.02.04-04.54.35:618][  0]LogHMD: Failed to initialize OpenVR with code 110
[2018.02.04-04.54.35:879][  0]LogStats: UGameplayTagsManager::ConstructGameplayTagTree: Construct from data asset -  0.000 s
[2018.02.04-04.54.35:879][  0]LogStats: UGameplayTagsManager::ConstructGameplayTagTree: GameplayTagTreeChangedEvent.Broadcast -  0.000 s
[2018.02.04-04.54.36:044][  0]LogAIModule: Creating AISystem for world Untitled
[2018.02.04-04.54.36:055][  0]LogInit: XAudio2 using 'Haut-parleurs (Realtek High Definition Audio)' : 2 channels at 48 kHz using 32 bits per sample (channel mask 0x3)
[2018.02.04-04.54.36:082][  0]LogInit: FAudioDevice initialized.
[2018.02.04-04.54.36:862][  0]LogDerivedDataCache: Saved boot cache 0.78s 78MB C:/Users/Corentin/AppData/Local/UnrealEngine/4.18/DerivedDataCache/Boot.ddc.
[2018.02.04-04.54.36:875][  0]LogInit: Texture streaming: Enabled
[2018.02.04-04.54.36:999][  0]LogEngineSessionManager: EngineSessionManager initialized
[2018.02.04-04.54.37:173][  0]LogInit: Transaction tracking system initialized
[2018.02.04-04.54.37:589][  0]BlueprintLog: New page: Editor Load
[2018.02.04-04.54.38:743][  0]LocalizationService: Localization service is disabled
[2018.02.04-04.54.39:702][  0]LogConsoleResponse: Display: 
[2018.02.04-04.54.39:959][  0]LogCook: Display: Max memory allowance for cook 16384mb min free memory 0mb
[2018.02.04-04.54.39:960][  0]LogCook: Display: Mobile HDR setting 1
[2018.02.04-04.54.39:960][  0]LogGameplayTags: Display: UGameplayTagsManager::DoneAddingNativeTags. DelegateIsBound: 0
[2018.02.04-04.54.40:639][  0]LogFileCache: Scanning file cache for directory 'C:/Users/Corentin/Desktop/Sandstorm Project/UnrealTutoPaper2D/TutoPaper2d/Content/' took 0.02s
[2018.02.04-04.54.41:686][  0]SourceControl: Source control is disabled
[2018.02.04-04.54.41:686][  0]Cmd: MAP LOAD FILE="../../../../../../Users/Corentin/Desktop/Sandstorm Project/UnrealTutoPaper2D/TutoPaper2d/Content/2dlevel.umap" TEMPLATE=0 SHOWPROGRESS=1 FEATURELEVEL=3
[2018.02.04-04.54.41:686][  0]LightingResults: New page: Lighting Build
[2018.02.04-04.54.41:758][  0]MapCheck: New page: Map Check
[2018.02.04-04.54.41:758][  0]LightingResults: New page: Lighting Build
[2018.02.04-04.54.41:772][  0]LogLinker: Warning: Can't find file '/Game/Blueprint/Ennemy'
[2018.02.04-04.54.41:772][  0]LogLinker: Warning: Can't find file for asset '/Game/Blueprint/Ennemy' while loading ../../../../../../Users/Corentin/Desktop/Sandstorm Project/UnrealTutoPaper2D/TutoPaper2d/Content/2dlevel.umap.
[2018.02.04-04.54.41:772][  0]LoadErrors: Error: /Game/2dlevel : Can't find file for asset. /Game/Blueprint/Ennemy
[2018.02.04-04.54.41:773][  0]LogLinker: Warning: Can't find file '/Game/Blueprint/Ennemy'
[2018.02.04-04.54.41:773][  0]LogLinker: Warning: Can't find file for asset '/Game/Blueprint/Ennemy' while loading ../../../../../../Users/Corentin/Desktop/Sandstorm Project/UnrealTutoPaper2D/TutoPaper2d/Content/2dlevel.umap.
[2018.02.04-04.54.41:773][  0]LoadErrors: Error: /Game/2dlevel : Can't find file for asset. /Game/Blueprint/Ennemy
[2018.02.04-04.54.41:773][  0]LogLinker: Warning: Can't find file '/Game/Blueprint/Ennemy'
[2018.02.04-04.54.41:773][  0]LogLinker: Warning: Can't find file for asset '/Game/Blueprint/Ennemy' while loading ../../../../../../Users/Corentin/Desktop/Sandstorm Project/UnrealTutoPaper2D/TutoPaper2d/Content/2dlevel.umap.
[2018.02.04-04.54.41:773][  0]LoadErrors: Error: /Game/2dlevel : Can't find file for asset. /Game/Blueprint/Ennemy
[2018.02.04-04.54.41:773][  0]LogLinker: Warning: Can't find file '/Game/Blueprint/Ennemy'
[2018.02.04-04.54.41:773][  0]LogLinker: Warning: Can't find file for asset '/Game/Blueprint/Ennemy' while loading ../../../../../../Users/Corentin/Desktop/Sandstorm Project/UnrealTutoPaper2D/TutoPaper2d/Content/2dlevel.umap.
[2018.02.04-04.54.41:773][  0]LoadErrors: Error: /Game/2dlevel : Can't find file for asset. /Game/Blueprint/Ennemy
[2018.02.04-04.54.42:345][  0]LogLinker: Warning: Can't find file '/Game/Blueprint/Ennemy'
[2018.02.04-04.54.42:345][  0]LogLinker: Warning: Can't find file for asset '/Game/Blueprint/Ennemy' while loading ../../../../../../Users/Corentin/Desktop/Sandstorm Project/UnrealTutoPaper2D/TutoPaper2d/Content/2dlevel.umap.
[2018.02.04-04.54.42:345][  0]LoadErrors: Error: /Game/2dlevel : Can't find file for asset. /Game/Blueprint/Ennemy
[2018.02.04-04.54.42:398][  0]LogLinker: Warning: Can't find file '/Game/Blueprint/Ennemy'
[2018.02.04-04.54.42:398][  0]LogLinker: Warning: Can't find file for asset '/Game/Blueprint/Ennemy' while loading ../../../../../../Users/Corentin/Desktop/Sandstorm Project/UnrealTutoPaper2D/TutoPaper2d/Content/2dlevel.umap.
[2018.02.04-04.54.42:399][  0]LoadErrors: Error: /Game/2dlevel : Can't find file for asset. /Game/Blueprint/Ennemy
[2018.02.04-04.54.42:399][  0]LogLinker: Warning: Can't find file '/Game/Blueprint/Ennemy'
[2018.02.04-04.54.42:399][  0]LogLinker: Warning: Can't find file for asset '/Game/Blueprint/Ennemy' while loading ../../../../../../Users/Corentin/Desktop/Sandstorm Project/UnrealTutoPaper2D/TutoPaper2d/Content/2dlevel.umap.
[2018.02.04-04.54.42:399][  0]LoadErrors: Error: /Game/2dlevel : Can't find file for asset. /Game/Blueprint/Ennemy
[2018.02.04-04.54.42:399][  0]LogLinker: Warning: Can't find file '/Game/Blueprint/Ennemy'
[2018.02.04-04.54.42:399][  0]LogLinker: Warning: Can't find file for asset '/Game/Blueprint/Ennemy' while loading ../../../../../../Users/Corentin/Desktop/Sandstorm Project/UnrealTutoPaper2D/TutoPaper2d/Content/2dlevel.umap.
[2018.02.04-04.54.42:399][  0]LoadErrors: Error: /Game/2dlevel : Can't find file for asset. /Game/Blueprint/Ennemy
[2018.02.04-04.54.42:401][  0]LogLinker: Warning: Can't find file '/Game/Blueprint/Ennemy'
[2018.02.04-04.54.42:401][  0]LogLinker: Warning: Can't find file for asset '/Game/Blueprint/Ennemy' while loading ../../../../../../Users/Corentin/Desktop/Sandstorm Project/UnrealTutoPaper2D/TutoPaper2d/Content/2dlevel.umap.
[2018.02.04-04.54.42:401][  0]LoadErrors: Error: /Game/2dlevel : Can't find file for asset. /Game/Blueprint/Ennemy
[2018.02.04-04.54.42:428][  0]LogLinker: Warning: Can't find file '/Game/Blueprint/Ennemy'
[2018.02.04-04.54.42:428][  0]LogLinker: Warning: Can't find file for asset '/Game/Blueprint/Ennemy' while loading ../../../../../../Users/Corentin/Desktop/Sandstorm Project/UnrealTutoPaper2D/TutoPaper2d/Content/2dlevel.umap.
[2018.02.04-04.54.42:428][  0]LoadErrors: Error: /Game/2dlevel : Can't find file for asset. /Game/Blueprint/Ennemy
[2018.02.04-04.54.42:429][  0]LogLinker: Warning: Can't find file '/Game/Blueprint/Ennemy'
[2018.02.04-04.54.42:429][  0]LogLinker: Warning: Can't find file for asset '/Game/Blueprint/Ennemy' while loading NULL.
[2018.02.04-04.54.42:430][  0]LogLinker: Warning: Can't find file '/Game/Blueprint/Ennemy'
[2018.02.04-04.54.42:430][  0]LogLinker: Warning: Can't find file for asset '/Game/Blueprint/Ennemy' while loading NULL.
[2018.02.04-04.54.42:430][  0]LogLinker: Warning: Can't find file '/Game/Blueprint/Ennemy'
[2018.02.04-04.54.42:430][  0]LogLinker: Warning: Can't find file for asset '/Game/Blueprint/Ennemy' while loading NULL.
[2018.02.04-04.54.42:430][  0]LogLinker: Warning: Can't find file '/Game/Blueprint/Ennemy'
[2018.02.04-04.54.42:430][  0]LogLinker: Warning: Can't find file for asset '/Game/Blueprint/Ennemy' while loading NULL.
[2018.02.04-04.54.42:430][  0]LogLinker: Warning: Can't find file '/Game/Blueprint/Ennemy'
[2018.02.04-04.54.42:430][  0]LogLinker: Warning: Can't find file for asset '/Game/Blueprint/Ennemy' while loading NULL.
[2018.02.04-04.54.42:430][  0]LogLinker: Warning: Can't find file '/Game/Blueprint/Ennemy'
[2018.02.04-04.54.42:430][  0]LogLinker: Warning: Can't find file for asset '/Game/Blueprint/Ennemy' while loading NULL.
[2018.02.04-04.54.42:432][  0]LogLinker: Warning: Can't find file '/Game/Blueprint/Ennemy'
[2018.02.04-04.54.42:432][  0]LogLinker: Warning: Can't find file for asset '/Game/Blueprint/Ennemy' while loading NULL.
[2018.02.04-04.54.42:432][  0]LogLinker: Warning: Can't find file '/Game/Blueprint/Ennemy'
[2018.02.04-04.54.42:432][  0]LogLinker: Warning: Can't find file for asset '/Game/Blueprint/Ennemy' while loading NULL.
[2018.02.04-04.54.42:432][  0]LogLinker: Warning: Can't find file '/Game/Blueprint/Ennemy'
[2018.02.04-04.54.42:432][  0]LogLinker: Warning: Can't find file for asset '/Game/Blueprint/Ennemy' while loading NULL.
[2018.02.04-04.54.42:432][  0]LogLinker: Warning: Can't find file '/Game/Blueprint/Ennemy'
[2018.02.04-04.54.42:432][  0]LogLinker: Warning: Can't find file for asset '/Game/Blueprint/Ennemy' while loading NULL.
[2018.02.04-04.54.42:433][  0]LogLinker: Warning: Can't find file '/Game/Blueprint/Ennemy'
[2018.02.04-04.54.42:433][  0]LogLinker: Warning: Can't find file for asset '/Game/Blueprint/Ennemy' while loading NULL.
[2018.02.04-04.54.42:433][  0]LogLinker: Warning: Can't find file '/Game/Blueprint/Ennemy'
[2018.02.04-04.54.42:433][  0]LogLinker: Warning: Can't find file for asset '/Game/Blueprint/Ennemy' while loading NULL.
[2018.02.04-04.54.42:433][  0]LogLinker: Warning: Can't find file '/Game/Blueprint/Ennemy'
[2018.02.04-04.54.42:433][  0]LogLinker: Warning: Can't find file for asset '/Game/Blueprint/Ennemy' while loading NULL.
[2018.02.04-04.54.42:433][  0]LogLinker: Warning: Can't find file '/Game/Blueprint/Ennemy'
[2018.02.04-04.54.42:433][  0]LogLinker: Warning: Can't find file for asset '/Game/Blueprint/Ennemy' while loading NULL.
[2018.02.04-04.54.42:438][  0]LogLinker: Warning: Can't find file '/Game/Blueprint/Ennemy'
[2018.02.04-04.54.42:438][  0]LogLinker: Warning: Can't find file for asset '/Game/Blueprint/Ennemy' while loading NULL.
[2018.02.04-04.54.42:438][  0]LogLinker: Warning: Can't find file '/Game/Blueprint/Ennemy'
[2018.02.04-04.54.42:438][  0]LogTexture: Display: Building textures: blobbySpriteSheet (AutoDXT, 512X192)
[2018.02.04-04.54.42:438][  0]LoadErrors: Failed to load /Game/Blueprint/Ennemy.Ennemy_C Referenced by PersistentLevel
[2018.02.04-04.54.42:439][  0]LogLinker: Warning: Can't find file for asset '/Game/Blueprint/Ennemy' while loading NULL.
[2018.02.04-04.54.42:439][  0]LoadErrors: Failed to load /Game/Blueprint/Ennemy.Ennemy_C Referenced by PersistentLevel
[2018.02.04-04.54.42:507][  0]LogMaterial: Missing cached shader map for material DefaultSpriteMaterial, compiling. 
[2018.02.04-04.54.42:869][  0]LogAIModule: Creating AISystem for world 2dlevel
[2018.02.04-04.54.42:970][  0]LogEditorServer: Finished looking for orphan Actors (0.000 secs)
[2018.02.04-04.54.43:071][  0]Cmd: MAP CHECKDEP NOCLEARLOG
[2018.02.04-04.54.43:175][  0]MapCheck: Map check complete: 0 Error(s), 0 Warning(s), took 103.643ms to complete.
[2018.02.04-04.54.43:176][  0]LogFileHelpers: Loading map '2dlevel' took 1.489
[2018.02.04-04.54.43:566][  0]LogWindowsTextInputMethodSystem: Display: IME system now deactivated.
[2018.02.04-04.54.43:566][  0]LogWindowsTextInputMethodSystem: Display: IME system now deactivated.
[2018.02.04-04.54.44:064][  0]LogCollectionManager: Loaded 0 collections in 0.002265 seconds
[2018.02.04-04.54.44:321][  0]LogFileCache: Scanning file cache for directory 'C:/Users/Corentin/Desktop/Sandstorm Project/UnrealTutoPaper2D/TutoPaper2d/Saved/Collections/' took 0.01s
[2018.02.04-04.54.44:321][  0]LogFileCache: Scanning file cache for directory 'C:/Users/Corentin/Desktop/Sandstorm Project/UnrealTutoPaper2D/TutoPaper2d/Content/Developers/Corentin/Collections/' took 0.01s
[2018.02.04-04.54.44:321][  0]LogFileCache: Scanning file cache for directory 'C:/Users/Corentin/Desktop/Sandstorm Project/UnrealTutoPaper2D/TutoPaper2d/Content/Collections/' took 0.01s
[2018.02.04-04.54.44:321][  0]LogCollectionManager: Rebuilt the GUID cache for 0 collections in 0.000001 seconds
[2018.02.04-04.54.44:336][  0]LogContentBrowser: Native class hierarchy populated in 0.0097 seconds. Added 2363 classes and 519 folders.
[2018.02.04-04.54.44:554][  0]LogContentBrowser: Native class hierarchy updated for 'WidgetCarousel' in 0.0003 seconds. Added 0 classes and 0 folders.
[2018.02.04-04.54.45:322][  0]LogContentBrowser: Native class hierarchy updated for 'AddContentDialog' in 0.0003 seconds. Added 0 classes and 0 folders.
[2018.02.04-04.54.45:458][  0]LogContentBrowser: Native class hierarchy updated for 'SceneOutliner' in 0.0003 seconds. Added 1 classes and 2 folders.
[2018.02.04-04.54.46:281][  0]LogSlate: Took 0.000307 seconds to synchronously load lazily loaded font '../../../Engine/Content/Slate/Fonts/Roboto-Regular.ttf' (155K)
[2018.02.04-04.54.46:286][  0]LogSlate: Took 0.000438 seconds to synchronously load lazily loaded font '../../../Engine/Content/Slate/Fonts/Roboto-Bold.ttf' (160K)
[2018.02.04-04.54.46:321][  0]LogSlate: Took 0.016901 seconds to synchronously load lazily loaded font '../../../Engine/Content/Editor/Slate/Fonts/FontAwesome.ttf' (139K)
[2018.02.04-04.54.46:585][  0]LogRenderer: Reallocating scene render targets to support 1208x576 Format 10 NumSamples 1 (Frame:1).
[2018.02.04-04.54.46:817][  0]LogSlate: Took 0.022770 seconds to synchronously load lazily loaded font '../../../Engine/Content/Slate/Fonts/Roboto-Light.ttf' (159K)
[2018.02.04-04.54.47:126][  0]LogContentBrowser: Native class hierarchy updated for 'HierarchicalLODOutliner' in 0.0003 seconds. Added 1 classes and 2 folders.
[2018.02.04-04.54.47:126][  0]LogLoad: (Engine Initialization) Total time: 30.08 seconds
[2018.02.04-04.54.47:126][  0]LogLoad: (Engine Initialization) Total Blueprint compile time: 0.00 seconds
[2018.02.04-04.54.47:126][  0]LogExternalProfiler: Found external profiler: VSPerf
[2018.02.04-04.54.47:126][  0]LogExternalProfiler: Using external profiler: VSPerf
[2018.02.04-04.54.47:137][  0]LoadErrors: Warning: CreateExport: Failed to load Outer for resource 'AIPerception': Ennemy_C /Game/2dlevel.2dlevel:PersistentLevel.Ennemy_210
[2018.02.04-04.54.47:137][  0]LoadErrors: Warning: CreateExport: Failed to load Outer for resource 'AISenseConfig_Sight_0': AIPerceptionComponent /Game/2dlevel.2dlevel:PersistentLevel.Ennemy_210.AIPerception
[2018.02.04-04.54.47:137][  0]LoadErrors: Warning: CreateExport: Failed to load Outer for resource 'Arrow': Ennemy_C /Game/2dlevel.2dlevel:PersistentLevel.Ennemy_210
[2018.02.04-04.54.47:137][  0]LoadErrors: Warning: CreateExport: Failed to load Outer for resource 'projectileSpawner': Ennemy_C /Game/2dlevel.2dlevel:PersistentLevel.Ennemy_210
[2018.02.04-04.54.47:137][  0]LoadErrors: Warning: CreateExport: Failed to load Outer for resource 'CollisionCylinder': Ennemy_C /Game/2dlevel.2dlevel:PersistentLevel.Ennemy_210
[2018.02.04-04.54.47:137][  0]LoadErrors: Warning: CreateExport: Failed to load Outer for resource 'CharMoveComp': Ennemy_C /Game/2dlevel.2dlevel:PersistentLevel.Ennemy_210
[2018.02.04-04.54.47:137][  0]LoadErrors: Warning: CreateExport: Failed to load Outer for resource 'Sprite0': Ennemy_C /Game/2dlevel.2dlevel:PersistentLevel.Ennemy_210
[2018.02.04-04.54.47:174][  0]LogContentStreaming: Texture pool size now 1000 MB
[2018.02.04-04.54.47:342][  1]LogAssetRegistry: Asset discovery search completed in 19.4110 seconds
[2018.02.04-04.54.47:345][  1]LogCollectionManager: Rebuilt the object cache for 0 collections in 0.000001 seconds (found 0 objects)
[2018.02.04-04.54.47:345][  1]LogCollectionManager: Fixed up redirectors for 0 collections in 0.000073 seconds (updated 0 objects)
[2018.02.04-04.56.50:359][386]LogSlate: Took 0.000287 seconds to synchronously load lazily loaded font '../../../Engine/Content/Slate/Fonts/Roboto-Light.ttf' (159K)
[2018.02.04-04.56.52:520][386]LogTexture: Display: Building textures: TilemapIndustrialStage (BGRA8, 6358X3606)
[2018.02.04-04.56.52:621][386]LogAIModule: Creating AISystem for world industrialStage
[2018.02.04-04.56.52:645][386]LogSlate: Took 0.000343 seconds to synchronously load lazily loaded font '../../../Engine/Content/Slate/Fonts/Roboto-Regular.ttf' (155K)
[2018.02.04-04.56.52:737][386]Cmd: MAP LOAD FILE="../../../../../../Users/Corentin/Desktop/Sandstorm Project/UnrealTutoPaper2D/TutoPaper2d/Content/industrialStage.umap" TEMPLATE=0 SHOWPROGRESS=1 FEATURELEVEL=3
[2018.02.04-04.56.52:737][386]LightingResults: New page: Lighting Build
[2018.02.04-04.56.52:785][386]LoadErrors: New page: Loading map: industrialStage.umap
[2018.02.04-04.56.52:786][386]MapCheck: New page: Map Check
[2018.02.04-04.56.52:786][386]LightingResults: New page: Lighting Build
[2018.02.04-04.56.53:009][386]LogEditorServer: Finished looking for orphan Actors (0.000 secs)
[2018.02.04-04.56.53:073][386]Cmd: MAP CHECKDEP NOCLEARLOG
[2018.02.04-04.56.53:189][386]MapCheck: Map check complete: 0 Error(s), 0 Warning(s), took 114.72ms to complete.
[2018.02.04-04.56.53:189][386]LogFileHelpers: Loading map 'industrialStage' took 0.453
[2018.02.04-04.59.37:801][137]LogContentBrowser: Native class hierarchy updated for 'TextureEditor' in 0.0003 seconds. Added 1 classes and 2 folders.
[2018.02.04-04.59.55:247][138]LogTexture: Display: Building textures: ZeroSpriteSheet (BGRA8, 920X637)
[2018.02.04-05.01.13:993][523]LogTexture: Display: Building textures: ZeroSpriteSheet (BGRA8, 920X637)
[2018.02.04-05.01.20:788][324]LogTexture: Display: Building textures: ZeroSpriteSheet (BGRA8, 920X637)
[2018.02.04-05.01.22:533][527]LogTexture: Display: Building textures: ZeroSpriteSheet (BGRA8, 920X637)
[2018.02.04-05.01.27:627][132]LogTexture: Display: Building textures: ZeroSpriteSheet (BGRA8, 920X637)
[2018.02.04-05.02.24:002][122]LogSlate: Took 0.022600 seconds to synchronously load lazily loaded font '../../../Engine/Content/Editor/Slate/Fonts/Roboto-BoldCondensed.ttf' (158K)
[2018.02.04-05.03.09:273][314]LogRenderer: Reallocating scene render targets to support 1528x920 Format 10 NumSamples 1 (Frame:3044).
[2018.02.04-05.03.29:820][662]LogSlate: Took 0.000284 seconds to synchronously load lazily loaded font '../../../Engine/Content/Slate/Fonts/Roboto-Light.ttf' (159K)
[2018.02.04-05.05.51:957][ 30]LogTexture: Display: Building textures: ZeroSpriteSheet (BGRA8, 920X922)
[2018.02.04-05.08.07:381][344]LogSavePackage: Save=92.28ms
[2018.02.04-05.08.07:381][344]LogSavePackage: Moving '../../../../../../Users/Corentin/Desktop/Sandstorm Project/UnrealTutoPaper2D/TutoPaper2d/Saved/ZeroSpriteSheet828DDF3941A341BB2EF7FD9E56B63439.tmp' to '../../../../../../Users/Corentin/Desktop/Sandstorm Project/UnrealTutoPaper2D/TutoPaper2d/Content/textures/ZeroSpriteSheet.uasset'
[2018.02.04-05.08.07:389][344]LogSavePackage: Display: Finished SavePackage ../../../../../../Users/Corentin/Desktop/Sandstorm Project/UnrealTutoPaper2D/TutoPaper2d/Content/textures/ZeroSpriteSheet.uasset
[2018.02.04-05.08.34:145][243]LogSavePackage: Save=12.47ms
[2018.02.04-05.08.34:146][243]LogSavePackage: Moving '../../../../../../Users/Corentin/Desktop/Sandstorm Project/UnrealTutoPaper2D/TutoPaper2d/Saved/ZeroSpriteSheetE83141A0408812BB4D81318B5403EB7B.tmp' to '../../../../../../Users/Corentin/Desktop/Sandstorm Project/UnrealTutoPaper2D/TutoPaper2d/Content/Sprites/SpriteSheets/ZeroSpriteSheet.uasset'
[2018.02.04-05.08.34:164][243]LogSavePackage: Display: Finished SavePackage ../../../../../../Users/Corentin/Desktop/Sandstorm Project/UnrealTutoPaper2D/TutoPaper2d/Content/Sprites/SpriteSheets/ZeroSpriteSheet.uasset
[2018.02.04-05.09.55:162][139]LogTemp: Repeating last play command: Standalone Game
[2018.02.04-05.09.59:109][139]LogSavePackage: Save=11.99ms
[2018.02.04-05.09.59:109][139]LogSavePackage: Moving '../../../../../../Users/Corentin/Desktop/Sandstorm Project/UnrealTutoPaper2D/TutoPaper2d/Saved/ZeroSpriteSheet6E999C894D02DD860808BAA9FF515039.tmp' to '../../../../../../Users/Corentin/Desktop/Sandstorm Project/UnrealTutoPaper2D/TutoPaper2d/Content/Sprites/SpriteSheets/ZeroSpriteSheet.uasset'
[2018.02.04-05.09.59:116][139]LogSavePackage: Display: Finished SavePackage ../../../../../../Users/Corentin/Desktop/Sandstorm Project/UnrealTutoPaper2D/TutoPaper2d/Content/Sprites/SpriteSheets/ZeroSpriteSheet.uasset
[2018.02.04-05.10.56:237][914]LogSavePackage: Save=12.47ms
[2018.02.04-05.10.56:237][914]LogSavePackage: Moving '../../../../../../Users/Corentin/Desktop/Sandstorm Project/UnrealTutoPaper2D/TutoPaper2d/Saved/ZeroSpriteSheet0B6474194C4D4C55A41B8388E6ABF5D3.tmp' to '../../../../../../Users/Corentin/Desktop/Sandstorm Project/UnrealTutoPaper2D/TutoPaper2d/Content/textures/ZeroSpriteSheet.uasset'
[2018.02.04-05.10.56:243][914]LogSavePackage: Display: Finished SavePackage ../../../../../../Users/Corentin/Desktop/Sandstorm Project/UnrealTutoPaper2D/TutoPaper2d/Content/textures/ZeroSpriteSheet.uasset
[2018.02.04-05.11.02:611][518]LogTemp: Repeating last play command: Standalone Game
[2018.02.04-05.11.51:049][ 86]LogTexture: Display: Building textures: ZeroSpriteSheet (BGRA8, 920X637)
[2018.02.04-05.11.52:920][302]LogTexture: Display: Building textures: ZeroSpriteSheet (BGRA8, 920X637)
[2018.02.04-05.12.07:886][ 63]LogEditorTransaction: Undo Edit Power Of Two Mode
[2018.02.04-05.12.07:959][ 63]LogEditorTransaction: Undo Edit Power Of Two Mode
[2018.02.04-05.12.07:976][ 63]LogEditorTransaction: Undo Edit Power Of Two Mode
[2018.02.04-05.12.07:990][ 63]LogEditorTransaction: Undo Edit Filter
[2018.02.04-05.12.08:004][ 63]LogEditorTransaction: Undo Edit Filter
[2018.02.04-05.12.08:012][ 63]LogEditorTransaction: Undo Edit Filter
[2018.02.04-05.12.08:021][ 63]LogEditorTransaction: Undo Edit Filter
[2018.02.04-05.12.08:030][ 63]LogEditorTransaction: Undo Edit Filter
[2018.02.04-05.12.08:039][ 63]LogEditorTransaction: Undo Edit Filter
[2018.02.04-05.12.08:048][ 63]LogEditorTransaction: Undo Edit Filter
[2018.02.04-05.12.08:056][ 63]LogEditorTransaction: Undo Edit Filter
[2018.02.04-05.12.08:063][ 63]LogEditorTransaction: Undo Edit Filter
[2018.02.04-05.12.08:072][ 63]LogEditorTransaction: Undo Edit Properties
[2018.02.04-05.12.08:077][ 63]LogEditorTransaction: Undo Edit Properties
[2018.02.04-05.12.08:086][ 63]LogEditorTransaction: Undo Edit Mip Gen Settings
[2018.02.04-05.12.08:092][ 63]LogEditorTransaction: Undo Edit Properties
[2018.02.04-05.12.08:099][ 63]LogEditorTransaction: Undo Edit Compression Quality
[2018.02.04-05.12.08:103][ 63]LogEditorTransaction: Undo Edit Compression Quality
[2018.02.04-05.12.08:107][ 63]LogEditorTransaction: Undo Edit Compression Settings
[2018.02.04-05.12.08:119][ 63]LogEditorTransaction: Undo Edit Compression Settings
[2018.02.04-05.12.08:128][ 63]LogEditorTransaction: Undo Edit Compression Settings
[2018.02.04-05.12.08:139][ 63]LogEditorTransaction: Undo Edit Compression Settings
[2018.02.04-05.12.08:150][ 63]LogEditorTransaction: Undo Edit Compression Settings
[2018.02.04-05.12.08:159][ 63]LogEditorTransaction: Undo Edit Global Force Resident Mip Levels
[2018.02.04-05.12.08:167][ 63]LogEditorTransaction: Undo Edit Preserve Border
[2018.02.04-05.12.08:176][ 63]LogEditorTransaction: Undo Edit Texture Group
[2018.02.04-05.12.08:182][ 63]LogEditorTransaction: Undo Edit Mip Gen Settings
[2018.02.04-05.12.08:187][ 63]LogEditorTransaction: Undo Edit Texture Group
[2018.02.04-05.12.08:194][ 63]LogEditorTransaction: Undo Edit Mip Gen Settings
[2018.02.04-05.12.08:200][ 63]LogEditorTransaction: Undo Edit Num Cinematic Mip Levels
[2018.02.04-05.12.08:206][ 63]LogEditorTransaction: Undo Edit Global Force Resident Mip Levels
[2018.02.04-05.12.08:214][ 63]LogEditorTransaction: Undo Edit Num Cinematic Mip Levels
[2018.02.04-05.12.08:219][ 63]LogEditorTransaction: Undo Edit Num Cinematic Mip Levels
[2018.02.04-05.12.08:224][ 63]LogEditorTransaction: Undo Edit Num Cinematic Mip Levels
[2018.02.04-05.12.08:231][ 63]LogEditorTransaction: Undo Edit Preserve Border
[2018.02.04-05.12.08:241][ 63]LogEditorTransaction: Undo Edit Global Force Resident Mip Levels
[2018.02.04-05.12.08:246][ 63]LogEditorTransaction: Undo Edit Global Force Resident Mip Levels
[2018.02.04-05.12.16:238][984]LogSavePackage: Save=13.18ms
[2018.02.04-05.12.16:238][984]LogSavePackage: Moving '../../../../../../Users/Corentin/Desktop/Sandstorm Project/UnrealTutoPaper2D/TutoPaper2d/Saved/ZeroSpriteSheetAE4ED3F24B8D443B8F46DB83FF6AB846.tmp' to '../../../../../../Users/Corentin/Desktop/Sandstorm Project/UnrealTutoPaper2D/TutoPaper2d/Content/Sprites/SpriteSheets/ZeroSpriteSheet.uasset'
[2018.02.04-05.12.16:245][984]LogSavePackage: Display: Finished SavePackage ../../../../../../Users/Corentin/Desktop/Sandstorm Project/UnrealTutoPaper2D/TutoPaper2d/Content/Sprites/SpriteSheets/ZeroSpriteSheet.uasset
[2018.02.04-05.12.19:460][335]LogTemp: Repeating last play command: Standalone Game
[2018.02.04-05.12.46:272][847]LogFileHelpers: Editor autosave (incl. sublevels) for '/Game/industrialStage' took 0.013
[2018.02.04-05.12.46:300][847]OBJ SavePackage: Generating thumbnails for [1] asset(s) in package [/Game/Sprites/SpriteSheets/ZeroSpriteSheet] ([1] browsable assets)...
[2018.02.04-05.12.46:305][847]OBJ SavePackage:     Rendered thumbnail for [Texture2D /Game/Sprites/SpriteSheets/ZeroSpriteSheet.ZeroSpriteSheet]
[2018.02.04-05.12.46:305][847]OBJ SavePackage: Finished generating thumbnails for package [/Game/Sprites/SpriteSheets/ZeroSpriteSheet]
[2018.02.04-05.12.46:430][847]LogSavePackage: Save=10.59ms
[2018.02.04-05.12.46:430][847]LogSavePackage: Moving '../../../../../../Users/Corentin/Desktop/Sandstorm Project/UnrealTutoPaper2D/TutoPaper2d/Saved/ZeroSpriteSheet_Auto1FE2A9909450F2B5EBBA1B4B3F0A7A477.tmp' to '../../../../../../Users/Corentin/Desktop/Sandstorm Project/UnrealTutoPaper2D/TutoPaper2d/Saved/Autosaves/Game/Sprites/SpriteSheets/ZeroSpriteSheet_Auto1.uasset'
[2018.02.04-05.12.46:433][847]LogSavePackage: Display: Finished SavePackage ../../../../../../Users/Corentin/Desktop/Sandstorm Project/UnrealTutoPaper2D/TutoPaper2d/Saved/Autosaves/Game/Sprites/SpriteSheets/ZeroSpriteSheet_Auto1.uasset
[2018.02.04-05.12.46:434][847]LogFileHelpers: Auto-saving content packages took 0.161
[2018.02.04-05.12.47:188][914]LogSavePackage: Save=7.28ms
[2018.02.04-05.12.47:188][914]LogSavePackage: Moving '../../../../../../Users/Corentin/Desktop/Sandstorm Project/UnrealTutoPaper2D/TutoPaper2d/Saved/ZeroSpriteSheet7BB4B78B4E222743818A93B47492CBFD.tmp' to '../../../../../../Users/Corentin/Desktop/Sandstorm Project/UnrealTutoPaper2D/TutoPaper2d/Content/Sprites/SpriteSheets/ZeroSpriteSheet.uasset'
[2018.02.04-05.12.47:194][914]LogSavePackage: Display: Finished SavePackage ../../../../../../Users/Corentin/Desktop/Sandstorm Project/UnrealTutoPaper2D/TutoPaper2d/Content/Sprites/SpriteSheets/ZeroSpriteSheet.uasset
[2018.02.04-05.12.50:948][335]LogTemp: Repeating last play command: Standalone Game
[2018.02.04-05.13.44:204][964]LogEditorViewport: Clicking on Actor (LMB): PointLight (PointLight)
[2018.02.04-05.13.57:205][263]LogSlate: Took 0.008536 seconds to synchronously load lazily loaded font '../../../Engine/Content/Editor/Slate/Fonts/Roboto-Italic.ttf' (157K)
[2018.02.04-05.14.36:864][319]LogTemp: Repeating last play command: Standalone Game
[2018.02.04-05.14.39:735][319]LogSavePackage: Save=384.19ms
[2018.02.04-05.14.39:735][319]LogSavePackage: Moving '../../../../../../Users/Corentin/Desktop/Sandstorm Project/UnrealTutoPaper2D/TutoPaper2d/Saved/industrialStageD5F62E3C41DC6EFEC4F4A3A63107609E.tmp' to '../../../../../../Users/Corentin/Desktop/Sandstorm Project/UnrealTutoPaper2D/TutoPaper2d/Content/industrialStage.umap'
[2018.02.04-05.14.39:759][319]LogSavePackage: Display: Finished SavePackage ../../../../../../Users/Corentin/Desktop/Sandstorm Project/UnrealTutoPaper2D/TutoPaper2d/Content/industrialStage.umap
[2018.02.04-05.14.39:831][319]LogFileHelpers: Saving map 'industrialStage' took 0.750
[2018.02.04-05.15.10:603][475]LogEditorActor: Deleted Actor: PointLight
[2018.02.04-05.15.10:615][475]LogEditorActor: Deleted 1 Actors (0.072 secs)
[2018.02.04-05.18.44:115][432]LogSavePackage: Save=5.69ms
[2018.02.04-05.18.44:115][432]LogSavePackage: Moving '../../../../../../Users/Corentin/Desktop/Sandstorm Project/UnrealTutoPaper2D/TutoPaper2d/Saved/blobbySpriteSheet984D3767424800DB6A05868762E0147C.tmp' to '../../../../../../Users/Corentin/Desktop/Sandstorm Project/UnrealTutoPaper2D/TutoPaper2d/Content/Sprites/SpriteSheets/blobbySpriteSheet.uasset'
[2018.02.04-05.18.44:122][432]LogSavePackage: Display: Finished SavePackage ../../../../../../Users/Corentin/Desktop/Sandstorm Project/UnrealTutoPaper2D/TutoPaper2d/Content/Sprites/SpriteSheets/blobbySpriteSheet.uasset
[2018.02.04-05.20.15:530][959]LogContentBrowser: Native class hierarchy updated for 'MaterialEditor' in 0.0004 seconds. Added 1 classes and 0 folders.
[2018.02.04-05.20.15:548][959]LogMaterial: Missing cached shader map for material TEST, compiling. 
[2018.02.04-05.20.16:204][959]LogMaterial: Missing cached shader map for material M_SkyBox, compiling. 
[2018.02.04-05.20.16:266][959]LogMaterial: Missing cached shader map for material GridMaterial, compiling. 
[2018.02.04-05.20.16:618][959]LogMaterial: Missing cached shader map for material TEST, compiling. 
[2018.02.04-05.20.16:647][959]LogMaterial: Missing cached shader map for material TEST, compiling. 
[2018.02.04-05.20.16:824][959]LogMaterial: Missing cached shader map for material LevelGridMaterial2, compiling. 
[2018.02.04-05.20.53:523][351]LogMaterial: Missing cached shader map for material TEST, compiling. 
[2018.02.04-05.20.53:577][351]LogMaterial: Missing cached shader map for material TEST, compiling. 
[2018.02.04-05.20.53:607][351]LogMaterial: Missing cached shader map for material TEST, compiling. 
[2018.02.04-05.20.53:655][351]LogMaterial: Missing cached shader map for material FDebugViewModeMaterialProxy TEST, compiling. 
[2018.02.04-05.20.55:748][351]TextureStreamingBuild: Display: Compiling optional shaders took 2.108 seconds.
[2018.02.04-05.21.34:688][217]Cmd: TRANSACTION UNDO
[2018.02.04-05.21.34:688][217]LogEditorTransaction: Undo Edit Default Material
[2018.02.04-05.21.55:140][629]LogTemp: Repeating last play command: Standalone Game
[2018.02.04-05.22.00:364][629]LogSavePackage: Save=365.82ms
[2018.02.04-05.22.00:364][629]LogSavePackage: Moving '../../../../../../Users/Corentin/Desktop/Sandstorm Project/UnrealTutoPaper2D/TutoPaper2d/Saved/industrialStage1539D46943557C42065C79B69F23D32C.tmp' to '../../../../../../Users/Corentin/Desktop/Sandstorm Project/UnrealTutoPaper2D/TutoPaper2d/Content/industrialStage.umap'
[2018.02.04-05.22.00:371][629]LogSavePackage: Display: Finished SavePackage ../../../../../../Users/Corentin/Desktop/Sandstorm Project/UnrealTutoPaper2D/TutoPaper2d/Content/industrialStage.umap
[2018.02.04-05.22.00:420][629]LogFileHelpers: Saving map 'industrialStage' took 0.689
[2018.02.04-05.25.28:969][ 97]Cmd: QUIT_EDITOR
[2018.02.04-05.25.28:993][ 97]LogWindowsTextInputMethodSystem: Display: IME system now deactivated.
[2018.02.04-05.25.28:993][ 97]LogWindowsTextInputMethodSystem: Display: IME system now deactivated.
[2018.02.04-05.25.29:014][ 97]LogExit: Preparing to exit.
[2018.02.04-05.25.29:435][ 97]LogDirectoryWatcher: A directory notification for 'C:/Users/Corentin/Desktop/Sandstorm Project/UnrealTutoPaper2D/TutoPaper2d/Content/' was aborted.
[2018.02.04-05.25.29:562][ 97]LogExit: Editor shut down
[2018.02.04-05.25.29:609][ 97]LogExit: Transaction tracking system shut down
[2018.02.04-05.25.30:212][ 97]LogDirectoryWatcher: A directory notification for '../../../Engine/Content/' was aborted.
[2018.02.04-05.25.30:212][ 97]LogDirectoryWatcher: A directory notification for '../../../../../../Users/Corentin/Desktop/Sandstorm Project/UnrealTutoPaper2D/TutoPaper2d/Content/' was aborted.
[2018.02.04-05.25.30:212][ 97]LogDirectoryWatcher: A directory notification for '../../../Engine/Plugins/2D/Paper2D/Content/' was aborted.
[2018.02.04-05.25.30:212][ 97]LogDirectoryWatcher: A directory notification for '../../../Engine/Plugins/Media/MediaCompositing/Content/' was aborted.
[2018.02.04-05.25.30:212][ 97]LogDirectoryWatcher: A directory notification for '../../../Engine/Plugins/Runtime/AppleARKit/Content/' was aborted.
[2018.02.04-05.25.30:212][ 97]LogDirectoryWatcher: A directory notification for '../../../Engine/Plugins/Runtime/Oculus/OculusVR/Content/' was aborted.
[2018.02.04-05.25.30:212][ 97]LogDirectoryWatcher: A directory notification for '../../../Engine/Plugins/Runtime/Steam/SteamVR/Content/' was aborted.
[2018.02.04-05.25.30:407][ 97]LogExit: Object subsystem successfully closed.
[2018.02.04-05.25.30:477][ 97]LogD3D11RHI: Shutdown
[2018.02.04-05.25.30:477][ 97]LogD3D11RHI: CleanupD3DDevice
[2018.02.04-05.25.30:487][ 97]LogD3D11RHI: ~FD3D11DynamicRHI
[2018.02.04-05.25.30:582][ 97]LogModuleManager: Shutting down and abandoning module MaterialEditor (552)
[2018.02.04-05.25.30:582][ 97]LogModuleManager: Shutting down and abandoning module TextureEditor (550)
[2018.02.04-05.25.30:582][ 97]LogModuleManager: Shutting down and abandoning module HierarchicalLODOutliner (548)
[2018.02.04-05.25.30:582][ 97]LogModuleManager: Shutting down and abandoning module SceneOutliner (546)
[2018.02.04-05.25.30:582][ 97]LogModuleManager: Shutting down and abandoning module AddContentDialog (544)
[2018.02.04-05.25.30:622][ 97]LogDirectoryWatcher: A directory notification for 'C:/Program Files/Epic Games/UE_4.18/FeaturePacks/' was aborted.
[2018.02.04-05.25.30:633][ 97]LogModuleManager: Shutting down and abandoning module WidgetCarousel (543)
[2018.02.04-05.25.30:633][ 97]LogModuleManager: Shutting down and abandoning module EditorWidgets (540)
[2018.02.04-05.25.30:633][ 97]LogModuleManager: Shutting down and abandoning module CollectionManager (538)
[2018.02.04-05.25.30:633][ 97]LogDirectoryWatcher: A directory notification for 'C:/Users/Corentin/Desktop/Sandstorm Project/UnrealTutoPaper2D/TutoPaper2d/Content/Collections/' was aborted.
[2018.02.04-05.25.30:633][ 97]LogDirectoryWatcher: A directory notification for 'C:/Users/Corentin/Desktop/Sandstorm Project/UnrealTutoPaper2D/TutoPaper2d/Content/Developers/Corentin/Collections/' was aborted.
[2018.02.04-05.25.30:633][ 97]LogDirectoryWatcher: A directory notification for 'C:/Users/Corentin/Desktop/Sandstorm Project/UnrealTutoPaper2D/TutoPaper2d/Saved/Collections/' was aborted.
[2018.02.04-05.25.30:634][ 97]LogModuleManager: Shutting down and abandoning module StatsViewer (536)
[2018.02.04-05.25.30:634][ 97]LogModuleManager: Shutting down and abandoning module FoliageEdit (534)
[2018.02.04-05.25.30:634][ 97]LogModuleManager: Shutting down and abandoning module LandscapeEditor (532)
[2018.02.04-05.25.30:634][ 97]LogModuleManager: Shutting down and abandoning module MeshPaintMode (530)
[2018.02.04-05.25.30:634][ 97]LogModuleManager: Shutting down and abandoning module SceneDepthPickerMode (528)
[2018.02.04-05.25.30:634][ 97]LogModuleManager: Shutting down and abandoning module ActorPickerMode (526)
[2018.02.04-05.25.30:634][ 97]LogModuleManager: Shutting down and abandoning module GeometryMode (524)
[2018.02.04-05.25.30:634][ 97]LogModuleManager: Shutting down and abandoning module TextureAlignMode (522)
[2018.02.04-05.25.30:634][ 97]LogModuleManager: Shutting down and abandoning module BspMode (520)
[2018.02.04-05.25.30:634][ 97]LogModuleManager: Shutting down and abandoning module PIEPreviewDeviceProfileSelector (518)
[2018.02.04-05.25.30:634][ 97]LogModuleManager: Shutting down and abandoning module HardwareSurvey (516)
[2018.02.04-05.25.30:634][ 97]LogModuleManager: Shutting down and abandoning module SequenceRecorderSections (514)
[2018.02.04-05.25.30:634][ 97]LogModuleManager: Shutting down and abandoning module AutomationWorker (512)
[2018.02.04-05.25.30:634][ 97]LogModuleManager: Shutting down and abandoning module MatineeToLevelSequence (510)
[2018.02.04-05.25.30:634][ 97]LogModuleManager: Shutting down and abandoning module LevelSequenceEditor (508)
[2018.02.04-05.25.30:634][ 97]LogModuleManager: Shutting down and abandoning module PlacementMode (507)
[2018.02.04-05.25.30:634][ 97]LogModuleManager: Shutting down and abandoning module WmfMediaFactory (504)
[2018.02.04-05.25.30:634][ 97]LogModuleManager: Shutting down and abandoning module WmfMediaEditor (502)
[2018.02.04-05.25.30:634][ 97]LogModuleManager: Shutting down and abandoning module OpenExrWrapper (500)
[2018.02.04-05.25.30:634][ 97]LogModuleManager: Shutting down and abandoning module ImgMediaFactory (498)
[2018.02.04-05.25.30:634][ 97]LogModuleManager: Shutting down and abandoning module ImgMediaEditor (496)
[2018.02.04-05.25.30:634][ 97]LogModuleManager: Shutting down and abandoning module AvfMediaFactory (494)
[2018.02.04-05.25.30:634][ 97]LogModuleManager: Shutting down and abandoning module AvfMediaEditor (492)
[2018.02.04-05.25.30:634][ 97]LogModuleManager: Shutting down and abandoning module AndroidMediaFactory (490)
[2018.02.04-05.25.30:634][ 97]LogModuleManager: Shutting down and abandoning module AndroidMediaEditor (488)
[2018.02.04-05.25.30:634][ 97]LogModuleManager: Shutting down and abandoning module CharacterAI (486)
[2018.02.04-05.25.30:634][ 97]LogModuleManager: Shutting down and abandoning module AudioCapture (484)
[2018.02.04-05.25.30:634][ 97]LogModuleManager: Shutting down and abandoning module SequenceRecorder (483)
[2018.02.04-05.25.30:634][ 97]LogModuleManager: Shutting down and abandoning module SmartSnapping (480)
[2018.02.04-05.25.30:635][ 97]LogModuleManager: Shutting down and abandoning module SessionServices (478)
[2018.02.04-05.25.30:635][ 97]LogModuleManager: Shutting down and abandoning module ViewportSnapping (476)
[2018.02.04-05.25.30:635][ 97]LogModuleManager: Shutting down and abandoning module ViewportInteraction (474)
[2018.02.04-05.25.30:635][ 97]LogModuleManager: Shutting down and abandoning module ClothPainter (472)
[2018.02.04-05.25.30:635][ 97]LogModuleManager: Shutting down and abandoning module SkeletalMeshEditor (471)
[2018.02.04-05.25.30:635][ 97]LogModuleManager: Shutting down and abandoning module LogVisualizer (468)
[2018.02.04-05.25.30:635][ 97]LogModuleManager: Shutting down and abandoning module IntroTutorials (466)
[2018.02.04-05.25.30:635][ 97]LogModuleManager: Shutting down and abandoning module GameProjectGeneration (465)
[2018.02.04-05.25.30:635][ 97]LogModuleManager: Shutting down and abandoning module IOSPlatformEditor (462)
[2018.02.04-05.25.30:635][ 97]LogModuleManager: Shutting down and abandoning module HTML5PlatformEditor (460)
[2018.02.04-05.25.30:635][ 97]LogModuleManager: Shutting down and abandoning module AndroidPlatformEditor (458)
[2018.02.04-05.25.30:635][ 97]LogModuleManager: Shutting down and abandoning module AndroidDeviceDetection (457)
[2018.02.04-05.25.30:703][ 97]LogModuleManager: Shutting down and abandoning module WindowsPlatformEditor (454)
[2018.02.04-05.25.30:703][ 97]LogModuleManager: Shutting down and abandoning module IOSRuntimeSettings (452)
[2018.02.04-05.25.30:703][ 97]LogModuleManager: Shutting down and abandoning module AndroidRuntimeSettings (450)
[2018.02.04-05.25.30:703][ 97]LogModuleManager: Shutting down and abandoning module InputBindingEditor (448)
[2018.02.04-05.25.30:703][ 97]LogModuleManager: Shutting down and abandoning module MergeActors (446)
[2018.02.04-05.25.30:703][ 97]LogModuleManager: Shutting down and abandoning module SizeMap (444)
[2018.02.04-05.25.30:703][ 97]LogModuleManager: Shutting down and abandoning module TreeMap (442)
[2018.02.04-05.25.30:704][ 97]LogModuleManager: Shutting down and abandoning module ReferenceViewer (440)
[2018.02.04-05.25.30:704][ 97]LogModuleManager: Shutting down and abandoning module LocalizationDashboard (438)
[2018.02.04-05.25.30:704][ 97]LogModuleManager: Shutting down and abandoning module LocalizationService (437)
[2018.02.04-05.25.30:704][ 97]LogModuleManager: Shutting down and abandoning module HardwareTargeting (434)
[2018.02.04-05.25.30:704][ 97]LogModuleManager: Shutting down and abandoning module DeviceProfileEditor (432)
[2018.02.04-05.25.30:704][ 97]LogModuleManager: Shutting down and abandoning module UndoHistory (430)
[2018.02.04-05.25.30:704][ 97]LogModuleManager: Shutting down and abandoning module XmlParser (428)
[2018.02.04-05.25.30:704][ 97]LogModuleManager: Shutting down and abandoning module Blutility (426)
[2018.02.04-05.25.30:704][ 97]LogModuleManager: Shutting down and abandoning module ProjectSettingsViewer (424)
[2018.02.04-05.25.30:704][ 97]LogModuleManager: Shutting down and abandoning module ProjectTargetPlatformEditor (423)
[2018.02.04-05.25.30:704][ 97]LogModuleManager: Shutting down and abandoning module EditorSettingsViewer (420)
[2018.02.04-05.25.30:704][ 97]LogModuleManager: Shutting down and abandoning module SettingsEditor (418)
[2018.02.04-05.25.30:704][ 97]LogModuleManager: Shutting down and abandoning module ProjectLauncher (416)
[2018.02.04-05.25.30:704][ 97]LogModuleManager: Shutting down and abandoning module SessionFrontend (414)
[2018.02.04-05.25.30:704][ 97]LogModuleManager: Shutting down and abandoning module ProfilerClient (412)
[2018.02.04-05.25.30:704][ 97]LogModuleManager: Shutting down and abandoning module DeviceManager (410)
[2018.02.04-05.25.30:704][ 97]LogModuleManager: Shutting down and abandoning module TargetDeviceServices (409)
[2018.02.04-05.25.30:772][ 97]LogModuleManager: Shutting down and abandoning module AutomationController (406)
[2018.02.04-05.25.30:772][ 97]LogModuleManager: Shutting down and abandoning module AutomationWindow (404)
[2018.02.04-05.25.30:772][ 97]LogModuleManager: Shutting down and abandoning module Layers (402)
[2018.02.04-05.25.30:772][ 97]LogModuleManager: Shutting down and abandoning module ComponentVisualizers (400)
[2018.02.04-05.25.30:772][ 97]LogModuleManager: Shutting down and abandoning module DetailCustomizations (398)
[2018.02.04-05.25.30:772][ 97]LogModuleManager: Shutting down and abandoning module PackagesDialog (396)
[2018.02.04-05.25.30:772][ 97]LogModuleManager: Shutting down and abandoning module Persona (394)
[2018.02.04-05.25.30:772][ 97]LogModuleManager: Shutting down and abandoning module AdvancedPreviewScene (393)
[2018.02.04-05.25.30:772][ 97]LogModuleManager: Shutting down and abandoning module AnimGraph (391)
[2018.02.04-05.25.30:772][ 97]LogModuleManager: Shutting down and abandoning module Kismet (388)
[2018.02.04-05.25.30:774][ 97]LogModuleManager: Shutting down and abandoning module ClassViewer (386)
[2018.02.04-05.25.30:774][ 97]LogModuleManager: Shutting down and abandoning module Toolbox (384)
[2018.02.04-05.25.30:774][ 97]LogModuleManager: Shutting down and abandoning module ModuleUI (382)
[2018.02.04-05.25.30:774][ 97]LogModuleManager: Shutting down and abandoning module MovieSceneTools (380)
[2018.02.04-05.25.30:774][ 97]LogModuleManager: Shutting down and abandoning module OutputLog (378)
[2018.02.04-05.25.30:774][ 97]LogModuleManager: Shutting down and abandoning module GammaUI (376)
[2018.02.04-05.25.30:774][ 97]LogModuleManager: Shutting down and abandoning module Documentation (374)
[2018.02.04-05.25.30:774][ 97]LogModuleManager: Shutting down and abandoning module MovieSceneTracks (372)
[2018.02.04-05.25.30:774][ 97]LogModuleManager: Shutting down and abandoning module MovieScene (370)
[2018.02.04-05.25.30:774][ 97]LogModuleManager: Shutting down and abandoning module StreamingPauseRendering (368)
[2018.02.04-05.25.30:774][ 97]LogModuleManager: Shutting down and abandoning module LauncherPlatform (366)
[2018.02.04-05.25.30:774][ 97]LogModuleManager: Shutting down and abandoning module AnalyticsET (364)
[2018.02.04-05.25.30:774][ 97]LogModuleManager: Shutting down and abandoning module PortalServices (362)
[2018.02.04-05.25.30:774][ 97]LogModuleManager: Shutting down and abandoning module PortalRpc (360)
[2018.02.04-05.25.30:774][ 97]LogModuleManager: Shutting down and abandoning module MessagingRpc (358)
[2018.02.04-05.25.30:774][ 97]LogModuleManager: Shutting down and abandoning module AIModule (356)
[2018.02.04-05.25.30:774][ 97]LogModuleManager: Shutting down and abandoning module GameplayDebugger (355)
[2018.02.04-05.25.30:774][ 97]LogModuleManager: Shutting down and abandoning module AITestSuite (353)
[2018.02.04-05.25.30:774][ 97]LogModuleManager: Shutting down and abandoning module DesktopPlatform (350)
[2018.02.04-05.25.30:774][ 97]LogModuleManager: Shutting down and abandoning module ProfilerService (348)
[2018.02.04-05.25.30:880][ 97]LogModuleManager: Shutting down and abandoning module TaskGraph (346)
[2018.02.04-05.25.30:880][ 97]LogModuleManager: Shutting down and abandoning module SteamVRController (344)
[2018.02.04-05.25.30:880][ 97]LogModuleManager: Shutting down and abandoning module ProceduralMeshComponentEditor (342)
[2018.02.04-05.25.30:880][ 97]LogModuleManager: Shutting down and abandoning module ProceduralMeshComponent (340)
[2018.02.04-05.25.30:880][ 97]LogModuleManager: Shutting down and abandoning module OculusInput (338)
[2018.02.04-05.25.30:880][ 97]LogModuleManager: Shutting down and abandoning module MobilePatchingUtils (336)
[2018.02.04-05.25.30:880][ 97]LogModuleManager: Shutting down and abandoning module CustomMeshComponent (334)
[2018.02.04-05.25.30:880][ 97]LogModuleManager: Shutting down and abandoning module CableComponent (332)
[2018.02.04-05.25.30:880][ 97]LogModuleManager: Shutting down and abandoning module ArchVisCharacter (330)
[2018.02.04-05.25.30:880][ 97]LogModuleManager: Shutting down and abandoning module AndroidPermission (328)
[2018.02.04-05.25.30:880][ 97]LogModuleManager: Shutting down and abandoning module ActorSequence (324)
[2018.02.04-05.25.30:880][ 97]LogModuleManager: Shutting down and abandoning module MediaPlayerEditor (322)
[2018.02.04-05.25.30:880][ 97]LogModuleManager: Shutting down and abandoning module MediaCompositingEditor (320)
[2018.02.04-05.25.30:880][ 97]LogModuleManager: Shutting down and abandoning module MediaCompositing (318)
[2018.02.04-05.25.30:880][ 97]LogModuleManager: Shutting down and abandoning module HTML5Networking (316)
[2018.02.04-05.25.30:880][ 97]LogModuleManager: Shutting down and abandoning module AlembicImporter (314)
[2018.02.04-05.25.30:880][ 97]LogModuleManager: Shutting down and abandoning module AlembicLibrary (313)
[2018.02.04-05.25.30:880][ 97]LogModuleManager: Shutting down and abandoning module GeometryCache (312)
[2018.02.04-05.25.30:880][ 97]LogModuleManager: Shutting down and abandoning module GeometryCacheEd (311)
[2018.02.04-05.25.30:880][ 97]LogModuleManager: Shutting down and abandoning module SpeedTreeImporter (306)
[2018.02.04-05.25.30:880][ 97]LogModuleManager: Shutting down and abandoning module PluginBrowser (304)
[2018.02.04-05.25.30:880][ 97]LogModuleManager: Shutting down and abandoning module MobileLauncherProfileWizard (302)
[2018.02.04-05.25.30:880][ 97]LogModuleManager: Shutting down and abandoning module VisualStudioSourceCodeAccess (300)
[2018.02.04-05.25.30:881][ 97]LogModuleManager: Shutting down and abandoning module VisualStudioCodeSourceCodeAccess (298)
[2018.02.04-05.25.30:881][ 97]LogModuleManager: Shutting down and abandoning module UObjectPlugin (296)
[2018.02.04-05.25.30:881][ 97]LogModuleManager: Shutting down and abandoning module SubversionSourceControl (294)
[2018.02.04-05.25.30:881][ 97]LogModuleManager: Shutting down and abandoning module PerforceSourceControl (292)
[2018.02.04-05.25.30:881][ 97]LogModuleManager: Shutting down and abandoning module GitSourceControl (290)
[2018.02.04-05.25.30:881][ 97]LogModuleManager: Shutting down and abandoning module SourceControl (289)
[2018.02.04-05.25.30:881][ 97]LogModuleManager: Shutting down and abandoning module LightPropagationVolumeEditor (286)
[2018.02.04-05.25.30:881][ 97]LogModuleManager: Shutting down and abandoning module PaperTiledImporter (284)
[2018.02.04-05.25.30:881][ 97]LogModuleManager: Shutting down and abandoning module PaperSpriteSheetImporter (282)
[2018.02.04-05.25.30:881][ 97]LogModuleManager: Shutting down and abandoning module Paper2DEditor (280)
[2018.02.04-05.25.30:881][ 97]LogModuleManager: Shutting down and abandoning module MeshPaint (279)
[2018.02.04-05.25.30:881][ 97]LogModuleManager: Shutting down and abandoning module LevelEditor (277)
[2018.02.04-05.25.30:882][ 97]LogModuleManager: Shutting down and abandoning module PixelInspectorModule (276)
[2018.02.04-05.25.30:882][ 97]LogModuleManager: Shutting down and abandoning module MainFrame (274)
[2018.02.04-05.25.30:882][ 97]LogModuleManager: Shutting down and abandoning module HotReload (273)
[2018.02.04-05.25.30:883][ 97]LogModuleManager: Shutting down and abandoning module RuntimePhysXCooking (268)
[2018.02.04-05.25.30:883][ 97]LogModuleManager: Shutting down and abandoning module PhysXVehiclesEditor (266)
[2018.02.04-05.25.30:883][ 97]LogModuleManager: Shutting down and abandoning module PhysXVehicles (264)
[2018.02.04-05.25.30:883][ 97]LogModuleManager: Shutting down and abandoning module OculusEditor (262)
[2018.02.04-05.25.30:883][ 97]LogModuleManager: Shutting down and abandoning module LocationServicesBPLibrary (260)
[2018.02.04-05.25.30:883][ 97]LogModuleManager: Shutting down and abandoning module ImmediatePhysicsEditor (258)
[2018.02.04-05.25.30:883][ 97]LogModuleManager: Shutting down and abandoning module ImmediatePhysics (256)
[2018.02.04-05.25.30:883][ 97]LogModuleManager: Shutting down and abandoning module UdpMessaging (254)
[2018.02.04-05.25.30:984][ 97]LogModuleManager: Shutting down and abandoning module TcpMessaging (252)
[2018.02.04-05.25.31:086][ 97]LogModuleManager: Shutting down and abandoning module GameplayTagsEditor (250)
[2018.02.04-05.25.31:086][ 97]LogModuleManager: Shutting down and abandoning module FacialAnimationEditor (248)
[2018.02.04-05.25.31:086][ 97]LogModuleManager: Shutting down and abandoning module FacialAnimation (246)
[2018.02.04-05.25.31:086][ 97]LogModuleManager: Shutting down and abandoning module AssetManagerEditor (244)
[2018.02.04-05.25.31:087][ 97]LogModuleManager: Shutting down and abandoning module GraphEditor (243)
[2018.02.04-05.25.31:087][ 97]LogModuleManager: Shutting down and abandoning module ContentBrowser (241)
[2018.02.04-05.25.31:090][ 97]LogModuleManager: Shutting down and abandoning module LightPropagationVolumeRuntime (238)
[2018.02.04-05.25.31:090][ 97]LogModuleManager: Shutting down and abandoning module Paper2D (236)
[2018.02.04-05.25.31:090][ 97]LogModuleManager: Shutting down and abandoning module WindowsMoviePlayer (234)
[2018.02.04-05.25.31:090][ 97]LogModuleManager: Shutting down and abandoning module WmfMedia (232)
[2018.02.04-05.25.31:093][ 97]LogModuleManager: Shutting down and abandoning module ImgMedia (230)
[2018.02.04-05.25.31:093][ 97]LogModuleManager: Shutting down and abandoning module PacketHandler (228)
[2018.02.04-05.25.31:093][ 97]LogModuleManager: Shutting down and abandoning module ClothingSystemEditor (226)
[2018.02.04-05.25.31:093][ 97]LogModuleManager: Shutting down and abandoning module ClothingSystemRuntime (224)
[2018.02.04-05.25.31:093][ 97]LogModuleManager: Shutting down and abandoning module MediaAssets (222)
[2018.02.04-05.25.31:093][ 97]LogModuleManager: Shutting down and abandoning module Media (221)
[2018.02.04-05.25.31:099][ 97]LogModuleManager: Shutting down and abandoning module Overlay (218)
[2018.02.04-05.25.31:099][ 97]LogModuleManager: Shutting down and abandoning module OverlayEditor (217)
[2018.02.04-05.25.31:099][ 97]LogModuleManager: Shutting down and abandoning module VREditor (214)
[2018.02.04-05.25.31:099][ 97]LogModuleManager: Shutting down and abandoning module StringTableEditor (212)
[2018.02.04-05.25.31:099][ 97]LogModuleManager: Shutting down and abandoning module GameplayTasksEditor (210)
[2018.02.04-05.25.31:099][ 97]LogModuleManager: Shutting down and abandoning module BehaviorTreeEditor (208)
[2018.02.04-05.25.31:100][ 97]LogModuleManager: Shutting down and abandoning module FunctionalTesting (206)
[2018.02.04-05.25.31:100][ 97]LogModuleManager: Shutting down and abandoning module CollisionAnalyzer (204)
[2018.02.04-05.25.31:100][ 97]LogModuleManager: Shutting down and abandoning module WorkspaceMenuStructure (203)
[2018.02.04-05.25.31:100][ 97]LogModuleManager: Shutting down and abandoning module UMG (200)
[2018.02.04-05.25.31:100][ 97]LogModuleManager: Shutting down and abandoning module UMGEditor (199)
[2018.02.04-05.25.31:100][ 97]LogModuleManager: Shutting down and abandoning module Sequencer (198)
[2018.02.04-05.25.31:100][ 97]LogModuleManager: Shutting down and abandoning module MessageLog (195)
[2018.02.04-05.25.31:100][ 97]LogModuleManager: Shutting down and abandoning module SlateReflector (190)
[2018.02.04-05.25.31:100][ 97]LogModuleManager: Shutting down and abandoning module Slate (188)
[2018.02.04-05.25.31:100][ 97]LogModuleManager: Shutting down and abandoning module EditorStyle (186)
[2018.02.04-05.25.31:109][ 97]LogModuleManager: Shutting down and abandoning module MRMesh (184)
[2018.02.04-05.25.31:109][ 97]LogModuleManager: Shutting down and abandoning module SourceCodeAccess (182)
[2018.02.04-05.25.31:109][ 97]LogModuleManager: Shutting down and abandoning module HeadMountedDisplay (180)
[2018.02.04-05.25.31:109][ 97]LogModuleManager: Shutting down and abandoning module XAudio2 (178)
[2018.02.04-05.25.31:109][ 97]LogModuleManager: Shutting down and abandoning module Networking (176)
[2018.02.04-05.25.31:109][ 97]LogModuleManager: Shutting down and abandoning module Core (172)
[2018.02.04-05.25.31:109][ 97]LogModuleManager: Shutting down and abandoning module LevelSequence (168)
[2018.02.04-05.25.31:109][ 97]LogModuleManager: Shutting down and abandoning module DirectoryWatcher (166)
[2018.02.04-05.25.31:119][ 97]LogModuleManager: Shutting down and abandoning module KismetCompiler (164)
[2018.02.04-05.25.31:119][ 97]LogModuleManager: Shutting down and abandoning module MeshUtilities (162)
[2018.02.04-05.25.31:119][ 97]LogModuleManager: Shutting down and abandoning module MeshMergeUtilities (161)
[2018.02.04-05.25.31:120][ 97]LogModuleManager: Shutting down and abandoning module MeshReductionInterface (160)
[2018.02.04-05.25.31:120][ 97]LogModuleManager: Shutting down and abandoning module SimplygonSwarm (159)
[2018.02.04-05.25.31:120][ 97]LogModuleManager: Shutting down and abandoning module SimplygonMeshReduction (157)
[2018.02.04-05.25.31:120][ 97]LogModuleManager: Shutting down and abandoning module QuadricMeshReduction (155)
[2018.02.04-05.25.31:120][ 97]LogModuleManager: Shutting down and abandoning module MaterialBaking (151)
[2018.02.04-05.25.31:120][ 97]LogModuleManager: Shutting down and abandoning module DerivedDataCache (148)
[2018.02.04-05.25.31:177][ 97]LogDerivedDataCache: Shutdown
[2018.02.04-05.25.31:177][ 97]LogModuleManager: Shutting down and abandoning module TargetPlatform (146)
[2018.02.04-05.25.31:177][ 97]LogModuleManager: Shutting down and abandoning module VulkanShaderFormat (145)
[2018.02.04-05.25.31:177][ 97]LogModuleManager: Shutting down and abandoning module ShaderFormatVectorVM (143)
[2018.02.04-05.25.31:177][ 97]LogModuleManager: Shutting down and abandoning module ShaderFormatOpenGL (141)
[2018.02.04-05.25.31:177][ 97]LogModuleManager: Shutting down and abandoning module ShaderFormatD3D (139)
[2018.02.04-05.25.31:177][ 97]LogModuleManager: Shutting down and abandoning module MetalShaderFormat (137)
[2018.02.04-05.25.31:177][ 97]LogModuleManager: Shutting down and abandoning module TextureFormatUncompressed (135)
[2018.02.04-05.25.31:177][ 97]LogModuleManager: Shutting down and abandoning module TextureFormatPVR (133)
[2018.02.04-05.25.31:177][ 97]LogModuleManager: Shutting down and abandoning module TextureFormatDXT (131)
[2018.02.04-05.25.31:177][ 97]LogModuleManager: Shutting down and abandoning module TextureFormatIntelISPCTexComp (129)
[2018.02.04-05.25.31:178][ 97]LogModuleManager: Shutting down and abandoning module TextureFormatASTC (127)
[2018.02.04-05.25.31:178][ 97]LogModuleManager: Shutting down and abandoning module ImageWrapper (126)
[2018.02.04-05.25.31:179][ 97]LogModuleManager: Shutting down and abandoning module TextureFormatAndroid (123)
[2018.02.04-05.25.31:179][ 97]LogModuleManager: Shutting down and abandoning module AudioFormatOpus (121)
[2018.02.04-05.25.31:179][ 97]LogModuleManager: Shutting down and abandoning module AudioFormatOgg (119)
[2018.02.04-05.25.31:179][ 97]LogModuleManager: Shutting down and abandoning module AudioFormatADPCM (117)
[2018.02.04-05.25.31:179][ 97]LogModuleManager: Shutting down and abandoning module LinuxTargetPlatform (115)
[2018.02.04-05.25.31:179][ 97]LogModuleManager: Shutting down and abandoning module LinuxServerTargetPlatform (113)
[2018.02.04-05.25.31:179][ 97]LogModuleManager: Shutting down and abandoning module LinuxNoEditorTargetPlatform (111)
[2018.02.04-05.25.31:179][ 97]LogModuleManager: Shutting down and abandoning module LinuxClientTargetPlatform (109)
[2018.02.04-05.25.31:179][ 97]LogModuleManager: Shutting down and abandoning module TVOSTargetPlatform (107)
[2018.02.04-05.25.31:179][ 97]LogModuleManager: Shutting down and abandoning module Messaging (105)
[2018.02.04-05.25.31:179][ 97]LogModuleManager: Shutting down and abandoning module IOSTargetPlatform (103)
[2018.02.04-05.25.31:179][ 97]LogModuleManager: Shutting down and abandoning module HTML5TargetPlatform (101)
[2018.02.04-05.25.31:179][ 97]LogModuleManager: Shutting down and abandoning module AndroidTargetPlatform (99)
[2018.02.04-05.25.31:179][ 97]LogModuleManager: Shutting down and abandoning module Android_PVRTCTargetPlatform (97)
[2018.02.04-05.25.31:179][ 97]LogModuleManager: Shutting down and abandoning module Android_MultiTargetPlatform (95)
[2018.02.04-05.25.31:179][ 97]LogModuleManager: Shutting down and abandoning module Android_ETC2TargetPlatform (93)
[2018.02.04-05.25.31:179][ 97]LogModuleManager: Shutting down and abandoning module Android_ETC1TargetPlatform (91)
[2018.02.04-05.25.31:179][ 97]LogModuleManager: Shutting down and abandoning module Android_DXTTargetPlatform (89)
[2018.02.04-05.25.31:179][ 97]LogModuleManager: Shutting down and abandoning module Android_ATCTargetPlatform (87)
[2018.02.04-05.25.31:179][ 97]LogModuleManager: Shutting down and abandoning module Android_ASTCTargetPlatform (85)
[2018.02.04-05.25.31:179][ 97]LogModuleManager: Shutting down and abandoning module WindowsTargetPlatform (83)
[2018.02.04-05.25.31:180][ 97]LogModuleManager: Shutting down and abandoning module WindowsServerTargetPlatform (81)
[2018.02.04-05.25.31:180][ 97]LogModuleManager: Shutting down and abandoning module WindowsNoEditorTargetPlatform (79)
[2018.02.04-05.25.31:180][ 97]LogModuleManager: Shutting down and abandoning module WindowsClientTargetPlatform (77)
[2018.02.04-05.25.31:180][ 97]LogModuleManager: Shutting down and abandoning module MacTargetPlatform (75)
[2018.02.04-05.25.31:180][ 97]LogModuleManager: Shutting down and abandoning module MacServerTargetPlatform (73)
[2018.02.04-05.25.31:180][ 97]LogModuleManager: Shutting down and abandoning module MacNoEditorTargetPlatform (71)
[2018.02.04-05.25.31:180][ 97]LogModuleManager: Shutting down and abandoning module MacClientTargetPlatform (69)
[2018.02.04-05.25.31:180][ 97]LogModuleManager: Shutting down and abandoning module AllDesktopTargetPlatform (67)
[2018.02.04-05.25.31:180][ 97]LogModuleManager: Shutting down and abandoning module InputCore (64)
[2018.02.04-05.25.31:180][ 97]LogModuleManager: Shutting down and abandoning module Settings (62)
[2018.02.04-05.25.31:180][ 97]LogModuleManager: Shutting down and abandoning module PhysXCooking (60)
[2018.02.04-05.25.31:180][ 97]LogModuleManager: Shutting down and abandoning module SteamVR (58)
[2018.02.04-05.25.31:180][ 97]LogModuleManager: Shutting down and abandoning module OculusHMD (56)
[2018.02.04-05.25.31:180][ 97]LogModuleManager: Shutting down and abandoning module ExampleDeviceProfileSelector (54)
[2018.02.04-05.25.31:180][ 97]LogModuleManager: Shutting down and abandoning module AppleARKit (52)
[2018.02.04-05.25.31:180][ 97]LogModuleManager: Shutting down and abandoning module AugmentedReality (51)
[2018.02.04-05.25.31:180][ 97]LogModuleManager: Shutting down and abandoning module OnlineBlueprintSupport (48)
[2018.02.04-05.25.31:180][ 97]LogModuleManager: Shutting down and abandoning module OnlineSubsystem (44)
[2018.02.04-05.25.31:180][ 97]LogModuleManager: Shutting down and abandoning module XMPP (43)
[2018.02.04-05.25.31:180][ 97]LogModuleManager: Shutting down and abandoning module HTTP (41)
[2018.02.04-05.25.31:180][ 97]LogHttp: Display: Http module shutting down, but needs to wait on 1 outstanding Http requests:
[2018.02.04-05.25.31:180][ 97]LogHttp: Display: 	verb=[POST] url=[https://datarouter.ol.epicgames.com/datarouter/api/v1/public/data?SessionID=%7B9F32240E-4334-6F69-C7EF-EAB71A94C59A%7D&AppID=UEEditor.Rocket.Release&AppVersion=4.18.3-3832480%2B%2B%2BUE4%2BRelease-4.18&UserID=6a3d3f84464b00032dd2e59fd0a8f81a%7C70ba3f2c0a6341598a8deb204ee00fb4%7C560897fb-4446-4411-863b-7d2dbb47b793&AppEnvironment=datacollector-binary&UploadType=eteventstream] status=Processing
[2018.02.04-05.25.31:194][ 97]LogModuleManager: Shutting down and abandoning module SSL (40)
[2018.02.04-05.25.31:196][ 97]LogModuleManager: Shutting down and abandoning module AnimationModifiers (36)
[2018.02.04-05.25.31:196][ 97]LogModuleManager: Shutting down and abandoning module PropertyEditor (35)
[2018.02.04-05.25.31:196][ 97]LogModuleManager: Shutting down and abandoning module AudioEditor (32)
[2018.02.04-05.25.31:196][ 97]LogModuleManager: Shutting down and abandoning module TextureCompressor (30)
[2018.02.04-05.25.31:196][ 97]LogModuleManager: Shutting down and abandoning module ShaderCore (28)
[2018.02.04-05.25.31:196][ 97]LogModuleManager: Shutting down and abandoning module Landscape (26)
[2018.02.04-05.25.31:196][ 97]LogModuleManager: Shutting down and abandoning module SlateRHIRenderer (24)
[2018.02.04-05.25.31:201][ 97]LogModuleManager: Shutting down and abandoning module OpenGLDrv (22)
[2018.02.04-05.25.31:201][ 97]LogModuleManager: Shutting down and abandoning module D3D11RHI (20)
[2018.02.04-05.25.31:201][ 97]LogModuleManager: Shutting down and abandoning module AnimGraphRuntime (18)
[2018.02.04-05.25.31:201][ 97]LogModuleManager: Shutting down and abandoning module Renderer (16)
[2018.02.04-05.25.31:201][ 97]LogModuleManager: Shutting down and abandoning module Engine (14)
[2018.02.04-05.25.31:201][ 97]LogModuleManager: Shutting down and abandoning module CoreUObject (12)
[2018.02.04-05.25.31:201][ 97]LogModuleManager: Shutting down and abandoning module NetworkFile (10)
[2018.02.04-05.25.31:201][ 97]LogModuleManager: Shutting down and abandoning module CookedIterativeFile (8)
[2018.02.04-05.25.31:201][ 97]LogModuleManager: Shutting down and abandoning module StreamingFile (6)
[2018.02.04-05.25.31:201][ 97]LogModuleManager: Shutting down and abandoning module SandboxFile (4)
[2018.02.04-05.25.31:201][ 97]LogModuleManager: Shutting down and abandoning module PakFile (2)
[2018.02.04-05.25.31:215][ 97]LogExit: Exiting.
[2018.02.04-05.25.31:246][ 97]Log file closed, 02/04/18 06:25:31
