Log file open, 02/26/18 15:11:58
LogWindows: Failed to load 'aqProf.dll' (GetLastError=126)
LogWindows: File 'aqProf.dll' does not exist
LogWindows: Failed to load 'VSPerf140.dll' (GetLastError=126)
LogWindows: File 'VSPerf140.dll' does not exist
LogWindows: Failed to load 'VtuneApi.dll' (GetLastError=126)
LogWindows: File 'VtuneApi.dll' does not exist
LogWindows: Failed to load 'VtuneApi32e.dll' (GetLastError=126)
LogWindows: File 'VtuneApi32e.dll' does not exist
LogInit: Display: Running engine for game: TutoPaper2d
LogPlatformFile: Not using cached read wrapper
LogInit: Display: RandInit(-1504121898) SRandInit(-1504121898).
LogInit: Read version file with build ID '3709383'
LogInit: Overriding engine version to CL 3832480, compatible CL 3709383
LogInit: Registered custom module enumerator with build ID '3709383'
LogTaskGraph: Started task graph with 5 named threads and 14 total threads with 3 sets of task threads.
LogStats: Stats thread started at 0.171047
LogD3D11RHI: Aftermath initialized
LogModuleManager: Display: Found up-to-date module file ../../../Engine/Plugins/2D/Paper2D/Binaries/Win64/UE4Editor-Paper2D.dll (API version 3709383).
LogModuleManager: Display: Found up-to-date module file ../../../Engine/Plugins/2D/Paper2D/Binaries/Win64/UE4Editor-Paper2DEditor.dll (API version 3709383).
LogModuleManager: Display: Found up-to-date module file ../../../Engine/Plugins/2D/Paper2D/Binaries/Win64/UE4Editor-PaperSpriteSheetImporter.dll (API version 3709383).
LogModuleManager: Display: Found up-to-date module file ../../../Engine/Plugins/2D/Paper2D/Binaries/Win64/UE4Editor-PaperTiledImporter.dll (API version 3709383).
LogModuleManager: Display: Found up-to-date module file ../../../Engine/Plugins/2D/Paper2D/Binaries/Win64/UE4Editor-SmartSnapping.dll (API version 3709383).
LogModuleManager: Display: Found up-to-date module file ../../../Engine/Plugins/Blendables/LightPropagationVolume/Binaries/Win64/UE4Editor-LightPropagationVolumeRuntime.dll (API version 3709383).
LogModuleManager: Display: Found up-to-date module file ../../../Engine/Plugins/Blendables/LightPropagationVolume/Binaries/Win64/UE4Editor-LightPropagationVolumeEditor.dll (API version 3709383).
LogModuleManager: Display: Found up-to-date module file ../../../Engine/Plugins/Developer/GitSourceControl/Binaries/Win64/UE4Editor-GitSourceControl.dll (API version 3709383).
LogModuleManager: Display: Found up-to-date module file ../../../Engine/Plugins/Developer/PerforceSourceControl/Binaries/Win64/UE4Editor-PerforceSourceControl.dll (API version 3709383).
LogModuleManager: Display: Found up-to-date module file ../../../Engine/Plugins/Developer/SubversionSourceControl/Binaries/Win64/UE4Editor-SubversionSourceControl.dll (API version 3709383).
LogModuleManager: Display: Found up-to-date module file ../../../Engine/Plugins/Developer/UObjectPlugin/Binaries/Win64/UE4Editor-UObjectPlugin.dll (API version 3709383).
LogModuleManager: Display: Found up-to-date module file ../../../Engine/Plugins/Developer/VisualStudioCodeSourceCodeAccess/Binaries/Win64/UE4Editor-VisualStudioCodeSourceCodeAccess.dll (API version 3709383).
LogModuleManager: Display: Found up-to-date module file ../../../Engine/Plugins/Developer/VisualStudioSourceCodeAccess/Binaries/Win64/UE4Editor-VisualStudioSourceCodeAccess.dll (API version 3709383).
LogModuleManager: Display: Found up-to-date module file ../../../Engine/Plugins/Editor/AssetManagerEditor/Binaries/Win64/UE4Editor-AssetManagerEditor.dll (API version 3709383).
LogModuleManager: Display: Found up-to-date module file ../../../Engine/Plugins/Editor/AudioCapture/Binaries/Win64/UE4Editor-AudioCapture.dll (API version 3709383).
LogModuleManager: Display: Found up-to-date module file ../../../Engine/Plugins/Editor/FacialAnimation/Binaries/Win64/UE4Editor-FacialAnimation.dll (API version 3709383).
LogModuleManager: Display: Found up-to-date module file ../../../Engine/Plugins/Editor/FacialAnimation/Binaries/Win64/UE4Editor-FacialAnimationEditor.dll (API version 3709383).
LogModuleManager: Display: Found up-to-date module file ../../../Engine/Plugins/Editor/GameplayTagsEditor/Binaries/Win64/UE4Editor-GameplayTagsEditor.dll (API version 3709383).
LogModuleManager: Display: Found up-to-date module file ../../../Engine/Plugins/Editor/MobileLauncherProfileWizard/Binaries/Win64/UE4Editor-MobileLauncherProfileWizard.dll (API version 3709383).
LogModuleManager: Display: Found up-to-date module file ../../../Engine/Plugins/Editor/PluginBrowser/Binaries/Win64/UE4Editor-PluginBrowser.dll (API version 3709383).
LogModuleManager: Display: Found up-to-date module file ../../../Engine/Plugins/Editor/SpeedTreeImporter/Binaries/Win64/UE4Editor-SpeedTreeImporter.dll (API version 3709383).
LogModuleManager: Display: Found up-to-date module file ../../../Engine/Plugins/Experimental/AlembicImporter/Binaries/Win64/UE4Editor-AlembicImporter.dll (API version 3709383).
LogModuleManager: Display: Found up-to-date module file ../../../Engine/Plugins/Experimental/AlembicImporter/Binaries/Win64/UE4Editor-AlembicLibrary.dll (API version 3709383).
LogModuleManager: Display: Found up-to-date module file ../../../Engine/Plugins/Experimental/CharacterAI/Binaries/Win64/UE4Editor-CharacterAI.dll (API version 3709383).
LogModuleManager: Display: Found up-to-date module file ../../../Engine/Plugins/Experimental/HTML5Networking/Binaries/Win64/UE4Editor-HTML5Networking.dll (API version 3709383).
LogModuleManager: Display: Found up-to-date module file ../../../Engine/Plugins/Media/AndroidMedia/Binaries/Win64/UE4Editor-AndroidMediaEditor.dll (API version 3709383).
LogModuleManager: Display: Found up-to-date module file ../../../Engine/Plugins/Media/AndroidMedia/Binaries/Win64/UE4Editor-AndroidMediaFactory.dll (API version 3709383).
LogModuleManager: Display: Found up-to-date module file ../../../Engine/Plugins/Media/AvfMedia/Binaries/Win64/UE4Editor-AvfMediaEditor.dll (API version 3709383).
LogModuleManager: Display: Found up-to-date module file ../../../Engine/Plugins/Media/AvfMedia/Binaries/Win64/UE4Editor-AvfMediaFactory.dll (API version 3709383).
LogModuleManager: Display: Found up-to-date module file ../../../Engine/Plugins/Media/AvfMedia/Binaries/Win64/UE4Editor-AvfMediaFactory.dll (API version 3709383).
LogModuleManager: Display: Found up-to-date module file ../../../Engine/Plugins/Media/ImgMedia/Binaries/Win64/UE4Editor-ImgMedia.dll (API version 3709383).
LogModuleManager: Display: Found up-to-date module file ../../../Engine/Plugins/Media/ImgMedia/Binaries/Win64/UE4Editor-ImgMediaEditor.dll (API version 3709383).
LogModuleManager: Display: Found up-to-date module file ../../../Engine/Plugins/Media/ImgMedia/Binaries/Win64/UE4Editor-ImgMediaFactory.dll (API version 3709383).
LogModuleManager: Display: Found up-to-date module file ../../../Engine/Plugins/Media/ImgMedia/Binaries/Win64/UE4Editor-ImgMediaFactory.dll (API version 3709383).
LogModuleManager: Display: Found up-to-date module file ../../../Engine/Plugins/Media/ImgMedia/Binaries/Win64/UE4Editor-OpenExrWrapper.dll (API version 3709383).
LogModuleManager: Display: Found up-to-date module file ../../../Engine/Plugins/Media/MediaCompositing/Binaries/Win64/UE4Editor-MediaCompositing.dll (API version 3709383).
LogModuleManager: Display: Found up-to-date module file ../../../Engine/Plugins/Media/MediaCompositing/Binaries/Win64/UE4Editor-MediaCompositingEditor.dll (API version 3709383).
LogModuleManager: Display: Found up-to-date module file ../../../Engine/Plugins/Media/MediaPlayerEditor/Binaries/Win64/UE4Editor-MediaPlayerEditor.dll (API version 3709383).
LogModuleManager: Display: Found up-to-date module file ../../../Engine/Plugins/Media/WmfMedia/Binaries/Win64/UE4Editor-WmfMedia.dll (API version 3709383).
LogModuleManager: Display: Found up-to-date module file ../../../Engine/Plugins/Media/WmfMedia/Binaries/Win64/UE4Editor-WmfMediaEditor.dll (API version 3709383).
LogModuleManager: Display: Found up-to-date module file ../../../Engine/Plugins/Media/WmfMedia/Binaries/Win64/UE4Editor-WmfMediaFactory.dll (API version 3709383).
LogModuleManager: Display: Found up-to-date module file ../../../Engine/Plugins/Media/WmfMedia/Binaries/Win64/UE4Editor-WmfMediaFactory.dll (API version 3709383).
LogModuleManager: Display: Found up-to-date module file ../../../Engine/Plugins/Messaging/TcpMessaging/Binaries/Win64/UE4Editor-TcpMessaging.dll (API version 3709383).
LogModuleManager: Display: Found up-to-date module file ../../../Engine/Plugins/Messaging/UdpMessaging/Binaries/Win64/UE4Editor-UdpMessaging.dll (API version 3709383).
LogModuleManager: Display: Found up-to-date module file ../../../Engine/Plugins/MovieScene/ActorSequence/Binaries/Win64/UE4Editor-ActorSequence.dll (API version 3709383).
LogModuleManager: Display: Found up-to-date module file ../../../Engine/Plugins/MovieScene/LevelSequenceEditor/Binaries/Win64/UE4Editor-LevelSequenceEditor.dll (API version 3709383).
LogModuleManager: Display: Found up-to-date module file ../../../Engine/Plugins/MovieScene/MatineeToLevelSequence/Binaries/Win64/UE4Editor-MatineeToLevelSequence.dll (API version 3709383).
LogModuleManager: Display: Found up-to-date module file ../../../Engine/Plugins/Online/OnlineSubsystem/Binaries/Win64/UE4Editor-OnlineSubsystem.dll (API version 3709383).
LogModuleManager: Display: Found up-to-date module file ../../../Engine/Plugins/Runtime/AndroidPermission/Binaries/Win64/UE4Editor-AndroidPermission.dll (API version 3709383).
LogModuleManager: Display: Found up-to-date module file ../../../Engine/Plugins/Online/OnlineSubsystemNull/Binaries/Win64/UE4Editor-OnlineSubsystemNull.dll (API version 3709383).
LogModuleManager: Display: Found up-to-date module file ../../../Engine/Plugins/Online/OnlineSubsystemUtils/Binaries/Win64/UE4Editor-OnlineSubsystemUtils.dll (API version 3709383).
LogModuleManager: Display: Found up-to-date module file ../../../Engine/Plugins/Online/OnlineSubsystemUtils/Binaries/Win64/UE4Editor-OnlineBlueprintSupport.dll (API version 3709383).
LogModuleManager: Display: Found up-to-date module file ../../../Engine/Plugins/Runtime/AndroidDeviceProfileSelector/Binaries/Win64/UE4Editor-AndroidDeviceProfileSelector.dll (API version 3709383).
LogModuleManager: Display: Found up-to-date module file ../../../Engine/Plugins/Runtime/AppleARKit/Binaries/Win64/UE4Editor-AppleARKit.dll (API version 3709383).
LogModuleManager: Display: Found up-to-date module file ../../../Engine/Plugins/Runtime/ArchVisCharacter/Binaries/Win64/UE4Editor-ArchVisCharacter.dll (API version 3709383).
LogModuleManager: Display: Found up-to-date module file ../../../Engine/Plugins/Runtime/CableComponent/Binaries/Win64/UE4Editor-CableComponent.dll (API version 3709383).
LogModuleManager: Display: Found up-to-date module file ../../../Engine/Plugins/Runtime/CustomMeshComponent/Binaries/Win64/UE4Editor-CustomMeshComponent.dll (API version 3709383).
LogModuleManager: Display: Found up-to-date module file ../../../Engine/Plugins/Runtime/ExampleDeviceProfileSelector/Binaries/Win64/UE4Editor-ExampleDeviceProfileSelector.dll (API version 3709383).
LogModuleManager: Display: Found up-to-date module file ../../../Engine/Plugins/Runtime/ImmediatePhysics/Binaries/Win64/UE4Editor-ImmediatePhysics.dll (API version 3709383).
LogModuleManager: Display: Found up-to-date module file ../../../Engine/Plugins/Runtime/ImmediatePhysics/Binaries/Win64/UE4Editor-ImmediatePhysicsEditor.dll (API version 3709383).
LogModuleManager: Display: Found up-to-date module file ../../../Engine/Plugins/Runtime/LocationServicesBPLibrary/Binaries/Win64/UE4Editor-LocationServicesBPLibrary.dll (API version 3709383).
LogModuleManager: Display: Found up-to-date module file ../../../Engine/Plugins/Runtime/MobilePatchingUtils/Binaries/Win64/UE4Editor-MobilePatchingUtils.dll (API version 3709383).
LogModuleManager: Display: Found up-to-date module file ../../../Engine/Plugins/Runtime/Oculus/OculusVR/Binaries/Win64/UE4Editor-OculusHMD.dll (API version 3709383).
LogModuleManager: Display: Found up-to-date module file ../../../Engine/Plugins/Runtime/Oculus/OculusVR/Binaries/Win64/UE4Editor-OculusInput.dll (API version 3709383).
LogModuleManager: Display: Found up-to-date module file ../../../Engine/Plugins/Runtime/Oculus/OculusVR/Binaries/Win64/UE4Editor-OculusEditor.dll (API version 3709383).
LogModuleManager: Display: Found up-to-date module file ../../../Engine/Plugins/Runtime/PhysXVehicles/Binaries/Win64/UE4Editor-PhysXVehicles.dll (API version 3709383).
LogModuleManager: Display: Found up-to-date module file ../../../Engine/Plugins/Runtime/PhysXVehicles/Binaries/Win64/UE4Editor-PhysXVehiclesEditor.dll (API version 3709383).
LogModuleManager: Display: Found up-to-date module file ../../../Engine/Plugins/Runtime/ProceduralMeshComponent/Binaries/Win64/UE4Editor-ProceduralMeshComponent.dll (API version 3709383).
LogModuleManager: Display: Found up-to-date module file ../../../Engine/Plugins/Runtime/ProceduralMeshComponent/Binaries/Win64/UE4Editor-ProceduralMeshComponentEditor.dll (API version 3709383).
LogModuleManager: Display: Found up-to-date module file ../../../Engine/Plugins/Runtime/RuntimePhysXCooking/Binaries/Win64/UE4Editor-RuntimePhysXCooking.dll (API version 3709383).
LogModuleManager: Display: Found up-to-date module file ../../../Engine/Plugins/Runtime/Steam/SteamVR/Binaries/Win64/UE4Editor-SteamVR.dll (API version 3709383).
LogModuleManager: Display: Found up-to-date module file ../../../Engine/Plugins/Runtime/Steam/SteamVR/Binaries/Win64/UE4Editor-SteamVRController.dll (API version 3709383).
LogModuleManager: Display: Found up-to-date module file ../../../Engine/Plugins/Runtime/WindowsMoviePlayer/Binaries/Win64/UE4Editor-WindowsMoviePlayer.dll (API version 3709383).
LogPluginManager: Mounting plugin Paper2D
LogPluginManager: Mounting plugin LightPropagationVolume
LogPluginManager: Mounting plugin CodeLiteSourceCodeAccess
LogPluginManager: Mounting plugin GitSourceControl
LogPluginManager: Mounting plugin KDevelopSourceCodeAccess
LogPluginManager: Mounting plugin NullSourceCodeAccess
LogPluginManager: Mounting plugin PerforceSourceControl
LogPluginManager: Mounting plugin SubversionSourceControl
LogPluginManager: Mounting plugin UObjectPlugin
LogPluginManager: Mounting plugin VisualStudioCodeSourceCodeAccess
LogPluginManager: Mounting plugin VisualStudioSourceCodeAccess
LogPluginManager: Mounting plugin XCodeSourceCodeAccess
LogPluginManager: Mounting plugin AssetManagerEditor
LogPluginManager: Mounting plugin AudioCapture
LogPluginManager: Mounting plugin FacialAnimation
LogPluginManager: Mounting plugin GameplayTagsEditor
LogPluginManager: Mounting plugin MobileLauncherProfileWizard
LogPluginManager: Mounting plugin PluginBrowser
LogPluginManager: Mounting plugin SpeedTreeImporter
LogPluginManager: Mounting plugin AlembicImporter
LogPluginManager: Mounting plugin CharacterAI
LogPluginManager: Mounting plugin HTML5Networking
LogPluginManager: Mounting plugin AndroidMedia
LogPluginManager: Mounting plugin AvfMedia
LogPluginManager: Mounting plugin ImgMedia
LogPluginManager: Mounting plugin MediaCompositing
LogPluginManager: Mounting plugin MediaPlayerEditor
LogPluginManager: Mounting plugin WmfMedia
LogPluginManager: Mounting plugin TcpMessaging
LogPluginManager: Mounting plugin UdpMessaging
LogPluginManager: Mounting plugin ActorSequence
LogPluginManager: Mounting plugin LevelSequenceEditor
LogPluginManager: Mounting plugin MatineeToLevelSequence
LogPluginManager: Mounting plugin OnlineSubsystemGooglePlay
LogPluginManager: Mounting plugin OnlineSubsystemIOS
LogPluginManager: Mounting plugin OnlineSubsystem
LogPluginManager: Mounting plugin OnlineSubsystemNull
LogPluginManager: Mounting plugin OnlineSubsystemUtils
LogPluginManager: Mounting plugin AndroidDeviceProfileSelector
LogPluginManager: Mounting plugin AndroidMoviePlayer
LogPluginManager: Mounting plugin AndroidPermission
LogPluginManager: Mounting plugin AppleARKit
LogPluginManager: Mounting plugin AppleMoviePlayer
LogPluginManager: Mounting plugin ArchVisCharacter
LogPluginManager: Mounting plugin CableComponent
LogPluginManager: Mounting plugin CustomMeshComponent
LogPluginManager: Mounting plugin ExampleDeviceProfileSelector
LogPluginManager: Mounting plugin GoogleCloudMessaging
LogPluginManager: Mounting plugin ImmediatePhysics
LogPluginManager: Mounting plugin IOSDeviceProfileSelector
LogPluginManager: Mounting plugin LinuxDeviceProfileSelector
LogPluginManager: Mounting plugin LocationServicesBPLibrary
LogPluginManager: Mounting plugin MobilePatchingUtils
LogPluginManager: Mounting plugin OculusVR
LogPluginManager: Plugin shader directory ../../../Engine/Plugins/Runtime/Oculus/OculusVR/Shaders found
LogPluginManager: Mapping shader source directory ../../../Engine/Plugins/Runtime/Oculus/OculusVR/Shaders to virtual directory /Plugin/OculusVR
LogPluginManager: Mounting plugin PhysXVehicles
LogPluginManager: Mounting plugin ProceduralMeshComponent
LogPluginManager: Mounting plugin RuntimePhysXCooking
LogPluginManager: Mounting plugin SteamVR
LogPluginManager: Mounting plugin WindowsMoviePlayer
LogInit: Using libcurl 7.47.1
LogInit:  - built for x86_64-pc-win32
LogInit:  - supports SSL with OpenSSL/1.0.2g
LogInit:  - supports HTTP deflate (compression) using libz 1.2.8
LogInit:  - other features:
LogInit:      CURL_VERSION_SSL
LogInit:      CURL_VERSION_LIBZ
LogInit:      CURL_VERSION_IPV6
LogInit:      CURL_VERSION_ASYNCHDNS
LogInit:      CURL_VERSION_LARGEFILE
LogInit:      CURL_VERSION_IDN
LogInit:  CurlRequestOptions (configurable via config and command line):
LogInit:  - bVerifyPeer = false  - Libcurl will NOT verify peer certificate
LogInit:  - bUseHttpProxy = false  - Libcurl will NOT use HTTP proxy
LogInit:  - bDontReuseConnections = false  - Libcurl will reuse connections
LogInit:  - CertBundlePath = nullptr  - Libcurl will use whatever was configured at build time.
LogInit: Build: ++UE4+Release-4.18-CL-3832480
LogInit: Engine Version: 4.18.3-3832480+++UE4+Release-4.18
LogInit: Compatible Engine Version: 4.18.0-3709383+++UE4+Release-4.18
LogInit: Net CL: 3709383
LogDevObjectVersion: Number of dev versions registered: 16
LogDevObjectVersion:   Dev-Blueprints (B0D832E4-1F89-4F0D-ACCF-7EB736FD4AA2): 10
LogDevObjectVersion:   Dev-Build (E1C64328-A22C-4D53-A36C-8E866417BD8C): 0
LogDevObjectVersion:   Dev-Core (375EC13C-06E4-48FB-B500-84F0262A717E): 2
LogDevObjectVersion:   Dev-Editor (E4B068ED-F494-42E9-A231-DA0B2E46BB41): 20
LogDevObjectVersion:   Dev-Framework (CFFC743F-43B0-4480-9391-14DF171D2073): 30
LogDevObjectVersion:   Dev-Mobile (B02B49B5-BB20-44E9-A304-32B752E40360): 0
LogDevObjectVersion:   Dev-Networking (A4E4105C-59A1-49B5-A7C5-40C4547EDFEE): 0
LogDevObjectVersion:   Dev-Online (39C831C9-5AE6-47DC-9A44-9C173E1C8E7C): 0
LogDevObjectVersion:   Dev-Physics (78F01B33-EBEA-4F98-B9B4-84EACCB95AA2): 0
LogDevObjectVersion:   Dev-Platform (6631380F-2D4D-43E0-8009-CF276956A95A): 0
LogDevObjectVersion:   Dev-Rendering (12F88B9F-8875-4AFC-A67C-D90C383ABD29): 20
LogDevObjectVersion:   Dev-Sequencer (7B5AE74C-D270-4C10-A958-57980B212A5A): 4
LogDevObjectVersion:   Dev-VR (D7296918-1DD6-4BDD-9DE2-64A83CC13884): 0
LogDevObjectVersion:   Dev-LoadTimes (C2A15278-BFE7-4AFE-6C17-90FF531DF755): 1
LogDevObjectVersion:   Private-Geometry (6EACA3D4-40EC-4CC1-B786-8BED09428FC5): 1
LogDevObjectVersion:   Dev-AnimPhys (29E575DD-E0A3-4627-9D10-D276232CDCEA): 12
LogInit: Compiled (64-bit): Jan 12 2018 02:04:55
LogInit: Compiled with Visual C++: 19.00.24215.01
LogInit: Build Configuration: Development
LogInit: Branch Name: ++UE4+Release-4.18
LogInit: Command line: -EpicPortal 
LogInit: Base directory: C:/Program Files/Epic Games/UE_4.18/Engine/Binaries/Win64/
LogInit: Installed Engine Build: 1
LogInit: Presizing for max 8388607 objects, including 0 objects not considered by GC, pre-allocating 0 bytes for permanent pool.
LogInit: Object subsystem initialized
[2018.02.26-14.11.59:458][  0]LogInit: Selected Device Profile: [Windows]
[2018.02.26-14.11.59:458][  0]LogInit: Applying CVar settings loaded from the selected device profile: [Windows]
[2018.02.26-14.11.59:470][  0]LogInit: Computer: PC-B-9-253
[2018.02.26-14.11.59:470][  0]LogInit: User: stagiaire
[2018.02.26-14.11.59:470][  0]LogInit: CPU Page size=4096, Cores=4
[2018.02.26-14.11.59:470][  0]LogInit: High frequency timer resolution =3.507501 MHz
[2018.02.26-14.11.59:470][  0]LogMemory: Memory total: Physical=15.9GB (16GB approx)
[2018.02.26-14.11.59:470][  0]LogMemory: Platform Memory Stats for Windows
[2018.02.26-14.11.59:470][  0]LogMemory: Process Physical Memory: 276.48 MB used, 276.48 MB peak
[2018.02.26-14.11.59:470][  0]LogMemory: Process Virtual Memory: 265.85 MB used, 265.85 MB peak
[2018.02.26-14.11.59:470][  0]LogMemory: Physical Memory: 4000.04 MB used,  12322.00 MB free, 16322.04 MB total
[2018.02.26-14.11.59:470][  0]LogMemory: Virtual Memory: 674.19 MB used,  12322.00 MB free, 134217728.00 MB total
[2018.02.26-14.11.59:600][  0]LogInit: Using OS detected language (fr-FR).
[2018.02.26-14.11.59:600][  0]LogInit: Using OS detected locale (fr-FR).
[2018.02.26-14.11.59:602][  0]LogTextLocalizationManager: No localization for 'fr-FR' exists, so 'en' will be used for the language.
[2018.02.26-14.11.59:603][  0]LogTextLocalizationManager: No localization for 'fr-FR' exists, so 'en' will be used for the locale.
[2018.02.26-14.11.59:954][  0]LogInit: Setting process to per monitor DPI aware
[2018.02.26-14.12.00:173][  0]LogD3D11RHI: D3D11 adapters:
[2018.02.26-14.12.00:209][  0]LogD3D11RHI:    0. 'NVIDIA Quadro K600' (Feature Level 11_0)
[2018.02.26-14.12.00:209][  0]LogD3D11RHI:       996/0/8161 MB DedicatedVideo/DedicatedSystem/SharedSystem, Outputs:1, VendorId:0x10de
[2018.02.26-14.12.00:211][  0]LogD3D11RHI:    1. 'Microsoft Basic Render Driver' (Feature Level 11_0)
[2018.02.26-14.12.00:211][  0]LogD3D11RHI:       0/0/8161 MB DedicatedVideo/DedicatedSystem/SharedSystem, Outputs:0, VendorId:0x1414
[2018.02.26-14.12.00:211][  0]LogD3D11RHI: Chosen D3D11 Adapter: 0
[2018.02.26-14.12.00:216][  0]LogD3D11RHI: Creating new Direct3DDevice
[2018.02.26-14.12.00:216][  0]LogD3D11RHI:     GPU DeviceId: 0xffa (for the marketing name, search the web for "GPU Device Id")
[2018.02.26-14.12.00:216][  0]LogWindows: EnumDisplayDevices:
[2018.02.26-14.12.00:216][  0]LogWindows:    0. 'NVIDIA Quadro K600' (P:1 D:1)
[2018.02.26-14.12.00:216][  0]LogWindows:    1. 'NVIDIA Quadro K600' (P:0 D:0)
[2018.02.26-14.12.00:216][  0]LogWindows: DebugString: GetVideoDriverDetailsInvalid PrimaryIsNotTheChoosenAdapter GetVideoDriverDetailsInvalid PrimaryIsNotTheChoosenAdapter FoundDriverCount:0 
[2018.02.26-14.12.00:216][  0]LogD3D11RHI:     Adapter Name: NVIDIA Quadro K600
[2018.02.26-14.12.00:216][  0]LogD3D11RHI:   Driver Version: Unknown (internal:Unknown, unified:Unknown)
[2018.02.26-14.12.00:216][  0]LogD3D11RHI:      Driver Date: Unknown
[2018.02.26-14.12.00:216][  0]LogRHI: Texture pool is 697 MB (70% of 996 MB)
[2018.02.26-14.12.00:242][  0]LogD3D11RHI: Async texture creation enabled
[2018.02.26-14.12.00:255][  0]LogD3D11RHI: GPU Timing Frequency: 1000.000000 (Debug: 2 1)
[2018.02.26-14.12.00:256][  0]LogShaderCompilers: Guid format shader working directory is -37 characters bigger than the processId version (../../../../../../Users/stagiaire/Documents/UnrealProject/UnrealTutoPaper2D/TutoPaper2d/Intermediate/Shaders/WorkingDirectory/1636/).
[2018.02.26-14.12.00:256][  0]LogShaderCompilers: Cleaned the shader compiler working directory 'C:/Users/stagiaire/AppData/Local/Temp/UnrealShaderWorkingDir/EE9BF86F4B63ABBC44B905BEC82577D4/'.
[2018.02.26-14.12.00:256][  0]LogShaderCompilers: Display: Using Local Shader Compiler.
[2018.02.26-14.12.01:069][  0]LogTemp: Display: Loaded TP AllDesktopTargetPlatform
[2018.02.26-14.12.01:118][  0]LogTemp: Display: Loaded TP MacClientTargetPlatform
[2018.02.26-14.12.01:167][  0]LogTemp: Display: Loaded TP MacNoEditorTargetPlatform
[2018.02.26-14.12.01:216][  0]LogTemp: Display: Loaded TP MacServerTargetPlatform
[2018.02.26-14.12.01:268][  0]LogTemp: Display: Loaded TP MacTargetPlatform
[2018.02.26-14.12.01:317][  0]LogTemp: Display: Loaded TP WindowsClientTargetPlatform
[2018.02.26-14.12.01:366][  0]LogTemp: Display: Loaded TP WindowsNoEditorTargetPlatform
[2018.02.26-14.12.01:414][  0]LogTemp: Display: Loaded TP WindowsServerTargetPlatform
[2018.02.26-14.12.01:456][  0]LogTemp: Display: Loaded TP WindowsTargetPlatform
[2018.02.26-14.12.01:504][  0]LogTemp: Display: Loaded TP Android_ASTCTargetPlatform
[2018.02.26-14.12.01:553][  0]LogTemp: Display: Loaded TP Android_ATCTargetPlatform
[2018.02.26-14.12.01:602][  0]LogTemp: Display: Loaded TP Android_DXTTargetPlatform
[2018.02.26-14.12.01:650][  0]LogTemp: Display: Loaded TP Android_ETC1TargetPlatform
[2018.02.26-14.12.01:697][  0]LogTemp: Display: Loaded TP Android_ETC2TargetPlatform
[2018.02.26-14.12.01:792][  0]LogTemp: Display: Loaded TP Android_MultiTargetPlatform
[2018.02.26-14.12.01:792][  0]LogTemp: Display: Loaded TP Android_PVRTCTargetPlatform
[2018.02.26-14.12.01:839][  0]LogTemp: Display: Loaded TP AndroidTargetPlatform
[2018.02.26-14.12.01:877][  0]LogTemp: Display: Loaded TP HTML5TargetPlatform
[2018.02.26-14.12.01:963][  0]LogTemp: Display: Loaded TP IOSTargetPlatform
[2018.02.26-14.12.01:988][  0]LogTemp: Display: Loaded TP TVOSTargetPlatform
[2018.02.26-14.12.02:035][  0]LogTemp: Display: Loaded TP LinuxClientTargetPlatform
[2018.02.26-14.12.02:081][  0]LogTemp: Display: Loaded TP LinuxNoEditorTargetPlatform
[2018.02.26-14.12.02:129][  0]LogTemp: Display: Loaded TP LinuxServerTargetPlatform
[2018.02.26-14.12.02:177][  0]LogTemp: Display: Loaded TP LinuxTargetPlatform
[2018.02.26-14.12.02:177][  0]LogTargetPlatformManager: Display: Building Assets For Windows
[2018.02.26-14.12.02:641][  0]LogDerivedDataCache: Display: Max Cache Size: 512 MB
[2018.02.26-14.12.02:707][  0]LogDerivedDataCache: Loaded boot cache 0.07s 78MB C:/Users/stagiaire/AppData/Local/UnrealEngine/4.18/DerivedDataCache/Boot.ddc.
[2018.02.26-14.12.02:707][  0]LogDerivedDataCache: Display: Loaded Boot cache: C:/Users/stagiaire/AppData/Local/UnrealEngine/4.18/DerivedDataCache/Boot.ddc
[2018.02.26-14.12.02:707][  0]LogDerivedDataCache: FDerivedDataBackendGraph:  Pak pak cache file ../../../../../../Users/stagiaire/Documents/UnrealProject/UnrealTutoPaper2D/TutoPaper2d/DerivedDataCache/DDC.ddp not found, will not use a pak cache.
[2018.02.26-14.12.02:707][  0]LogDerivedDataCache: Unable to find inner node Pak for hierarchical cache Hierarchy.
[2018.02.26-14.12.02:707][  0]LogDerivedDataCache: FDerivedDataBackendGraph:  CompressedPak pak cache file ../../../../../../Users/stagiaire/Documents/UnrealProject/UnrealTutoPaper2D/TutoPaper2d/DerivedDataCache/Compressed.ddp not found, will not use a pak cache.
[2018.02.26-14.12.02:707][  0]LogDerivedDataCache: Unable to find inner node CompressedPak for hierarchical cache Hierarchy.
[2018.02.26-14.12.02:723][  0]LogDerivedDataCache: Display: Pak cache opened for reading ../../../Engine/DerivedDataCache/Compressed.ddp.
[2018.02.26-14.12.02:735][  0]LogDerivedDataCache: Using Local data cache path C:/Users/stagiaire/Documents/UnrealProject/UnrealTutoPaper2D/TutoPaper2d/cache: Writable
[2018.02.26-14.12.02:744][  0]LogMaterial: Verifying Global Shaders for PCD3D_SM5
[2018.02.26-14.12.02:745][  0]LogSlate: Using Freetype 2.6.0
[2018.02.26-14.12.02:745][  0]LogSlate: SlateFontCache - WITH_FREETYPE: 1, WITH_HARFBUZZ: 1
[2018.02.26-14.12.02:745][  0]LogSlate: SlateFontCache - WITH_FREETYPE: 1, WITH_HARFBUZZ: 1
[2018.02.26-14.12.03:100][  0]LogInit: Selected Device Profile: [Windows]
[2018.02.26-14.12.03:426][  0]LogSimplygon: Simplygon DLL not present - disabling.
[2018.02.26-14.12.03:464][  0]LogMeshReduction: Using SimplygonSwarm for distributed automatic mesh merging
[2018.02.26-14.12.03:464][  0]LogMeshReduction: Using QuadricMeshReduction for automatic static mesh reduction
[2018.02.26-14.12.03:464][  0]LogMeshReduction: No automatic skeletal mesh reduction module available
[2018.02.26-14.12.03:464][  0]LogMeshReduction: No automatic mesh merging module available
[2018.02.26-14.12.03:464][  0]LogMeshMerging: No automatic mesh merging module available
[2018.02.26-14.12.03:492][  0]LogNetVersion: TutoPaper2d , NetCL: 3709383, EngineNetVer: 2, GameNetVer: 0 (Checksum: 3459915010)
[2018.02.26-14.12.03:655][  0]LogAssetRegistry: FAssetRegistry took 0.0259 seconds to start up
[2018.02.26-14.12.04:157][  0]LogPackageLocalizationCache: Processed 7 localized package path(s) for 1 prioritized culture(s) in 0.034168 seconds
[2018.02.26-14.12.04:163][  0]LogUObjectArray: 35870 objects as part of root set at end of initial load.
[2018.02.26-14.12.04:163][  0]LogUObjectAllocator: 7363704 out of 0 bytes used by permanent object pool.
[2018.02.26-14.12.04:163][  0]LogUObjectArray: CloseDisregardForGC: 0/0 objects in disregard for GC pool
[2018.02.26-14.12.04:213][  0]LogInit: WinSock: version 1.1 (2.2), MaxSocks=32767, MaxUdp=65467
[2018.02.26-14.12.06:792][  0]LogTcpMessaging: Initializing TcpMessaging bridge
[2018.02.26-14.12.06:833][  0]LogUdpMessaging: Initializing bridge on interface 0.0.0.0:0 to multicast group 230.0.0.1:6666.
[2018.02.26-14.12.07:502][  0]LogMaterial: Uniform references updated for custom material expression Custom.
[2018.02.26-14.12.07:939][  0]SourceControl: Source control is disabled
[2018.02.26-14.12.07:939][  0]SourceControl: Source control is disabled
[2018.02.26-14.12.07:992][  0]SourceControl: Source control is disabled
[2018.02.26-14.12.08:043][  0]SourceControl: Source control is disabled
[2018.02.26-14.12.08:849][  0]LogAndroidPermission: UAndroidPermissionCallbackProxy::GetInstance
[2018.02.26-14.12.09:116][  0]LogOcInput: OculusInput pre-init called
[2018.02.26-14.12.09:398][  0]LogEngine: Initializing Engine...
[2018.02.26-14.12.09:400][  0]LogHMD: Failed to initialize OpenVR with code 110
[2018.02.26-14.12.09:635][  0]LogStats: UGameplayTagsManager::ConstructGameplayTagTree: Construct from data asset -  0.000 s
[2018.02.26-14.12.09:635][  0]LogStats: UGameplayTagsManager::ConstructGameplayTagTree: GameplayTagTreeChangedEvent.Broadcast -  0.000 s
[2018.02.26-14.12.09:759][  0]LogAIModule: Creating AISystem for world Untitled
[2018.02.26-14.12.09:766][  0]LogInit: XAudio2 using 'Haut-parleurs / écouteurs (Realtek High Definition Audio)' : 2 channels at 48 kHz using 32 bits per sample (channel mask 0x3)
[2018.02.26-14.12.09:903][  0]LogInit: FAudioDevice initialized.
[2018.02.26-14.12.10:000][  0]LogDerivedDataCache: Saved boot cache 0.10s 78MB C:/Users/stagiaire/AppData/Local/UnrealEngine/4.18/DerivedDataCache/Boot.ddc.
[2018.02.26-14.12.10:007][  0]LogInit: Texture streaming: Enabled
[2018.02.26-14.12.10:102][  0]LogEngineSessionManager: EngineSessionManager initialized
[2018.02.26-14.12.10:225][  0]LogInit: Transaction tracking system initialized
[2018.02.26-14.12.10:530][  0]BlueprintLog: New page: Editor Load
[2018.02.26-14.12.11:376][  0]LocalizationService: Localization service is disabled
[2018.02.26-14.12.12:075][  0]LogConsoleResponse: Display: 
[2018.02.26-14.12.12:105][  0]LogMaterial: Missing cached shader map for material Cross_Mat, compiling. 
[2018.02.26-14.12.12:136][  0]LogMaterial: Missing cached shader map for material PhAT_BoneSelectedMaterial, compiling. 
[2018.02.26-14.12.12:154][  0]LogMaterial: Missing cached shader map for material PhAT_ElemSelectedMaterial, compiling. 
[2018.02.26-14.12.12:169][  0]LogMaterial: Missing cached shader map for material PhAT_NoCollisionMaterial, compiling. 
[2018.02.26-14.12.12:183][  0]LogMaterial: Missing cached shader map for material PhAT_UnselectedMaterial, compiling. 
[2018.02.26-14.12.12:201][  0]LogMaterial: Missing cached shader map for material Tick_Mat, compiling. 
[2018.02.26-14.12.12:227][  0]LogMaterial: Missing cached shader map for material WidgetGridVertexColorMaterial_Ma, compiling. 
[2018.02.26-14.12.12:250][  0]LogMaterial: Missing cached shader map for material WidgetMaterial, compiling. 
[2018.02.26-14.12.12:271][  0]LogMaterial: Missing cached shader map for material WidgetMaterial_Current, compiling. 
[2018.02.26-14.12.12:288][  0]LogMaterial: Missing cached shader map for material WidgetMaterial_X, compiling. 
[2018.02.26-14.12.12:303][  0]LogMaterial: Missing cached shader map for material WidgetMaterial_Y, compiling. 
[2018.02.26-14.12.12:318][  0]LogMaterial: Missing cached shader map for material WidgetMaterial_Z, compiling. 
[2018.02.26-14.12.12:336][  0]LogMaterial: Missing cached shader map for material WidgetVertexColorMaterial, compiling. 
[2018.02.26-14.12.12:384][  0]LogMaterial: Missing cached shader map for material LevelGridMaterial, compiling. 
[2018.02.26-14.12.12:436][  0]LogMaterial: Missing cached shader map for material BlinkingCaret, compiling. 
[2018.02.26-14.12.12:484][  0]LogMaterial: Missing cached shader map for material M_StreamingPause, compiling. 
[2018.02.26-14.12.12:520][  0]LogCook: Display: Max memory allowance for cook 16384mb min free memory 0mb
[2018.02.26-14.12.12:521][  0]LogCook: Display: Mobile HDR setting 1
[2018.02.26-14.12.12:521][  0]LogGameplayTags: Display: UGameplayTagsManager::DoneAddingNativeTags. DelegateIsBound: 0
[2018.02.26-14.12.13:004][  0]LogFileCache: Scanning file cache for directory 'C:/Users/stagiaire/Documents/UnrealProject/UnrealTutoPaper2D/TutoPaper2d/Content/' took 0.02s
[2018.02.26-14.12.14:634][  0]SourceControl: Source control is disabled
[2018.02.26-14.12.14:634][  0]Cmd: MAP LOAD FILE="../../../../../../Users/stagiaire/Documents/UnrealProject/UnrealTutoPaper2D/TutoPaper2d/Content/2dlevel.umap" TEMPLATE=0 SHOWPROGRESS=1 FEATURELEVEL=3
[2018.02.26-14.12.14:635][  0]LightingResults: New page: Lighting Build
[2018.02.26-14.12.14:706][  0]MapCheck: New page: Map Check
[2018.02.26-14.12.14:706][  0]LightingResults: New page: Lighting Build
[2018.02.26-14.12.14:837][  0]LogProperty: Error: UStructProperty::Serialize Loading: Property 'StructProperty /Game/Data/SaveGameData/PlayerData.PlayerData:PlayerInventory_30_C5145AFE47C8801FF37B82AF4FE55F17'. Unknown structure.
[2018.02.26-14.12.14:838][  0]LogClass: UUserDefinedStruct.Serialize 'PlayerData' validation: Struct unknown (deleted?). Parent 'UserDefinedStruct /Game/Data/SaveGameData/PlayerData.PlayerData' Property: 'PlayerInventory_30_C5145AFE47C8801FF37B82AF4FE55F17'
[2018.02.26-14.12.14:838][  0]LogBlueprint: Error: [Compiler ] Invalid property 'PlayerData' structure 'PlayerData' error: Struct 'UserDefinedStruct /Game/Data/SaveGameData/PlayerData.PlayerData' is not compiled
[2018.02.26-14.12.14:838][  0]LogBlueprint: Error: [Compiler ] Invalid property 'PlayerDataSave' structure 'PlayerData' error: Struct 'UserDefinedStruct /Game/Data/SaveGameData/PlayerData.PlayerData' is not compiled
[2018.02.26-14.12.14:838][  0]LogBlueprint: Error: [Compiler ] Invalid property 'NewVar_0' structure 'PlayerData' error: Struct 'UserDefinedStruct /Game/Data/SaveGameData/PlayerData.PlayerData' is not compiled
[2018.02.26-14.12.14:838][  0]LogBlueprint: Error: [Compiler ] Invalid property 'NewVar_1' structure 'PlayerData' error: Struct 'UserDefinedStruct /Game/Data/SaveGameData/PlayerData.PlayerData' is not compiled
[2018.02.26-14.12.14:838][  0]LogBlueprint: Error: [Compiler ] Invalid property 'NewVar_2' structure 'PlayerData' error: Struct 'UserDefinedStruct /Game/Data/SaveGameData/PlayerData.PlayerData' is not compiled
[2018.02.26-14.12.15:030][  0]LogBlueprint: Error: [Compiler ] Invalid property 'LocalPlayerData' structure 'PlayerData' error: Struct 'UserDefinedStruct /Game/Data/SaveGameData/PlayerData.PlayerData' is not compiled
[2018.02.26-14.12.15:031][  0]LogBlueprint: Error: [Compiler ] Invalid property 'PlayerData' structure 'PlayerData' error: Struct 'UserDefinedStruct /Game/Data/SaveGameData/PlayerData.PlayerData' is not compiled
[2018.02.26-14.12.15:031][  0]LogBlueprint: Error: [Compiler ] Invalid property 'PlayerDataToChange' structure 'PlayerData' error: Struct 'UserDefinedStruct /Game/Data/SaveGameData/PlayerData.PlayerData' is not compiled
[2018.02.26-14.12.15:032][  0]LogBlueprint: Error: [Compiler PlayerDataSave1] Invalid property 'NewVar_2' structure 'PlayerData' error: Struct 'UserDefinedStruct /Game/Data/SaveGameData/PlayerData.PlayerData' is not compiled
[2018.02.26-14.12.15:033][  0]LogBlueprint: Error: [Compiler PlayerDataSave1] The variable NewVar_2 declared in  PlayerDataSave1  has an invalid type Player Data Structure
[2018.02.26-14.12.15:033][  0]LogBlueprint: Error: [Compiler PlayerDataSave1] Invalid property 'NewVar_1' structure 'PlayerData' error: Struct 'UserDefinedStruct /Game/Data/SaveGameData/PlayerData.PlayerData' is not compiled
[2018.02.26-14.12.15:033][  0]LogBlueprint: Error: [Compiler PlayerDataSave1] The variable NewVar_1 declared in  PlayerDataSave1  has an invalid type Player Data Structure
[2018.02.26-14.12.15:033][  0]LogBlueprint: Error: [Compiler PlayerDataSave1] Invalid property 'NewVar_0' structure 'PlayerData' error: Struct 'UserDefinedStruct /Game/Data/SaveGameData/PlayerData.PlayerData' is not compiled
[2018.02.26-14.12.15:033][  0]LogBlueprint: Error: [Compiler PlayerDataSave1] The variable NewVar_0 declared in  PlayerDataSave1  has an invalid type Player Data Structure
[2018.02.26-14.12.15:033][  0]LogBlueprint: Error: [Compiler PlayerDataSave1] Invalid property 'PlayerDataSave' structure 'PlayerData' error: Struct 'UserDefinedStruct /Game/Data/SaveGameData/PlayerData.PlayerData' is not compiled
[2018.02.26-14.12.15:033][  0]LogBlueprint: Error: [Compiler PlayerDataSave1] The variable PlayerDataSave declared in  PlayerDataSave1  has an invalid type Player Data Structure
[2018.02.26-14.12.15:033][  0]LogBlueprint: Error: [Compiler PlayerDataSave1] Invalid property 'PlayerData' structure 'PlayerData' error: Struct 'UserDefinedStruct /Game/Data/SaveGameData/PlayerData.PlayerData' is not compiled
[2018.02.26-14.12.15:033][  0]LogBlueprint: Error: [Compiler PlayerDataSave1] The variable PlayerData declared in  PlayerDataSave1  has an invalid type Player Data Structure
[2018.02.26-14.12.15:035][  0]LogBlueprint: Error: [Compiler HeroCharacter] Invalid property 'LocalPlayerData' structure 'PlayerData' error: Struct 'UserDefinedStruct /Game/Data/SaveGameData/PlayerData.PlayerData' is not compiled
[2018.02.26-14.12.15:035][  0]LogBlueprint: Error: [Compiler HeroCharacter] The variable LocalPlayerData declared in  HeroCharacter  has an invalid type Player Data Structure
[2018.02.26-14.12.15:036][  0]LogBlueprint: Warning: [Compiler DataManagementSystem] Get : 'PlayerData' variable not found. Base class was probably changed. /Game/Data/DatamanagementSystem.DataManagementSystem
[2018.02.26-14.12.15:037][  0]LogBlueprint: Warning: [Compiler DataManagementSystem] Set : 'PlayerData' variable not found. Base class was probably changed. /Game/Data/DatamanagementSystem.DataManagementSystem
[2018.02.26-14.12.15:037][  0]LogBlueprint: Warning: [Compiler DataManagementSystem] Set PlayerData : 'PlayerData' variable not found. Base class was probably changed. /Game/Data/DatamanagementSystem.DataManagementSystem
[2018.02.26-14.12.15:061][  0]LogBlueprint: Warning: [Compiler DataManagementSystem] Could not find a variable named "PlayerData" in 'PlayerDataSave1_C'.
Make sure 'PlayerDataSave1_C' has been compiled for  Get PlayerData
[2018.02.26-14.12.15:062][  0]LogBlueprint: Warning: [Compiler DataManagementSystem] Could not find a variable named "PlayerData" in 'PlayerDataSave1_C'.
Make sure 'PlayerDataSave1_C' has been compiled for  Set PlayerData
[2018.02.26-14.12.15:062][  0]LogBlueprint: Error: [Compiler DataManagementSystem] Invalid property 'PlayerData' structure 'PlayerData' error: Struct 'UserDefinedStruct /Game/Data/SaveGameData/PlayerData.PlayerData' is not compiled
[2018.02.26-14.12.15:062][  0]LogBlueprint: Error: [Compiler DataManagementSystem] Failed to create property PlayerData from  <None>  due to a bad or unknown type (Player Data Structure)
[2018.02.26-14.12.15:062][  0]LogBlueprint: Error: [Compiler DataManagementSystem] Invalid property 'PlayerDataToChange' structure 'PlayerData' error: Struct 'UserDefinedStruct /Game/Data/SaveGameData/PlayerData.PlayerData' is not compiled
[2018.02.26-14.12.15:062][  0]LogBlueprint: Error: [Compiler DataManagementSystem] Failed to create property PlayerDataToChange from  <None>  due to a bad or unknown type (Player Data Structure)
[2018.02.26-14.12.15:070][  0]LogBlueprint: Error: [Compiler PlayerDataSave1] Invalid property 'NewVar_2' structure 'PlayerData' error: Struct 'UserDefinedStruct /Game/Data/SaveGameData/PlayerData.PlayerData' is not compiled
[2018.02.26-14.12.15:070][  0]LogBlueprint: Error: [Compiler PlayerDataSave1] The variable NewVar_2 declared in  PlayerDataSave1  has an invalid type Player Data Structure
[2018.02.26-14.12.15:070][  0]LogBlueprint: Error: [Compiler PlayerDataSave1] Invalid property 'NewVar_1' structure 'PlayerData' error: Struct 'UserDefinedStruct /Game/Data/SaveGameData/PlayerData.PlayerData' is not compiled
[2018.02.26-14.12.15:070][  0]LogBlueprint: Error: [Compiler PlayerDataSave1] The variable NewVar_1 declared in  PlayerDataSave1  has an invalid type Player Data Structure
[2018.02.26-14.12.15:071][  0]LogBlueprint: Error: [Compiler PlayerDataSave1] Invalid property 'NewVar_0' structure 'PlayerData' error: Struct 'UserDefinedStruct /Game/Data/SaveGameData/PlayerData.PlayerData' is not compiled
[2018.02.26-14.12.15:071][  0]LogBlueprint: Error: [Compiler PlayerDataSave1] The variable NewVar_0 declared in  PlayerDataSave1  has an invalid type Player Data Structure
[2018.02.26-14.12.15:071][  0]LogBlueprint: Error: [Compiler PlayerDataSave1] Invalid property 'PlayerDataSave' structure 'PlayerData' error: Struct 'UserDefinedStruct /Game/Data/SaveGameData/PlayerData.PlayerData' is not compiled
[2018.02.26-14.12.15:071][  0]LogBlueprint: Error: [Compiler PlayerDataSave1] The variable PlayerDataSave declared in  PlayerDataSave1  has an invalid type Player Data Structure
[2018.02.26-14.12.15:071][  0]LogBlueprint: Error: [Compiler PlayerDataSave1] Invalid property 'PlayerData' structure 'PlayerData' error: Struct 'UserDefinedStruct /Game/Data/SaveGameData/PlayerData.PlayerData' is not compiled
[2018.02.26-14.12.15:071][  0]LogBlueprint: Error: [Compiler PlayerDataSave1] The variable PlayerData declared in  PlayerDataSave1  has an invalid type Player Data Structure
[2018.02.26-14.12.15:079][  0]LogBlueprint: Error: [Compiler HeroCharacter] Invalid property 'LocalPlayerData' structure 'PlayerData' error: Struct 'UserDefinedStruct /Game/Data/SaveGameData/PlayerData.PlayerData' is not compiled
[2018.02.26-14.12.15:079][  0]LogBlueprint: Error: [Compiler HeroCharacter] The variable LocalPlayerData declared in  HeroCharacter  has an invalid type Player Data Structure
[2018.02.26-14.12.15:102][  0]LogBlueprint: Error: [Compiler DataManagementSystem] The property associated with  Player Data  could not be found
[2018.02.26-14.12.15:102][  0]LogBlueprint: Error: [Compiler DataManagementSystem] The property associated with  Player Data  could not be found
[2018.02.26-14.12.15:131][  0]LogBlueprint: Warning: [Compiler DataManagementSystem] [0018.09] Compile of DataManagementSystem failed. 6 Fatal Issue(s) 5 Warning(s) [in 100 ms] (/Game/Data/DatamanagementSystem.DataManagementSystem)
[2018.02.26-14.12.15:131][  0]LogBlueprint: Warning: [Compiler PlayerDataSave1] [0018.09] Compile of PlayerDataSave1 failed. 20 Fatal Issue(s) 0 Warning(s) [in 100 ms] (/Game/Data/SaveGameData/PlayerDataSave1.PlayerDataSave1)
[2018.02.26-14.12.15:132][  0]LogBlueprint: Warning: [Compiler HeroCharacter] [0018.09] Compile of HeroCharacter failed. 4 Fatal Issue(s) 0 Warning(s) [in 100 ms] (/Game/Blueprint/Character/HeroCharacter.HeroCharacter)
[2018.02.26-14.12.15:361][  0]LogTexture: Display: Building textures: blobbySpriteSheet (AutoDXT, 512X192)
[2018.02.26-14.12.15:361][  0]LogTexture: Display: Building textures: ZeroSpriteSheet (BGRA8, 920X637)
[2018.02.26-14.12.15:361][  0]LogTexture: Display: Building textures: 2DBackground (AutoDXT, 512X512)
[2018.02.26-14.12.15:361][  0]LogTexture: Display: Building textures: Zero2SpriteSheet (BGRA8, 920X637)
[2018.02.26-14.12.15:361][  0]LogTexture: Display: Building textures: RockTileV2LeftEndBreaking (AutoDXT, 32X128)
[2018.02.26-14.12.15:361][  0]LogTexture: Display: Building textures: PrototypeTexture (AutoDXT, 256X256)
[2018.02.26-14.12.15:361][  0]LogMaterial: Missing cached shader map for material DefaultSpriteMaterial, compiling. 
[2018.02.26-14.12.15:468][  0]LogTexture: Display: Building textures: 2DBackgroundBlockAtlas (AutoDXT, 1024X1024)
[2018.02.26-14.12.15:468][  0]LogMaterial: Missing cached shader map for material Ennemyprojectile, compiling. 
[2018.02.26-14.12.15:568][  0]LogMaterial: Missing cached shader map for material DefaultLitSpriteMaterial, compiling. 
[2018.02.26-14.12.15:788][  0]LogMaterial: Missing cached shader map for material LevelPrototype, compiling. 
[2018.02.26-14.12.15:811][  0]LogAIModule: Creating AISystem for world 2dlevel
[2018.02.26-14.12.15:845][  0]LogEditorServer: Finished looking for orphan Actors (0.000 secs)
[2018.02.26-14.12.15:859][  0]Cmd: MAP CHECKDEP NOCLEARLOG
[2018.02.26-14.12.15:953][  0]MapCheck: Map check complete: 0 Error(s), 0 Warning(s), took 93.668ms to complete.
[2018.02.26-14.12.15:953][  0]LogFileHelpers: Loading map '2dlevel' took 1.319
[2018.02.26-14.12.16:148][  0]LogCollectionManager: Loaded 0 collections in 0.003109 seconds
[2018.02.26-14.12.16:264][  0]LogFileCache: Scanning file cache for directory 'C:/Users/stagiaire/Documents/UnrealProject/UnrealTutoPaper2D/TutoPaper2d/Saved/Collections/' took 0.01s
[2018.02.26-14.12.16:264][  0]LogFileCache: Scanning file cache for directory 'C:/Users/stagiaire/Documents/UnrealProject/UnrealTutoPaper2D/TutoPaper2d/Content/Developers/stagiaire/Collections/' took 0.01s
[2018.02.26-14.12.16:265][  0]LogFileCache: Scanning file cache for directory 'C:/Users/stagiaire/Documents/UnrealProject/UnrealTutoPaper2D/TutoPaper2d/Content/Collections/' took 0.01s
[2018.02.26-14.12.16:265][  0]LogCollectionManager: Rebuilt the GUID cache for 0 collections in 0.000001 seconds
[2018.02.26-14.12.16:278][  0]LogContentBrowser: Native class hierarchy populated in 0.0134 seconds. Added 2363 classes and 519 folders.
[2018.02.26-14.12.16:397][  0]LogContentBrowser: Native class hierarchy updated for 'WidgetCarousel' in 0.0002 seconds. Added 0 classes and 0 folders.
[2018.02.26-14.12.16:465][  0]LogContentBrowser: Native class hierarchy updated for 'AddContentDialog' in 0.0003 seconds. Added 0 classes and 0 folders.
[2018.02.26-14.12.16:544][  0]LogContentBrowser: Native class hierarchy updated for 'SceneOutliner' in 0.0004 seconds. Added 1 classes and 2 folders.
[2018.02.26-14.12.16:619][  0]LogSlate: Took 0.000354 seconds to synchronously load lazily loaded font '../../../Engine/Content/Slate/Fonts/Roboto-Regular.ttf' (155K)
[2018.02.26-14.12.17:400][  0]LogSlate: Took 0.000406 seconds to synchronously load lazily loaded font '../../../Engine/Content/Slate/Fonts/Roboto-Bold.ttf' (160K)
[2018.02.26-14.12.17:407][  0]LogSlate: Took 0.000293 seconds to synchronously load lazily loaded font '../../../Engine/Content/Editor/Slate/Fonts/FontAwesome.ttf' (139K)
[2018.02.26-14.12.17:523][  0]LogRenderer: Reallocating scene render targets to support 732x540 Format 10 NumSamples 1 (Frame:1).
[2018.02.26-14.12.17:574][  0]LogSlate: Took 0.000316 seconds to synchronously load lazily loaded font '../../../Engine/Content/Slate/Fonts/Roboto-Light.ttf' (159K)
[2018.02.26-14.12.17:761][  0]LogContentBrowser: Native class hierarchy updated for 'HierarchicalLODOutliner' in 0.0005 seconds. Added 1 classes and 2 folders.
[2018.02.26-14.12.17:761][  0]LogLoad: (Engine Initialization) Total time: 20.72 seconds
[2018.02.26-14.12.17:761][  0]LogLoad: (Engine Initialization) Total Blueprint compile time: 0.00 seconds
[2018.02.26-14.12.17:762][  0]LogExternalProfiler: No external profilers were discovered.  External profiling features will not be available.
[2018.02.26-14.12.17:773][  0]LogWindowsTextInputMethodSystem: Display: IME system now deactivated.
[2018.02.26-14.12.17:794][  0]LogContentStreaming: Texture pool size now 1000 MB
[2018.02.26-14.12.18:355][  2]LogAssetRegistry: Asset discovery search completed in 14.7227 seconds
[2018.02.26-14.12.18:360][  2]LogCollectionManager: Rebuilt the object cache for 0 collections in 0.000001 seconds (found 0 objects)
[2018.02.26-14.12.18:360][  2]LogCollectionManager: Fixed up redirectors for 0 collections in 0.000106 seconds (updated 0 objects)
[2018.02.26-14.12.18:845][ 26]LogSlate: Took 0.000234 seconds to synchronously load lazily loaded font '../../../Engine/Content/Slate/Fonts/Roboto-Light.ttf' (159K)
[2018.02.26-14.12.36:979][107]LogSlate: Took 0.030945 seconds to synchronously load lazily loaded font '../../../Engine/Content/Slate/Fonts/DroidSansFallback.ttf' (3848K)
[2018.02.26-14.12.37:018][107]LogSlate: Took 0.037716 seconds to synchronously load lazily loaded font '../../../Engine/Content/SlateDebug/Fonts/LastResort.ttf' (5269K)
[2018.02.26-14.13.16:715][581]LogSlate: Took 0.000138 seconds to synchronously load lazily loaded font '../../../Engine/Content/Slate/Fonts/Roboto-Light.ttf' (159K)
[2018.02.26-14.13.17:020][581]LogContentBrowser: Native class hierarchy updated for 'BlueprintGraph' in 0.0006 seconds. Added 116 classes and 0 folders.
[2018.02.26-14.13.17:577][581]LogSlate: Took 0.000203 seconds to synchronously load lazily loaded font '../../../Engine/Content/Editor/Slate/Fonts/Roboto-BoldCondensed.ttf' (158K)
[2018.02.26-14.13.19:521][683]BlueprintLog: New page: Compile PlayerDataSave1
[2018.02.26-14.13.19:522][683]LogBlueprint: Error: [Compiler ] Invalid property 'PlayerData' structure 'PlayerData' error: Struct 'UserDefinedStruct /Game/Data/SaveGameData/PlayerData.PlayerData' is not compiled
[2018.02.26-14.13.19:522][683]LogBlueprint: Error: [Compiler ] Invalid property 'PlayerDataToChange' structure 'PlayerData' error: Struct 'UserDefinedStruct /Game/Data/SaveGameData/PlayerData.PlayerData' is not compiled
[2018.02.26-14.13.19:522][683]LogBlueprint: Error: [Compiler PlayerDataSave1] Invalid property 'NewVar_2' structure 'PlayerData' error: Struct 'UserDefinedStruct /Game/Data/SaveGameData/PlayerData.PlayerData' is not compiled
[2018.02.26-14.13.19:522][683]LogBlueprint: Error: [Compiler PlayerDataSave1] The variable NewVar_2 declared in  PlayerDataSave1  has an invalid type Player Data Structure
[2018.02.26-14.13.19:522][683]LogBlueprint: Error: [Compiler PlayerDataSave1] Invalid property 'NewVar_1' structure 'PlayerData' error: Struct 'UserDefinedStruct /Game/Data/SaveGameData/PlayerData.PlayerData' is not compiled
[2018.02.26-14.13.19:522][683]LogBlueprint: Error: [Compiler PlayerDataSave1] The variable NewVar_1 declared in  PlayerDataSave1  has an invalid type Player Data Structure
[2018.02.26-14.13.19:522][683]LogBlueprint: Error: [Compiler PlayerDataSave1] Invalid property 'NewVar_0' structure 'PlayerData' error: Struct 'UserDefinedStruct /Game/Data/SaveGameData/PlayerData.PlayerData' is not compiled
[2018.02.26-14.13.19:522][683]LogBlueprint: Error: [Compiler PlayerDataSave1] The variable NewVar_0 declared in  PlayerDataSave1  has an invalid type Player Data Structure
[2018.02.26-14.13.19:522][683]LogBlueprint: Error: [Compiler PlayerDataSave1] Invalid property 'PlayerDataSave' structure 'PlayerData' error: Struct 'UserDefinedStruct /Game/Data/SaveGameData/PlayerData.PlayerData' is not compiled
[2018.02.26-14.13.19:522][683]LogBlueprint: Error: [Compiler PlayerDataSave1] The variable PlayerDataSave declared in  PlayerDataSave1  has an invalid type Player Data Structure
[2018.02.26-14.13.19:522][683]LogBlueprint: Error: [Compiler PlayerDataSave1] Invalid property 'PlayerData' structure 'PlayerData' error: Struct 'UserDefinedStruct /Game/Data/SaveGameData/PlayerData.PlayerData' is not compiled
[2018.02.26-14.13.19:522][683]LogBlueprint: Error: [Compiler PlayerDataSave1] The variable PlayerData declared in  PlayerDataSave1  has an invalid type Player Data Structure
[2018.02.26-14.13.19:525][683]LogBlueprint: Warning: [DataManagementSystem] 'PlayerData' variable not found. Base class was probably changed. /Game/Data/DatamanagementSystem.DataManagementSystem
[2018.02.26-14.13.19:525][683]LogBlueprint: Warning: [DataManagementSystem] 'PlayerData' variable not found. Base class was probably changed. /Game/Data/DatamanagementSystem.DataManagementSystem
[2018.02.26-14.13.19:525][683]LogBlueprint: Warning: [DataManagementSystem] 'PlayerData' variable not found. Base class was probably changed. /Game/Data/DatamanagementSystem.DataManagementSystem
[2018.02.26-14.13.19:528][683]LogBlueprint: Error: [Compiler PlayerDataSave1] Invalid property 'NewVar_2' structure 'PlayerData' error: Struct 'UserDefinedStruct /Game/Data/SaveGameData/PlayerData.PlayerData' is not compiled
[2018.02.26-14.13.19:528][683]LogBlueprint: Error: [Compiler PlayerDataSave1] The variable NewVar_2 declared in  PlayerDataSave1  has an invalid type Player Data Structure
[2018.02.26-14.13.19:528][683]LogBlueprint: Error: [Compiler PlayerDataSave1] Invalid property 'NewVar_1' structure 'PlayerData' error: Struct 'UserDefinedStruct /Game/Data/SaveGameData/PlayerData.PlayerData' is not compiled
[2018.02.26-14.13.19:528][683]LogBlueprint: Error: [Compiler PlayerDataSave1] The variable NewVar_1 declared in  PlayerDataSave1  has an invalid type Player Data Structure
[2018.02.26-14.13.19:528][683]LogBlueprint: Error: [Compiler PlayerDataSave1] Invalid property 'NewVar_0' structure 'PlayerData' error: Struct 'UserDefinedStruct /Game/Data/SaveGameData/PlayerData.PlayerData' is not compiled
[2018.02.26-14.13.19:528][683]LogBlueprint: Error: [Compiler PlayerDataSave1] The variable NewVar_0 declared in  PlayerDataSave1  has an invalid type Player Data Structure
[2018.02.26-14.13.19:528][683]LogBlueprint: Error: [Compiler PlayerDataSave1] Invalid property 'PlayerDataSave' structure 'PlayerData' error: Struct 'UserDefinedStruct /Game/Data/SaveGameData/PlayerData.PlayerData' is not compiled
[2018.02.26-14.13.19:528][683]LogBlueprint: Error: [Compiler PlayerDataSave1] The variable PlayerDataSave declared in  PlayerDataSave1  has an invalid type Player Data Structure
[2018.02.26-14.13.19:528][683]LogBlueprint: Error: [Compiler PlayerDataSave1] Invalid property 'PlayerData' structure 'PlayerData' error: Struct 'UserDefinedStruct /Game/Data/SaveGameData/PlayerData.PlayerData' is not compiled
[2018.02.26-14.13.19:528][683]LogBlueprint: Error: [Compiler PlayerDataSave1] The variable PlayerData declared in  PlayerDataSave1  has an invalid type Player Data Structure
[2018.02.26-14.13.19:547][683]LogBlueprint: Warning: [Compiler PlayerDataSave1] [0082.51] Compile of PlayerDataSave1 failed. 20 Fatal Issue(s) 0 Warning(s) [in 26 ms] (/Game/Data/SaveGameData/PlayerDataSave1.PlayerDataSave1)
[2018.02.26-14.13.27:518][ 81]LogSlate: Took 0.000203 seconds to synchronously load lazily loaded font '../../../Engine/Content/Editor/Slate/Fonts/Roboto-BoldCondensedItalic.ttf' (160K)
[2018.02.26-14.13.49:878][114]BlueprintLog: New page: Compile PlayerDataSave1
[2018.02.26-14.13.49:878][114]LogBlueprint: Error: [Compiler ] Invalid property 'PlayerData' structure 'PlayerData' error: Struct 'UserDefinedStruct /Game/Data/SaveGameData/PlayerData.PlayerData' is not compiled
[2018.02.26-14.13.49:878][114]LogBlueprint: Error: [Compiler ] Invalid property 'PlayerDataToChange' structure 'PlayerData' error: Struct 'UserDefinedStruct /Game/Data/SaveGameData/PlayerData.PlayerData' is not compiled
[2018.02.26-14.13.49:878][114]LogBlueprint: Error: [Compiler PlayerDataSave1] Invalid property 'NewVar_2' structure 'PlayerData' error: Struct 'UserDefinedStruct /Game/Data/SaveGameData/PlayerData.PlayerData' is not compiled
[2018.02.26-14.13.49:879][114]LogBlueprint: Error: [Compiler PlayerDataSave1] The variable NewVar_2 declared in  PlayerDataSave1  has an invalid type Player Data Structure
[2018.02.26-14.13.49:879][114]LogBlueprint: Error: [Compiler PlayerDataSave1] Invalid property 'NewVar_1' structure 'PlayerData' error: Struct 'UserDefinedStruct /Game/Data/SaveGameData/PlayerData.PlayerData' is not compiled
[2018.02.26-14.13.49:879][114]LogBlueprint: Error: [Compiler PlayerDataSave1] The variable NewVar_1 declared in  PlayerDataSave1  has an invalid type Player Data Structure
[2018.02.26-14.13.49:879][114]LogBlueprint: Error: [Compiler PlayerDataSave1] Invalid property 'NewVar_0' structure 'PlayerData' error: Struct 'UserDefinedStruct /Game/Data/SaveGameData/PlayerData.PlayerData' is not compiled
[2018.02.26-14.13.49:879][114]LogBlueprint: Error: [Compiler PlayerDataSave1] The variable NewVar_0 declared in  PlayerDataSave1  has an invalid type Player Data Structure
[2018.02.26-14.13.49:879][114]LogBlueprint: Error: [Compiler PlayerDataSave1] Invalid property 'PlayerDataSave' structure 'PlayerData' error: Struct 'UserDefinedStruct /Game/Data/SaveGameData/PlayerData.PlayerData' is not compiled
[2018.02.26-14.13.49:879][114]LogBlueprint: Error: [Compiler PlayerDataSave1] The variable PlayerDataSave declared in  PlayerDataSave1  has an invalid type Player Data Structure
[2018.02.26-14.13.49:879][114]LogBlueprint: Error: [Compiler PlayerDataSave1] Invalid property 'PlayerData' structure 'PlayerData' error: Struct 'UserDefinedStruct /Game/Data/SaveGameData/PlayerData.PlayerData' is not compiled
[2018.02.26-14.13.49:879][114]LogBlueprint: Error: [Compiler PlayerDataSave1] The variable PlayerData declared in  PlayerDataSave1  has an invalid type Player Data Structure
[2018.02.26-14.13.49:879][114]LogBlueprint: Warning: [DataManagementSystem] 'PlayerData' variable not found. Base class was probably changed. /Game/Data/DatamanagementSystem.DataManagementSystem
[2018.02.26-14.13.49:879][114]LogBlueprint: Warning: [DataManagementSystem] 'PlayerData' variable not found. Base class was probably changed. /Game/Data/DatamanagementSystem.DataManagementSystem
[2018.02.26-14.13.49:879][114]LogBlueprint: Warning: [DataManagementSystem] 'PlayerData' variable not found. Base class was probably changed. /Game/Data/DatamanagementSystem.DataManagementSystem
[2018.02.26-14.13.49:882][114]LogBlueprint: Error: [Compiler PlayerDataSave1] Invalid property 'NewVar_2' structure 'PlayerData' error: Struct 'UserDefinedStruct /Game/Data/SaveGameData/PlayerData.PlayerData' is not compiled
[2018.02.26-14.13.49:882][114]LogBlueprint: Error: [Compiler PlayerDataSave1] The variable NewVar_2 declared in  PlayerDataSave1  has an invalid type Player Data Structure
[2018.02.26-14.13.49:882][114]LogBlueprint: Error: [Compiler PlayerDataSave1] Invalid property 'NewVar_1' structure 'PlayerData' error: Struct 'UserDefinedStruct /Game/Data/SaveGameData/PlayerData.PlayerData' is not compiled
[2018.02.26-14.13.49:882][114]LogBlueprint: Error: [Compiler PlayerDataSave1] The variable NewVar_1 declared in  PlayerDataSave1  has an invalid type Player Data Structure
[2018.02.26-14.13.49:882][114]LogBlueprint: Error: [Compiler PlayerDataSave1] Invalid property 'NewVar_0' structure 'PlayerData' error: Struct 'UserDefinedStruct /Game/Data/SaveGameData/PlayerData.PlayerData' is not compiled
[2018.02.26-14.13.49:882][114]LogBlueprint: Error: [Compiler PlayerDataSave1] The variable NewVar_0 declared in  PlayerDataSave1  has an invalid type Player Data Structure
[2018.02.26-14.13.49:882][114]LogBlueprint: Error: [Compiler PlayerDataSave1] Invalid property 'PlayerDataSave' structure 'PlayerData' error: Struct 'UserDefinedStruct /Game/Data/SaveGameData/PlayerData.PlayerData' is not compiled
[2018.02.26-14.13.49:882][114]LogBlueprint: Error: [Compiler PlayerDataSave1] The variable PlayerDataSave declared in  PlayerDataSave1  has an invalid type Player Data Structure
[2018.02.26-14.13.49:882][114]LogBlueprint: Error: [Compiler PlayerDataSave1] Invalid property 'PlayerData' structure 'PlayerData' error: Struct 'UserDefinedStruct /Game/Data/SaveGameData/PlayerData.PlayerData' is not compiled
[2018.02.26-14.13.49:882][114]LogBlueprint: Error: [Compiler PlayerDataSave1] The variable PlayerData declared in  PlayerDataSave1  has an invalid type Player Data Structure
[2018.02.26-14.13.49:899][114]LogBlueprint: Warning: [Compiler PlayerDataSave1] [0112.86] Compile of PlayerDataSave1 failed. 20 Fatal Issue(s) 0 Warning(s) [in 21 ms] (/Game/Data/SaveGameData/PlayerDataSave1.PlayerDataSave1)
[2018.02.26-14.16.18:797][964]LogSavePackage: Save=5.71ms
[2018.02.26-14.16.18:797][964]LogSavePackage: Moving '../../../../../../Users/stagiaire/Documents/UnrealProject/UnrealTutoPaper2D/TutoPaper2d/Saved/PlayerSave7E263E8141A8B83EBDAFE2A08BB370E7.tmp' to '../../../../../../Users/stagiaire/Documents/UnrealProject/UnrealTutoPaper2D/TutoPaper2d/Content/Data/SaveGameData/PlayerSave.uasset'
[2018.02.26-14.16.18:800][964]LogSavePackage: Display: Finished SavePackage ../../../../../../Users/stagiaire/Documents/UnrealProject/UnrealTutoPaper2D/TutoPaper2d/Content/Data/SaveGameData/PlayerSave.uasset
[2018.02.26-14.16.29:032][518]LogSavePackage: Save=6.91ms
[2018.02.26-14.16.29:032][518]LogSavePackage: Moving '../../../../../../Users/stagiaire/Documents/UnrealProject/UnrealTutoPaper2D/TutoPaper2d/Saved/PlayerInventory4BACDFB1405553FF315450B5FFC65982.tmp' to '../../../../../../Users/stagiaire/Documents/UnrealProject/UnrealTutoPaper2D/TutoPaper2d/Content/Data/SaveGameData/PlayerInventory.uasset'
[2018.02.26-14.16.29:034][518]LogSavePackage: Display: Finished SavePackage ../../../../../../Users/stagiaire/Documents/UnrealProject/UnrealTutoPaper2D/TutoPaper2d/Content/Data/SaveGameData/PlayerInventory.uasset
[2018.02.26-14.17.21:721][ 63]LogSavePackage: Save=7.25ms
[2018.02.26-14.17.21:721][ 63]LogSavePackage: Moving '../../../../../../Users/stagiaire/Documents/UnrealProject/UnrealTutoPaper2D/TutoPaper2d/Saved/PlayerData68E5B932490EFDC795FD60B5DFEDC89D.tmp' to '../../../../../../Users/stagiaire/Documents/UnrealProject/UnrealTutoPaper2D/TutoPaper2d/Content/Data/SaveGameData/PlayerData.uasset'
[2018.02.26-14.17.21:725][ 63]LogSavePackage: Display: Finished SavePackage ../../../../../../Users/stagiaire/Documents/UnrealProject/UnrealTutoPaper2D/TutoPaper2d/Content/Data/SaveGameData/PlayerData.uasset
[2018.02.26-14.17.39:564][252]BlueprintLog: New page: Compile PlayerSave
[2018.02.26-14.17.39:699][252]LogSavePackage: Save=6.27ms
[2018.02.26-14.17.39:699][252]LogSavePackage: Moving '../../../../../../Users/stagiaire/Documents/UnrealProject/UnrealTutoPaper2D/TutoPaper2d/Saved/PlayerSave8FEF45D44976E372673A9592CF4DE2AF.tmp' to '../../../../../../Users/stagiaire/Documents/UnrealProject/UnrealTutoPaper2D/TutoPaper2d/Content/Data/SaveGameData/PlayerSave.uasset'
[2018.02.26-14.17.39:703][252]LogSavePackage: Display: Finished SavePackage ../../../../../../Users/stagiaire/Documents/UnrealProject/UnrealTutoPaper2D/TutoPaper2d/Content/Data/SaveGameData/PlayerSave.uasset
[2018.02.26-14.17.40:321][278]LogSavePackage: Save=5.92ms
[2018.02.26-14.17.40:321][278]LogSavePackage: Moving '../../../../../../Users/stagiaire/Documents/UnrealProject/UnrealTutoPaper2D/TutoPaper2d/Saved/PlayerSave7C539B704A230D1BE17BE0B33CFDF083.tmp' to '../../../../../../Users/stagiaire/Documents/UnrealProject/UnrealTutoPaper2D/TutoPaper2d/Content/Data/SaveGameData/PlayerSave.uasset'
[2018.02.26-14.17.40:323][278]LogSavePackage: Display: Finished SavePackage ../../../../../../Users/stagiaire/Documents/UnrealProject/UnrealTutoPaper2D/TutoPaper2d/Content/Data/SaveGameData/PlayerSave.uasset
[2018.02.26-14.17.59:637][570]BlueprintLog: New page: Compile PlayerSave
[2018.02.26-14.17.59:638][570]LogClass: Warning: Type mismatch in PlayerData of PlayerSave_C - Previous (ArrayProperty) Current(StructProperty) for package:  FObjectReader
[2018.02.26-14.17.59:773][570]LogSavePackage: Save=6.26ms
[2018.02.26-14.17.59:773][570]LogSavePackage: Moving '../../../../../../Users/stagiaire/Documents/UnrealProject/UnrealTutoPaper2D/TutoPaper2d/Saved/PlayerSave895D68F347E98C3732F98B929D08EEAA.tmp' to '../../../../../../Users/stagiaire/Documents/UnrealProject/UnrealTutoPaper2D/TutoPaper2d/Content/Data/SaveGameData/PlayerSave.uasset'
[2018.02.26-14.17.59:777][570]LogSavePackage: Display: Finished SavePackage ../../../../../../Users/stagiaire/Documents/UnrealProject/UnrealTutoPaper2D/TutoPaper2d/Content/Data/SaveGameData/PlayerSave.uasset
[2018.02.26-14.18.00:247][589]LogSavePackage: Save=6.15ms
[2018.02.26-14.18.00:247][589]LogSavePackage: Moving '../../../../../../Users/stagiaire/Documents/UnrealProject/UnrealTutoPaper2D/TutoPaper2d/Saved/PlayerSaveE944F32747DDB865A86B5781FAA5526C.tmp' to '../../../../../../Users/stagiaire/Documents/UnrealProject/UnrealTutoPaper2D/TutoPaper2d/Content/Data/SaveGameData/PlayerSave.uasset'
[2018.02.26-14.18.00:248][589]LogSavePackage: Display: Finished SavePackage ../../../../../../Users/stagiaire/Documents/UnrealProject/UnrealTutoPaper2D/TutoPaper2d/Content/Data/SaveGameData/PlayerSave.uasset
[2018.02.26-14.18.01:644][662]BlueprintLog: New page: Compile PlayerSave
[2018.02.26-14.18.01:777][662]LogSavePackage: Save=5.92ms
[2018.02.26-14.18.01:777][662]LogSavePackage: Moving '../../../../../../Users/stagiaire/Documents/UnrealProject/UnrealTutoPaper2D/TutoPaper2d/Saved/PlayerSave22E2CEE54584B3A537E6D881E7A3689A.tmp' to '../../../../../../Users/stagiaire/Documents/UnrealProject/UnrealTutoPaper2D/TutoPaper2d/Content/Data/SaveGameData/PlayerSave.uasset'
[2018.02.26-14.18.01:782][662]LogSavePackage: Display: Finished SavePackage ../../../../../../Users/stagiaire/Documents/UnrealProject/UnrealTutoPaper2D/TutoPaper2d/Content/Data/SaveGameData/PlayerSave.uasset
[2018.02.26-14.18.09:254][ 92]LogSlate: Took 0.000203 seconds to synchronously load lazily loaded font '../../../Engine/Content/Editor/Slate/Fonts/Roboto-Italic.ttf' (157K)
[2018.02.26-14.18.41:002][416]BlueprintLog: New page: Compile DataManagementSystem
[2018.02.26-14.18.41:060][416]LogBlueprint: Error: [Compiler DataManagementSystem] Can't connect pins  Save Game Object  and  Return Value : Save Game Object Reference is not compatible with Object Reference.
[2018.02.26-14.18.41:060][416]LogBlueprint: Error: [Compiler DataManagementSystem] Can't connect pins  Return Value  and  Save Game Object : Object Reference is not compatible with Save Game Object Reference.
[2018.02.26-14.18.41:060][416]LogBlueprint: Error: [Compiler DataManagementSystem] Invalid pin connection from ' Return Value ' to ' Save Game Object '. You may have changed the type after the connections were made.
[2018.02.26-14.18.41:060][416]LogBlueprint: Warning: [Compiler DataManagementSystem] Could not find a variable named "PlayerData" in 'DataManagementSystem'.
Make sure 'DataManagementSystem' has been compiled for  Set PlayerData
[2018.02.26-14.18.41:068][416]LogBlueprint: Warning: [Compiler HeroCharacter] Could not find the function 'SaveData' called from  Save Data
[2018.02.26-14.18.41:078][416]LogBlueprint: Warning: [Compiler HeroCharacter] [0404.04] Compile of HeroCharacter successful, but with 1 Warning(s) [in 72 ms] (/Game/Blueprint/Character/HeroCharacter.HeroCharacter)
[2018.02.26-14.18.41:100][416]LogBlueprint: Warning: [Compiler DataManagementSystem] [0404.06] Compile of DataManagementSystem failed. 3 Fatal Issue(s) 1 Warning(s) [in 97 ms] (/Game/Data/DatamanagementSystem.DataManagementSystem)
[2018.02.26-14.18.41:927][451]LogSavePackage: Save=19.75ms
[2018.02.26-14.18.41:927][451]LogSavePackage: Moving '../../../../../../Users/stagiaire/Documents/UnrealProject/UnrealTutoPaper2D/TutoPaper2d/Saved/DatamanagementSystem9ED03A40457D645EAC0A63BBF5E0643F.tmp' to '../../../../../../Users/stagiaire/Documents/UnrealProject/UnrealTutoPaper2D/TutoPaper2d/Content/Data/DatamanagementSystem.uasset'
[2018.02.26-14.18.41:931][451]LogSavePackage: Display: Finished SavePackage ../../../../../../Users/stagiaire/Documents/UnrealProject/UnrealTutoPaper2D/TutoPaper2d/Content/Data/DatamanagementSystem.uasset
[2018.02.26-14.18.47:301][746]LogSlate: Warning: Prevented a slow task dialog from being summoned while a context menu was open
[2018.02.26-14.18.50:212][938]BlueprintLog: New page: Compile DataManagementSystem
[2018.02.26-14.18.50:223][938]LogBlueprint: Error: [Compiler DataManagementSystem] Can't connect pins  Return Value  and  Target : Player Save Object Reference is not compatible with Object Reference.
[2018.02.26-14.18.50:223][938]LogBlueprint: Error: [Compiler DataManagementSystem] Invalid pin connection from ' Return Value ' to ' Target '. You may have changed the type after the connections were made.
[2018.02.26-14.18.50:223][938]LogBlueprint: Error: [Compiler DataManagementSystem] Can't connect pins  Target  and  Return Value : Object Reference is not compatible with Player Save Object Reference.
[2018.02.26-14.18.50:223][938]LogBlueprint: Warning: [Compiler DataManagementSystem] Could not find a variable named "PlayerData" in 'DataManagementSystem'.
Make sure 'DataManagementSystem' has been compiled for  Set PlayerData
[2018.02.26-14.18.50:244][938]LogBlueprint: Warning: [Compiler DataManagementSystem] [0413.20] Compile of DataManagementSystem failed. 3 Fatal Issue(s) 1 Warning(s) [in 31 ms] (/Game/Data/DatamanagementSystem.DataManagementSystem)
[2018.02.26-14.19.17:454][943]BlueprintLog: New page: Compile DataManagementSystem
[2018.02.26-14.19.17:464][943]LogBlueprint: Error: [Compiler DataManagementSystem] Could not find a pin for the parameter PlayerDataToChange of SaveData on  Save Data
[2018.02.26-14.19.17:485][943]LogBlueprint: Warning: [Compiler DataManagementSystem] [0440.45] Compile of DataManagementSystem failed. 1 Fatal Issue(s) 0 Warning(s) [in 31 ms] (/Game/Data/DatamanagementSystem.DataManagementSystem)
[2018.02.26-14.19.30:791][769]BlueprintLog: New page: Compile DataManagementSystem
[2018.02.26-14.19.30:802][769]LogBlueprint: Error: [Compiler DataManagementSystem] Could not find a pin for the parameter PlayerDataToChange of SaveData on  Save Data
[2018.02.26-14.19.30:823][769]LogBlueprint: Warning: [Compiler DataManagementSystem] [0453.78] Compile of DataManagementSystem failed. 1 Fatal Issue(s) 0 Warning(s) [in 32 ms] (/Game/Data/DatamanagementSystem.DataManagementSystem)
[2018.02.26-14.19.45:802][658]BlueprintLog: New page: Compile DataManagementSystem
[2018.02.26-14.19.45:966][658]LogSavePackage: Save=20.59ms
[2018.02.26-14.19.45:967][658]LogSavePackage: Moving '../../../../../../Users/stagiaire/Documents/UnrealProject/UnrealTutoPaper2D/TutoPaper2d/Saved/DatamanagementSystem1E4ADA774C7E91941AA322A29C5E948B.tmp' to '../../../../../../Users/stagiaire/Documents/UnrealProject/UnrealTutoPaper2D/TutoPaper2d/Content/Data/DatamanagementSystem.uasset'
[2018.02.26-14.19.45:970][658]LogSavePackage: Display: Finished SavePackage ../../../../../../Users/stagiaire/Documents/UnrealProject/UnrealTutoPaper2D/TutoPaper2d/Content/Data/DatamanagementSystem.uasset
[2018.02.26-14.19.46:469][676]LogSavePackage: Save=20.17ms
[2018.02.26-14.19.46:469][676]LogSavePackage: Moving '../../../../../../Users/stagiaire/Documents/UnrealProject/UnrealTutoPaper2D/TutoPaper2d/Saved/DatamanagementSystemBBE7C93545F1E47A2EE8C7956C129EBE.tmp' to '../../../../../../Users/stagiaire/Documents/UnrealProject/UnrealTutoPaper2D/TutoPaper2d/Content/Data/DatamanagementSystem.uasset'
[2018.02.26-14.19.46:471][676]LogSavePackage: Display: Finished SavePackage ../../../../../../Users/stagiaire/Documents/UnrealProject/UnrealTutoPaper2D/TutoPaper2d/Content/Data/DatamanagementSystem.uasset
[2018.02.26-14.19.53:054][ 51]LogSavePackage: Save=20.00ms
[2018.02.26-14.19.53:054][ 51]LogSavePackage: Moving '../../../../../../Users/stagiaire/Documents/UnrealProject/UnrealTutoPaper2D/TutoPaper2d/Saved/DatamanagementSystem29244F1346E593F290E53C893742CA1E.tmp' to '../../../../../../Users/stagiaire/Documents/UnrealProject/UnrealTutoPaper2D/TutoPaper2d/Content/Data/DatamanagementSystem.uasset'
[2018.02.26-14.19.53:055][ 51]LogSavePackage: Display: Finished SavePackage ../../../../../../Users/stagiaire/Documents/UnrealProject/UnrealTutoPaper2D/TutoPaper2d/Content/Data/DatamanagementSystem.uasset
[2018.02.26-14.20.27:251][905]LogMaterial: Missing cached shader map for material GridMaterial, compiling. 
[2018.02.26-14.20.27:288][905]LogMaterial: Missing cached shader map for material PersonaFloorMat, compiling. 
[2018.02.26-14.20.42:039][795]BlueprintLog: New page: Compile HeroCharacter
[2018.02.26-14.20.42:546][795]LogSavePackage: Save=124.63ms
[2018.02.26-14.20.42:546][795]LogSavePackage: Moving '../../../../../../Users/stagiaire/Documents/UnrealProject/UnrealTutoPaper2D/TutoPaper2d/Saved/HeroCharacter105A42024C4E64FF64E4F28D49FA79B8.tmp' to '../../../../../../Users/stagiaire/Documents/UnrealProject/UnrealTutoPaper2D/TutoPaper2d/Content/Blueprint/Character/HeroCharacter.uasset'
[2018.02.26-14.20.42:550][795]LogSavePackage: Display: Finished SavePackage ../../../../../../Users/stagiaire/Documents/UnrealProject/UnrealTutoPaper2D/TutoPaper2d/Content/Blueprint/Character/HeroCharacter.uasset
[2018.02.26-14.20.43:478][829]LogSavePackage: Save=124.07ms
[2018.02.26-14.20.43:478][829]LogSavePackage: Moving '../../../../../../Users/stagiaire/Documents/UnrealProject/UnrealTutoPaper2D/TutoPaper2d/Saved/HeroCharacterE3983F3E456DDD07CEF279B2669CEF62.tmp' to '../../../../../../Users/stagiaire/Documents/UnrealProject/UnrealTutoPaper2D/TutoPaper2d/Content/Blueprint/Character/HeroCharacter.uasset'
[2018.02.26-14.20.43:480][829]LogSavePackage: Display: Finished SavePackage ../../../../../../Users/stagiaire/Documents/UnrealProject/UnrealTutoPaper2D/TutoPaper2d/Content/Blueprint/Character/HeroCharacter.uasset
